[2024-04-12T13:29:48.809+0000] {taskinstance.py:1083} INFO - Dependencies all met for <TaskInstance: load_dag.load_task manual__2024-04-12T13:29:45.865162+00:00 [queued]>
[2024-04-12T13:29:48.814+0000] {taskinstance.py:1083} INFO - Dependencies all met for <TaskInstance: load_dag.load_task manual__2024-04-12T13:29:45.865162+00:00 [queued]>
[2024-04-12T13:29:48.815+0000] {taskinstance.py:1279} INFO - 
--------------------------------------------------------------------------------
[2024-04-12T13:29:48.815+0000] {taskinstance.py:1280} INFO - Starting attempt 1 of 1
[2024-04-12T13:29:48.815+0000] {taskinstance.py:1281} INFO - 
--------------------------------------------------------------------------------
[2024-04-12T13:29:48.844+0000] {taskinstance.py:1300} INFO - Executing <Task(BashOperator): load_task> on 2024-04-12 13:29:45.865162+00:00
[2024-04-12T13:29:48.847+0000] {standard_task_runner.py:55} INFO - Started process 54368 to run task
[2024-04-12T13:29:48.850+0000] {standard_task_runner.py:82} INFO - Running: ['airflow', 'tasks', 'run', 'load_dag', 'load_task', 'manual__2024-04-12T13:29:45.865162+00:00', '--job-id', '18', '--raw', '--subdir', 'DAGS_FOLDER/load_dag.py', '--cfg-path', '/tmp/tmp238agzeu']
[2024-04-12T13:29:48.852+0000] {standard_task_runner.py:83} INFO - Job 18: Subtask load_task
[2024-04-12T13:29:48.905+0000] {task_command.py:388} INFO - Running <TaskInstance: load_dag.load_task manual__2024-04-12T13:29:45.865162+00:00 [running]> on host codespaces-3318c7
[2024-04-12T13:29:48.977+0000] {taskinstance.py:1507} INFO - Exporting the following env vars:
AIRFLOW_CTX_DAG_OWNER=airflow
AIRFLOW_CTX_DAG_ID=load_dag
AIRFLOW_CTX_TASK_ID=load_task
AIRFLOW_CTX_EXECUTION_DATE=2024-04-12T13:29:45.865162+00:00
AIRFLOW_CTX_TRY_NUMBER=1
AIRFLOW_CTX_DAG_RUN_ID=manual__2024-04-12T13:29:45.865162+00:00
[2024-04-12T13:29:48.978+0000] {subprocess.py:63} INFO - Tmp dir root location: 
 /tmp
[2024-04-12T13:29:48.978+0000] {subprocess.py:75} INFO - Running command: ['/usr/bin/bash', '-c', 'echo -e ".separator ","\n.import --skip 1 /workspaces/hands-on-introduction-data-engineering-4395021/lab/orchestrated/airflow-transform-data.csv top_level_domains" | sqlite3 /workspaces/hands-on-introduction-data-engineering-4395021/lab/orchestrated/airflow-load-db.db']
[2024-04-12T13:29:48.986+0000] {subprocess.py:86} INFO - Output:
[2024-04-12T13:29:49.018+0000] {subprocess.py:97} INFO - Command exited with return code 0
[2024-04-12T13:29:49.051+0000] {taskinstance.py:1318} INFO - Marking task as SUCCESS. dag_id=load_dag, task_id=load_task, execution_date=20240412T132945, start_date=20240412T132948, end_date=20240412T132949
[2024-04-12T13:29:49.104+0000] {local_task_job.py:208} INFO - Task exited with return code 0
[2024-04-12T13:29:49.117+0000] {taskinstance.py:2578} INFO - 0 downstream tasks scheduled from follow-on schedule check
