[2024-04-13T15:21:50.931+0000] {taskinstance.py:1083} INFO - Dependencies all met for <TaskInstance: challenge_dag.transform_task manual__2024-04-13T15:21:44.130792+00:00 [queued]>
[2024-04-13T15:21:50.936+0000] {taskinstance.py:1083} INFO - Dependencies all met for <TaskInstance: challenge_dag.transform_task manual__2024-04-13T15:21:44.130792+00:00 [queued]>
[2024-04-13T15:21:50.936+0000] {taskinstance.py:1279} INFO - 
--------------------------------------------------------------------------------
[2024-04-13T15:21:50.936+0000] {taskinstance.py:1280} INFO - Starting attempt 1 of 1
[2024-04-13T15:21:50.937+0000] {taskinstance.py:1281} INFO - 
--------------------------------------------------------------------------------
[2024-04-13T15:21:50.969+0000] {taskinstance.py:1300} INFO - Executing <Task(PythonOperator): transform_task> on 2024-04-13 15:21:44.130792+00:00
[2024-04-13T15:21:50.973+0000] {standard_task_runner.py:55} INFO - Started process 34694 to run task
[2024-04-13T15:21:50.976+0000] {standard_task_runner.py:82} INFO - Running: ['airflow', 'tasks', 'run', 'challenge_dag', 'transform_task', 'manual__2024-04-13T15:21:44.130792+00:00', '--job-id', '44', '--raw', '--subdir', 'DAGS_FOLDER/challenge_dag.py', '--cfg-path', '/tmp/tmpnd__i0cy']
[2024-04-13T15:21:50.977+0000] {standard_task_runner.py:83} INFO - Job 44: Subtask transform_task
[2024-04-13T15:21:51.027+0000] {task_command.py:388} INFO - Running <TaskInstance: challenge_dag.transform_task manual__2024-04-13T15:21:44.130792+00:00 [running]> on host codespaces-3318c7
[2024-04-13T15:21:51.181+0000] {taskinstance.py:1507} INFO - Exporting the following env vars:
AIRFLOW_CTX_DAG_OWNER=airflow
AIRFLOW_CTX_DAG_ID=challenge_dag
AIRFLOW_CTX_TASK_ID=transform_task
AIRFLOW_CTX_EXECUTION_DATE=2024-04-13T15:21:44.130792+00:00
AIRFLOW_CTX_TRY_NUMBER=1
AIRFLOW_CTX_DAG_RUN_ID=manual__2024-04-13T15:21:44.130792+00:00
[2024-04-13T15:21:51.189+0000] {python.py:177} INFO - Done. Returned value was: None
[2024-04-13T15:21:51.194+0000] {taskinstance.py:1318} INFO - Marking task as SUCCESS. dag_id=challenge_dag, task_id=transform_task, execution_date=20240413T152144, start_date=20240413T152150, end_date=20240413T152151
[2024-04-13T15:21:51.268+0000] {local_task_job.py:208} INFO - Task exited with return code 0
[2024-04-13T15:21:51.282+0000] {taskinstance.py:2578} INFO - 1 downstream tasks scheduled from follow-on schedule check
