[2024-04-12T10:14:39.419+0000] {taskinstance.py:1083} INFO - Dependencies all met for <TaskInstance: one_task_dag.one_task_dag manual__2024-04-12T10:14:36.194268+00:00 [queued]>
[2024-04-12T10:14:39.424+0000] {taskinstance.py:1083} INFO - Dependencies all met for <TaskInstance: one_task_dag.one_task_dag manual__2024-04-12T10:14:36.194268+00:00 [queued]>
[2024-04-12T10:14:39.424+0000] {taskinstance.py:1279} INFO - 
--------------------------------------------------------------------------------
[2024-04-12T10:14:39.425+0000] {taskinstance.py:1280} INFO - Starting attempt 1 of 1
[2024-04-12T10:14:39.425+0000] {taskinstance.py:1281} INFO - 
--------------------------------------------------------------------------------
[2024-04-12T10:14:39.458+0000] {taskinstance.py:1300} INFO - Executing <Task(BashOperator): one_task_dag> on 2024-04-12 10:14:36.194268+00:00
[2024-04-12T10:14:39.462+0000] {standard_task_runner.py:55} INFO - Started process 37766 to run task
[2024-04-12T10:14:39.465+0000] {standard_task_runner.py:82} INFO - Running: ['airflow', 'tasks', 'run', 'one_task_dag', 'one_task_dag', 'manual__2024-04-12T10:14:36.194268+00:00', '--job-id', '3', '--raw', '--subdir', 'DAGS_FOLDER/one_task_dag.py', '--cfg-path', '/tmp/tmp6d9u2bxk']
[2024-04-12T10:14:39.466+0000] {standard_task_runner.py:83} INFO - Job 3: Subtask one_task_dag
[2024-04-12T10:14:39.519+0000] {task_command.py:388} INFO - Running <TaskInstance: one_task_dag.one_task_dag manual__2024-04-12T10:14:36.194268+00:00 [running]> on host codespaces-3318c7
[2024-04-12T10:14:39.605+0000] {taskinstance.py:1507} INFO - Exporting the following env vars:
AIRFLOW_CTX_DAG_OWNER=Michael
AIRFLOW_CTX_DAG_ID=one_task_dag
AIRFLOW_CTX_TASK_ID=one_task_dag
AIRFLOW_CTX_EXECUTION_DATE=2024-04-12T10:14:36.194268+00:00
AIRFLOW_CTX_TRY_NUMBER=1
AIRFLOW_CTX_DAG_RUN_ID=manual__2024-04-12T10:14:36.194268+00:00
[2024-04-12T10:14:39.606+0000] {subprocess.py:63} INFO - Tmp dir root location: 
 /tmp
[2024-04-12T10:14:39.607+0000] {subprocess.py:75} INFO - Running command: ['/usr/bin/bash', '-c', 'echo "hello linkedin learning" > /workspaces/hands-on-introduction-data-engineering-4395021/lab/createthisfile.txt']
[2024-04-12T10:14:39.614+0000] {subprocess.py:86} INFO - Output:
[2024-04-12T10:14:39.616+0000] {subprocess.py:97} INFO - Command exited with return code 0
[2024-04-12T10:14:39.652+0000] {taskinstance.py:1318} INFO - Marking task as SUCCESS. dag_id=one_task_dag, task_id=one_task_dag, execution_date=20240412T101436, start_date=20240412T101439, end_date=20240412T101439
[2024-04-12T10:14:39.717+0000] {local_task_job.py:208} INFO - Task exited with return code 0
[2024-04-12T10:14:39.727+0000] {taskinstance.py:2578} INFO - 0 downstream tasks scheduled from follow-on schedule check
