[2024-04-12T10:20:48.234+0000] {taskinstance.py:1083} INFO - Dependencies all met for <TaskInstance: two_task_dag.bash_task_0 manual__2024-04-12T10:20:45.164423+00:00 [queued]>
[2024-04-12T10:20:48.240+0000] {taskinstance.py:1083} INFO - Dependencies all met for <TaskInstance: two_task_dag.bash_task_0 manual__2024-04-12T10:20:45.164423+00:00 [queued]>
[2024-04-12T10:20:48.240+0000] {taskinstance.py:1279} INFO - 
--------------------------------------------------------------------------------
[2024-04-12T10:20:48.240+0000] {taskinstance.py:1280} INFO - Starting attempt 1 of 1
[2024-04-12T10:20:48.240+0000] {taskinstance.py:1281} INFO - 
--------------------------------------------------------------------------------
[2024-04-12T10:20:48.277+0000] {taskinstance.py:1300} INFO - Executing <Task(BashOperator): bash_task_0> on 2024-04-12 10:20:45.164423+00:00
[2024-04-12T10:20:48.280+0000] {standard_task_runner.py:55} INFO - Started process 40201 to run task
[2024-04-12T10:20:48.283+0000] {standard_task_runner.py:82} INFO - Running: ['airflow', 'tasks', 'run', 'two_task_dag', 'bash_task_0', 'manual__2024-04-12T10:20:45.164423+00:00', '--job-id', '4', '--raw', '--subdir', 'DAGS_FOLDER/two_task_dag.py', '--cfg-path', '/tmp/tmp3g_p_vg7']
[2024-04-12T10:20:48.284+0000] {standard_task_runner.py:83} INFO - Job 4: Subtask bash_task_0
[2024-04-12T10:20:48.339+0000] {task_command.py:388} INFO - Running <TaskInstance: two_task_dag.bash_task_0 manual__2024-04-12T10:20:45.164423+00:00 [running]> on host codespaces-3318c7
[2024-04-12T10:20:48.425+0000] {taskinstance.py:1507} INFO - Exporting the following env vars:
AIRFLOW_CTX_DAG_OWNER=Michael
AIRFLOW_CTX_DAG_ID=two_task_dag
AIRFLOW_CTX_TASK_ID=bash_task_0
AIRFLOW_CTX_EXECUTION_DATE=2024-04-12T10:20:45.164423+00:00
AIRFLOW_CTX_TRY_NUMBER=1
AIRFLOW_CTX_DAG_RUN_ID=manual__2024-04-12T10:20:45.164423+00:00
[2024-04-12T10:20:48.426+0000] {subprocess.py:63} INFO - Tmp dir root location: 
 /tmp
[2024-04-12T10:20:48.427+0000] {subprocess.py:75} INFO - Running command: ['/usr/bin/bash', '-c', 'echo "First Airflow task"']
[2024-04-12T10:20:48.434+0000] {subprocess.py:86} INFO - Output:
[2024-04-12T10:20:48.435+0000] {subprocess.py:93} INFO - First Airflow task
[2024-04-12T10:20:48.436+0000] {subprocess.py:97} INFO - Command exited with return code 0
[2024-04-12T10:20:48.477+0000] {taskinstance.py:1318} INFO - Marking task as SUCCESS. dag_id=two_task_dag, task_id=bash_task_0, execution_date=20240412T102045, start_date=20240412T102048, end_date=20240412T102048
[2024-04-12T10:20:48.535+0000] {local_task_job.py:208} INFO - Task exited with return code 0
[2024-04-12T10:20:48.547+0000] {taskinstance.py:2578} INFO - 1 downstream tasks scheduled from follow-on schedule check
