[2024-04-12T09:41:08.326+0000] {processor.py:153} INFO - Started process (PID=24064) to work on /usr/local/python/3.10.13/lib/python3.10/site-packages/airflow/example_dags/example_datasets.py
[2024-04-12T09:41:08.327+0000] {processor.py:743} INFO - Processing file /usr/local/python/3.10.13/lib/python3.10/site-packages/airflow/example_dags/example_datasets.py for tasks to queue
[2024-04-12T09:41:08.327+0000] {logging_mixin.py:137} INFO - [2024-04-12T09:41:08.327+0000] {dagbag.py:538} INFO - Filling up the DagBag from /usr/local/python/3.10.13/lib/python3.10/site-packages/airflow/example_dags/example_datasets.py
[2024-04-12T09:41:08.345+0000] {processor.py:753} INFO - DAG(s) dict_keys(['dataset_produces_1', 'dataset_consumes_unknown_never_scheduled', 'dataset_consumes_1_never_scheduled', 'dataset_consumes_1_and_2', 'dataset_consumes_1', 'dataset_produces_2']) retrieved from /usr/local/python/3.10.13/lib/python3.10/site-packages/airflow/example_dags/example_datasets.py
[2024-04-12T09:41:08.485+0000] {logging_mixin.py:137} INFO - [2024-04-12T09:41:08.484+0000] {manager.py:504} INFO - Created Permission View: can delete on DAG:dataset_produces_1
[2024-04-12T09:41:08.518+0000] {logging_mixin.py:137} INFO - [2024-04-12T09:41:08.518+0000] {manager.py:504} INFO - Created Permission View: can edit on DAG:dataset_produces_1
[2024-04-12T09:41:08.548+0000] {logging_mixin.py:137} INFO - [2024-04-12T09:41:08.548+0000] {manager.py:504} INFO - Created Permission View: can read on DAG:dataset_produces_1
[2024-04-12T09:41:08.618+0000] {logging_mixin.py:137} INFO - [2024-04-12T09:41:08.618+0000] {manager.py:504} INFO - Created Permission View: can delete on DAG:dataset_consumes_unknown_never_scheduled
[2024-04-12T09:41:08.653+0000] {logging_mixin.py:137} INFO - [2024-04-12T09:41:08.653+0000] {manager.py:504} INFO - Created Permission View: can edit on DAG:dataset_consumes_unknown_never_scheduled
[2024-04-12T09:41:08.685+0000] {logging_mixin.py:137} INFO - [2024-04-12T09:41:08.685+0000] {manager.py:504} INFO - Created Permission View: can read on DAG:dataset_consumes_unknown_never_scheduled
[2024-04-12T09:41:08.757+0000] {logging_mixin.py:137} INFO - [2024-04-12T09:41:08.757+0000] {manager.py:504} INFO - Created Permission View: can delete on DAG:dataset_consumes_1_never_scheduled
[2024-04-12T09:41:08.788+0000] {logging_mixin.py:137} INFO - [2024-04-12T09:41:08.788+0000] {manager.py:504} INFO - Created Permission View: can edit on DAG:dataset_consumes_1_never_scheduled
[2024-04-12T09:41:08.818+0000] {logging_mixin.py:137} INFO - [2024-04-12T09:41:08.818+0000] {manager.py:504} INFO - Created Permission View: can read on DAG:dataset_consumes_1_never_scheduled
[2024-04-12T09:41:08.884+0000] {logging_mixin.py:137} INFO - [2024-04-12T09:41:08.884+0000] {manager.py:504} INFO - Created Permission View: can delete on DAG:dataset_consumes_1_and_2
[2024-04-12T09:41:08.917+0000] {logging_mixin.py:137} INFO - [2024-04-12T09:41:08.917+0000] {manager.py:504} INFO - Created Permission View: can edit on DAG:dataset_consumes_1_and_2
[2024-04-12T09:41:08.951+0000] {logging_mixin.py:137} INFO - [2024-04-12T09:41:08.950+0000] {manager.py:504} INFO - Created Permission View: can read on DAG:dataset_consumes_1_and_2
[2024-04-12T09:41:09.022+0000] {logging_mixin.py:137} INFO - [2024-04-12T09:41:09.022+0000] {manager.py:504} INFO - Created Permission View: can delete on DAG:dataset_consumes_1
[2024-04-12T09:41:09.053+0000] {logging_mixin.py:137} INFO - [2024-04-12T09:41:09.053+0000] {manager.py:504} INFO - Created Permission View: can edit on DAG:dataset_consumes_1
[2024-04-12T09:41:09.089+0000] {logging_mixin.py:137} INFO - [2024-04-12T09:41:09.089+0000] {manager.py:504} INFO - Created Permission View: can read on DAG:dataset_consumes_1
[2024-04-12T09:41:09.168+0000] {logging_mixin.py:137} INFO - [2024-04-12T09:41:09.168+0000] {manager.py:504} INFO - Created Permission View: can delete on DAG:dataset_produces_2
[2024-04-12T09:41:09.202+0000] {logging_mixin.py:137} INFO - [2024-04-12T09:41:09.202+0000] {manager.py:504} INFO - Created Permission View: can edit on DAG:dataset_produces_2
[2024-04-12T09:41:09.235+0000] {logging_mixin.py:137} INFO - [2024-04-12T09:41:09.234+0000] {manager.py:504} INFO - Created Permission View: can read on DAG:dataset_produces_2
[2024-04-12T09:41:09.235+0000] {logging_mixin.py:137} INFO - [2024-04-12T09:41:09.235+0000] {dag.py:2690} INFO - Sync 6 DAGs
[2024-04-12T09:41:09.243+0000] {logging_mixin.py:137} INFO - [2024-04-12T09:41:09.243+0000] {dag.py:2711} INFO - Creating ORM DAG for dataset_produces_1
[2024-04-12T09:41:09.244+0000] {logging_mixin.py:137} INFO - [2024-04-12T09:41:09.244+0000] {dag.py:2711} INFO - Creating ORM DAG for dataset_produces_2
[2024-04-12T09:41:09.244+0000] {logging_mixin.py:137} INFO - [2024-04-12T09:41:09.244+0000] {dag.py:2711} INFO - Creating ORM DAG for dataset_consumes_unknown_never_scheduled
[2024-04-12T09:41:09.245+0000] {logging_mixin.py:137} INFO - [2024-04-12T09:41:09.244+0000] {dag.py:2711} INFO - Creating ORM DAG for dataset_consumes_1
[2024-04-12T09:41:09.245+0000] {logging_mixin.py:137} INFO - [2024-04-12T09:41:09.245+0000] {dag.py:2711} INFO - Creating ORM DAG for dataset_consumes_1_and_2
[2024-04-12T09:41:09.245+0000] {logging_mixin.py:137} INFO - [2024-04-12T09:41:09.245+0000] {dag.py:2711} INFO - Creating ORM DAG for dataset_consumes_1_never_scheduled
[2024-04-12T09:41:09.253+0000] {logging_mixin.py:137} INFO - [2024-04-12T09:41:09.253+0000] {dag.py:3437} INFO - Setting next_dagrun for dataset_consumes_1 to None, run_after=None
[2024-04-12T09:41:09.254+0000] {logging_mixin.py:137} INFO - [2024-04-12T09:41:09.254+0000] {dag.py:3437} INFO - Setting next_dagrun for dataset_consumes_1_and_2 to None, run_after=None
[2024-04-12T09:41:09.254+0000] {logging_mixin.py:137} INFO - [2024-04-12T09:41:09.254+0000] {dag.py:3437} INFO - Setting next_dagrun for dataset_consumes_1_never_scheduled to None, run_after=None
[2024-04-12T09:41:09.254+0000] {logging_mixin.py:137} INFO - [2024-04-12T09:41:09.254+0000] {dag.py:3437} INFO - Setting next_dagrun for dataset_consumes_unknown_never_scheduled to None, run_after=None
[2024-04-12T09:41:09.256+0000] {logging_mixin.py:137} INFO - [2024-04-12T09:41:09.256+0000] {dag.py:3437} INFO - Setting next_dagrun for dataset_produces_1 to 2024-04-11T00:00:00+00:00, run_after=2024-04-12T00:00:00+00:00
[2024-04-12T09:41:09.257+0000] {logging_mixin.py:137} INFO - [2024-04-12T09:41:09.256+0000] {dag.py:3437} INFO - Setting next_dagrun for dataset_produces_2 to None, run_after=None
[2024-04-12T09:41:09.316+0000] {processor.py:175} INFO - Processing /usr/local/python/3.10.13/lib/python3.10/site-packages/airflow/example_dags/example_datasets.py took 0.993 seconds
[2024-04-12T09:41:50.581+0000] {processor.py:153} INFO - Started process (PID=24363) to work on /usr/local/python/3.10.13/lib/python3.10/site-packages/airflow/example_dags/example_datasets.py
[2024-04-12T09:41:50.582+0000] {processor.py:743} INFO - Processing file /usr/local/python/3.10.13/lib/python3.10/site-packages/airflow/example_dags/example_datasets.py for tasks to queue
[2024-04-12T09:41:50.582+0000] {logging_mixin.py:137} INFO - [2024-04-12T09:41:50.582+0000] {dagbag.py:538} INFO - Filling up the DagBag from /usr/local/python/3.10.13/lib/python3.10/site-packages/airflow/example_dags/example_datasets.py
[2024-04-12T09:41:50.597+0000] {processor.py:753} INFO - DAG(s) dict_keys(['dataset_produces_2', 'dataset_consumes_1', 'dataset_consumes_1_never_scheduled', 'dataset_consumes_unknown_never_scheduled', 'dataset_produces_1', 'dataset_consumes_1_and_2']) retrieved from /usr/local/python/3.10.13/lib/python3.10/site-packages/airflow/example_dags/example_datasets.py
[2024-04-12T09:41:50.623+0000] {logging_mixin.py:137} INFO - [2024-04-12T09:41:50.623+0000] {dag.py:2690} INFO - Sync 6 DAGs
[2024-04-12T09:41:50.640+0000] {logging_mixin.py:137} INFO - [2024-04-12T09:41:50.640+0000] {dag.py:3437} INFO - Setting next_dagrun for dataset_consumes_1 to None, run_after=None
[2024-04-12T09:41:50.642+0000] {logging_mixin.py:137} INFO - [2024-04-12T09:41:50.642+0000] {dag.py:3437} INFO - Setting next_dagrun for dataset_consumes_1_and_2 to None, run_after=None
[2024-04-12T09:41:50.643+0000] {logging_mixin.py:137} INFO - [2024-04-12T09:41:50.643+0000] {dag.py:3437} INFO - Setting next_dagrun for dataset_consumes_1_never_scheduled to None, run_after=None
[2024-04-12T09:41:50.644+0000] {logging_mixin.py:137} INFO - [2024-04-12T09:41:50.644+0000] {dag.py:3437} INFO - Setting next_dagrun for dataset_consumes_unknown_never_scheduled to None, run_after=None
[2024-04-12T09:41:50.646+0000] {logging_mixin.py:137} INFO - [2024-04-12T09:41:50.646+0000] {dag.py:3437} INFO - Setting next_dagrun for dataset_produces_1 to 2024-04-11T00:00:00+00:00, run_after=2024-04-12T00:00:00+00:00
[2024-04-12T09:41:50.647+0000] {logging_mixin.py:137} INFO - [2024-04-12T09:41:50.647+0000] {dag.py:3437} INFO - Setting next_dagrun for dataset_produces_2 to None, run_after=None
[2024-04-12T09:41:50.696+0000] {processor.py:175} INFO - Processing /usr/local/python/3.10.13/lib/python3.10/site-packages/airflow/example_dags/example_datasets.py took 0.117 seconds
[2024-04-12T09:42:30.525+0000] {processor.py:153} INFO - Started process (PID=24647) to work on /usr/local/python/3.10.13/lib/python3.10/site-packages/airflow/example_dags/example_datasets.py
[2024-04-12T09:42:30.526+0000] {processor.py:743} INFO - Processing file /usr/local/python/3.10.13/lib/python3.10/site-packages/airflow/example_dags/example_datasets.py for tasks to queue
[2024-04-12T09:42:30.526+0000] {logging_mixin.py:137} INFO - [2024-04-12T09:42:30.526+0000] {dagbag.py:538} INFO - Filling up the DagBag from /usr/local/python/3.10.13/lib/python3.10/site-packages/airflow/example_dags/example_datasets.py
[2024-04-12T09:42:30.544+0000] {processor.py:753} INFO - DAG(s) dict_keys(['dataset_produces_2', 'dataset_consumes_1_never_scheduled', 'dataset_produces_1', 'dataset_consumes_1', 'dataset_consumes_1_and_2', 'dataset_consumes_unknown_never_scheduled']) retrieved from /usr/local/python/3.10.13/lib/python3.10/site-packages/airflow/example_dags/example_datasets.py
[2024-04-12T09:42:30.569+0000] {logging_mixin.py:137} INFO - [2024-04-12T09:42:30.569+0000] {dag.py:2690} INFO - Sync 6 DAGs
[2024-04-12T09:42:30.586+0000] {logging_mixin.py:137} INFO - [2024-04-12T09:42:30.586+0000] {dag.py:3437} INFO - Setting next_dagrun for dataset_consumes_1 to None, run_after=None
[2024-04-12T09:42:30.589+0000] {logging_mixin.py:137} INFO - [2024-04-12T09:42:30.589+0000] {dag.py:3437} INFO - Setting next_dagrun for dataset_consumes_1_and_2 to None, run_after=None
[2024-04-12T09:42:30.590+0000] {logging_mixin.py:137} INFO - [2024-04-12T09:42:30.590+0000] {dag.py:3437} INFO - Setting next_dagrun for dataset_consumes_1_never_scheduled to None, run_after=None
[2024-04-12T09:42:30.591+0000] {logging_mixin.py:137} INFO - [2024-04-12T09:42:30.591+0000] {dag.py:3437} INFO - Setting next_dagrun for dataset_consumes_unknown_never_scheduled to None, run_after=None
[2024-04-12T09:42:30.594+0000] {logging_mixin.py:137} INFO - [2024-04-12T09:42:30.594+0000] {dag.py:3437} INFO - Setting next_dagrun for dataset_produces_1 to 2024-04-11T00:00:00+00:00, run_after=2024-04-12T00:00:00+00:00
[2024-04-12T09:42:30.595+0000] {logging_mixin.py:137} INFO - [2024-04-12T09:42:30.595+0000] {dag.py:3437} INFO - Setting next_dagrun for dataset_produces_2 to None, run_after=None
[2024-04-12T09:42:30.648+0000] {processor.py:175} INFO - Processing /usr/local/python/3.10.13/lib/python3.10/site-packages/airflow/example_dags/example_datasets.py took 0.126 seconds
[2024-04-12T09:43:10.185+0000] {processor.py:153} INFO - Started process (PID=24918) to work on /usr/local/python/3.10.13/lib/python3.10/site-packages/airflow/example_dags/example_datasets.py
[2024-04-12T09:43:10.186+0000] {processor.py:743} INFO - Processing file /usr/local/python/3.10.13/lib/python3.10/site-packages/airflow/example_dags/example_datasets.py for tasks to queue
[2024-04-12T09:43:10.186+0000] {logging_mixin.py:137} INFO - [2024-04-12T09:43:10.186+0000] {dagbag.py:538} INFO - Filling up the DagBag from /usr/local/python/3.10.13/lib/python3.10/site-packages/airflow/example_dags/example_datasets.py
[2024-04-12T09:43:10.204+0000] {processor.py:753} INFO - DAG(s) dict_keys(['dataset_consumes_unknown_never_scheduled', 'dataset_consumes_1_never_scheduled', 'dataset_consumes_1', 'dataset_consumes_1_and_2', 'dataset_produces_2', 'dataset_produces_1']) retrieved from /usr/local/python/3.10.13/lib/python3.10/site-packages/airflow/example_dags/example_datasets.py
[2024-04-12T09:43:10.235+0000] {logging_mixin.py:137} INFO - [2024-04-12T09:43:10.235+0000] {dag.py:2690} INFO - Sync 6 DAGs
[2024-04-12T09:43:10.253+0000] {logging_mixin.py:137} INFO - [2024-04-12T09:43:10.253+0000] {dag.py:3437} INFO - Setting next_dagrun for dataset_consumes_1 to None, run_after=None
[2024-04-12T09:43:10.255+0000] {logging_mixin.py:137} INFO - [2024-04-12T09:43:10.255+0000] {dag.py:3437} INFO - Setting next_dagrun for dataset_consumes_1_and_2 to None, run_after=None
[2024-04-12T09:43:10.256+0000] {logging_mixin.py:137} INFO - [2024-04-12T09:43:10.256+0000] {dag.py:3437} INFO - Setting next_dagrun for dataset_consumes_1_never_scheduled to None, run_after=None
[2024-04-12T09:43:10.257+0000] {logging_mixin.py:137} INFO - [2024-04-12T09:43:10.257+0000] {dag.py:3437} INFO - Setting next_dagrun for dataset_consumes_unknown_never_scheduled to None, run_after=None
[2024-04-12T09:43:10.259+0000] {logging_mixin.py:137} INFO - [2024-04-12T09:43:10.259+0000] {dag.py:3437} INFO - Setting next_dagrun for dataset_produces_1 to 2024-04-11T00:00:00+00:00, run_after=2024-04-12T00:00:00+00:00
[2024-04-12T09:43:10.260+0000] {logging_mixin.py:137} INFO - [2024-04-12T09:43:10.260+0000] {dag.py:3437} INFO - Setting next_dagrun for dataset_produces_2 to None, run_after=None
[2024-04-12T09:43:10.307+0000] {processor.py:175} INFO - Processing /usr/local/python/3.10.13/lib/python3.10/site-packages/airflow/example_dags/example_datasets.py took 0.126 seconds
[2024-04-12T09:43:47.405+0000] {processor.py:153} INFO - Started process (PID=25313) to work on /usr/local/python/3.10.13/lib/python3.10/site-packages/airflow/example_dags/example_datasets.py
[2024-04-12T09:43:47.406+0000] {processor.py:743} INFO - Processing file /usr/local/python/3.10.13/lib/python3.10/site-packages/airflow/example_dags/example_datasets.py for tasks to queue
[2024-04-12T09:43:47.407+0000] {logging_mixin.py:137} INFO - [2024-04-12T09:43:47.406+0000] {dagbag.py:538} INFO - Filling up the DagBag from /usr/local/python/3.10.13/lib/python3.10/site-packages/airflow/example_dags/example_datasets.py
[2024-04-12T09:43:47.429+0000] {processor.py:753} INFO - DAG(s) dict_keys(['dataset_produces_2', 'dataset_consumes_unknown_never_scheduled', 'dataset_produces_1', 'dataset_consumes_1_never_scheduled', 'dataset_consumes_1_and_2', 'dataset_consumes_1']) retrieved from /usr/local/python/3.10.13/lib/python3.10/site-packages/airflow/example_dags/example_datasets.py
[2024-04-12T09:43:47.454+0000] {logging_mixin.py:137} INFO - [2024-04-12T09:43:47.454+0000] {dag.py:2690} INFO - Sync 6 DAGs
[2024-04-12T09:43:47.472+0000] {logging_mixin.py:137} INFO - [2024-04-12T09:43:47.472+0000] {dag.py:3437} INFO - Setting next_dagrun for dataset_consumes_1 to None, run_after=None
[2024-04-12T09:43:47.474+0000] {logging_mixin.py:137} INFO - [2024-04-12T09:43:47.474+0000] {dag.py:3437} INFO - Setting next_dagrun for dataset_consumes_1_and_2 to None, run_after=None
[2024-04-12T09:43:47.475+0000] {logging_mixin.py:137} INFO - [2024-04-12T09:43:47.475+0000] {dag.py:3437} INFO - Setting next_dagrun for dataset_consumes_1_never_scheduled to None, run_after=None
[2024-04-12T09:43:47.476+0000] {logging_mixin.py:137} INFO - [2024-04-12T09:43:47.476+0000] {dag.py:3437} INFO - Setting next_dagrun for dataset_consumes_unknown_never_scheduled to None, run_after=None
[2024-04-12T09:43:47.478+0000] {logging_mixin.py:137} INFO - [2024-04-12T09:43:47.478+0000] {dag.py:3437} INFO - Setting next_dagrun for dataset_produces_1 to 2024-04-11T00:00:00+00:00, run_after=2024-04-12T00:00:00+00:00
[2024-04-12T09:43:47.478+0000] {logging_mixin.py:137} INFO - [2024-04-12T09:43:47.478+0000] {dag.py:3437} INFO - Setting next_dagrun for dataset_produces_2 to None, run_after=None
[2024-04-12T09:43:47.525+0000] {processor.py:175} INFO - Processing /usr/local/python/3.10.13/lib/python3.10/site-packages/airflow/example_dags/example_datasets.py took 0.122 seconds
[2024-04-12T09:44:29.033+0000] {processor.py:153} INFO - Started process (PID=25772) to work on /usr/local/python/3.10.13/lib/python3.10/site-packages/airflow/example_dags/example_datasets.py
[2024-04-12T09:44:29.034+0000] {processor.py:743} INFO - Processing file /usr/local/python/3.10.13/lib/python3.10/site-packages/airflow/example_dags/example_datasets.py for tasks to queue
[2024-04-12T09:44:29.035+0000] {logging_mixin.py:137} INFO - [2024-04-12T09:44:29.035+0000] {dagbag.py:538} INFO - Filling up the DagBag from /usr/local/python/3.10.13/lib/python3.10/site-packages/airflow/example_dags/example_datasets.py
[2024-04-12T09:44:29.050+0000] {processor.py:753} INFO - DAG(s) dict_keys(['dataset_produces_1', 'dataset_consumes_1', 'dataset_consumes_1_never_scheduled', 'dataset_consumes_unknown_never_scheduled', 'dataset_consumes_1_and_2', 'dataset_produces_2']) retrieved from /usr/local/python/3.10.13/lib/python3.10/site-packages/airflow/example_dags/example_datasets.py
[2024-04-12T09:44:29.074+0000] {logging_mixin.py:137} INFO - [2024-04-12T09:44:29.074+0000] {dag.py:2690} INFO - Sync 6 DAGs
[2024-04-12T09:44:29.091+0000] {logging_mixin.py:137} INFO - [2024-04-12T09:44:29.091+0000] {dag.py:3437} INFO - Setting next_dagrun for dataset_consumes_1 to None, run_after=None
[2024-04-12T09:44:29.094+0000] {logging_mixin.py:137} INFO - [2024-04-12T09:44:29.094+0000] {dag.py:3437} INFO - Setting next_dagrun for dataset_consumes_1_and_2 to None, run_after=None
[2024-04-12T09:44:29.095+0000] {logging_mixin.py:137} INFO - [2024-04-12T09:44:29.094+0000] {dag.py:3437} INFO - Setting next_dagrun for dataset_consumes_1_never_scheduled to None, run_after=None
[2024-04-12T09:44:29.095+0000] {logging_mixin.py:137} INFO - [2024-04-12T09:44:29.095+0000] {dag.py:3437} INFO - Setting next_dagrun for dataset_consumes_unknown_never_scheduled to None, run_after=None
[2024-04-12T09:44:29.097+0000] {logging_mixin.py:137} INFO - [2024-04-12T09:44:29.097+0000] {dag.py:3437} INFO - Setting next_dagrun for dataset_produces_1 to 2024-04-11T00:00:00+00:00, run_after=2024-04-12T00:00:00+00:00
[2024-04-12T09:44:29.098+0000] {logging_mixin.py:137} INFO - [2024-04-12T09:44:29.098+0000] {dag.py:3437} INFO - Setting next_dagrun for dataset_produces_2 to None, run_after=None
[2024-04-12T09:44:29.145+0000] {processor.py:175} INFO - Processing /usr/local/python/3.10.13/lib/python3.10/site-packages/airflow/example_dags/example_datasets.py took 0.114 seconds
[2024-04-12T09:45:10.983+0000] {processor.py:153} INFO - Started process (PID=26060) to work on /usr/local/python/3.10.13/lib/python3.10/site-packages/airflow/example_dags/example_datasets.py
[2024-04-12T09:45:10.984+0000] {processor.py:743} INFO - Processing file /usr/local/python/3.10.13/lib/python3.10/site-packages/airflow/example_dags/example_datasets.py for tasks to queue
[2024-04-12T09:45:10.985+0000] {logging_mixin.py:137} INFO - [2024-04-12T09:45:10.985+0000] {dagbag.py:538} INFO - Filling up the DagBag from /usr/local/python/3.10.13/lib/python3.10/site-packages/airflow/example_dags/example_datasets.py
[2024-04-12T09:45:10.999+0000] {processor.py:753} INFO - DAG(s) dict_keys(['dataset_consumes_unknown_never_scheduled', 'dataset_consumes_1', 'dataset_produces_1', 'dataset_consumes_1_never_scheduled', 'dataset_consumes_1_and_2', 'dataset_produces_2']) retrieved from /usr/local/python/3.10.13/lib/python3.10/site-packages/airflow/example_dags/example_datasets.py
[2024-04-12T09:45:11.023+0000] {logging_mixin.py:137} INFO - [2024-04-12T09:45:11.023+0000] {dag.py:2690} INFO - Sync 6 DAGs
[2024-04-12T09:45:11.040+0000] {logging_mixin.py:137} INFO - [2024-04-12T09:45:11.040+0000] {dag.py:3437} INFO - Setting next_dagrun for dataset_consumes_1 to None, run_after=None
[2024-04-12T09:45:11.043+0000] {logging_mixin.py:137} INFO - [2024-04-12T09:45:11.043+0000] {dag.py:3437} INFO - Setting next_dagrun for dataset_consumes_1_and_2 to None, run_after=None
[2024-04-12T09:45:11.044+0000] {logging_mixin.py:137} INFO - [2024-04-12T09:45:11.044+0000] {dag.py:3437} INFO - Setting next_dagrun for dataset_consumes_1_never_scheduled to None, run_after=None
[2024-04-12T09:45:11.044+0000] {logging_mixin.py:137} INFO - [2024-04-12T09:45:11.044+0000] {dag.py:3437} INFO - Setting next_dagrun for dataset_consumes_unknown_never_scheduled to None, run_after=None
[2024-04-12T09:45:11.047+0000] {logging_mixin.py:137} INFO - [2024-04-12T09:45:11.046+0000] {dag.py:3437} INFO - Setting next_dagrun for dataset_produces_1 to 2024-04-11T00:00:00+00:00, run_after=2024-04-12T00:00:00+00:00
[2024-04-12T09:45:11.047+0000] {logging_mixin.py:137} INFO - [2024-04-12T09:45:11.047+0000] {dag.py:3437} INFO - Setting next_dagrun for dataset_produces_2 to None, run_after=None
[2024-04-12T09:45:11.095+0000] {processor.py:175} INFO - Processing /usr/local/python/3.10.13/lib/python3.10/site-packages/airflow/example_dags/example_datasets.py took 0.114 seconds
[2024-04-12T09:45:55.469+0000] {processor.py:153} INFO - Started process (PID=26390) to work on /usr/local/python/3.10.13/lib/python3.10/site-packages/airflow/example_dags/example_datasets.py
[2024-04-12T09:45:55.470+0000] {processor.py:743} INFO - Processing file /usr/local/python/3.10.13/lib/python3.10/site-packages/airflow/example_dags/example_datasets.py for tasks to queue
[2024-04-12T09:45:55.471+0000] {logging_mixin.py:137} INFO - [2024-04-12T09:45:55.471+0000] {dagbag.py:538} INFO - Filling up the DagBag from /usr/local/python/3.10.13/lib/python3.10/site-packages/airflow/example_dags/example_datasets.py
[2024-04-12T09:45:55.489+0000] {processor.py:753} INFO - DAG(s) dict_keys(['dataset_consumes_1_and_2', 'dataset_produces_2', 'dataset_produces_1', 'dataset_consumes_1_never_scheduled', 'dataset_consumes_1', 'dataset_consumes_unknown_never_scheduled']) retrieved from /usr/local/python/3.10.13/lib/python3.10/site-packages/airflow/example_dags/example_datasets.py
[2024-04-12T09:45:55.515+0000] {logging_mixin.py:137} INFO - [2024-04-12T09:45:55.515+0000] {dag.py:2690} INFO - Sync 6 DAGs
[2024-04-12T09:45:55.535+0000] {logging_mixin.py:137} INFO - [2024-04-12T09:45:55.535+0000] {dag.py:3437} INFO - Setting next_dagrun for dataset_consumes_1 to None, run_after=None
[2024-04-12T09:45:55.538+0000] {logging_mixin.py:137} INFO - [2024-04-12T09:45:55.538+0000] {dag.py:3437} INFO - Setting next_dagrun for dataset_consumes_1_and_2 to None, run_after=None
[2024-04-12T09:45:55.538+0000] {logging_mixin.py:137} INFO - [2024-04-12T09:45:55.538+0000] {dag.py:3437} INFO - Setting next_dagrun for dataset_consumes_1_never_scheduled to None, run_after=None
[2024-04-12T09:45:55.539+0000] {logging_mixin.py:137} INFO - [2024-04-12T09:45:55.539+0000] {dag.py:3437} INFO - Setting next_dagrun for dataset_consumes_unknown_never_scheduled to None, run_after=None
[2024-04-12T09:45:55.541+0000] {logging_mixin.py:137} INFO - [2024-04-12T09:45:55.541+0000] {dag.py:3437} INFO - Setting next_dagrun for dataset_produces_1 to 2024-04-11T00:00:00+00:00, run_after=2024-04-12T00:00:00+00:00
[2024-04-12T09:45:55.542+0000] {logging_mixin.py:137} INFO - [2024-04-12T09:45:55.542+0000] {dag.py:3437} INFO - Setting next_dagrun for dataset_produces_2 to None, run_after=None
[2024-04-12T09:45:55.599+0000] {processor.py:175} INFO - Processing /usr/local/python/3.10.13/lib/python3.10/site-packages/airflow/example_dags/example_datasets.py took 0.133 seconds
