[2024-04-12T09:40:57.567+0000] {processor.py:153} INFO - Started process (PID=23990) to work on /usr/local/python/3.10.13/lib/python3.10/site-packages/airflow/example_dags/example_python_operator.py
[2024-04-12T09:40:57.568+0000] {processor.py:743} INFO - Processing file /usr/local/python/3.10.13/lib/python3.10/site-packages/airflow/example_dags/example_python_operator.py for tasks to queue
[2024-04-12T09:40:57.569+0000] {logging_mixin.py:137} INFO - [2024-04-12T09:40:57.568+0000] {dagbag.py:538} INFO - Filling up the DagBag from /usr/local/python/3.10.13/lib/python3.10/site-packages/airflow/example_dags/example_python_operator.py
[2024-04-12T09:40:57.588+0000] {logging_mixin.py:137} INFO - [2024-04-12T09:40:57.588+0000] {taskmixin.py:205} WARNING - Dependency <Task(_PythonDecoratedOperator): print_the_context>, log_sql_query already registered for DAG: example_python_operator
[2024-04-12T09:40:57.589+0000] {logging_mixin.py:137} INFO - [2024-04-12T09:40:57.589+0000] {taskmixin.py:205} WARNING - Dependency <Task(_PythonDecoratedOperator): log_sql_query>, print_the_context already registered for DAG: example_python_operator
[2024-04-12T09:40:57.590+0000] {logging_mixin.py:137} INFO - [2024-04-12T09:40:57.590+0000] {taskmixin.py:205} WARNING - Dependency <Task(_PythonDecoratedOperator): print_the_context>, log_sql_query already registered for DAG: example_python_operator
[2024-04-12T09:40:57.590+0000] {logging_mixin.py:137} INFO - [2024-04-12T09:40:57.590+0000] {taskmixin.py:205} WARNING - Dependency <Task(_PythonDecoratedOperator): log_sql_query>, print_the_context already registered for DAG: example_python_operator
[2024-04-12T09:40:57.591+0000] {logging_mixin.py:137} INFO - [2024-04-12T09:40:57.591+0000] {taskmixin.py:205} WARNING - Dependency <Task(_PythonDecoratedOperator): print_the_context>, log_sql_query already registered for DAG: example_python_operator
[2024-04-12T09:40:57.591+0000] {logging_mixin.py:137} INFO - [2024-04-12T09:40:57.591+0000] {taskmixin.py:205} WARNING - Dependency <Task(_PythonDecoratedOperator): log_sql_query>, print_the_context already registered for DAG: example_python_operator
[2024-04-12T09:40:57.592+0000] {logging_mixin.py:137} INFO - [2024-04-12T09:40:57.592+0000] {taskmixin.py:205} WARNING - Dependency <Task(_PythonDecoratedOperator): print_the_context>, log_sql_query already registered for DAG: example_python_operator
[2024-04-12T09:40:57.592+0000] {logging_mixin.py:137} INFO - [2024-04-12T09:40:57.592+0000] {taskmixin.py:205} WARNING - Dependency <Task(_PythonDecoratedOperator): log_sql_query>, print_the_context already registered for DAG: example_python_operator
[2024-04-12T09:40:57.600+0000] {processor.py:753} INFO - DAG(s) dict_keys(['example_python_operator']) retrieved from /usr/local/python/3.10.13/lib/python3.10/site-packages/airflow/example_dags/example_python_operator.py
[2024-04-12T09:40:57.748+0000] {logging_mixin.py:137} INFO - [2024-04-12T09:40:57.748+0000] {manager.py:504} INFO - Created Permission View: can delete on DAG:example_python_operator
[2024-04-12T09:40:57.783+0000] {logging_mixin.py:137} INFO - [2024-04-12T09:40:57.783+0000] {manager.py:504} INFO - Created Permission View: can edit on DAG:example_python_operator
[2024-04-12T09:40:57.813+0000] {logging_mixin.py:137} INFO - [2024-04-12T09:40:57.813+0000] {manager.py:504} INFO - Created Permission View: can read on DAG:example_python_operator
[2024-04-12T09:40:57.813+0000] {logging_mixin.py:137} INFO - [2024-04-12T09:40:57.813+0000] {dag.py:2690} INFO - Sync 1 DAGs
[2024-04-12T09:40:57.822+0000] {logging_mixin.py:137} INFO - [2024-04-12T09:40:57.822+0000] {dag.py:2711} INFO - Creating ORM DAG for example_python_operator
[2024-04-12T09:40:57.830+0000] {logging_mixin.py:137} INFO - [2024-04-12T09:40:57.830+0000] {dag.py:3437} INFO - Setting next_dagrun for example_python_operator to None, run_after=None
[2024-04-12T09:40:57.878+0000] {processor.py:175} INFO - Processing /usr/local/python/3.10.13/lib/python3.10/site-packages/airflow/example_dags/example_python_operator.py took 0.313 seconds
[2024-04-12T09:41:40.529+0000] {processor.py:153} INFO - Started process (PID=24305) to work on /usr/local/python/3.10.13/lib/python3.10/site-packages/airflow/example_dags/example_python_operator.py
[2024-04-12T09:41:40.530+0000] {processor.py:743} INFO - Processing file /usr/local/python/3.10.13/lib/python3.10/site-packages/airflow/example_dags/example_python_operator.py for tasks to queue
[2024-04-12T09:41:40.530+0000] {logging_mixin.py:137} INFO - [2024-04-12T09:41:40.530+0000] {dagbag.py:538} INFO - Filling up the DagBag from /usr/local/python/3.10.13/lib/python3.10/site-packages/airflow/example_dags/example_python_operator.py
[2024-04-12T09:41:40.547+0000] {logging_mixin.py:137} INFO - [2024-04-12T09:41:40.547+0000] {taskmixin.py:205} WARNING - Dependency <Task(_PythonDecoratedOperator): print_the_context>, log_sql_query already registered for DAG: example_python_operator
[2024-04-12T09:41:40.547+0000] {logging_mixin.py:137} INFO - [2024-04-12T09:41:40.547+0000] {taskmixin.py:205} WARNING - Dependency <Task(_PythonDecoratedOperator): log_sql_query>, print_the_context already registered for DAG: example_python_operator
[2024-04-12T09:41:40.548+0000] {logging_mixin.py:137} INFO - [2024-04-12T09:41:40.548+0000] {taskmixin.py:205} WARNING - Dependency <Task(_PythonDecoratedOperator): print_the_context>, log_sql_query already registered for DAG: example_python_operator
[2024-04-12T09:41:40.548+0000] {logging_mixin.py:137} INFO - [2024-04-12T09:41:40.548+0000] {taskmixin.py:205} WARNING - Dependency <Task(_PythonDecoratedOperator): log_sql_query>, print_the_context already registered for DAG: example_python_operator
[2024-04-12T09:41:40.549+0000] {logging_mixin.py:137} INFO - [2024-04-12T09:41:40.549+0000] {taskmixin.py:205} WARNING - Dependency <Task(_PythonDecoratedOperator): print_the_context>, log_sql_query already registered for DAG: example_python_operator
[2024-04-12T09:41:40.549+0000] {logging_mixin.py:137} INFO - [2024-04-12T09:41:40.549+0000] {taskmixin.py:205} WARNING - Dependency <Task(_PythonDecoratedOperator): log_sql_query>, print_the_context already registered for DAG: example_python_operator
[2024-04-12T09:41:40.549+0000] {logging_mixin.py:137} INFO - [2024-04-12T09:41:40.549+0000] {taskmixin.py:205} WARNING - Dependency <Task(_PythonDecoratedOperator): print_the_context>, log_sql_query already registered for DAG: example_python_operator
[2024-04-12T09:41:40.549+0000] {logging_mixin.py:137} INFO - [2024-04-12T09:41:40.549+0000] {taskmixin.py:205} WARNING - Dependency <Task(_PythonDecoratedOperator): log_sql_query>, print_the_context already registered for DAG: example_python_operator
[2024-04-12T09:41:40.558+0000] {processor.py:753} INFO - DAG(s) dict_keys(['example_python_operator']) retrieved from /usr/local/python/3.10.13/lib/python3.10/site-packages/airflow/example_dags/example_python_operator.py
[2024-04-12T09:41:40.577+0000] {logging_mixin.py:137} INFO - [2024-04-12T09:41:40.577+0000] {dag.py:2690} INFO - Sync 1 DAGs
[2024-04-12T09:41:40.592+0000] {logging_mixin.py:137} INFO - [2024-04-12T09:41:40.592+0000] {dag.py:3437} INFO - Setting next_dagrun for example_python_operator to None, run_after=None
[2024-04-12T09:41:40.632+0000] {processor.py:175} INFO - Processing /usr/local/python/3.10.13/lib/python3.10/site-packages/airflow/example_dags/example_python_operator.py took 0.105 seconds
[2024-04-12T09:42:20.736+0000] {processor.py:153} INFO - Started process (PID=24577) to work on /usr/local/python/3.10.13/lib/python3.10/site-packages/airflow/example_dags/example_python_operator.py
[2024-04-12T09:42:20.737+0000] {processor.py:743} INFO - Processing file /usr/local/python/3.10.13/lib/python3.10/site-packages/airflow/example_dags/example_python_operator.py for tasks to queue
[2024-04-12T09:42:20.737+0000] {logging_mixin.py:137} INFO - [2024-04-12T09:42:20.737+0000] {dagbag.py:538} INFO - Filling up the DagBag from /usr/local/python/3.10.13/lib/python3.10/site-packages/airflow/example_dags/example_python_operator.py
[2024-04-12T09:42:20.755+0000] {logging_mixin.py:137} INFO - [2024-04-12T09:42:20.755+0000] {taskmixin.py:205} WARNING - Dependency <Task(_PythonDecoratedOperator): print_the_context>, log_sql_query already registered for DAG: example_python_operator
[2024-04-12T09:42:20.755+0000] {logging_mixin.py:137} INFO - [2024-04-12T09:42:20.755+0000] {taskmixin.py:205} WARNING - Dependency <Task(_PythonDecoratedOperator): log_sql_query>, print_the_context already registered for DAG: example_python_operator
[2024-04-12T09:42:20.756+0000] {logging_mixin.py:137} INFO - [2024-04-12T09:42:20.756+0000] {taskmixin.py:205} WARNING - Dependency <Task(_PythonDecoratedOperator): print_the_context>, log_sql_query already registered for DAG: example_python_operator
[2024-04-12T09:42:20.756+0000] {logging_mixin.py:137} INFO - [2024-04-12T09:42:20.756+0000] {taskmixin.py:205} WARNING - Dependency <Task(_PythonDecoratedOperator): log_sql_query>, print_the_context already registered for DAG: example_python_operator
[2024-04-12T09:42:20.756+0000] {logging_mixin.py:137} INFO - [2024-04-12T09:42:20.756+0000] {taskmixin.py:205} WARNING - Dependency <Task(_PythonDecoratedOperator): print_the_context>, log_sql_query already registered for DAG: example_python_operator
[2024-04-12T09:42:20.757+0000] {logging_mixin.py:137} INFO - [2024-04-12T09:42:20.756+0000] {taskmixin.py:205} WARNING - Dependency <Task(_PythonDecoratedOperator): log_sql_query>, print_the_context already registered for DAG: example_python_operator
[2024-04-12T09:42:20.757+0000] {logging_mixin.py:137} INFO - [2024-04-12T09:42:20.757+0000] {taskmixin.py:205} WARNING - Dependency <Task(_PythonDecoratedOperator): print_the_context>, log_sql_query already registered for DAG: example_python_operator
[2024-04-12T09:42:20.757+0000] {logging_mixin.py:137} INFO - [2024-04-12T09:42:20.757+0000] {taskmixin.py:205} WARNING - Dependency <Task(_PythonDecoratedOperator): log_sql_query>, print_the_context already registered for DAG: example_python_operator
[2024-04-12T09:42:20.766+0000] {processor.py:753} INFO - DAG(s) dict_keys(['example_python_operator']) retrieved from /usr/local/python/3.10.13/lib/python3.10/site-packages/airflow/example_dags/example_python_operator.py
[2024-04-12T09:42:20.782+0000] {logging_mixin.py:137} INFO - [2024-04-12T09:42:20.782+0000] {dag.py:2690} INFO - Sync 1 DAGs
[2024-04-12T09:42:20.798+0000] {logging_mixin.py:137} INFO - [2024-04-12T09:42:20.798+0000] {dag.py:3437} INFO - Setting next_dagrun for example_python_operator to None, run_after=None
[2024-04-12T09:42:20.842+0000] {processor.py:175} INFO - Processing /usr/local/python/3.10.13/lib/python3.10/site-packages/airflow/example_dags/example_python_operator.py took 0.107 seconds
[2024-04-12T09:43:01.081+0000] {processor.py:153} INFO - Started process (PID=24850) to work on /usr/local/python/3.10.13/lib/python3.10/site-packages/airflow/example_dags/example_python_operator.py
[2024-04-12T09:43:01.082+0000] {processor.py:743} INFO - Processing file /usr/local/python/3.10.13/lib/python3.10/site-packages/airflow/example_dags/example_python_operator.py for tasks to queue
[2024-04-12T09:43:01.082+0000] {logging_mixin.py:137} INFO - [2024-04-12T09:43:01.082+0000] {dagbag.py:538} INFO - Filling up the DagBag from /usr/local/python/3.10.13/lib/python3.10/site-packages/airflow/example_dags/example_python_operator.py
[2024-04-12T09:43:01.107+0000] {logging_mixin.py:137} INFO - [2024-04-12T09:43:01.107+0000] {taskmixin.py:205} WARNING - Dependency <Task(_PythonDecoratedOperator): print_the_context>, log_sql_query already registered for DAG: example_python_operator
[2024-04-12T09:43:01.107+0000] {logging_mixin.py:137} INFO - [2024-04-12T09:43:01.107+0000] {taskmixin.py:205} WARNING - Dependency <Task(_PythonDecoratedOperator): log_sql_query>, print_the_context already registered for DAG: example_python_operator
[2024-04-12T09:43:01.108+0000] {logging_mixin.py:137} INFO - [2024-04-12T09:43:01.108+0000] {taskmixin.py:205} WARNING - Dependency <Task(_PythonDecoratedOperator): print_the_context>, log_sql_query already registered for DAG: example_python_operator
[2024-04-12T09:43:01.108+0000] {logging_mixin.py:137} INFO - [2024-04-12T09:43:01.108+0000] {taskmixin.py:205} WARNING - Dependency <Task(_PythonDecoratedOperator): log_sql_query>, print_the_context already registered for DAG: example_python_operator
[2024-04-12T09:43:01.109+0000] {logging_mixin.py:137} INFO - [2024-04-12T09:43:01.108+0000] {taskmixin.py:205} WARNING - Dependency <Task(_PythonDecoratedOperator): print_the_context>, log_sql_query already registered for DAG: example_python_operator
[2024-04-12T09:43:01.109+0000] {logging_mixin.py:137} INFO - [2024-04-12T09:43:01.109+0000] {taskmixin.py:205} WARNING - Dependency <Task(_PythonDecoratedOperator): log_sql_query>, print_the_context already registered for DAG: example_python_operator
[2024-04-12T09:43:01.109+0000] {logging_mixin.py:137} INFO - [2024-04-12T09:43:01.109+0000] {taskmixin.py:205} WARNING - Dependency <Task(_PythonDecoratedOperator): print_the_context>, log_sql_query already registered for DAG: example_python_operator
[2024-04-12T09:43:01.110+0000] {logging_mixin.py:137} INFO - [2024-04-12T09:43:01.109+0000] {taskmixin.py:205} WARNING - Dependency <Task(_PythonDecoratedOperator): log_sql_query>, print_the_context already registered for DAG: example_python_operator
[2024-04-12T09:43:01.117+0000] {processor.py:753} INFO - DAG(s) dict_keys(['example_python_operator']) retrieved from /usr/local/python/3.10.13/lib/python3.10/site-packages/airflow/example_dags/example_python_operator.py
[2024-04-12T09:43:01.134+0000] {logging_mixin.py:137} INFO - [2024-04-12T09:43:01.134+0000] {dag.py:2690} INFO - Sync 1 DAGs
[2024-04-12T09:43:01.149+0000] {logging_mixin.py:137} INFO - [2024-04-12T09:43:01.149+0000] {dag.py:3437} INFO - Setting next_dagrun for example_python_operator to None, run_after=None
[2024-04-12T09:43:01.191+0000] {processor.py:175} INFO - Processing /usr/local/python/3.10.13/lib/python3.10/site-packages/airflow/example_dags/example_python_operator.py took 0.112 seconds
[2024-04-12T09:43:39.024+0000] {processor.py:153} INFO - Started process (PID=25191) to work on /usr/local/python/3.10.13/lib/python3.10/site-packages/airflow/example_dags/example_python_operator.py
[2024-04-12T09:43:39.025+0000] {processor.py:743} INFO - Processing file /usr/local/python/3.10.13/lib/python3.10/site-packages/airflow/example_dags/example_python_operator.py for tasks to queue
[2024-04-12T09:43:39.025+0000] {logging_mixin.py:137} INFO - [2024-04-12T09:43:39.025+0000] {dagbag.py:538} INFO - Filling up the DagBag from /usr/local/python/3.10.13/lib/python3.10/site-packages/airflow/example_dags/example_python_operator.py
[2024-04-12T09:43:39.041+0000] {logging_mixin.py:137} INFO - [2024-04-12T09:43:39.041+0000] {taskmixin.py:205} WARNING - Dependency <Task(_PythonDecoratedOperator): print_the_context>, log_sql_query already registered for DAG: example_python_operator
[2024-04-12T09:43:39.042+0000] {logging_mixin.py:137} INFO - [2024-04-12T09:43:39.042+0000] {taskmixin.py:205} WARNING - Dependency <Task(_PythonDecoratedOperator): log_sql_query>, print_the_context already registered for DAG: example_python_operator
[2024-04-12T09:43:39.042+0000] {logging_mixin.py:137} INFO - [2024-04-12T09:43:39.042+0000] {taskmixin.py:205} WARNING - Dependency <Task(_PythonDecoratedOperator): print_the_context>, log_sql_query already registered for DAG: example_python_operator
[2024-04-12T09:43:39.042+0000] {logging_mixin.py:137} INFO - [2024-04-12T09:43:39.042+0000] {taskmixin.py:205} WARNING - Dependency <Task(_PythonDecoratedOperator): log_sql_query>, print_the_context already registered for DAG: example_python_operator
[2024-04-12T09:43:39.043+0000] {logging_mixin.py:137} INFO - [2024-04-12T09:43:39.043+0000] {taskmixin.py:205} WARNING - Dependency <Task(_PythonDecoratedOperator): print_the_context>, log_sql_query already registered for DAG: example_python_operator
[2024-04-12T09:43:39.043+0000] {logging_mixin.py:137} INFO - [2024-04-12T09:43:39.043+0000] {taskmixin.py:205} WARNING - Dependency <Task(_PythonDecoratedOperator): log_sql_query>, print_the_context already registered for DAG: example_python_operator
[2024-04-12T09:43:39.044+0000] {logging_mixin.py:137} INFO - [2024-04-12T09:43:39.044+0000] {taskmixin.py:205} WARNING - Dependency <Task(_PythonDecoratedOperator): print_the_context>, log_sql_query already registered for DAG: example_python_operator
[2024-04-12T09:43:39.044+0000] {logging_mixin.py:137} INFO - [2024-04-12T09:43:39.044+0000] {taskmixin.py:205} WARNING - Dependency <Task(_PythonDecoratedOperator): log_sql_query>, print_the_context already registered for DAG: example_python_operator
[2024-04-12T09:43:39.051+0000] {processor.py:753} INFO - DAG(s) dict_keys(['example_python_operator']) retrieved from /usr/local/python/3.10.13/lib/python3.10/site-packages/airflow/example_dags/example_python_operator.py
[2024-04-12T09:43:39.067+0000] {logging_mixin.py:137} INFO - [2024-04-12T09:43:39.067+0000] {dag.py:2690} INFO - Sync 1 DAGs
[2024-04-12T09:43:39.083+0000] {logging_mixin.py:137} INFO - [2024-04-12T09:43:39.083+0000] {dag.py:3437} INFO - Setting next_dagrun for example_python_operator to None, run_after=None
[2024-04-12T09:43:39.125+0000] {processor.py:175} INFO - Processing /usr/local/python/3.10.13/lib/python3.10/site-packages/airflow/example_dags/example_python_operator.py took 0.104 seconds
[2024-04-12T09:44:17.894+0000] {processor.py:153} INFO - Started process (PID=25643) to work on /usr/local/python/3.10.13/lib/python3.10/site-packages/airflow/example_dags/example_python_operator.py
[2024-04-12T09:44:17.895+0000] {processor.py:743} INFO - Processing file /usr/local/python/3.10.13/lib/python3.10/site-packages/airflow/example_dags/example_python_operator.py for tasks to queue
[2024-04-12T09:44:17.896+0000] {logging_mixin.py:137} INFO - [2024-04-12T09:44:17.896+0000] {dagbag.py:538} INFO - Filling up the DagBag from /usr/local/python/3.10.13/lib/python3.10/site-packages/airflow/example_dags/example_python_operator.py
[2024-04-12T09:44:17.920+0000] {logging_mixin.py:137} INFO - [2024-04-12T09:44:17.920+0000] {taskmixin.py:205} WARNING - Dependency <Task(_PythonDecoratedOperator): print_the_context>, log_sql_query already registered for DAG: example_python_operator
[2024-04-12T09:44:17.920+0000] {logging_mixin.py:137} INFO - [2024-04-12T09:44:17.920+0000] {taskmixin.py:205} WARNING - Dependency <Task(_PythonDecoratedOperator): log_sql_query>, print_the_context already registered for DAG: example_python_operator
[2024-04-12T09:44:17.921+0000] {logging_mixin.py:137} INFO - [2024-04-12T09:44:17.921+0000] {taskmixin.py:205} WARNING - Dependency <Task(_PythonDecoratedOperator): print_the_context>, log_sql_query already registered for DAG: example_python_operator
[2024-04-12T09:44:17.921+0000] {logging_mixin.py:137} INFO - [2024-04-12T09:44:17.921+0000] {taskmixin.py:205} WARNING - Dependency <Task(_PythonDecoratedOperator): log_sql_query>, print_the_context already registered for DAG: example_python_operator
[2024-04-12T09:44:17.922+0000] {logging_mixin.py:137} INFO - [2024-04-12T09:44:17.922+0000] {taskmixin.py:205} WARNING - Dependency <Task(_PythonDecoratedOperator): print_the_context>, log_sql_query already registered for DAG: example_python_operator
[2024-04-12T09:44:17.922+0000] {logging_mixin.py:137} INFO - [2024-04-12T09:44:17.922+0000] {taskmixin.py:205} WARNING - Dependency <Task(_PythonDecoratedOperator): log_sql_query>, print_the_context already registered for DAG: example_python_operator
[2024-04-12T09:44:17.923+0000] {logging_mixin.py:137} INFO - [2024-04-12T09:44:17.923+0000] {taskmixin.py:205} WARNING - Dependency <Task(_PythonDecoratedOperator): print_the_context>, log_sql_query already registered for DAG: example_python_operator
[2024-04-12T09:44:17.923+0000] {logging_mixin.py:137} INFO - [2024-04-12T09:44:17.923+0000] {taskmixin.py:205} WARNING - Dependency <Task(_PythonDecoratedOperator): log_sql_query>, print_the_context already registered for DAG: example_python_operator
[2024-04-12T09:44:17.932+0000] {processor.py:753} INFO - DAG(s) dict_keys(['example_python_operator']) retrieved from /usr/local/python/3.10.13/lib/python3.10/site-packages/airflow/example_dags/example_python_operator.py
[2024-04-12T09:44:17.980+0000] {logging_mixin.py:137} INFO - [2024-04-12T09:44:17.980+0000] {dag.py:2690} INFO - Sync 1 DAGs
[2024-04-12T09:44:18.009+0000] {logging_mixin.py:137} INFO - [2024-04-12T09:44:18.009+0000] {dag.py:3437} INFO - Setting next_dagrun for example_python_operator to None, run_after=None
[2024-04-12T09:44:18.053+0000] {processor.py:175} INFO - Processing /usr/local/python/3.10.13/lib/python3.10/site-packages/airflow/example_dags/example_python_operator.py took 0.161 seconds
[2024-04-12T09:44:59.403+0000] {processor.py:153} INFO - Started process (PID=25987) to work on /usr/local/python/3.10.13/lib/python3.10/site-packages/airflow/example_dags/example_python_operator.py
[2024-04-12T09:44:59.404+0000] {processor.py:743} INFO - Processing file /usr/local/python/3.10.13/lib/python3.10/site-packages/airflow/example_dags/example_python_operator.py for tasks to queue
[2024-04-12T09:44:59.405+0000] {logging_mixin.py:137} INFO - [2024-04-12T09:44:59.404+0000] {dagbag.py:538} INFO - Filling up the DagBag from /usr/local/python/3.10.13/lib/python3.10/site-packages/airflow/example_dags/example_python_operator.py
[2024-04-12T09:44:59.421+0000] {logging_mixin.py:137} INFO - [2024-04-12T09:44:59.421+0000] {taskmixin.py:205} WARNING - Dependency <Task(_PythonDecoratedOperator): print_the_context>, log_sql_query already registered for DAG: example_python_operator
[2024-04-12T09:44:59.421+0000] {logging_mixin.py:137} INFO - [2024-04-12T09:44:59.421+0000] {taskmixin.py:205} WARNING - Dependency <Task(_PythonDecoratedOperator): log_sql_query>, print_the_context already registered for DAG: example_python_operator
[2024-04-12T09:44:59.422+0000] {logging_mixin.py:137} INFO - [2024-04-12T09:44:59.422+0000] {taskmixin.py:205} WARNING - Dependency <Task(_PythonDecoratedOperator): print_the_context>, log_sql_query already registered for DAG: example_python_operator
[2024-04-12T09:44:59.422+0000] {logging_mixin.py:137} INFO - [2024-04-12T09:44:59.422+0000] {taskmixin.py:205} WARNING - Dependency <Task(_PythonDecoratedOperator): log_sql_query>, print_the_context already registered for DAG: example_python_operator
[2024-04-12T09:44:59.423+0000] {logging_mixin.py:137} INFO - [2024-04-12T09:44:59.423+0000] {taskmixin.py:205} WARNING - Dependency <Task(_PythonDecoratedOperator): print_the_context>, log_sql_query already registered for DAG: example_python_operator
[2024-04-12T09:44:59.423+0000] {logging_mixin.py:137} INFO - [2024-04-12T09:44:59.423+0000] {taskmixin.py:205} WARNING - Dependency <Task(_PythonDecoratedOperator): log_sql_query>, print_the_context already registered for DAG: example_python_operator
[2024-04-12T09:44:59.423+0000] {logging_mixin.py:137} INFO - [2024-04-12T09:44:59.423+0000] {taskmixin.py:205} WARNING - Dependency <Task(_PythonDecoratedOperator): print_the_context>, log_sql_query already registered for DAG: example_python_operator
[2024-04-12T09:44:59.424+0000] {logging_mixin.py:137} INFO - [2024-04-12T09:44:59.424+0000] {taskmixin.py:205} WARNING - Dependency <Task(_PythonDecoratedOperator): log_sql_query>, print_the_context already registered for DAG: example_python_operator
[2024-04-12T09:44:59.430+0000] {processor.py:753} INFO - DAG(s) dict_keys(['example_python_operator']) retrieved from /usr/local/python/3.10.13/lib/python3.10/site-packages/airflow/example_dags/example_python_operator.py
[2024-04-12T09:44:59.449+0000] {logging_mixin.py:137} INFO - [2024-04-12T09:44:59.449+0000] {dag.py:2690} INFO - Sync 1 DAGs
[2024-04-12T09:44:59.465+0000] {logging_mixin.py:137} INFO - [2024-04-12T09:44:59.465+0000] {dag.py:3437} INFO - Setting next_dagrun for example_python_operator to None, run_after=None
[2024-04-12T09:44:59.505+0000] {processor.py:175} INFO - Processing /usr/local/python/3.10.13/lib/python3.10/site-packages/airflow/example_dags/example_python_operator.py took 0.104 seconds
[2024-04-12T09:45:38.588+0000] {processor.py:153} INFO - Started process (PID=26255) to work on /usr/local/python/3.10.13/lib/python3.10/site-packages/airflow/example_dags/example_python_operator.py
[2024-04-12T09:45:38.589+0000] {processor.py:743} INFO - Processing file /usr/local/python/3.10.13/lib/python3.10/site-packages/airflow/example_dags/example_python_operator.py for tasks to queue
[2024-04-12T09:45:38.590+0000] {logging_mixin.py:137} INFO - [2024-04-12T09:45:38.590+0000] {dagbag.py:538} INFO - Filling up the DagBag from /usr/local/python/3.10.13/lib/python3.10/site-packages/airflow/example_dags/example_python_operator.py
[2024-04-12T09:45:38.612+0000] {logging_mixin.py:137} INFO - [2024-04-12T09:45:38.611+0000] {taskmixin.py:205} WARNING - Dependency <Task(_PythonDecoratedOperator): print_the_context>, log_sql_query already registered for DAG: example_python_operator
[2024-04-12T09:45:38.612+0000] {logging_mixin.py:137} INFO - [2024-04-12T09:45:38.612+0000] {taskmixin.py:205} WARNING - Dependency <Task(_PythonDecoratedOperator): log_sql_query>, print_the_context already registered for DAG: example_python_operator
[2024-04-12T09:45:38.613+0000] {logging_mixin.py:137} INFO - [2024-04-12T09:45:38.613+0000] {taskmixin.py:205} WARNING - Dependency <Task(_PythonDecoratedOperator): print_the_context>, log_sql_query already registered for DAG: example_python_operator
[2024-04-12T09:45:38.613+0000] {logging_mixin.py:137} INFO - [2024-04-12T09:45:38.613+0000] {taskmixin.py:205} WARNING - Dependency <Task(_PythonDecoratedOperator): log_sql_query>, print_the_context already registered for DAG: example_python_operator
[2024-04-12T09:45:38.614+0000] {logging_mixin.py:137} INFO - [2024-04-12T09:45:38.614+0000] {taskmixin.py:205} WARNING - Dependency <Task(_PythonDecoratedOperator): print_the_context>, log_sql_query already registered for DAG: example_python_operator
[2024-04-12T09:45:38.616+0000] {logging_mixin.py:137} INFO - [2024-04-12T09:45:38.615+0000] {taskmixin.py:205} WARNING - Dependency <Task(_PythonDecoratedOperator): log_sql_query>, print_the_context already registered for DAG: example_python_operator
[2024-04-12T09:45:38.616+0000] {logging_mixin.py:137} INFO - [2024-04-12T09:45:38.616+0000] {taskmixin.py:205} WARNING - Dependency <Task(_PythonDecoratedOperator): print_the_context>, log_sql_query already registered for DAG: example_python_operator
[2024-04-12T09:45:38.617+0000] {logging_mixin.py:137} INFO - [2024-04-12T09:45:38.617+0000] {taskmixin.py:205} WARNING - Dependency <Task(_PythonDecoratedOperator): log_sql_query>, print_the_context already registered for DAG: example_python_operator
[2024-04-12T09:45:38.625+0000] {processor.py:753} INFO - DAG(s) dict_keys(['example_python_operator']) retrieved from /usr/local/python/3.10.13/lib/python3.10/site-packages/airflow/example_dags/example_python_operator.py
[2024-04-12T09:45:38.641+0000] {logging_mixin.py:137} INFO - [2024-04-12T09:45:38.641+0000] {dag.py:2690} INFO - Sync 1 DAGs
[2024-04-12T09:45:38.656+0000] {logging_mixin.py:137} INFO - [2024-04-12T09:45:38.656+0000] {dag.py:3437} INFO - Setting next_dagrun for example_python_operator to None, run_after=None
[2024-04-12T09:45:38.697+0000] {processor.py:175} INFO - Processing /usr/local/python/3.10.13/lib/python3.10/site-packages/airflow/example_dags/example_python_operator.py took 0.112 seconds
