[2024-04-12T09:41:11.273+0000] {processor.py:153} INFO - Started process (PID=24078) to work on /usr/local/python/3.10.13/lib/python3.10/site-packages/airflow/example_dags/example_branch_datetime_operator.py
[2024-04-12T09:41:11.273+0000] {processor.py:743} INFO - Processing file /usr/local/python/3.10.13/lib/python3.10/site-packages/airflow/example_dags/example_branch_datetime_operator.py for tasks to queue
[2024-04-12T09:41:11.274+0000] {logging_mixin.py:137} INFO - [2024-04-12T09:41:11.273+0000] {dagbag.py:538} INFO - Filling up the DagBag from /usr/local/python/3.10.13/lib/python3.10/site-packages/airflow/example_dags/example_branch_datetime_operator.py
[2024-04-12T09:41:11.290+0000] {processor.py:753} INFO - DAG(s) dict_keys(['example_branch_datetime_operator_3', 'example_branch_datetime_operator', 'example_branch_datetime_operator_2']) retrieved from /usr/local/python/3.10.13/lib/python3.10/site-packages/airflow/example_dags/example_branch_datetime_operator.py
[2024-04-12T09:41:11.425+0000] {logging_mixin.py:137} INFO - [2024-04-12T09:41:11.425+0000] {manager.py:504} INFO - Created Permission View: can delete on DAG:example_branch_datetime_operator_3
[2024-04-12T09:41:11.456+0000] {logging_mixin.py:137} INFO - [2024-04-12T09:41:11.456+0000] {manager.py:504} INFO - Created Permission View: can edit on DAG:example_branch_datetime_operator_3
[2024-04-12T09:41:11.490+0000] {logging_mixin.py:137} INFO - [2024-04-12T09:41:11.490+0000] {manager.py:504} INFO - Created Permission View: can read on DAG:example_branch_datetime_operator_3
[2024-04-12T09:41:11.559+0000] {logging_mixin.py:137} INFO - [2024-04-12T09:41:11.559+0000] {manager.py:504} INFO - Created Permission View: can delete on DAG:example_branch_datetime_operator
[2024-04-12T09:41:11.588+0000] {logging_mixin.py:137} INFO - [2024-04-12T09:41:11.588+0000] {manager.py:504} INFO - Created Permission View: can edit on DAG:example_branch_datetime_operator
[2024-04-12T09:41:11.621+0000] {logging_mixin.py:137} INFO - [2024-04-12T09:41:11.621+0000] {manager.py:504} INFO - Created Permission View: can read on DAG:example_branch_datetime_operator
[2024-04-12T09:41:11.686+0000] {logging_mixin.py:137} INFO - [2024-04-12T09:41:11.686+0000] {manager.py:504} INFO - Created Permission View: can delete on DAG:example_branch_datetime_operator_2
[2024-04-12T09:41:11.716+0000] {logging_mixin.py:137} INFO - [2024-04-12T09:41:11.716+0000] {manager.py:504} INFO - Created Permission View: can edit on DAG:example_branch_datetime_operator_2
[2024-04-12T09:41:11.745+0000] {logging_mixin.py:137} INFO - [2024-04-12T09:41:11.745+0000] {manager.py:504} INFO - Created Permission View: can read on DAG:example_branch_datetime_operator_2
[2024-04-12T09:41:11.745+0000] {logging_mixin.py:137} INFO - [2024-04-12T09:41:11.745+0000] {dag.py:2690} INFO - Sync 3 DAGs
[2024-04-12T09:41:11.755+0000] {logging_mixin.py:137} INFO - [2024-04-12T09:41:11.755+0000] {dag.py:2711} INFO - Creating ORM DAG for example_branch_datetime_operator
[2024-04-12T09:41:11.755+0000] {logging_mixin.py:137} INFO - [2024-04-12T09:41:11.755+0000] {dag.py:2711} INFO - Creating ORM DAG for example_branch_datetime_operator_3
[2024-04-12T09:41:11.756+0000] {logging_mixin.py:137} INFO - [2024-04-12T09:41:11.755+0000] {dag.py:2711} INFO - Creating ORM DAG for example_branch_datetime_operator_2
[2024-04-12T09:41:11.765+0000] {logging_mixin.py:137} INFO - [2024-04-12T09:41:11.765+0000] {dag.py:3437} INFO - Setting next_dagrun for example_branch_datetime_operator to 2024-04-11T00:00:00+00:00, run_after=2024-04-12T00:00:00+00:00
[2024-04-12T09:41:11.767+0000] {logging_mixin.py:137} INFO - [2024-04-12T09:41:11.767+0000] {dag.py:3437} INFO - Setting next_dagrun for example_branch_datetime_operator_2 to 2024-04-11T00:00:00+00:00, run_after=2024-04-12T00:00:00+00:00
[2024-04-12T09:41:11.768+0000] {logging_mixin.py:137} INFO - [2024-04-12T09:41:11.768+0000] {dag.py:3437} INFO - Setting next_dagrun for example_branch_datetime_operator_3 to 2024-04-11T00:00:00+00:00, run_after=2024-04-12T00:00:00+00:00
[2024-04-12T09:41:11.815+0000] {processor.py:175} INFO - Processing /usr/local/python/3.10.13/lib/python3.10/site-packages/airflow/example_dags/example_branch_datetime_operator.py took 0.545 seconds
[2024-04-12T09:41:52.966+0000] {processor.py:153} INFO - Started process (PID=24383) to work on /usr/local/python/3.10.13/lib/python3.10/site-packages/airflow/example_dags/example_branch_datetime_operator.py
[2024-04-12T09:41:52.966+0000] {processor.py:743} INFO - Processing file /usr/local/python/3.10.13/lib/python3.10/site-packages/airflow/example_dags/example_branch_datetime_operator.py for tasks to queue
[2024-04-12T09:41:52.967+0000] {logging_mixin.py:137} INFO - [2024-04-12T09:41:52.967+0000] {dagbag.py:538} INFO - Filling up the DagBag from /usr/local/python/3.10.13/lib/python3.10/site-packages/airflow/example_dags/example_branch_datetime_operator.py
[2024-04-12T09:41:52.982+0000] {processor.py:753} INFO - DAG(s) dict_keys(['example_branch_datetime_operator_2', 'example_branch_datetime_operator_3', 'example_branch_datetime_operator']) retrieved from /usr/local/python/3.10.13/lib/python3.10/site-packages/airflow/example_dags/example_branch_datetime_operator.py
[2024-04-12T09:41:53.005+0000] {logging_mixin.py:137} INFO - [2024-04-12T09:41:53.005+0000] {dag.py:2690} INFO - Sync 3 DAGs
[2024-04-12T09:41:53.022+0000] {logging_mixin.py:137} INFO - [2024-04-12T09:41:53.022+0000] {dag.py:3437} INFO - Setting next_dagrun for example_branch_datetime_operator to 2024-04-11T00:00:00+00:00, run_after=2024-04-12T00:00:00+00:00
[2024-04-12T09:41:53.025+0000] {logging_mixin.py:137} INFO - [2024-04-12T09:41:53.025+0000] {dag.py:3437} INFO - Setting next_dagrun for example_branch_datetime_operator_2 to 2024-04-11T00:00:00+00:00, run_after=2024-04-12T00:00:00+00:00
[2024-04-12T09:41:53.027+0000] {logging_mixin.py:137} INFO - [2024-04-12T09:41:53.027+0000] {dag.py:3437} INFO - Setting next_dagrun for example_branch_datetime_operator_3 to 2024-04-11T00:00:00+00:00, run_after=2024-04-12T00:00:00+00:00
[2024-04-12T09:41:53.067+0000] {processor.py:175} INFO - Processing /usr/local/python/3.10.13/lib/python3.10/site-packages/airflow/example_dags/example_branch_datetime_operator.py took 0.104 seconds
[2024-04-12T09:42:32.462+0000] {processor.py:153} INFO - Started process (PID=24652) to work on /usr/local/python/3.10.13/lib/python3.10/site-packages/airflow/example_dags/example_branch_datetime_operator.py
[2024-04-12T09:42:32.463+0000] {processor.py:743} INFO - Processing file /usr/local/python/3.10.13/lib/python3.10/site-packages/airflow/example_dags/example_branch_datetime_operator.py for tasks to queue
[2024-04-12T09:42:32.464+0000] {logging_mixin.py:137} INFO - [2024-04-12T09:42:32.464+0000] {dagbag.py:538} INFO - Filling up the DagBag from /usr/local/python/3.10.13/lib/python3.10/site-packages/airflow/example_dags/example_branch_datetime_operator.py
[2024-04-12T09:42:32.489+0000] {processor.py:753} INFO - DAG(s) dict_keys(['example_branch_datetime_operator_2', 'example_branch_datetime_operator', 'example_branch_datetime_operator_3']) retrieved from /usr/local/python/3.10.13/lib/python3.10/site-packages/airflow/example_dags/example_branch_datetime_operator.py
[2024-04-12T09:42:32.517+0000] {logging_mixin.py:137} INFO - [2024-04-12T09:42:32.516+0000] {dag.py:2690} INFO - Sync 3 DAGs
[2024-04-12T09:42:32.547+0000] {logging_mixin.py:137} INFO - [2024-04-12T09:42:32.547+0000] {dag.py:3437} INFO - Setting next_dagrun for example_branch_datetime_operator to 2024-04-11T00:00:00+00:00, run_after=2024-04-12T00:00:00+00:00
[2024-04-12T09:42:32.557+0000] {logging_mixin.py:137} INFO - [2024-04-12T09:42:32.557+0000] {dag.py:3437} INFO - Setting next_dagrun for example_branch_datetime_operator_2 to 2024-04-11T00:00:00+00:00, run_after=2024-04-12T00:00:00+00:00
[2024-04-12T09:42:32.560+0000] {logging_mixin.py:137} INFO - [2024-04-12T09:42:32.560+0000] {dag.py:3437} INFO - Setting next_dagrun for example_branch_datetime_operator_3 to 2024-04-11T00:00:00+00:00, run_after=2024-04-12T00:00:00+00:00
[2024-04-12T09:42:32.613+0000] {processor.py:175} INFO - Processing /usr/local/python/3.10.13/lib/python3.10/site-packages/airflow/example_dags/example_branch_datetime_operator.py took 0.153 seconds
[2024-04-12T09:43:11.939+0000] {processor.py:153} INFO - Started process (PID=24926) to work on /usr/local/python/3.10.13/lib/python3.10/site-packages/airflow/example_dags/example_branch_datetime_operator.py
[2024-04-12T09:43:11.940+0000] {processor.py:743} INFO - Processing file /usr/local/python/3.10.13/lib/python3.10/site-packages/airflow/example_dags/example_branch_datetime_operator.py for tasks to queue
[2024-04-12T09:43:11.940+0000] {logging_mixin.py:137} INFO - [2024-04-12T09:43:11.940+0000] {dagbag.py:538} INFO - Filling up the DagBag from /usr/local/python/3.10.13/lib/python3.10/site-packages/airflow/example_dags/example_branch_datetime_operator.py
[2024-04-12T09:43:11.956+0000] {processor.py:753} INFO - DAG(s) dict_keys(['example_branch_datetime_operator_2', 'example_branch_datetime_operator_3', 'example_branch_datetime_operator']) retrieved from /usr/local/python/3.10.13/lib/python3.10/site-packages/airflow/example_dags/example_branch_datetime_operator.py
[2024-04-12T09:43:11.975+0000] {logging_mixin.py:137} INFO - [2024-04-12T09:43:11.975+0000] {dag.py:2690} INFO - Sync 3 DAGs
[2024-04-12T09:43:11.992+0000] {logging_mixin.py:137} INFO - [2024-04-12T09:43:11.992+0000] {dag.py:3437} INFO - Setting next_dagrun for example_branch_datetime_operator to 2024-04-11T00:00:00+00:00, run_after=2024-04-12T00:00:00+00:00
[2024-04-12T09:43:11.996+0000] {logging_mixin.py:137} INFO - [2024-04-12T09:43:11.996+0000] {dag.py:3437} INFO - Setting next_dagrun for example_branch_datetime_operator_2 to 2024-04-11T00:00:00+00:00, run_after=2024-04-12T00:00:00+00:00
[2024-04-12T09:43:11.998+0000] {logging_mixin.py:137} INFO - [2024-04-12T09:43:11.998+0000] {dag.py:3437} INFO - Setting next_dagrun for example_branch_datetime_operator_3 to 2024-04-11T00:00:00+00:00, run_after=2024-04-12T00:00:00+00:00
[2024-04-12T09:43:12.037+0000] {processor.py:175} INFO - Processing /usr/local/python/3.10.13/lib/python3.10/site-packages/airflow/example_dags/example_branch_datetime_operator.py took 0.102 seconds
[2024-04-12T09:43:53.888+0000] {processor.py:153} INFO - Started process (PID=25368) to work on /usr/local/python/3.10.13/lib/python3.10/site-packages/airflow/example_dags/example_branch_datetime_operator.py
[2024-04-12T09:43:53.888+0000] {processor.py:743} INFO - Processing file /usr/local/python/3.10.13/lib/python3.10/site-packages/airflow/example_dags/example_branch_datetime_operator.py for tasks to queue
[2024-04-12T09:43:53.890+0000] {logging_mixin.py:137} INFO - [2024-04-12T09:43:53.889+0000] {dagbag.py:538} INFO - Filling up the DagBag from /usr/local/python/3.10.13/lib/python3.10/site-packages/airflow/example_dags/example_branch_datetime_operator.py
[2024-04-12T09:43:53.905+0000] {processor.py:753} INFO - DAG(s) dict_keys(['example_branch_datetime_operator_3', 'example_branch_datetime_operator', 'example_branch_datetime_operator_2']) retrieved from /usr/local/python/3.10.13/lib/python3.10/site-packages/airflow/example_dags/example_branch_datetime_operator.py
[2024-04-12T09:43:53.925+0000] {logging_mixin.py:137} INFO - [2024-04-12T09:43:53.924+0000] {dag.py:2690} INFO - Sync 3 DAGs
[2024-04-12T09:43:53.942+0000] {logging_mixin.py:137} INFO - [2024-04-12T09:43:53.942+0000] {dag.py:3437} INFO - Setting next_dagrun for example_branch_datetime_operator to 2024-04-11T00:00:00+00:00, run_after=2024-04-12T00:00:00+00:00
[2024-04-12T09:43:53.947+0000] {logging_mixin.py:137} INFO - [2024-04-12T09:43:53.947+0000] {dag.py:3437} INFO - Setting next_dagrun for example_branch_datetime_operator_2 to 2024-04-11T00:00:00+00:00, run_after=2024-04-12T00:00:00+00:00
[2024-04-12T09:43:53.949+0000] {logging_mixin.py:137} INFO - [2024-04-12T09:43:53.949+0000] {dag.py:3437} INFO - Setting next_dagrun for example_branch_datetime_operator_3 to 2024-04-11T00:00:00+00:00, run_after=2024-04-12T00:00:00+00:00
[2024-04-12T09:43:53.991+0000] {processor.py:175} INFO - Processing /usr/local/python/3.10.13/lib/python3.10/site-packages/airflow/example_dags/example_branch_datetime_operator.py took 0.105 seconds
[2024-04-12T09:44:36.077+0000] {processor.py:153} INFO - Started process (PID=25830) to work on /usr/local/python/3.10.13/lib/python3.10/site-packages/airflow/example_dags/example_branch_datetime_operator.py
[2024-04-12T09:44:36.077+0000] {processor.py:743} INFO - Processing file /usr/local/python/3.10.13/lib/python3.10/site-packages/airflow/example_dags/example_branch_datetime_operator.py for tasks to queue
[2024-04-12T09:44:36.078+0000] {logging_mixin.py:137} INFO - [2024-04-12T09:44:36.078+0000] {dagbag.py:538} INFO - Filling up the DagBag from /usr/local/python/3.10.13/lib/python3.10/site-packages/airflow/example_dags/example_branch_datetime_operator.py
[2024-04-12T09:44:36.095+0000] {processor.py:753} INFO - DAG(s) dict_keys(['example_branch_datetime_operator_3', 'example_branch_datetime_operator_2', 'example_branch_datetime_operator']) retrieved from /usr/local/python/3.10.13/lib/python3.10/site-packages/airflow/example_dags/example_branch_datetime_operator.py
[2024-04-12T09:44:36.121+0000] {logging_mixin.py:137} INFO - [2024-04-12T09:44:36.121+0000] {dag.py:2690} INFO - Sync 3 DAGs
[2024-04-12T09:44:36.150+0000] {logging_mixin.py:137} INFO - [2024-04-12T09:44:36.150+0000] {dag.py:3437} INFO - Setting next_dagrun for example_branch_datetime_operator to 2024-04-11T00:00:00+00:00, run_after=2024-04-12T00:00:00+00:00
[2024-04-12T09:44:36.156+0000] {logging_mixin.py:137} INFO - [2024-04-12T09:44:36.156+0000] {dag.py:3437} INFO - Setting next_dagrun for example_branch_datetime_operator_2 to 2024-04-11T00:00:00+00:00, run_after=2024-04-12T00:00:00+00:00
[2024-04-12T09:44:36.160+0000] {logging_mixin.py:137} INFO - [2024-04-12T09:44:36.159+0000] {dag.py:3437} INFO - Setting next_dagrun for example_branch_datetime_operator_3 to 2024-04-11T00:00:00+00:00, run_after=2024-04-12T00:00:00+00:00
[2024-04-12T09:44:36.202+0000] {processor.py:175} INFO - Processing /usr/local/python/3.10.13/lib/python3.10/site-packages/airflow/example_dags/example_branch_datetime_operator.py took 0.127 seconds
[2024-04-12T09:45:18.073+0000] {processor.py:153} INFO - Started process (PID=26121) to work on /usr/local/python/3.10.13/lib/python3.10/site-packages/airflow/example_dags/example_branch_datetime_operator.py
[2024-04-12T09:45:18.073+0000] {processor.py:743} INFO - Processing file /usr/local/python/3.10.13/lib/python3.10/site-packages/airflow/example_dags/example_branch_datetime_operator.py for tasks to queue
[2024-04-12T09:45:18.074+0000] {logging_mixin.py:137} INFO - [2024-04-12T09:45:18.074+0000] {dagbag.py:538} INFO - Filling up the DagBag from /usr/local/python/3.10.13/lib/python3.10/site-packages/airflow/example_dags/example_branch_datetime_operator.py
[2024-04-12T09:45:18.093+0000] {processor.py:753} INFO - DAG(s) dict_keys(['example_branch_datetime_operator_2', 'example_branch_datetime_operator_3', 'example_branch_datetime_operator']) retrieved from /usr/local/python/3.10.13/lib/python3.10/site-packages/airflow/example_dags/example_branch_datetime_operator.py
[2024-04-12T09:45:18.113+0000] {logging_mixin.py:137} INFO - [2024-04-12T09:45:18.113+0000] {dag.py:2690} INFO - Sync 3 DAGs
[2024-04-12T09:45:18.131+0000] {logging_mixin.py:137} INFO - [2024-04-12T09:45:18.131+0000] {dag.py:3437} INFO - Setting next_dagrun for example_branch_datetime_operator to 2024-04-11T00:00:00+00:00, run_after=2024-04-12T00:00:00+00:00
[2024-04-12T09:45:18.135+0000] {logging_mixin.py:137} INFO - [2024-04-12T09:45:18.135+0000] {dag.py:3437} INFO - Setting next_dagrun for example_branch_datetime_operator_2 to 2024-04-11T00:00:00+00:00, run_after=2024-04-12T00:00:00+00:00
[2024-04-12T09:45:18.138+0000] {logging_mixin.py:137} INFO - [2024-04-12T09:45:18.138+0000] {dag.py:3437} INFO - Setting next_dagrun for example_branch_datetime_operator_3 to 2024-04-11T00:00:00+00:00, run_after=2024-04-12T00:00:00+00:00
[2024-04-12T09:45:18.179+0000] {processor.py:175} INFO - Processing /usr/local/python/3.10.13/lib/python3.10/site-packages/airflow/example_dags/example_branch_datetime_operator.py took 0.108 seconds
[2024-04-12T09:45:57.871+0000] {processor.py:153} INFO - Started process (PID=26402) to work on /usr/local/python/3.10.13/lib/python3.10/site-packages/airflow/example_dags/example_branch_datetime_operator.py
[2024-04-12T09:45:57.871+0000] {processor.py:743} INFO - Processing file /usr/local/python/3.10.13/lib/python3.10/site-packages/airflow/example_dags/example_branch_datetime_operator.py for tasks to queue
[2024-04-12T09:45:57.872+0000] {logging_mixin.py:137} INFO - [2024-04-12T09:45:57.872+0000] {dagbag.py:538} INFO - Filling up the DagBag from /usr/local/python/3.10.13/lib/python3.10/site-packages/airflow/example_dags/example_branch_datetime_operator.py
[2024-04-12T09:45:57.888+0000] {processor.py:753} INFO - DAG(s) dict_keys(['example_branch_datetime_operator_3', 'example_branch_datetime_operator_2', 'example_branch_datetime_operator']) retrieved from /usr/local/python/3.10.13/lib/python3.10/site-packages/airflow/example_dags/example_branch_datetime_operator.py
[2024-04-12T09:45:57.909+0000] {logging_mixin.py:137} INFO - [2024-04-12T09:45:57.909+0000] {dag.py:2690} INFO - Sync 3 DAGs
[2024-04-12T09:45:57.927+0000] {logging_mixin.py:137} INFO - [2024-04-12T09:45:57.927+0000] {dag.py:3437} INFO - Setting next_dagrun for example_branch_datetime_operator to 2024-04-11T00:00:00+00:00, run_after=2024-04-12T00:00:00+00:00
[2024-04-12T09:45:57.931+0000] {logging_mixin.py:137} INFO - [2024-04-12T09:45:57.931+0000] {dag.py:3437} INFO - Setting next_dagrun for example_branch_datetime_operator_2 to 2024-04-11T00:00:00+00:00, run_after=2024-04-12T00:00:00+00:00
[2024-04-12T09:45:57.933+0000] {logging_mixin.py:137} INFO - [2024-04-12T09:45:57.933+0000] {dag.py:3437} INFO - Setting next_dagrun for example_branch_datetime_operator_3 to 2024-04-11T00:00:00+00:00, run_after=2024-04-12T00:00:00+00:00
[2024-04-12T09:45:57.975+0000] {processor.py:175} INFO - Processing /usr/local/python/3.10.13/lib/python3.10/site-packages/airflow/example_dags/example_branch_datetime_operator.py took 0.106 seconds
