[2024-04-12T09:40:39.244+0000] {processor.py:153} INFO - Started process (PID=23854) to work on /usr/local/python/3.10.13/lib/python3.10/site-packages/airflow/example_dags/example_trigger_controller_dag.py
[2024-04-12T09:40:39.245+0000] {processor.py:743} INFO - Processing file /usr/local/python/3.10.13/lib/python3.10/site-packages/airflow/example_dags/example_trigger_controller_dag.py for tasks to queue
[2024-04-12T09:40:39.246+0000] {logging_mixin.py:137} INFO - [2024-04-12T09:40:39.245+0000] {dagbag.py:538} INFO - Filling up the DagBag from /usr/local/python/3.10.13/lib/python3.10/site-packages/airflow/example_dags/example_trigger_controller_dag.py
[2024-04-12T09:40:39.256+0000] {processor.py:753} INFO - DAG(s) dict_keys(['example_trigger_controller_dag']) retrieved from /usr/local/python/3.10.13/lib/python3.10/site-packages/airflow/example_dags/example_trigger_controller_dag.py
[2024-04-12T09:40:39.397+0000] {logging_mixin.py:137} INFO - [2024-04-12T09:40:39.397+0000] {manager.py:504} INFO - Created Permission View: can delete on DAG:example_trigger_controller_dag
[2024-04-12T09:40:39.430+0000] {logging_mixin.py:137} INFO - [2024-04-12T09:40:39.430+0000] {manager.py:504} INFO - Created Permission View: can edit on DAG:example_trigger_controller_dag
[2024-04-12T09:40:39.459+0000] {logging_mixin.py:137} INFO - [2024-04-12T09:40:39.459+0000] {manager.py:504} INFO - Created Permission View: can read on DAG:example_trigger_controller_dag
[2024-04-12T09:40:39.460+0000] {logging_mixin.py:137} INFO - [2024-04-12T09:40:39.460+0000] {dag.py:2690} INFO - Sync 1 DAGs
[2024-04-12T09:40:39.469+0000] {logging_mixin.py:137} INFO - [2024-04-12T09:40:39.469+0000] {dag.py:2711} INFO - Creating ORM DAG for example_trigger_controller_dag
[2024-04-12T09:40:39.477+0000] {logging_mixin.py:137} INFO - [2024-04-12T09:40:39.477+0000] {dag.py:3437} INFO - Setting next_dagrun for example_trigger_controller_dag to 2021-01-01T00:00:00+00:00, run_after=2021-01-01T00:00:00+00:00
[2024-04-12T09:40:39.522+0000] {processor.py:175} INFO - Processing /usr/local/python/3.10.13/lib/python3.10/site-packages/airflow/example_dags/example_trigger_controller_dag.py took 0.280 seconds
[2024-04-12T09:41:27.947+0000] {processor.py:153} INFO - Started process (PID=24215) to work on /usr/local/python/3.10.13/lib/python3.10/site-packages/airflow/example_dags/example_trigger_controller_dag.py
[2024-04-12T09:41:27.948+0000] {processor.py:743} INFO - Processing file /usr/local/python/3.10.13/lib/python3.10/site-packages/airflow/example_dags/example_trigger_controller_dag.py for tasks to queue
[2024-04-12T09:41:27.948+0000] {logging_mixin.py:137} INFO - [2024-04-12T09:41:27.948+0000] {dagbag.py:538} INFO - Filling up the DagBag from /usr/local/python/3.10.13/lib/python3.10/site-packages/airflow/example_dags/example_trigger_controller_dag.py
[2024-04-12T09:41:27.959+0000] {processor.py:753} INFO - DAG(s) dict_keys(['example_trigger_controller_dag']) retrieved from /usr/local/python/3.10.13/lib/python3.10/site-packages/airflow/example_dags/example_trigger_controller_dag.py
[2024-04-12T09:41:27.975+0000] {logging_mixin.py:137} INFO - [2024-04-12T09:41:27.974+0000] {dag.py:2690} INFO - Sync 1 DAGs
[2024-04-12T09:41:27.990+0000] {logging_mixin.py:137} INFO - [2024-04-12T09:41:27.990+0000] {dag.py:3437} INFO - Setting next_dagrun for example_trigger_controller_dag to 2021-01-01T00:00:00+00:00, run_after=2021-01-01T00:00:00+00:00
[2024-04-12T09:41:28.033+0000] {processor.py:175} INFO - Processing /usr/local/python/3.10.13/lib/python3.10/site-packages/airflow/example_dags/example_trigger_controller_dag.py took 0.088 seconds
[2024-04-12T09:42:05.033+0000] {processor.py:153} INFO - Started process (PID=24457) to work on /usr/local/python/3.10.13/lib/python3.10/site-packages/airflow/example_dags/example_trigger_controller_dag.py
[2024-04-12T09:42:05.034+0000] {processor.py:743} INFO - Processing file /usr/local/python/3.10.13/lib/python3.10/site-packages/airflow/example_dags/example_trigger_controller_dag.py for tasks to queue
[2024-04-12T09:42:05.035+0000] {logging_mixin.py:137} INFO - [2024-04-12T09:42:05.035+0000] {dagbag.py:538} INFO - Filling up the DagBag from /usr/local/python/3.10.13/lib/python3.10/site-packages/airflow/example_dags/example_trigger_controller_dag.py
[2024-04-12T09:42:05.045+0000] {processor.py:753} INFO - DAG(s) dict_keys(['example_trigger_controller_dag']) retrieved from /usr/local/python/3.10.13/lib/python3.10/site-packages/airflow/example_dags/example_trigger_controller_dag.py
[2024-04-12T09:42:05.062+0000] {logging_mixin.py:137} INFO - [2024-04-12T09:42:05.062+0000] {dag.py:2690} INFO - Sync 1 DAGs
[2024-04-12T09:42:05.078+0000] {logging_mixin.py:137} INFO - [2024-04-12T09:42:05.078+0000] {dag.py:3437} INFO - Setting next_dagrun for example_trigger_controller_dag to 2021-01-01T00:00:00+00:00, run_after=2021-01-01T00:00:00+00:00
[2024-04-12T09:42:05.117+0000] {processor.py:175} INFO - Processing /usr/local/python/3.10.13/lib/python3.10/site-packages/airflow/example_dags/example_trigger_controller_dag.py took 0.086 seconds
[2024-04-12T09:42:45.362+0000] {processor.py:153} INFO - Started process (PID=24742) to work on /usr/local/python/3.10.13/lib/python3.10/site-packages/airflow/example_dags/example_trigger_controller_dag.py
[2024-04-12T09:42:45.363+0000] {processor.py:743} INFO - Processing file /usr/local/python/3.10.13/lib/python3.10/site-packages/airflow/example_dags/example_trigger_controller_dag.py for tasks to queue
[2024-04-12T09:42:45.363+0000] {logging_mixin.py:137} INFO - [2024-04-12T09:42:45.363+0000] {dagbag.py:538} INFO - Filling up the DagBag from /usr/local/python/3.10.13/lib/python3.10/site-packages/airflow/example_dags/example_trigger_controller_dag.py
[2024-04-12T09:42:45.374+0000] {processor.py:753} INFO - DAG(s) dict_keys(['example_trigger_controller_dag']) retrieved from /usr/local/python/3.10.13/lib/python3.10/site-packages/airflow/example_dags/example_trigger_controller_dag.py
[2024-04-12T09:42:45.389+0000] {logging_mixin.py:137} INFO - [2024-04-12T09:42:45.389+0000] {dag.py:2690} INFO - Sync 1 DAGs
[2024-04-12T09:42:45.405+0000] {logging_mixin.py:137} INFO - [2024-04-12T09:42:45.404+0000] {dag.py:3437} INFO - Setting next_dagrun for example_trigger_controller_dag to 2021-01-01T00:00:00+00:00, run_after=2021-01-01T00:00:00+00:00
[2024-04-12T09:42:45.452+0000] {processor.py:175} INFO - Processing /usr/local/python/3.10.13/lib/python3.10/site-packages/airflow/example_dags/example_trigger_controller_dag.py took 0.092 seconds
[2024-04-12T09:43:23.588+0000] {processor.py:153} INFO - Started process (PID=25033) to work on /usr/local/python/3.10.13/lib/python3.10/site-packages/airflow/example_dags/example_trigger_controller_dag.py
[2024-04-12T09:43:23.588+0000] {processor.py:743} INFO - Processing file /usr/local/python/3.10.13/lib/python3.10/site-packages/airflow/example_dags/example_trigger_controller_dag.py for tasks to queue
[2024-04-12T09:43:23.589+0000] {logging_mixin.py:137} INFO - [2024-04-12T09:43:23.589+0000] {dagbag.py:538} INFO - Filling up the DagBag from /usr/local/python/3.10.13/lib/python3.10/site-packages/airflow/example_dags/example_trigger_controller_dag.py
[2024-04-12T09:43:23.599+0000] {processor.py:753} INFO - DAG(s) dict_keys(['example_trigger_controller_dag']) retrieved from /usr/local/python/3.10.13/lib/python3.10/site-packages/airflow/example_dags/example_trigger_controller_dag.py
[2024-04-12T09:43:23.613+0000] {logging_mixin.py:137} INFO - [2024-04-12T09:43:23.613+0000] {dag.py:2690} INFO - Sync 1 DAGs
[2024-04-12T09:43:23.628+0000] {logging_mixin.py:137} INFO - [2024-04-12T09:43:23.628+0000] {dag.py:3437} INFO - Setting next_dagrun for example_trigger_controller_dag to 2021-01-01T00:00:00+00:00, run_after=2021-01-01T00:00:00+00:00
[2024-04-12T09:43:23.673+0000] {processor.py:175} INFO - Processing /usr/local/python/3.10.13/lib/python3.10/site-packages/airflow/example_dags/example_trigger_controller_dag.py took 0.087 seconds
[2024-04-12T09:44:02.888+0000] {processor.py:153} INFO - Started process (PID=25493) to work on /usr/local/python/3.10.13/lib/python3.10/site-packages/airflow/example_dags/example_trigger_controller_dag.py
[2024-04-12T09:44:02.888+0000] {processor.py:743} INFO - Processing file /usr/local/python/3.10.13/lib/python3.10/site-packages/airflow/example_dags/example_trigger_controller_dag.py for tasks to queue
[2024-04-12T09:44:02.889+0000] {logging_mixin.py:137} INFO - [2024-04-12T09:44:02.889+0000] {dagbag.py:538} INFO - Filling up the DagBag from /usr/local/python/3.10.13/lib/python3.10/site-packages/airflow/example_dags/example_trigger_controller_dag.py
[2024-04-12T09:44:02.904+0000] {processor.py:753} INFO - DAG(s) dict_keys(['example_trigger_controller_dag']) retrieved from /usr/local/python/3.10.13/lib/python3.10/site-packages/airflow/example_dags/example_trigger_controller_dag.py
[2024-04-12T09:44:02.926+0000] {logging_mixin.py:137} INFO - [2024-04-12T09:44:02.926+0000] {dag.py:2690} INFO - Sync 1 DAGs
[2024-04-12T09:44:02.948+0000] {logging_mixin.py:137} INFO - [2024-04-12T09:44:02.948+0000] {dag.py:3437} INFO - Setting next_dagrun for example_trigger_controller_dag to 2021-01-01T00:00:00+00:00, run_after=2021-01-01T00:00:00+00:00
[2024-04-12T09:44:03.001+0000] {processor.py:175} INFO - Processing /usr/local/python/3.10.13/lib/python3.10/site-packages/airflow/example_dags/example_trigger_controller_dag.py took 0.116 seconds
[2024-04-12T09:44:43.701+0000] {processor.py:153} INFO - Started process (PID=25887) to work on /usr/local/python/3.10.13/lib/python3.10/site-packages/airflow/example_dags/example_trigger_controller_dag.py
[2024-04-12T09:44:43.702+0000] {processor.py:743} INFO - Processing file /usr/local/python/3.10.13/lib/python3.10/site-packages/airflow/example_dags/example_trigger_controller_dag.py for tasks to queue
[2024-04-12T09:44:43.702+0000] {logging_mixin.py:137} INFO - [2024-04-12T09:44:43.702+0000] {dagbag.py:538} INFO - Filling up the DagBag from /usr/local/python/3.10.13/lib/python3.10/site-packages/airflow/example_dags/example_trigger_controller_dag.py
[2024-04-12T09:44:43.712+0000] {processor.py:753} INFO - DAG(s) dict_keys(['example_trigger_controller_dag']) retrieved from /usr/local/python/3.10.13/lib/python3.10/site-packages/airflow/example_dags/example_trigger_controller_dag.py
[2024-04-12T09:44:43.727+0000] {logging_mixin.py:137} INFO - [2024-04-12T09:44:43.727+0000] {dag.py:2690} INFO - Sync 1 DAGs
[2024-04-12T09:44:43.743+0000] {logging_mixin.py:137} INFO - [2024-04-12T09:44:43.743+0000] {dag.py:3437} INFO - Setting next_dagrun for example_trigger_controller_dag to 2021-01-01T00:00:00+00:00, run_after=2021-01-01T00:00:00+00:00
[2024-04-12T09:44:43.788+0000] {processor.py:175} INFO - Processing /usr/local/python/3.10.13/lib/python3.10/site-packages/airflow/example_dags/example_trigger_controller_dag.py took 0.089 seconds
[2024-04-12T09:45:23.881+0000] {processor.py:153} INFO - Started process (PID=26164) to work on /usr/local/python/3.10.13/lib/python3.10/site-packages/airflow/example_dags/example_trigger_controller_dag.py
[2024-04-12T09:45:23.881+0000] {processor.py:743} INFO - Processing file /usr/local/python/3.10.13/lib/python3.10/site-packages/airflow/example_dags/example_trigger_controller_dag.py for tasks to queue
[2024-04-12T09:45:23.882+0000] {logging_mixin.py:137} INFO - [2024-04-12T09:45:23.882+0000] {dagbag.py:538} INFO - Filling up the DagBag from /usr/local/python/3.10.13/lib/python3.10/site-packages/airflow/example_dags/example_trigger_controller_dag.py
[2024-04-12T09:45:23.892+0000] {processor.py:753} INFO - DAG(s) dict_keys(['example_trigger_controller_dag']) retrieved from /usr/local/python/3.10.13/lib/python3.10/site-packages/airflow/example_dags/example_trigger_controller_dag.py
[2024-04-12T09:45:23.908+0000] {logging_mixin.py:137} INFO - [2024-04-12T09:45:23.908+0000] {dag.py:2690} INFO - Sync 1 DAGs
[2024-04-12T09:45:23.928+0000] {logging_mixin.py:137} INFO - [2024-04-12T09:45:23.927+0000] {dag.py:3437} INFO - Setting next_dagrun for example_trigger_controller_dag to 2021-01-01T00:00:00+00:00, run_after=2021-01-01T00:00:00+00:00
[2024-04-12T09:45:23.973+0000] {processor.py:175} INFO - Processing /usr/local/python/3.10.13/lib/python3.10/site-packages/airflow/example_dags/example_trigger_controller_dag.py took 0.094 seconds
[2024-04-12T09:46:02.020+0000] {processor.py:153} INFO - Started process (PID=26429) to work on /usr/local/python/3.10.13/lib/python3.10/site-packages/airflow/example_dags/example_trigger_controller_dag.py
[2024-04-12T09:46:02.021+0000] {processor.py:743} INFO - Processing file /usr/local/python/3.10.13/lib/python3.10/site-packages/airflow/example_dags/example_trigger_controller_dag.py for tasks to queue
[2024-04-12T09:46:02.021+0000] {logging_mixin.py:137} INFO - [2024-04-12T09:46:02.021+0000] {dagbag.py:538} INFO - Filling up the DagBag from /usr/local/python/3.10.13/lib/python3.10/site-packages/airflow/example_dags/example_trigger_controller_dag.py
[2024-04-12T09:46:02.031+0000] {processor.py:753} INFO - DAG(s) dict_keys(['example_trigger_controller_dag']) retrieved from /usr/local/python/3.10.13/lib/python3.10/site-packages/airflow/example_dags/example_trigger_controller_dag.py
[2024-04-12T09:46:02.048+0000] {logging_mixin.py:137} INFO - [2024-04-12T09:46:02.048+0000] {dag.py:2690} INFO - Sync 1 DAGs
[2024-04-12T09:46:02.064+0000] {logging_mixin.py:137} INFO - [2024-04-12T09:46:02.064+0000] {dag.py:3437} INFO - Setting next_dagrun for example_trigger_controller_dag to 2021-01-01T00:00:00+00:00, run_after=2021-01-01T00:00:00+00:00
[2024-04-12T09:46:02.106+0000] {processor.py:175} INFO - Processing /usr/local/python/3.10.13/lib/python3.10/site-packages/airflow/example_dags/example_trigger_controller_dag.py took 0.088 seconds
