[2024-04-12T09:40:59.002+0000] {processor.py:153} INFO - Started process (PID=23997) to work on /usr/local/python/3.10.13/lib/python3.10/site-packages/airflow/example_dags/example_sla_dag.py
[2024-04-12T09:40:59.003+0000] {processor.py:743} INFO - Processing file /usr/local/python/3.10.13/lib/python3.10/site-packages/airflow/example_dags/example_sla_dag.py for tasks to queue
[2024-04-12T09:40:59.003+0000] {logging_mixin.py:137} INFO - [2024-04-12T09:40:59.003+0000] {dagbag.py:538} INFO - Filling up the DagBag from /usr/local/python/3.10.13/lib/python3.10/site-packages/airflow/example_dags/example_sla_dag.py
[2024-04-12T09:40:59.024+0000] {processor.py:753} INFO - DAG(s) dict_keys(['example_sla_dag']) retrieved from /usr/local/python/3.10.13/lib/python3.10/site-packages/airflow/example_dags/example_sla_dag.py
[2024-04-12T09:40:59.162+0000] {logging_mixin.py:137} INFO - [2024-04-12T09:40:59.162+0000] {manager.py:504} INFO - Created Permission View: can delete on DAG:example_sla_dag
[2024-04-12T09:40:59.194+0000] {logging_mixin.py:137} INFO - [2024-04-12T09:40:59.193+0000] {manager.py:504} INFO - Created Permission View: can edit on DAG:example_sla_dag
[2024-04-12T09:40:59.227+0000] {logging_mixin.py:137} INFO - [2024-04-12T09:40:59.227+0000] {manager.py:504} INFO - Created Permission View: can read on DAG:example_sla_dag
[2024-04-12T09:40:59.228+0000] {logging_mixin.py:137} INFO - [2024-04-12T09:40:59.227+0000] {dag.py:2690} INFO - Sync 1 DAGs
[2024-04-12T09:40:59.236+0000] {logging_mixin.py:137} INFO - [2024-04-12T09:40:59.236+0000] {dag.py:2711} INFO - Creating ORM DAG for example_sla_dag
[2024-04-12T09:40:59.247+0000] {logging_mixin.py:137} INFO - [2024-04-12T09:40:59.247+0000] {dag.py:3437} INFO - Setting next_dagrun for example_sla_dag to 2024-04-12T09:38:00+00:00, run_after=2024-04-12T09:40:00+00:00
[2024-04-12T09:40:59.292+0000] {processor.py:175} INFO - Processing /usr/local/python/3.10.13/lib/python3.10/site-packages/airflow/example_dags/example_sla_dag.py took 0.292 seconds
[2024-04-12T09:41:41.764+0000] {processor.py:153} INFO - Started process (PID=24306) to work on /usr/local/python/3.10.13/lib/python3.10/site-packages/airflow/example_dags/example_sla_dag.py
[2024-04-12T09:41:41.765+0000] {processor.py:743} INFO - Processing file /usr/local/python/3.10.13/lib/python3.10/site-packages/airflow/example_dags/example_sla_dag.py for tasks to queue
[2024-04-12T09:41:41.765+0000] {logging_mixin.py:137} INFO - [2024-04-12T09:41:41.765+0000] {dagbag.py:538} INFO - Filling up the DagBag from /usr/local/python/3.10.13/lib/python3.10/site-packages/airflow/example_dags/example_sla_dag.py
[2024-04-12T09:41:41.790+0000] {processor.py:753} INFO - DAG(s) dict_keys(['example_sla_dag']) retrieved from /usr/local/python/3.10.13/lib/python3.10/site-packages/airflow/example_dags/example_sla_dag.py
[2024-04-12T09:41:41.806+0000] {logging_mixin.py:137} INFO - [2024-04-12T09:41:41.806+0000] {dag.py:2690} INFO - Sync 1 DAGs
[2024-04-12T09:41:41.827+0000] {logging_mixin.py:137} INFO - [2024-04-12T09:41:41.827+0000] {dag.py:3437} INFO - Setting next_dagrun for example_sla_dag to 2024-04-12T09:38:00+00:00, run_after=2024-04-12T09:40:00+00:00
[2024-04-12T09:41:41.878+0000] {processor.py:175} INFO - Processing /usr/local/python/3.10.13/lib/python3.10/site-packages/airflow/example_dags/example_sla_dag.py took 0.116 seconds
[2024-04-12T09:42:21.115+0000] {processor.py:153} INFO - Started process (PID=24578) to work on /usr/local/python/3.10.13/lib/python3.10/site-packages/airflow/example_dags/example_sla_dag.py
[2024-04-12T09:42:21.115+0000] {processor.py:743} INFO - Processing file /usr/local/python/3.10.13/lib/python3.10/site-packages/airflow/example_dags/example_sla_dag.py for tasks to queue
[2024-04-12T09:42:21.116+0000] {logging_mixin.py:137} INFO - [2024-04-12T09:42:21.116+0000] {dagbag.py:538} INFO - Filling up the DagBag from /usr/local/python/3.10.13/lib/python3.10/site-packages/airflow/example_dags/example_sla_dag.py
[2024-04-12T09:42:21.139+0000] {processor.py:753} INFO - DAG(s) dict_keys(['example_sla_dag']) retrieved from /usr/local/python/3.10.13/lib/python3.10/site-packages/airflow/example_dags/example_sla_dag.py
[2024-04-12T09:42:21.154+0000] {logging_mixin.py:137} INFO - [2024-04-12T09:42:21.154+0000] {dag.py:2690} INFO - Sync 1 DAGs
[2024-04-12T09:42:21.172+0000] {logging_mixin.py:137} INFO - [2024-04-12T09:42:21.172+0000] {dag.py:3437} INFO - Setting next_dagrun for example_sla_dag to 2024-04-12T09:40:00+00:00, run_after=2024-04-12T09:42:00+00:00
[2024-04-12T09:42:21.212+0000] {processor.py:175} INFO - Processing /usr/local/python/3.10.13/lib/python3.10/site-packages/airflow/example_dags/example_sla_dag.py took 0.100 seconds
[2024-04-12T09:43:01.697+0000] {processor.py:153} INFO - Started process (PID=24857) to work on /usr/local/python/3.10.13/lib/python3.10/site-packages/airflow/example_dags/example_sla_dag.py
[2024-04-12T09:43:01.697+0000] {processor.py:743} INFO - Processing file /usr/local/python/3.10.13/lib/python3.10/site-packages/airflow/example_dags/example_sla_dag.py for tasks to queue
[2024-04-12T09:43:01.698+0000] {logging_mixin.py:137} INFO - [2024-04-12T09:43:01.698+0000] {dagbag.py:538} INFO - Filling up the DagBag from /usr/local/python/3.10.13/lib/python3.10/site-packages/airflow/example_dags/example_sla_dag.py
[2024-04-12T09:43:01.735+0000] {processor.py:753} INFO - DAG(s) dict_keys(['example_sla_dag']) retrieved from /usr/local/python/3.10.13/lib/python3.10/site-packages/airflow/example_dags/example_sla_dag.py
[2024-04-12T09:43:01.758+0000] {logging_mixin.py:137} INFO - [2024-04-12T09:43:01.758+0000] {dag.py:2690} INFO - Sync 1 DAGs
[2024-04-12T09:43:01.786+0000] {logging_mixin.py:137} INFO - [2024-04-12T09:43:01.786+0000] {dag.py:3437} INFO - Setting next_dagrun for example_sla_dag to 2024-04-12T09:40:00+00:00, run_after=2024-04-12T09:42:00+00:00
[2024-04-12T09:43:01.843+0000] {processor.py:175} INFO - Processing /usr/local/python/3.10.13/lib/python3.10/site-packages/airflow/example_dags/example_sla_dag.py took 0.149 seconds
[2024-04-12T09:43:39.321+0000] {processor.py:153} INFO - Started process (PID=25192) to work on /usr/local/python/3.10.13/lib/python3.10/site-packages/airflow/example_dags/example_sla_dag.py
[2024-04-12T09:43:39.321+0000] {processor.py:743} INFO - Processing file /usr/local/python/3.10.13/lib/python3.10/site-packages/airflow/example_dags/example_sla_dag.py for tasks to queue
[2024-04-12T09:43:39.322+0000] {logging_mixin.py:137} INFO - [2024-04-12T09:43:39.322+0000] {dagbag.py:538} INFO - Filling up the DagBag from /usr/local/python/3.10.13/lib/python3.10/site-packages/airflow/example_dags/example_sla_dag.py
[2024-04-12T09:43:39.343+0000] {processor.py:753} INFO - DAG(s) dict_keys(['example_sla_dag']) retrieved from /usr/local/python/3.10.13/lib/python3.10/site-packages/airflow/example_dags/example_sla_dag.py
[2024-04-12T09:43:39.361+0000] {logging_mixin.py:137} INFO - [2024-04-12T09:43:39.361+0000] {dag.py:2690} INFO - Sync 1 DAGs
[2024-04-12T09:43:39.393+0000] {logging_mixin.py:137} INFO - [2024-04-12T09:43:39.393+0000] {dag.py:3437} INFO - Setting next_dagrun for example_sla_dag to 2024-04-12T09:40:00+00:00, run_after=2024-04-12T09:42:00+00:00
[2024-04-12T09:43:39.440+0000] {processor.py:175} INFO - Processing /usr/local/python/3.10.13/lib/python3.10/site-packages/airflow/example_dags/example_sla_dag.py took 0.121 seconds
[2024-04-12T09:44:19.130+0000] {processor.py:153} INFO - Started process (PID=25655) to work on /usr/local/python/3.10.13/lib/python3.10/site-packages/airflow/example_dags/example_sla_dag.py
[2024-04-12T09:44:19.131+0000] {processor.py:743} INFO - Processing file /usr/local/python/3.10.13/lib/python3.10/site-packages/airflow/example_dags/example_sla_dag.py for tasks to queue
[2024-04-12T09:44:19.131+0000] {logging_mixin.py:137} INFO - [2024-04-12T09:44:19.131+0000] {dagbag.py:538} INFO - Filling up the DagBag from /usr/local/python/3.10.13/lib/python3.10/site-packages/airflow/example_dags/example_sla_dag.py
[2024-04-12T09:44:19.152+0000] {processor.py:753} INFO - DAG(s) dict_keys(['example_sla_dag']) retrieved from /usr/local/python/3.10.13/lib/python3.10/site-packages/airflow/example_dags/example_sla_dag.py
[2024-04-12T09:44:19.167+0000] {logging_mixin.py:137} INFO - [2024-04-12T09:44:19.167+0000] {dag.py:2690} INFO - Sync 1 DAGs
[2024-04-12T09:44:19.185+0000] {logging_mixin.py:137} INFO - [2024-04-12T09:44:19.185+0000] {dag.py:3437} INFO - Setting next_dagrun for example_sla_dag to 2024-04-12T09:42:00+00:00, run_after=2024-04-12T09:44:00+00:00
[2024-04-12T09:44:19.228+0000] {processor.py:175} INFO - Processing /usr/local/python/3.10.13/lib/python3.10/site-packages/airflow/example_dags/example_sla_dag.py took 0.100 seconds
[2024-04-12T09:45:00.637+0000] {processor.py:153} INFO - Started process (PID=25988) to work on /usr/local/python/3.10.13/lib/python3.10/site-packages/airflow/example_dags/example_sla_dag.py
[2024-04-12T09:45:00.638+0000] {processor.py:743} INFO - Processing file /usr/local/python/3.10.13/lib/python3.10/site-packages/airflow/example_dags/example_sla_dag.py for tasks to queue
[2024-04-12T09:45:00.638+0000] {logging_mixin.py:137} INFO - [2024-04-12T09:45:00.638+0000] {dagbag.py:538} INFO - Filling up the DagBag from /usr/local/python/3.10.13/lib/python3.10/site-packages/airflow/example_dags/example_sla_dag.py
[2024-04-12T09:45:00.663+0000] {processor.py:753} INFO - DAG(s) dict_keys(['example_sla_dag']) retrieved from /usr/local/python/3.10.13/lib/python3.10/site-packages/airflow/example_dags/example_sla_dag.py
[2024-04-12T09:45:00.679+0000] {logging_mixin.py:137} INFO - [2024-04-12T09:45:00.678+0000] {dag.py:2690} INFO - Sync 1 DAGs
[2024-04-12T09:45:00.696+0000] {logging_mixin.py:137} INFO - [2024-04-12T09:45:00.696+0000] {dag.py:3437} INFO - Setting next_dagrun for example_sla_dag to 2024-04-12T09:42:00+00:00, run_after=2024-04-12T09:44:00+00:00
[2024-04-12T09:45:00.741+0000] {processor.py:175} INFO - Processing /usr/local/python/3.10.13/lib/python3.10/site-packages/airflow/example_dags/example_sla_dag.py took 0.106 seconds
[2024-04-12T09:45:39.823+0000] {processor.py:153} INFO - Started process (PID=26265) to work on /usr/local/python/3.10.13/lib/python3.10/site-packages/airflow/example_dags/example_sla_dag.py
[2024-04-12T09:45:39.823+0000] {processor.py:743} INFO - Processing file /usr/local/python/3.10.13/lib/python3.10/site-packages/airflow/example_dags/example_sla_dag.py for tasks to queue
[2024-04-12T09:45:39.824+0000] {logging_mixin.py:137} INFO - [2024-04-12T09:45:39.824+0000] {dagbag.py:538} INFO - Filling up the DagBag from /usr/local/python/3.10.13/lib/python3.10/site-packages/airflow/example_dags/example_sla_dag.py
[2024-04-12T09:45:39.846+0000] {processor.py:753} INFO - DAG(s) dict_keys(['example_sla_dag']) retrieved from /usr/local/python/3.10.13/lib/python3.10/site-packages/airflow/example_dags/example_sla_dag.py
[2024-04-12T09:45:39.862+0000] {logging_mixin.py:137} INFO - [2024-04-12T09:45:39.862+0000] {dag.py:2690} INFO - Sync 1 DAGs
[2024-04-12T09:45:39.881+0000] {logging_mixin.py:137} INFO - [2024-04-12T09:45:39.881+0000] {dag.py:3437} INFO - Setting next_dagrun for example_sla_dag to 2024-04-12T09:42:00+00:00, run_after=2024-04-12T09:44:00+00:00
[2024-04-12T09:45:39.922+0000] {processor.py:175} INFO - Processing /usr/local/python/3.10.13/lib/python3.10/site-packages/airflow/example_dags/example_sla_dag.py took 0.102 seconds
