[2024-04-12T09:40:46.629+0000] {processor.py:153} INFO - Started process (PID=23901) to work on /usr/local/python/3.10.13/lib/python3.10/site-packages/airflow/example_dags/example_latest_only_with_trigger.py
[2024-04-12T09:40:46.629+0000] {processor.py:743} INFO - Processing file /usr/local/python/3.10.13/lib/python3.10/site-packages/airflow/example_dags/example_latest_only_with_trigger.py for tasks to queue
[2024-04-12T09:40:46.630+0000] {logging_mixin.py:137} INFO - [2024-04-12T09:40:46.630+0000] {dagbag.py:538} INFO - Filling up the DagBag from /usr/local/python/3.10.13/lib/python3.10/site-packages/airflow/example_dags/example_latest_only_with_trigger.py
[2024-04-12T09:40:46.642+0000] {processor.py:753} INFO - DAG(s) dict_keys(['latest_only_with_trigger']) retrieved from /usr/local/python/3.10.13/lib/python3.10/site-packages/airflow/example_dags/example_latest_only_with_trigger.py
[2024-04-12T09:40:46.789+0000] {logging_mixin.py:137} INFO - [2024-04-12T09:40:46.789+0000] {manager.py:504} INFO - Created Permission View: can delete on DAG:latest_only_with_trigger
[2024-04-12T09:40:46.823+0000] {logging_mixin.py:137} INFO - [2024-04-12T09:40:46.822+0000] {manager.py:504} INFO - Created Permission View: can edit on DAG:latest_only_with_trigger
[2024-04-12T09:40:46.854+0000] {logging_mixin.py:137} INFO - [2024-04-12T09:40:46.854+0000] {manager.py:504} INFO - Created Permission View: can read on DAG:latest_only_with_trigger
[2024-04-12T09:40:46.854+0000] {logging_mixin.py:137} INFO - [2024-04-12T09:40:46.854+0000] {dag.py:2690} INFO - Sync 1 DAGs
[2024-04-12T09:40:46.864+0000] {logging_mixin.py:137} INFO - [2024-04-12T09:40:46.863+0000] {dag.py:2711} INFO - Creating ORM DAG for latest_only_with_trigger
[2024-04-12T09:40:46.871+0000] {logging_mixin.py:137} INFO - [2024-04-12T09:40:46.871+0000] {dag.py:3437} INFO - Setting next_dagrun for latest_only_with_trigger to 2024-04-12T05:40:46.871009+00:00, run_after=2024-04-12T09:40:46.871009+00:00
[2024-04-12T09:40:46.917+0000] {processor.py:175} INFO - Processing /usr/local/python/3.10.13/lib/python3.10/site-packages/airflow/example_dags/example_latest_only_with_trigger.py took 0.291 seconds
[2024-04-12T09:41:33.051+0000] {processor.py:153} INFO - Started process (PID=24243) to work on /usr/local/python/3.10.13/lib/python3.10/site-packages/airflow/example_dags/example_latest_only_with_trigger.py
[2024-04-12T09:41:33.052+0000] {processor.py:743} INFO - Processing file /usr/local/python/3.10.13/lib/python3.10/site-packages/airflow/example_dags/example_latest_only_with_trigger.py for tasks to queue
[2024-04-12T09:41:33.052+0000] {logging_mixin.py:137} INFO - [2024-04-12T09:41:33.052+0000] {dagbag.py:538} INFO - Filling up the DagBag from /usr/local/python/3.10.13/lib/python3.10/site-packages/airflow/example_dags/example_latest_only_with_trigger.py
[2024-04-12T09:41:33.065+0000] {processor.py:753} INFO - DAG(s) dict_keys(['latest_only_with_trigger']) retrieved from /usr/local/python/3.10.13/lib/python3.10/site-packages/airflow/example_dags/example_latest_only_with_trigger.py
[2024-04-12T09:41:33.082+0000] {logging_mixin.py:137} INFO - [2024-04-12T09:41:33.082+0000] {dag.py:2690} INFO - Sync 1 DAGs
[2024-04-12T09:41:33.098+0000] {logging_mixin.py:137} INFO - [2024-04-12T09:41:33.098+0000] {dag.py:3437} INFO - Setting next_dagrun for latest_only_with_trigger to 2024-04-12T05:41:33.098263+00:00, run_after=2024-04-12T09:41:33.098263+00:00
[2024-04-12T09:41:33.139+0000] {processor.py:175} INFO - Processing /usr/local/python/3.10.13/lib/python3.10/site-packages/airflow/example_dags/example_latest_only_with_trigger.py took 0.090 seconds
[2024-04-12T09:42:12.115+0000] {processor.py:153} INFO - Started process (PID=24515) to work on /usr/local/python/3.10.13/lib/python3.10/site-packages/airflow/example_dags/example_latest_only_with_trigger.py
[2024-04-12T09:42:12.116+0000] {processor.py:743} INFO - Processing file /usr/local/python/3.10.13/lib/python3.10/site-packages/airflow/example_dags/example_latest_only_with_trigger.py for tasks to queue
[2024-04-12T09:42:12.117+0000] {logging_mixin.py:137} INFO - [2024-04-12T09:42:12.116+0000] {dagbag.py:538} INFO - Filling up the DagBag from /usr/local/python/3.10.13/lib/python3.10/site-packages/airflow/example_dags/example_latest_only_with_trigger.py
[2024-04-12T09:42:12.130+0000] {processor.py:753} INFO - DAG(s) dict_keys(['latest_only_with_trigger']) retrieved from /usr/local/python/3.10.13/lib/python3.10/site-packages/airflow/example_dags/example_latest_only_with_trigger.py
[2024-04-12T09:42:12.145+0000] {logging_mixin.py:137} INFO - [2024-04-12T09:42:12.145+0000] {dag.py:2690} INFO - Sync 1 DAGs
[2024-04-12T09:42:12.161+0000] {logging_mixin.py:137} INFO - [2024-04-12T09:42:12.161+0000] {dag.py:3437} INFO - Setting next_dagrun for latest_only_with_trigger to 2024-04-12T05:42:12.161126+00:00, run_after=2024-04-12T09:42:12.161126+00:00
[2024-04-12T09:42:12.203+0000] {processor.py:175} INFO - Processing /usr/local/python/3.10.13/lib/python3.10/site-packages/airflow/example_dags/example_latest_only_with_trigger.py took 0.089 seconds
[2024-04-12T09:42:52.162+0000] {processor.py:153} INFO - Started process (PID=24793) to work on /usr/local/python/3.10.13/lib/python3.10/site-packages/airflow/example_dags/example_latest_only_with_trigger.py
[2024-04-12T09:42:52.162+0000] {processor.py:743} INFO - Processing file /usr/local/python/3.10.13/lib/python3.10/site-packages/airflow/example_dags/example_latest_only_with_trigger.py for tasks to queue
[2024-04-12T09:42:52.163+0000] {logging_mixin.py:137} INFO - [2024-04-12T09:42:52.163+0000] {dagbag.py:538} INFO - Filling up the DagBag from /usr/local/python/3.10.13/lib/python3.10/site-packages/airflow/example_dags/example_latest_only_with_trigger.py
[2024-04-12T09:42:52.175+0000] {processor.py:753} INFO - DAG(s) dict_keys(['latest_only_with_trigger']) retrieved from /usr/local/python/3.10.13/lib/python3.10/site-packages/airflow/example_dags/example_latest_only_with_trigger.py
[2024-04-12T09:42:52.189+0000] {logging_mixin.py:137} INFO - [2024-04-12T09:42:52.189+0000] {dag.py:2690} INFO - Sync 1 DAGs
[2024-04-12T09:42:52.204+0000] {logging_mixin.py:137} INFO - [2024-04-12T09:42:52.204+0000] {dag.py:3437} INFO - Setting next_dagrun for latest_only_with_trigger to 2024-04-12T05:42:52.204260+00:00, run_after=2024-04-12T09:42:52.204260+00:00
[2024-04-12T09:42:52.247+0000] {processor.py:175} INFO - Processing /usr/local/python/3.10.13/lib/python3.10/site-packages/airflow/example_dags/example_latest_only_with_trigger.py took 0.087 seconds
[2024-04-12T09:43:30.663+0000] {processor.py:153} INFO - Started process (PID=25112) to work on /usr/local/python/3.10.13/lib/python3.10/site-packages/airflow/example_dags/example_latest_only_with_trigger.py
[2024-04-12T09:43:30.664+0000] {processor.py:743} INFO - Processing file /usr/local/python/3.10.13/lib/python3.10/site-packages/airflow/example_dags/example_latest_only_with_trigger.py for tasks to queue
[2024-04-12T09:43:30.665+0000] {logging_mixin.py:137} INFO - [2024-04-12T09:43:30.664+0000] {dagbag.py:538} INFO - Filling up the DagBag from /usr/local/python/3.10.13/lib/python3.10/site-packages/airflow/example_dags/example_latest_only_with_trigger.py
[2024-04-12T09:43:30.677+0000] {processor.py:753} INFO - DAG(s) dict_keys(['latest_only_with_trigger']) retrieved from /usr/local/python/3.10.13/lib/python3.10/site-packages/airflow/example_dags/example_latest_only_with_trigger.py
[2024-04-12T09:43:30.693+0000] {logging_mixin.py:137} INFO - [2024-04-12T09:43:30.692+0000] {dag.py:2690} INFO - Sync 1 DAGs
[2024-04-12T09:43:30.708+0000] {logging_mixin.py:137} INFO - [2024-04-12T09:43:30.708+0000] {dag.py:3437} INFO - Setting next_dagrun for latest_only_with_trigger to 2024-04-12T05:43:30.708431+00:00, run_after=2024-04-12T09:43:30.708431+00:00
[2024-04-12T09:43:30.754+0000] {processor.py:175} INFO - Processing /usr/local/python/3.10.13/lib/python3.10/site-packages/airflow/example_dags/example_latest_only_with_trigger.py took 0.093 seconds
[2024-04-12T09:44:10.540+0000] {processor.py:153} INFO - Started process (PID=25552) to work on /usr/local/python/3.10.13/lib/python3.10/site-packages/airflow/example_dags/example_latest_only_with_trigger.py
[2024-04-12T09:44:10.541+0000] {processor.py:743} INFO - Processing file /usr/local/python/3.10.13/lib/python3.10/site-packages/airflow/example_dags/example_latest_only_with_trigger.py for tasks to queue
[2024-04-12T09:44:10.541+0000] {logging_mixin.py:137} INFO - [2024-04-12T09:44:10.541+0000] {dagbag.py:538} INFO - Filling up the DagBag from /usr/local/python/3.10.13/lib/python3.10/site-packages/airflow/example_dags/example_latest_only_with_trigger.py
[2024-04-12T09:44:10.554+0000] {processor.py:753} INFO - DAG(s) dict_keys(['latest_only_with_trigger']) retrieved from /usr/local/python/3.10.13/lib/python3.10/site-packages/airflow/example_dags/example_latest_only_with_trigger.py
[2024-04-12T09:44:10.572+0000] {logging_mixin.py:137} INFO - [2024-04-12T09:44:10.572+0000] {dag.py:2690} INFO - Sync 1 DAGs
[2024-04-12T09:44:10.588+0000] {logging_mixin.py:137} INFO - [2024-04-12T09:44:10.588+0000] {dag.py:3437} INFO - Setting next_dagrun for latest_only_with_trigger to 2024-04-12T05:44:10.588659+00:00, run_after=2024-04-12T09:44:10.588659+00:00
[2024-04-12T09:44:10.629+0000] {processor.py:175} INFO - Processing /usr/local/python/3.10.13/lib/python3.10/site-packages/airflow/example_dags/example_latest_only_with_trigger.py took 0.091 seconds
[2024-04-12T09:44:48.377+0000] {processor.py:153} INFO - Started process (PID=25911) to work on /usr/local/python/3.10.13/lib/python3.10/site-packages/airflow/example_dags/example_latest_only_with_trigger.py
[2024-04-12T09:44:48.378+0000] {processor.py:743} INFO - Processing file /usr/local/python/3.10.13/lib/python3.10/site-packages/airflow/example_dags/example_latest_only_with_trigger.py for tasks to queue
[2024-04-12T09:44:48.379+0000] {logging_mixin.py:137} INFO - [2024-04-12T09:44:48.379+0000] {dagbag.py:538} INFO - Filling up the DagBag from /usr/local/python/3.10.13/lib/python3.10/site-packages/airflow/example_dags/example_latest_only_with_trigger.py
[2024-04-12T09:44:48.391+0000] {processor.py:753} INFO - DAG(s) dict_keys(['latest_only_with_trigger']) retrieved from /usr/local/python/3.10.13/lib/python3.10/site-packages/airflow/example_dags/example_latest_only_with_trigger.py
[2024-04-12T09:44:48.406+0000] {logging_mixin.py:137} INFO - [2024-04-12T09:44:48.406+0000] {dag.py:2690} INFO - Sync 1 DAGs
[2024-04-12T09:44:48.423+0000] {logging_mixin.py:137} INFO - [2024-04-12T09:44:48.423+0000] {dag.py:3437} INFO - Setting next_dagrun for latest_only_with_trigger to 2024-04-12T05:44:48.423367+00:00, run_after=2024-04-12T09:44:48.423367+00:00
[2024-04-12T09:44:48.464+0000] {processor.py:175} INFO - Processing /usr/local/python/3.10.13/lib/python3.10/site-packages/airflow/example_dags/example_latest_only_with_trigger.py took 0.088 seconds
[2024-04-12T09:45:29.263+0000] {processor.py:153} INFO - Started process (PID=26194) to work on /usr/local/python/3.10.13/lib/python3.10/site-packages/airflow/example_dags/example_latest_only_with_trigger.py
[2024-04-12T09:45:29.264+0000] {processor.py:743} INFO - Processing file /usr/local/python/3.10.13/lib/python3.10/site-packages/airflow/example_dags/example_latest_only_with_trigger.py for tasks to queue
[2024-04-12T09:45:29.264+0000] {logging_mixin.py:137} INFO - [2024-04-12T09:45:29.264+0000] {dagbag.py:538} INFO - Filling up the DagBag from /usr/local/python/3.10.13/lib/python3.10/site-packages/airflow/example_dags/example_latest_only_with_trigger.py
[2024-04-12T09:45:29.276+0000] {processor.py:753} INFO - DAG(s) dict_keys(['latest_only_with_trigger']) retrieved from /usr/local/python/3.10.13/lib/python3.10/site-packages/airflow/example_dags/example_latest_only_with_trigger.py
[2024-04-12T09:45:29.291+0000] {logging_mixin.py:137} INFO - [2024-04-12T09:45:29.291+0000] {dag.py:2690} INFO - Sync 1 DAGs
[2024-04-12T09:45:29.307+0000] {logging_mixin.py:137} INFO - [2024-04-12T09:45:29.307+0000] {dag.py:3437} INFO - Setting next_dagrun for latest_only_with_trigger to 2024-04-12T05:45:29.307243+00:00, run_after=2024-04-12T09:45:29.307243+00:00
[2024-04-12T09:45:29.349+0000] {processor.py:175} INFO - Processing /usr/local/python/3.10.13/lib/python3.10/site-packages/airflow/example_dags/example_latest_only_with_trigger.py took 0.088 seconds
