[2024-04-12T09:41:17.795+0000] {processor.py:153} INFO - Started process (PID=24137) to work on /usr/local/python/3.10.13/lib/python3.10/site-packages/airflow/example_dags/example_branch_operator_decorator.py
[2024-04-12T09:41:17.796+0000] {processor.py:743} INFO - Processing file /usr/local/python/3.10.13/lib/python3.10/site-packages/airflow/example_dags/example_branch_operator_decorator.py for tasks to queue
[2024-04-12T09:41:17.796+0000] {logging_mixin.py:137} INFO - [2024-04-12T09:41:17.796+0000] {dagbag.py:538} INFO - Filling up the DagBag from /usr/local/python/3.10.13/lib/python3.10/site-packages/airflow/example_dags/example_branch_operator_decorator.py
[2024-04-12T09:41:17.821+0000] {processor.py:753} INFO - DAG(s) dict_keys(['example_branch_python_operator_decorator']) retrieved from /usr/local/python/3.10.13/lib/python3.10/site-packages/airflow/example_dags/example_branch_operator_decorator.py
[2024-04-12T09:41:17.966+0000] {logging_mixin.py:137} INFO - [2024-04-12T09:41:17.966+0000] {manager.py:504} INFO - Created Permission View: can delete on DAG:example_branch_python_operator_decorator
[2024-04-12T09:41:17.998+0000] {logging_mixin.py:137} INFO - [2024-04-12T09:41:17.998+0000] {manager.py:504} INFO - Created Permission View: can edit on DAG:example_branch_python_operator_decorator
[2024-04-12T09:41:18.035+0000] {logging_mixin.py:137} INFO - [2024-04-12T09:41:18.035+0000] {manager.py:504} INFO - Created Permission View: can read on DAG:example_branch_python_operator_decorator
[2024-04-12T09:41:18.035+0000] {logging_mixin.py:137} INFO - [2024-04-12T09:41:18.035+0000] {dag.py:2690} INFO - Sync 1 DAGs
[2024-04-12T09:41:18.050+0000] {logging_mixin.py:137} INFO - [2024-04-12T09:41:18.049+0000] {dag.py:2711} INFO - Creating ORM DAG for example_branch_python_operator_decorator
[2024-04-12T09:41:18.059+0000] {logging_mixin.py:137} INFO - [2024-04-12T09:41:18.059+0000] {dag.py:3437} INFO - Setting next_dagrun for example_branch_python_operator_decorator to 2024-04-11T00:00:00+00:00, run_after=2024-04-12T00:00:00+00:00
[2024-04-12T09:41:18.110+0000] {processor.py:175} INFO - Processing /usr/local/python/3.10.13/lib/python3.10/site-packages/airflow/example_dags/example_branch_operator_decorator.py took 0.317 seconds
[2024-04-12T09:42:06.200+0000] {processor.py:153} INFO - Started process (PID=24464) to work on /usr/local/python/3.10.13/lib/python3.10/site-packages/airflow/example_dags/example_branch_operator_decorator.py
[2024-04-12T09:42:06.201+0000] {processor.py:743} INFO - Processing file /usr/local/python/3.10.13/lib/python3.10/site-packages/airflow/example_dags/example_branch_operator_decorator.py for tasks to queue
[2024-04-12T09:42:06.202+0000] {logging_mixin.py:137} INFO - [2024-04-12T09:42:06.201+0000] {dagbag.py:538} INFO - Filling up the DagBag from /usr/local/python/3.10.13/lib/python3.10/site-packages/airflow/example_dags/example_branch_operator_decorator.py
[2024-04-12T09:42:06.226+0000] {processor.py:753} INFO - DAG(s) dict_keys(['example_branch_python_operator_decorator']) retrieved from /usr/local/python/3.10.13/lib/python3.10/site-packages/airflow/example_dags/example_branch_operator_decorator.py
[2024-04-12T09:42:06.250+0000] {logging_mixin.py:137} INFO - [2024-04-12T09:42:06.249+0000] {dag.py:2690} INFO - Sync 1 DAGs
[2024-04-12T09:42:06.277+0000] {logging_mixin.py:137} INFO - [2024-04-12T09:42:06.276+0000] {dag.py:3437} INFO - Setting next_dagrun for example_branch_python_operator_decorator to 2024-04-11T00:00:00+00:00, run_after=2024-04-12T00:00:00+00:00
[2024-04-12T09:42:06.325+0000] {processor.py:175} INFO - Processing /usr/local/python/3.10.13/lib/python3.10/site-packages/airflow/example_dags/example_branch_operator_decorator.py took 0.128 seconds
[2024-04-12T09:42:46.455+0000] {processor.py:153} INFO - Started process (PID=24743) to work on /usr/local/python/3.10.13/lib/python3.10/site-packages/airflow/example_dags/example_branch_operator_decorator.py
[2024-04-12T09:42:46.456+0000] {processor.py:743} INFO - Processing file /usr/local/python/3.10.13/lib/python3.10/site-packages/airflow/example_dags/example_branch_operator_decorator.py for tasks to queue
[2024-04-12T09:42:46.457+0000] {logging_mixin.py:137} INFO - [2024-04-12T09:42:46.456+0000] {dagbag.py:538} INFO - Filling up the DagBag from /usr/local/python/3.10.13/lib/python3.10/site-packages/airflow/example_dags/example_branch_operator_decorator.py
[2024-04-12T09:42:46.480+0000] {processor.py:753} INFO - DAG(s) dict_keys(['example_branch_python_operator_decorator']) retrieved from /usr/local/python/3.10.13/lib/python3.10/site-packages/airflow/example_dags/example_branch_operator_decorator.py
[2024-04-12T09:42:46.496+0000] {logging_mixin.py:137} INFO - [2024-04-12T09:42:46.495+0000] {dag.py:2690} INFO - Sync 1 DAGs
[2024-04-12T09:42:46.512+0000] {logging_mixin.py:137} INFO - [2024-04-12T09:42:46.512+0000] {dag.py:3437} INFO - Setting next_dagrun for example_branch_python_operator_decorator to 2024-04-11T00:00:00+00:00, run_after=2024-04-12T00:00:00+00:00
[2024-04-12T09:42:46.555+0000] {processor.py:175} INFO - Processing /usr/local/python/3.10.13/lib/python3.10/site-packages/airflow/example_dags/example_branch_operator_decorator.py took 0.102 seconds
[2024-04-12T09:43:24.760+0000] {processor.py:153} INFO - Started process (PID=25043) to work on /usr/local/python/3.10.13/lib/python3.10/site-packages/airflow/example_dags/example_branch_operator_decorator.py
[2024-04-12T09:43:24.760+0000] {processor.py:743} INFO - Processing file /usr/local/python/3.10.13/lib/python3.10/site-packages/airflow/example_dags/example_branch_operator_decorator.py for tasks to queue
[2024-04-12T09:43:24.761+0000] {logging_mixin.py:137} INFO - [2024-04-12T09:43:24.761+0000] {dagbag.py:538} INFO - Filling up the DagBag from /usr/local/python/3.10.13/lib/python3.10/site-packages/airflow/example_dags/example_branch_operator_decorator.py
[2024-04-12T09:43:24.804+0000] {processor.py:753} INFO - DAG(s) dict_keys(['example_branch_python_operator_decorator']) retrieved from /usr/local/python/3.10.13/lib/python3.10/site-packages/airflow/example_dags/example_branch_operator_decorator.py
[2024-04-12T09:43:24.826+0000] {logging_mixin.py:137} INFO - [2024-04-12T09:43:24.826+0000] {dag.py:2690} INFO - Sync 1 DAGs
[2024-04-12T09:43:24.857+0000] {logging_mixin.py:137} INFO - [2024-04-12T09:43:24.857+0000] {dag.py:3437} INFO - Setting next_dagrun for example_branch_python_operator_decorator to 2024-04-11T00:00:00+00:00, run_after=2024-04-12T00:00:00+00:00
[2024-04-12T09:43:24.902+0000] {processor.py:175} INFO - Processing /usr/local/python/3.10.13/lib/python3.10/site-packages/airflow/example_dags/example_branch_operator_decorator.py took 0.145 seconds
[2024-04-12T09:44:09.308+0000] {processor.py:153} INFO - Started process (PID=25548) to work on /usr/local/python/3.10.13/lib/python3.10/site-packages/airflow/example_dags/example_branch_operator_decorator.py
[2024-04-12T09:44:09.308+0000] {processor.py:743} INFO - Processing file /usr/local/python/3.10.13/lib/python3.10/site-packages/airflow/example_dags/example_branch_operator_decorator.py for tasks to queue
[2024-04-12T09:44:09.309+0000] {logging_mixin.py:137} INFO - [2024-04-12T09:44:09.309+0000] {dagbag.py:538} INFO - Filling up the DagBag from /usr/local/python/3.10.13/lib/python3.10/site-packages/airflow/example_dags/example_branch_operator_decorator.py
[2024-04-12T09:44:09.333+0000] {processor.py:753} INFO - DAG(s) dict_keys(['example_branch_python_operator_decorator']) retrieved from /usr/local/python/3.10.13/lib/python3.10/site-packages/airflow/example_dags/example_branch_operator_decorator.py
[2024-04-12T09:44:09.349+0000] {logging_mixin.py:137} INFO - [2024-04-12T09:44:09.349+0000] {dag.py:2690} INFO - Sync 1 DAGs
[2024-04-12T09:44:09.367+0000] {logging_mixin.py:137} INFO - [2024-04-12T09:44:09.367+0000] {dag.py:3437} INFO - Setting next_dagrun for example_branch_python_operator_decorator to 2024-04-11T00:00:00+00:00, run_after=2024-04-12T00:00:00+00:00
[2024-04-12T09:44:09.409+0000] {processor.py:175} INFO - Processing /usr/local/python/3.10.13/lib/python3.10/site-packages/airflow/example_dags/example_branch_operator_decorator.py took 0.104 seconds
[2024-04-12T09:44:50.656+0000] {processor.py:153} INFO - Started process (PID=25928) to work on /usr/local/python/3.10.13/lib/python3.10/site-packages/airflow/example_dags/example_branch_operator_decorator.py
[2024-04-12T09:44:50.657+0000] {processor.py:743} INFO - Processing file /usr/local/python/3.10.13/lib/python3.10/site-packages/airflow/example_dags/example_branch_operator_decorator.py for tasks to queue
[2024-04-12T09:44:50.658+0000] {logging_mixin.py:137} INFO - [2024-04-12T09:44:50.657+0000] {dagbag.py:538} INFO - Filling up the DagBag from /usr/local/python/3.10.13/lib/python3.10/site-packages/airflow/example_dags/example_branch_operator_decorator.py
[2024-04-12T09:44:50.694+0000] {processor.py:753} INFO - DAG(s) dict_keys(['example_branch_python_operator_decorator']) retrieved from /usr/local/python/3.10.13/lib/python3.10/site-packages/airflow/example_dags/example_branch_operator_decorator.py
[2024-04-12T09:44:50.717+0000] {logging_mixin.py:137} INFO - [2024-04-12T09:44:50.717+0000] {dag.py:2690} INFO - Sync 1 DAGs
[2024-04-12T09:44:50.740+0000] {logging_mixin.py:137} INFO - [2024-04-12T09:44:50.740+0000] {dag.py:3437} INFO - Setting next_dagrun for example_branch_python_operator_decorator to 2024-04-11T00:00:00+00:00, run_after=2024-04-12T00:00:00+00:00
[2024-04-12T09:44:50.782+0000] {processor.py:175} INFO - Processing /usr/local/python/3.10.13/lib/python3.10/site-packages/airflow/example_dags/example_branch_operator_decorator.py took 0.130 seconds
[2024-04-12T09:45:30.824+0000] {processor.py:153} INFO - Started process (PID=26202) to work on /usr/local/python/3.10.13/lib/python3.10/site-packages/airflow/example_dags/example_branch_operator_decorator.py
[2024-04-12T09:45:30.825+0000] {processor.py:743} INFO - Processing file /usr/local/python/3.10.13/lib/python3.10/site-packages/airflow/example_dags/example_branch_operator_decorator.py for tasks to queue
[2024-04-12T09:45:30.826+0000] {logging_mixin.py:137} INFO - [2024-04-12T09:45:30.826+0000] {dagbag.py:538} INFO - Filling up the DagBag from /usr/local/python/3.10.13/lib/python3.10/site-packages/airflow/example_dags/example_branch_operator_decorator.py
[2024-04-12T09:45:30.850+0000] {processor.py:753} INFO - DAG(s) dict_keys(['example_branch_python_operator_decorator']) retrieved from /usr/local/python/3.10.13/lib/python3.10/site-packages/airflow/example_dags/example_branch_operator_decorator.py
[2024-04-12T09:45:30.867+0000] {logging_mixin.py:137} INFO - [2024-04-12T09:45:30.867+0000] {dag.py:2690} INFO - Sync 1 DAGs
[2024-04-12T09:45:30.884+0000] {logging_mixin.py:137} INFO - [2024-04-12T09:45:30.884+0000] {dag.py:3437} INFO - Setting next_dagrun for example_branch_python_operator_decorator to 2024-04-11T00:00:00+00:00, run_after=2024-04-12T00:00:00+00:00
[2024-04-12T09:45:30.928+0000] {processor.py:175} INFO - Processing /usr/local/python/3.10.13/lib/python3.10/site-packages/airflow/example_dags/example_branch_operator_decorator.py took 0.106 seconds
