[2024-04-12T09:40:53.636+0000] {processor.py:153} INFO - Started process (PID=23950) to work on /usr/local/python/3.10.13/lib/python3.10/site-packages/airflow/example_dags/example_short_circuit_decorator.py
[2024-04-12T09:40:53.636+0000] {processor.py:743} INFO - Processing file /usr/local/python/3.10.13/lib/python3.10/site-packages/airflow/example_dags/example_short_circuit_decorator.py for tasks to queue
[2024-04-12T09:40:53.637+0000] {logging_mixin.py:137} INFO - [2024-04-12T09:40:53.637+0000] {dagbag.py:538} INFO - Filling up the DagBag from /usr/local/python/3.10.13/lib/python3.10/site-packages/airflow/example_dags/example_short_circuit_decorator.py
[2024-04-12T09:40:53.660+0000] {processor.py:753} INFO - DAG(s) dict_keys(['example_short_circuit_decorator']) retrieved from /usr/local/python/3.10.13/lib/python3.10/site-packages/airflow/example_dags/example_short_circuit_decorator.py
[2024-04-12T09:40:53.801+0000] {logging_mixin.py:137} INFO - [2024-04-12T09:40:53.801+0000] {manager.py:504} INFO - Created Permission View: can delete on DAG:example_short_circuit_decorator
[2024-04-12T09:40:53.833+0000] {logging_mixin.py:137} INFO - [2024-04-12T09:40:53.832+0000] {manager.py:504} INFO - Created Permission View: can edit on DAG:example_short_circuit_decorator
[2024-04-12T09:40:53.870+0000] {logging_mixin.py:137} INFO - [2024-04-12T09:40:53.870+0000] {manager.py:504} INFO - Created Permission View: can read on DAG:example_short_circuit_decorator
[2024-04-12T09:40:53.870+0000] {logging_mixin.py:137} INFO - [2024-04-12T09:40:53.870+0000] {dag.py:2690} INFO - Sync 1 DAGs
[2024-04-12T09:40:53.879+0000] {logging_mixin.py:137} INFO - [2024-04-12T09:40:53.879+0000] {dag.py:2711} INFO - Creating ORM DAG for example_short_circuit_decorator
[2024-04-12T09:40:53.886+0000] {logging_mixin.py:137} INFO - [2024-04-12T09:40:53.886+0000] {dag.py:3437} INFO - Setting next_dagrun for example_short_circuit_decorator to 2024-04-11T09:40:53.886331+00:00, run_after=2024-04-12T09:40:53.886331+00:00
[2024-04-12T09:40:53.931+0000] {processor.py:175} INFO - Processing /usr/local/python/3.10.13/lib/python3.10/site-packages/airflow/example_dags/example_short_circuit_decorator.py took 0.298 seconds
[2024-04-12T09:41:38.588+0000] {processor.py:153} INFO - Started process (PID=24290) to work on /usr/local/python/3.10.13/lib/python3.10/site-packages/airflow/example_dags/example_short_circuit_decorator.py
[2024-04-12T09:41:38.589+0000] {processor.py:743} INFO - Processing file /usr/local/python/3.10.13/lib/python3.10/site-packages/airflow/example_dags/example_short_circuit_decorator.py for tasks to queue
[2024-04-12T09:41:38.590+0000] {logging_mixin.py:137} INFO - [2024-04-12T09:41:38.589+0000] {dagbag.py:538} INFO - Filling up the DagBag from /usr/local/python/3.10.13/lib/python3.10/site-packages/airflow/example_dags/example_short_circuit_decorator.py
[2024-04-12T09:41:38.613+0000] {processor.py:753} INFO - DAG(s) dict_keys(['example_short_circuit_decorator']) retrieved from /usr/local/python/3.10.13/lib/python3.10/site-packages/airflow/example_dags/example_short_circuit_decorator.py
[2024-04-12T09:41:38.630+0000] {logging_mixin.py:137} INFO - [2024-04-12T09:41:38.630+0000] {dag.py:2690} INFO - Sync 1 DAGs
[2024-04-12T09:41:38.648+0000] {logging_mixin.py:137} INFO - [2024-04-12T09:41:38.648+0000] {dag.py:3437} INFO - Setting next_dagrun for example_short_circuit_decorator to 2024-04-11T09:41:38.648364+00:00, run_after=2024-04-12T09:41:38.648364+00:00
[2024-04-12T09:41:38.701+0000] {processor.py:175} INFO - Processing /usr/local/python/3.10.13/lib/python3.10/site-packages/airflow/example_dags/example_short_circuit_decorator.py took 0.115 seconds
[2024-04-12T09:42:17.429+0000] {processor.py:153} INFO - Started process (PID=24538) to work on /usr/local/python/3.10.13/lib/python3.10/site-packages/airflow/example_dags/example_short_circuit_decorator.py
[2024-04-12T09:42:17.430+0000] {processor.py:743} INFO - Processing file /usr/local/python/3.10.13/lib/python3.10/site-packages/airflow/example_dags/example_short_circuit_decorator.py for tasks to queue
[2024-04-12T09:42:17.430+0000] {logging_mixin.py:137} INFO - [2024-04-12T09:42:17.430+0000] {dagbag.py:538} INFO - Filling up the DagBag from /usr/local/python/3.10.13/lib/python3.10/site-packages/airflow/example_dags/example_short_circuit_decorator.py
[2024-04-12T09:42:17.453+0000] {processor.py:753} INFO - DAG(s) dict_keys(['example_short_circuit_decorator']) retrieved from /usr/local/python/3.10.13/lib/python3.10/site-packages/airflow/example_dags/example_short_circuit_decorator.py
[2024-04-12T09:42:17.468+0000] {logging_mixin.py:137} INFO - [2024-04-12T09:42:17.468+0000] {dag.py:2690} INFO - Sync 1 DAGs
[2024-04-12T09:42:17.483+0000] {logging_mixin.py:137} INFO - [2024-04-12T09:42:17.483+0000] {dag.py:3437} INFO - Setting next_dagrun for example_short_circuit_decorator to 2024-04-11T09:42:17.483516+00:00, run_after=2024-04-12T09:42:17.483516+00:00
[2024-04-12T09:42:17.526+0000] {processor.py:175} INFO - Processing /usr/local/python/3.10.13/lib/python3.10/site-packages/airflow/example_dags/example_short_circuit_decorator.py took 0.099 seconds
[2024-04-12T09:42:57.326+0000] {processor.py:153} INFO - Started process (PID=24816) to work on /usr/local/python/3.10.13/lib/python3.10/site-packages/airflow/example_dags/example_short_circuit_decorator.py
[2024-04-12T09:42:57.327+0000] {processor.py:743} INFO - Processing file /usr/local/python/3.10.13/lib/python3.10/site-packages/airflow/example_dags/example_short_circuit_decorator.py for tasks to queue
[2024-04-12T09:42:57.327+0000] {logging_mixin.py:137} INFO - [2024-04-12T09:42:57.327+0000] {dagbag.py:538} INFO - Filling up the DagBag from /usr/local/python/3.10.13/lib/python3.10/site-packages/airflow/example_dags/example_short_circuit_decorator.py
[2024-04-12T09:42:57.350+0000] {processor.py:753} INFO - DAG(s) dict_keys(['example_short_circuit_decorator']) retrieved from /usr/local/python/3.10.13/lib/python3.10/site-packages/airflow/example_dags/example_short_circuit_decorator.py
[2024-04-12T09:42:57.367+0000] {logging_mixin.py:137} INFO - [2024-04-12T09:42:57.367+0000] {dag.py:2690} INFO - Sync 1 DAGs
[2024-04-12T09:42:57.382+0000] {logging_mixin.py:137} INFO - [2024-04-12T09:42:57.382+0000] {dag.py:3437} INFO - Setting next_dagrun for example_short_circuit_decorator to 2024-04-11T09:42:57.382454+00:00, run_after=2024-04-12T09:42:57.382454+00:00
[2024-04-12T09:42:57.423+0000] {processor.py:175} INFO - Processing /usr/local/python/3.10.13/lib/python3.10/site-packages/airflow/example_dags/example_short_circuit_decorator.py took 0.099 seconds
[2024-04-12T09:43:35.322+0000] {processor.py:153} INFO - Started process (PID=25145) to work on /usr/local/python/3.10.13/lib/python3.10/site-packages/airflow/example_dags/example_short_circuit_decorator.py
[2024-04-12T09:43:35.323+0000] {processor.py:743} INFO - Processing file /usr/local/python/3.10.13/lib/python3.10/site-packages/airflow/example_dags/example_short_circuit_decorator.py for tasks to queue
[2024-04-12T09:43:35.323+0000] {logging_mixin.py:137} INFO - [2024-04-12T09:43:35.323+0000] {dagbag.py:538} INFO - Filling up the DagBag from /usr/local/python/3.10.13/lib/python3.10/site-packages/airflow/example_dags/example_short_circuit_decorator.py
[2024-04-12T09:43:35.345+0000] {processor.py:753} INFO - DAG(s) dict_keys(['example_short_circuit_decorator']) retrieved from /usr/local/python/3.10.13/lib/python3.10/site-packages/airflow/example_dags/example_short_circuit_decorator.py
[2024-04-12T09:43:35.361+0000] {logging_mixin.py:137} INFO - [2024-04-12T09:43:35.361+0000] {dag.py:2690} INFO - Sync 1 DAGs
[2024-04-12T09:43:35.383+0000] {logging_mixin.py:137} INFO - [2024-04-12T09:43:35.383+0000] {dag.py:3437} INFO - Setting next_dagrun for example_short_circuit_decorator to 2024-04-11T09:43:35.383332+00:00, run_after=2024-04-12T09:43:35.383332+00:00
[2024-04-12T09:43:35.431+0000] {processor.py:175} INFO - Processing /usr/local/python/3.10.13/lib/python3.10/site-packages/airflow/example_dags/example_short_circuit_decorator.py took 0.111 seconds
[2024-04-12T09:44:15.507+0000] {processor.py:153} INFO - Started process (PID=25614) to work on /usr/local/python/3.10.13/lib/python3.10/site-packages/airflow/example_dags/example_short_circuit_decorator.py
[2024-04-12T09:44:15.508+0000] {processor.py:743} INFO - Processing file /usr/local/python/3.10.13/lib/python3.10/site-packages/airflow/example_dags/example_short_circuit_decorator.py for tasks to queue
[2024-04-12T09:44:15.508+0000] {logging_mixin.py:137} INFO - [2024-04-12T09:44:15.508+0000] {dagbag.py:538} INFO - Filling up the DagBag from /usr/local/python/3.10.13/lib/python3.10/site-packages/airflow/example_dags/example_short_circuit_decorator.py
[2024-04-12T09:44:15.531+0000] {processor.py:753} INFO - DAG(s) dict_keys(['example_short_circuit_decorator']) retrieved from /usr/local/python/3.10.13/lib/python3.10/site-packages/airflow/example_dags/example_short_circuit_decorator.py
[2024-04-12T09:44:15.547+0000] {logging_mixin.py:137} INFO - [2024-04-12T09:44:15.547+0000] {dag.py:2690} INFO - Sync 1 DAGs
[2024-04-12T09:44:15.564+0000] {logging_mixin.py:137} INFO - [2024-04-12T09:44:15.563+0000] {dag.py:3437} INFO - Setting next_dagrun for example_short_circuit_decorator to 2024-04-11T09:44:15.563784+00:00, run_after=2024-04-12T09:44:15.563784+00:00
[2024-04-12T09:44:15.605+0000] {processor.py:175} INFO - Processing /usr/local/python/3.10.13/lib/python3.10/site-packages/airflow/example_dags/example_short_circuit_decorator.py took 0.100 seconds
[2024-04-12T09:44:56.363+0000] {processor.py:153} INFO - Started process (PID=25972) to work on /usr/local/python/3.10.13/lib/python3.10/site-packages/airflow/example_dags/example_short_circuit_decorator.py
[2024-04-12T09:44:56.363+0000] {processor.py:743} INFO - Processing file /usr/local/python/3.10.13/lib/python3.10/site-packages/airflow/example_dags/example_short_circuit_decorator.py for tasks to queue
[2024-04-12T09:44:56.364+0000] {logging_mixin.py:137} INFO - [2024-04-12T09:44:56.364+0000] {dagbag.py:538} INFO - Filling up the DagBag from /usr/local/python/3.10.13/lib/python3.10/site-packages/airflow/example_dags/example_short_circuit_decorator.py
[2024-04-12T09:44:56.387+0000] {processor.py:753} INFO - DAG(s) dict_keys(['example_short_circuit_decorator']) retrieved from /usr/local/python/3.10.13/lib/python3.10/site-packages/airflow/example_dags/example_short_circuit_decorator.py
[2024-04-12T09:44:56.404+0000] {logging_mixin.py:137} INFO - [2024-04-12T09:44:56.404+0000] {dag.py:2690} INFO - Sync 1 DAGs
[2024-04-12T09:44:56.420+0000] {logging_mixin.py:137} INFO - [2024-04-12T09:44:56.420+0000] {dag.py:3437} INFO - Setting next_dagrun for example_short_circuit_decorator to 2024-04-11T09:44:56.420105+00:00, run_after=2024-04-12T09:44:56.420105+00:00
[2024-04-12T09:44:56.460+0000] {processor.py:175} INFO - Processing /usr/local/python/3.10.13/lib/python3.10/site-packages/airflow/example_dags/example_short_circuit_decorator.py took 0.100 seconds
[2024-04-12T09:45:34.739+0000] {processor.py:153} INFO - Started process (PID=26243) to work on /usr/local/python/3.10.13/lib/python3.10/site-packages/airflow/example_dags/example_short_circuit_decorator.py
[2024-04-12T09:45:34.740+0000] {processor.py:743} INFO - Processing file /usr/local/python/3.10.13/lib/python3.10/site-packages/airflow/example_dags/example_short_circuit_decorator.py for tasks to queue
[2024-04-12T09:45:34.740+0000] {logging_mixin.py:137} INFO - [2024-04-12T09:45:34.740+0000] {dagbag.py:538} INFO - Filling up the DagBag from /usr/local/python/3.10.13/lib/python3.10/site-packages/airflow/example_dags/example_short_circuit_decorator.py
[2024-04-12T09:45:34.765+0000] {processor.py:753} INFO - DAG(s) dict_keys(['example_short_circuit_decorator']) retrieved from /usr/local/python/3.10.13/lib/python3.10/site-packages/airflow/example_dags/example_short_circuit_decorator.py
[2024-04-12T09:45:34.781+0000] {logging_mixin.py:137} INFO - [2024-04-12T09:45:34.781+0000] {dag.py:2690} INFO - Sync 1 DAGs
[2024-04-12T09:45:34.801+0000] {logging_mixin.py:137} INFO - [2024-04-12T09:45:34.801+0000] {dag.py:3437} INFO - Setting next_dagrun for example_short_circuit_decorator to 2024-04-11T09:45:34.800833+00:00, run_after=2024-04-12T09:45:34.800833+00:00
[2024-04-12T09:45:34.842+0000] {processor.py:175} INFO - Processing /usr/local/python/3.10.13/lib/python3.10/site-packages/airflow/example_dags/example_short_circuit_decorator.py took 0.105 seconds
