[2024-04-12T09:41:13.795+0000] {processor.py:153} INFO - Started process (PID=24096) to work on /usr/local/python/3.10.13/lib/python3.10/site-packages/airflow/example_dags/example_branch_labels.py
[2024-04-12T09:41:13.796+0000] {processor.py:743} INFO - Processing file /usr/local/python/3.10.13/lib/python3.10/site-packages/airflow/example_dags/example_branch_labels.py for tasks to queue
[2024-04-12T09:41:13.797+0000] {logging_mixin.py:137} INFO - [2024-04-12T09:41:13.797+0000] {dagbag.py:538} INFO - Filling up the DagBag from /usr/local/python/3.10.13/lib/python3.10/site-packages/airflow/example_dags/example_branch_labels.py
[2024-04-12T09:41:13.811+0000] {processor.py:753} INFO - DAG(s) dict_keys(['example_branch_labels']) retrieved from /usr/local/python/3.10.13/lib/python3.10/site-packages/airflow/example_dags/example_branch_labels.py
[2024-04-12T09:41:13.953+0000] {logging_mixin.py:137} INFO - [2024-04-12T09:41:13.953+0000] {manager.py:504} INFO - Created Permission View: can delete on DAG:example_branch_labels
[2024-04-12T09:41:13.986+0000] {logging_mixin.py:137} INFO - [2024-04-12T09:41:13.985+0000] {manager.py:504} INFO - Created Permission View: can edit on DAG:example_branch_labels
[2024-04-12T09:41:14.020+0000] {logging_mixin.py:137} INFO - [2024-04-12T09:41:14.020+0000] {manager.py:504} INFO - Created Permission View: can read on DAG:example_branch_labels
[2024-04-12T09:41:14.020+0000] {logging_mixin.py:137} INFO - [2024-04-12T09:41:14.020+0000] {dag.py:2690} INFO - Sync 1 DAGs
[2024-04-12T09:41:14.028+0000] {logging_mixin.py:137} INFO - [2024-04-12T09:41:14.028+0000] {dag.py:2711} INFO - Creating ORM DAG for example_branch_labels
[2024-04-12T09:41:14.037+0000] {logging_mixin.py:137} INFO - [2024-04-12T09:41:14.037+0000] {dag.py:3437} INFO - Setting next_dagrun for example_branch_labels to 2024-04-11T00:00:00+00:00, run_after=2024-04-12T00:00:00+00:00
[2024-04-12T09:41:14.085+0000] {processor.py:175} INFO - Processing /usr/local/python/3.10.13/lib/python3.10/site-packages/airflow/example_dags/example_branch_labels.py took 0.291 seconds
[2024-04-12T09:41:54.580+0000] {processor.py:153} INFO - Started process (PID=24385) to work on /usr/local/python/3.10.13/lib/python3.10/site-packages/airflow/example_dags/example_branch_labels.py
[2024-04-12T09:41:54.581+0000] {processor.py:743} INFO - Processing file /usr/local/python/3.10.13/lib/python3.10/site-packages/airflow/example_dags/example_branch_labels.py for tasks to queue
[2024-04-12T09:41:54.581+0000] {logging_mixin.py:137} INFO - [2024-04-12T09:41:54.581+0000] {dagbag.py:538} INFO - Filling up the DagBag from /usr/local/python/3.10.13/lib/python3.10/site-packages/airflow/example_dags/example_branch_labels.py
[2024-04-12T09:41:54.595+0000] {processor.py:753} INFO - DAG(s) dict_keys(['example_branch_labels']) retrieved from /usr/local/python/3.10.13/lib/python3.10/site-packages/airflow/example_dags/example_branch_labels.py
[2024-04-12T09:41:54.614+0000] {logging_mixin.py:137} INFO - [2024-04-12T09:41:54.613+0000] {dag.py:2690} INFO - Sync 1 DAGs
[2024-04-12T09:41:54.631+0000] {logging_mixin.py:137} INFO - [2024-04-12T09:41:54.631+0000] {dag.py:3437} INFO - Setting next_dagrun for example_branch_labels to 2024-04-11T00:00:00+00:00, run_after=2024-04-12T00:00:00+00:00
[2024-04-12T09:41:54.671+0000] {processor.py:175} INFO - Processing /usr/local/python/3.10.13/lib/python3.10/site-packages/airflow/example_dags/example_branch_labels.py took 0.093 seconds
[2024-04-12T09:42:34.931+0000] {processor.py:153} INFO - Started process (PID=24669) to work on /usr/local/python/3.10.13/lib/python3.10/site-packages/airflow/example_dags/example_branch_labels.py
[2024-04-12T09:42:34.932+0000] {processor.py:743} INFO - Processing file /usr/local/python/3.10.13/lib/python3.10/site-packages/airflow/example_dags/example_branch_labels.py for tasks to queue
[2024-04-12T09:42:34.932+0000] {logging_mixin.py:137} INFO - [2024-04-12T09:42:34.932+0000] {dagbag.py:538} INFO - Filling up the DagBag from /usr/local/python/3.10.13/lib/python3.10/site-packages/airflow/example_dags/example_branch_labels.py
[2024-04-12T09:42:34.946+0000] {processor.py:753} INFO - DAG(s) dict_keys(['example_branch_labels']) retrieved from /usr/local/python/3.10.13/lib/python3.10/site-packages/airflow/example_dags/example_branch_labels.py
[2024-04-12T09:42:34.962+0000] {logging_mixin.py:137} INFO - [2024-04-12T09:42:34.961+0000] {dag.py:2690} INFO - Sync 1 DAGs
[2024-04-12T09:42:34.979+0000] {logging_mixin.py:137} INFO - [2024-04-12T09:42:34.979+0000] {dag.py:3437} INFO - Setting next_dagrun for example_branch_labels to 2024-04-11T00:00:00+00:00, run_after=2024-04-12T00:00:00+00:00
[2024-04-12T09:42:35.018+0000] {processor.py:175} INFO - Processing /usr/local/python/3.10.13/lib/python3.10/site-packages/airflow/example_dags/example_branch_labels.py took 0.089 seconds
[2024-04-12T09:43:14.321+0000] {processor.py:153} INFO - Started process (PID=24940) to work on /usr/local/python/3.10.13/lib/python3.10/site-packages/airflow/example_dags/example_branch_labels.py
[2024-04-12T09:43:14.322+0000] {processor.py:743} INFO - Processing file /usr/local/python/3.10.13/lib/python3.10/site-packages/airflow/example_dags/example_branch_labels.py for tasks to queue
[2024-04-12T09:43:14.322+0000] {logging_mixin.py:137} INFO - [2024-04-12T09:43:14.322+0000] {dagbag.py:538} INFO - Filling up the DagBag from /usr/local/python/3.10.13/lib/python3.10/site-packages/airflow/example_dags/example_branch_labels.py
[2024-04-12T09:43:14.340+0000] {processor.py:753} INFO - DAG(s) dict_keys(['example_branch_labels']) retrieved from /usr/local/python/3.10.13/lib/python3.10/site-packages/airflow/example_dags/example_branch_labels.py
[2024-04-12T09:43:14.363+0000] {logging_mixin.py:137} INFO - [2024-04-12T09:43:14.363+0000] {dag.py:2690} INFO - Sync 1 DAGs
[2024-04-12T09:43:14.391+0000] {logging_mixin.py:137} INFO - [2024-04-12T09:43:14.391+0000] {dag.py:3437} INFO - Setting next_dagrun for example_branch_labels to 2024-04-11T00:00:00+00:00, run_after=2024-04-12T00:00:00+00:00
[2024-04-12T09:43:14.436+0000] {processor.py:175} INFO - Processing /usr/local/python/3.10.13/lib/python3.10/site-packages/airflow/example_dags/example_branch_labels.py took 0.118 seconds
[2024-04-12T09:43:56.323+0000] {processor.py:153} INFO - Started process (PID=25403) to work on /usr/local/python/3.10.13/lib/python3.10/site-packages/airflow/example_dags/example_branch_labels.py
[2024-04-12T09:43:56.324+0000] {processor.py:743} INFO - Processing file /usr/local/python/3.10.13/lib/python3.10/site-packages/airflow/example_dags/example_branch_labels.py for tasks to queue
[2024-04-12T09:43:56.325+0000] {logging_mixin.py:137} INFO - [2024-04-12T09:43:56.324+0000] {dagbag.py:538} INFO - Filling up the DagBag from /usr/local/python/3.10.13/lib/python3.10/site-packages/airflow/example_dags/example_branch_labels.py
[2024-04-12T09:43:56.341+0000] {processor.py:753} INFO - DAG(s) dict_keys(['example_branch_labels']) retrieved from /usr/local/python/3.10.13/lib/python3.10/site-packages/airflow/example_dags/example_branch_labels.py
[2024-04-12T09:43:56.363+0000] {logging_mixin.py:137} INFO - [2024-04-12T09:43:56.363+0000] {dag.py:2690} INFO - Sync 1 DAGs
[2024-04-12T09:43:56.393+0000] {logging_mixin.py:137} INFO - [2024-04-12T09:43:56.392+0000] {dag.py:3437} INFO - Setting next_dagrun for example_branch_labels to 2024-04-11T00:00:00+00:00, run_after=2024-04-12T00:00:00+00:00
[2024-04-12T09:43:56.440+0000] {processor.py:175} INFO - Processing /usr/local/python/3.10.13/lib/python3.10/site-packages/airflow/example_dags/example_branch_labels.py took 0.119 seconds
[2024-04-12T09:44:38.434+0000] {processor.py:153} INFO - Started process (PID=25844) to work on /usr/local/python/3.10.13/lib/python3.10/site-packages/airflow/example_dags/example_branch_labels.py
[2024-04-12T09:44:38.434+0000] {processor.py:743} INFO - Processing file /usr/local/python/3.10.13/lib/python3.10/site-packages/airflow/example_dags/example_branch_labels.py for tasks to queue
[2024-04-12T09:44:38.435+0000] {logging_mixin.py:137} INFO - [2024-04-12T09:44:38.435+0000] {dagbag.py:538} INFO - Filling up the DagBag from /usr/local/python/3.10.13/lib/python3.10/site-packages/airflow/example_dags/example_branch_labels.py
[2024-04-12T09:44:38.449+0000] {processor.py:753} INFO - DAG(s) dict_keys(['example_branch_labels']) retrieved from /usr/local/python/3.10.13/lib/python3.10/site-packages/airflow/example_dags/example_branch_labels.py
[2024-04-12T09:44:38.465+0000] {logging_mixin.py:137} INFO - [2024-04-12T09:44:38.465+0000] {dag.py:2690} INFO - Sync 1 DAGs
[2024-04-12T09:44:38.486+0000] {logging_mixin.py:137} INFO - [2024-04-12T09:44:38.486+0000] {dag.py:3437} INFO - Setting next_dagrun for example_branch_labels to 2024-04-11T00:00:00+00:00, run_after=2024-04-12T00:00:00+00:00
[2024-04-12T09:44:38.531+0000] {processor.py:175} INFO - Processing /usr/local/python/3.10.13/lib/python3.10/site-packages/airflow/example_dags/example_branch_labels.py took 0.100 seconds
[2024-04-12T09:45:19.013+0000] {processor.py:153} INFO - Started process (PID=26123) to work on /usr/local/python/3.10.13/lib/python3.10/site-packages/airflow/example_dags/example_branch_labels.py
[2024-04-12T09:45:19.014+0000] {processor.py:743} INFO - Processing file /usr/local/python/3.10.13/lib/python3.10/site-packages/airflow/example_dags/example_branch_labels.py for tasks to queue
[2024-04-12T09:45:19.014+0000] {logging_mixin.py:137} INFO - [2024-04-12T09:45:19.014+0000] {dagbag.py:538} INFO - Filling up the DagBag from /usr/local/python/3.10.13/lib/python3.10/site-packages/airflow/example_dags/example_branch_labels.py
[2024-04-12T09:45:19.027+0000] {processor.py:753} INFO - DAG(s) dict_keys(['example_branch_labels']) retrieved from /usr/local/python/3.10.13/lib/python3.10/site-packages/airflow/example_dags/example_branch_labels.py
[2024-04-12T09:45:19.047+0000] {logging_mixin.py:137} INFO - [2024-04-12T09:45:19.047+0000] {dag.py:2690} INFO - Sync 1 DAGs
[2024-04-12T09:45:19.068+0000] {logging_mixin.py:137} INFO - [2024-04-12T09:45:19.067+0000] {dag.py:3437} INFO - Setting next_dagrun for example_branch_labels to 2024-04-11T00:00:00+00:00, run_after=2024-04-12T00:00:00+00:00
[2024-04-12T09:45:19.109+0000] {processor.py:175} INFO - Processing /usr/local/python/3.10.13/lib/python3.10/site-packages/airflow/example_dags/example_branch_labels.py took 0.098 seconds
[2024-04-12T09:46:00.341+0000] {processor.py:153} INFO - Started process (PID=26410) to work on /usr/local/python/3.10.13/lib/python3.10/site-packages/airflow/example_dags/example_branch_labels.py
[2024-04-12T09:46:00.342+0000] {processor.py:743} INFO - Processing file /usr/local/python/3.10.13/lib/python3.10/site-packages/airflow/example_dags/example_branch_labels.py for tasks to queue
[2024-04-12T09:46:00.342+0000] {logging_mixin.py:137} INFO - [2024-04-12T09:46:00.342+0000] {dagbag.py:538} INFO - Filling up the DagBag from /usr/local/python/3.10.13/lib/python3.10/site-packages/airflow/example_dags/example_branch_labels.py
[2024-04-12T09:46:00.357+0000] {processor.py:753} INFO - DAG(s) dict_keys(['example_branch_labels']) retrieved from /usr/local/python/3.10.13/lib/python3.10/site-packages/airflow/example_dags/example_branch_labels.py
[2024-04-12T09:46:00.373+0000] {logging_mixin.py:137} INFO - [2024-04-12T09:46:00.373+0000] {dag.py:2690} INFO - Sync 1 DAGs
[2024-04-12T09:46:00.392+0000] {logging_mixin.py:137} INFO - [2024-04-12T09:46:00.392+0000] {dag.py:3437} INFO - Setting next_dagrun for example_branch_labels to 2024-04-11T00:00:00+00:00, run_after=2024-04-12T00:00:00+00:00
[2024-04-12T09:46:00.433+0000] {processor.py:175} INFO - Processing /usr/local/python/3.10.13/lib/python3.10/site-packages/airflow/example_dags/example_branch_labels.py took 0.096 seconds
