[2024-04-12T09:40:52.098+0000] {processor.py:153} INFO - Started process (PID=23943) to work on /usr/local/python/3.10.13/lib/python3.10/site-packages/airflow/example_dags/example_external_task_marker_dag.py
[2024-04-12T09:40:52.098+0000] {processor.py:743} INFO - Processing file /usr/local/python/3.10.13/lib/python3.10/site-packages/airflow/example_dags/example_external_task_marker_dag.py for tasks to queue
[2024-04-12T09:40:52.099+0000] {logging_mixin.py:137} INFO - [2024-04-12T09:40:52.099+0000] {dagbag.py:538} INFO - Filling up the DagBag from /usr/local/python/3.10.13/lib/python3.10/site-packages/airflow/example_dags/example_external_task_marker_dag.py
[2024-04-12T09:40:52.111+0000] {processor.py:753} INFO - DAG(s) dict_keys(['example_external_task_marker_parent', 'example_external_task_marker_child']) retrieved from /usr/local/python/3.10.13/lib/python3.10/site-packages/airflow/example_dags/example_external_task_marker_dag.py
[2024-04-12T09:40:52.249+0000] {logging_mixin.py:137} INFO - [2024-04-12T09:40:52.249+0000] {manager.py:504} INFO - Created Permission View: can delete on DAG:example_external_task_marker_parent
[2024-04-12T09:40:52.287+0000] {logging_mixin.py:137} INFO - [2024-04-12T09:40:52.287+0000] {manager.py:504} INFO - Created Permission View: can edit on DAG:example_external_task_marker_parent
[2024-04-12T09:40:52.324+0000] {logging_mixin.py:137} INFO - [2024-04-12T09:40:52.324+0000] {manager.py:504} INFO - Created Permission View: can read on DAG:example_external_task_marker_parent
[2024-04-12T09:40:52.395+0000] {logging_mixin.py:137} INFO - [2024-04-12T09:40:52.394+0000] {manager.py:504} INFO - Created Permission View: can delete on DAG:example_external_task_marker_child
[2024-04-12T09:40:52.424+0000] {logging_mixin.py:137} INFO - [2024-04-12T09:40:52.424+0000] {manager.py:504} INFO - Created Permission View: can edit on DAG:example_external_task_marker_child
[2024-04-12T09:40:52.462+0000] {logging_mixin.py:137} INFO - [2024-04-12T09:40:52.461+0000] {manager.py:504} INFO - Created Permission View: can read on DAG:example_external_task_marker_child
[2024-04-12T09:40:52.462+0000] {logging_mixin.py:137} INFO - [2024-04-12T09:40:52.462+0000] {dag.py:2690} INFO - Sync 2 DAGs
[2024-04-12T09:40:52.473+0000] {logging_mixin.py:137} INFO - [2024-04-12T09:40:52.473+0000] {dag.py:2711} INFO - Creating ORM DAG for example_external_task_marker_child
[2024-04-12T09:40:52.474+0000] {logging_mixin.py:137} INFO - [2024-04-12T09:40:52.474+0000] {dag.py:2711} INFO - Creating ORM DAG for example_external_task_marker_parent
[2024-04-12T09:40:52.485+0000] {logging_mixin.py:137} INFO - [2024-04-12T09:40:52.485+0000] {dag.py:3437} INFO - Setting next_dagrun for example_external_task_marker_child to None, run_after=None
[2024-04-12T09:40:52.486+0000] {logging_mixin.py:137} INFO - [2024-04-12T09:40:52.485+0000] {dag.py:3437} INFO - Setting next_dagrun for example_external_task_marker_parent to None, run_after=None
[2024-04-12T09:40:52.536+0000] {processor.py:175} INFO - Processing /usr/local/python/3.10.13/lib/python3.10/site-packages/airflow/example_dags/example_external_task_marker_dag.py took 0.441 seconds
[2024-04-12T09:41:37.355+0000] {processor.py:153} INFO - Started process (PID=24265) to work on /usr/local/python/3.10.13/lib/python3.10/site-packages/airflow/example_dags/example_external_task_marker_dag.py
[2024-04-12T09:41:37.355+0000] {processor.py:743} INFO - Processing file /usr/local/python/3.10.13/lib/python3.10/site-packages/airflow/example_dags/example_external_task_marker_dag.py for tasks to queue
[2024-04-12T09:41:37.356+0000] {logging_mixin.py:137} INFO - [2024-04-12T09:41:37.356+0000] {dagbag.py:538} INFO - Filling up the DagBag from /usr/local/python/3.10.13/lib/python3.10/site-packages/airflow/example_dags/example_external_task_marker_dag.py
[2024-04-12T09:41:37.369+0000] {processor.py:753} INFO - DAG(s) dict_keys(['example_external_task_marker_parent', 'example_external_task_marker_child']) retrieved from /usr/local/python/3.10.13/lib/python3.10/site-packages/airflow/example_dags/example_external_task_marker_dag.py
[2024-04-12T09:41:37.389+0000] {logging_mixin.py:137} INFO - [2024-04-12T09:41:37.389+0000] {dag.py:2690} INFO - Sync 2 DAGs
[2024-04-12T09:41:37.405+0000] {logging_mixin.py:137} INFO - [2024-04-12T09:41:37.405+0000] {dag.py:3437} INFO - Setting next_dagrun for example_external_task_marker_child to None, run_after=None
[2024-04-12T09:41:37.407+0000] {logging_mixin.py:137} INFO - [2024-04-12T09:41:37.407+0000] {dag.py:3437} INFO - Setting next_dagrun for example_external_task_marker_parent to None, run_after=None
[2024-04-12T09:41:37.451+0000] {processor.py:175} INFO - Processing /usr/local/python/3.10.13/lib/python3.10/site-packages/airflow/example_dags/example_external_task_marker_dag.py took 0.098 seconds
[2024-04-12T09:42:16.290+0000] {processor.py:153} INFO - Started process (PID=24537) to work on /usr/local/python/3.10.13/lib/python3.10/site-packages/airflow/example_dags/example_external_task_marker_dag.py
[2024-04-12T09:42:16.291+0000] {processor.py:743} INFO - Processing file /usr/local/python/3.10.13/lib/python3.10/site-packages/airflow/example_dags/example_external_task_marker_dag.py for tasks to queue
[2024-04-12T09:42:16.291+0000] {logging_mixin.py:137} INFO - [2024-04-12T09:42:16.291+0000] {dagbag.py:538} INFO - Filling up the DagBag from /usr/local/python/3.10.13/lib/python3.10/site-packages/airflow/example_dags/example_external_task_marker_dag.py
[2024-04-12T09:42:16.305+0000] {processor.py:753} INFO - DAG(s) dict_keys(['example_external_task_marker_parent', 'example_external_task_marker_child']) retrieved from /usr/local/python/3.10.13/lib/python3.10/site-packages/airflow/example_dags/example_external_task_marker_dag.py
[2024-04-12T09:42:16.322+0000] {logging_mixin.py:137} INFO - [2024-04-12T09:42:16.321+0000] {dag.py:2690} INFO - Sync 2 DAGs
[2024-04-12T09:42:16.338+0000] {logging_mixin.py:137} INFO - [2024-04-12T09:42:16.337+0000] {dag.py:3437} INFO - Setting next_dagrun for example_external_task_marker_child to None, run_after=None
[2024-04-12T09:42:16.340+0000] {logging_mixin.py:137} INFO - [2024-04-12T09:42:16.340+0000] {dag.py:3437} INFO - Setting next_dagrun for example_external_task_marker_parent to None, run_after=None
[2024-04-12T09:42:16.380+0000] {processor.py:175} INFO - Processing /usr/local/python/3.10.13/lib/python3.10/site-packages/airflow/example_dags/example_external_task_marker_dag.py took 0.092 seconds
[2024-04-12T09:42:56.931+0000] {processor.py:153} INFO - Started process (PID=24815) to work on /usr/local/python/3.10.13/lib/python3.10/site-packages/airflow/example_dags/example_external_task_marker_dag.py
[2024-04-12T09:42:56.931+0000] {processor.py:743} INFO - Processing file /usr/local/python/3.10.13/lib/python3.10/site-packages/airflow/example_dags/example_external_task_marker_dag.py for tasks to queue
[2024-04-12T09:42:56.932+0000] {logging_mixin.py:137} INFO - [2024-04-12T09:42:56.932+0000] {dagbag.py:538} INFO - Filling up the DagBag from /usr/local/python/3.10.13/lib/python3.10/site-packages/airflow/example_dags/example_external_task_marker_dag.py
[2024-04-12T09:42:56.945+0000] {processor.py:753} INFO - DAG(s) dict_keys(['example_external_task_marker_parent', 'example_external_task_marker_child']) retrieved from /usr/local/python/3.10.13/lib/python3.10/site-packages/airflow/example_dags/example_external_task_marker_dag.py
[2024-04-12T09:42:56.965+0000] {logging_mixin.py:137} INFO - [2024-04-12T09:42:56.964+0000] {dag.py:2690} INFO - Sync 2 DAGs
[2024-04-12T09:42:56.987+0000] {logging_mixin.py:137} INFO - [2024-04-12T09:42:56.987+0000] {dag.py:3437} INFO - Setting next_dagrun for example_external_task_marker_child to None, run_after=None
[2024-04-12T09:42:56.990+0000] {logging_mixin.py:137} INFO - [2024-04-12T09:42:56.990+0000] {dag.py:3437} INFO - Setting next_dagrun for example_external_task_marker_parent to None, run_after=None
[2024-04-12T09:42:57.037+0000] {processor.py:175} INFO - Processing /usr/local/python/3.10.13/lib/python3.10/site-packages/airflow/example_dags/example_external_task_marker_dag.py took 0.108 seconds
[2024-04-12T09:43:34.058+0000] {processor.py:153} INFO - Started process (PID=25132) to work on /usr/local/python/3.10.13/lib/python3.10/site-packages/airflow/example_dags/example_external_task_marker_dag.py
[2024-04-12T09:43:34.059+0000] {processor.py:743} INFO - Processing file /usr/local/python/3.10.13/lib/python3.10/site-packages/airflow/example_dags/example_external_task_marker_dag.py for tasks to queue
[2024-04-12T09:43:34.060+0000] {logging_mixin.py:137} INFO - [2024-04-12T09:43:34.060+0000] {dagbag.py:538} INFO - Filling up the DagBag from /usr/local/python/3.10.13/lib/python3.10/site-packages/airflow/example_dags/example_external_task_marker_dag.py
[2024-04-12T09:43:34.075+0000] {processor.py:753} INFO - DAG(s) dict_keys(['example_external_task_marker_parent', 'example_external_task_marker_child']) retrieved from /usr/local/python/3.10.13/lib/python3.10/site-packages/airflow/example_dags/example_external_task_marker_dag.py
[2024-04-12T09:43:34.097+0000] {logging_mixin.py:137} INFO - [2024-04-12T09:43:34.097+0000] {dag.py:2690} INFO - Sync 2 DAGs
[2024-04-12T09:43:34.113+0000] {logging_mixin.py:137} INFO - [2024-04-12T09:43:34.113+0000] {dag.py:3437} INFO - Setting next_dagrun for example_external_task_marker_child to None, run_after=None
[2024-04-12T09:43:34.116+0000] {logging_mixin.py:137} INFO - [2024-04-12T09:43:34.116+0000] {dag.py:3437} INFO - Setting next_dagrun for example_external_task_marker_parent to None, run_after=None
[2024-04-12T09:43:34.171+0000] {processor.py:175} INFO - Processing /usr/local/python/3.10.13/lib/python3.10/site-packages/airflow/example_dags/example_external_task_marker_dag.py took 0.116 seconds
[2024-04-12T09:44:14.367+0000] {processor.py:153} INFO - Started process (PID=25607) to work on /usr/local/python/3.10.13/lib/python3.10/site-packages/airflow/example_dags/example_external_task_marker_dag.py
[2024-04-12T09:44:14.367+0000] {processor.py:743} INFO - Processing file /usr/local/python/3.10.13/lib/python3.10/site-packages/airflow/example_dags/example_external_task_marker_dag.py for tasks to queue
[2024-04-12T09:44:14.368+0000] {logging_mixin.py:137} INFO - [2024-04-12T09:44:14.368+0000] {dagbag.py:538} INFO - Filling up the DagBag from /usr/local/python/3.10.13/lib/python3.10/site-packages/airflow/example_dags/example_external_task_marker_dag.py
[2024-04-12T09:44:14.381+0000] {processor.py:753} INFO - DAG(s) dict_keys(['example_external_task_marker_parent', 'example_external_task_marker_child']) retrieved from /usr/local/python/3.10.13/lib/python3.10/site-packages/airflow/example_dags/example_external_task_marker_dag.py
[2024-04-12T09:44:14.398+0000] {logging_mixin.py:137} INFO - [2024-04-12T09:44:14.398+0000] {dag.py:2690} INFO - Sync 2 DAGs
[2024-04-12T09:44:14.415+0000] {logging_mixin.py:137} INFO - [2024-04-12T09:44:14.415+0000] {dag.py:3437} INFO - Setting next_dagrun for example_external_task_marker_child to None, run_after=None
[2024-04-12T09:44:14.418+0000] {logging_mixin.py:137} INFO - [2024-04-12T09:44:14.418+0000] {dag.py:3437} INFO - Setting next_dagrun for example_external_task_marker_parent to None, run_after=None
[2024-04-12T09:44:14.461+0000] {processor.py:175} INFO - Processing /usr/local/python/3.10.13/lib/python3.10/site-packages/airflow/example_dags/example_external_task_marker_dag.py took 0.097 seconds
[2024-04-12T09:44:55.224+0000] {processor.py:153} INFO - Started process (PID=25965) to work on /usr/local/python/3.10.13/lib/python3.10/site-packages/airflow/example_dags/example_external_task_marker_dag.py
[2024-04-12T09:44:55.225+0000] {processor.py:743} INFO - Processing file /usr/local/python/3.10.13/lib/python3.10/site-packages/airflow/example_dags/example_external_task_marker_dag.py for tasks to queue
[2024-04-12T09:44:55.226+0000] {logging_mixin.py:137} INFO - [2024-04-12T09:44:55.225+0000] {dagbag.py:538} INFO - Filling up the DagBag from /usr/local/python/3.10.13/lib/python3.10/site-packages/airflow/example_dags/example_external_task_marker_dag.py
[2024-04-12T09:44:55.238+0000] {processor.py:753} INFO - DAG(s) dict_keys(['example_external_task_marker_child', 'example_external_task_marker_parent']) retrieved from /usr/local/python/3.10.13/lib/python3.10/site-packages/airflow/example_dags/example_external_task_marker_dag.py
[2024-04-12T09:44:55.255+0000] {logging_mixin.py:137} INFO - [2024-04-12T09:44:55.255+0000] {dag.py:2690} INFO - Sync 2 DAGs
[2024-04-12T09:44:55.272+0000] {logging_mixin.py:137} INFO - [2024-04-12T09:44:55.272+0000] {dag.py:3437} INFO - Setting next_dagrun for example_external_task_marker_child to None, run_after=None
[2024-04-12T09:44:55.275+0000] {logging_mixin.py:137} INFO - [2024-04-12T09:44:55.275+0000] {dag.py:3437} INFO - Setting next_dagrun for example_external_task_marker_parent to None, run_after=None
[2024-04-12T09:44:55.317+0000] {processor.py:175} INFO - Processing /usr/local/python/3.10.13/lib/python3.10/site-packages/airflow/example_dags/example_external_task_marker_dag.py took 0.095 seconds
[2024-04-12T09:45:33.916+0000] {processor.py:153} INFO - Started process (PID=26236) to work on /usr/local/python/3.10.13/lib/python3.10/site-packages/airflow/example_dags/example_external_task_marker_dag.py
[2024-04-12T09:45:33.917+0000] {processor.py:743} INFO - Processing file /usr/local/python/3.10.13/lib/python3.10/site-packages/airflow/example_dags/example_external_task_marker_dag.py for tasks to queue
[2024-04-12T09:45:33.917+0000] {logging_mixin.py:137} INFO - [2024-04-12T09:45:33.917+0000] {dagbag.py:538} INFO - Filling up the DagBag from /usr/local/python/3.10.13/lib/python3.10/site-packages/airflow/example_dags/example_external_task_marker_dag.py
[2024-04-12T09:45:33.930+0000] {processor.py:753} INFO - DAG(s) dict_keys(['example_external_task_marker_child', 'example_external_task_marker_parent']) retrieved from /usr/local/python/3.10.13/lib/python3.10/site-packages/airflow/example_dags/example_external_task_marker_dag.py
[2024-04-12T09:45:33.949+0000] {logging_mixin.py:137} INFO - [2024-04-12T09:45:33.949+0000] {dag.py:2690} INFO - Sync 2 DAGs
[2024-04-12T09:45:33.966+0000] {logging_mixin.py:137} INFO - [2024-04-12T09:45:33.966+0000] {dag.py:3437} INFO - Setting next_dagrun for example_external_task_marker_child to None, run_after=None
[2024-04-12T09:45:33.968+0000] {logging_mixin.py:137} INFO - [2024-04-12T09:45:33.968+0000] {dag.py:3437} INFO - Setting next_dagrun for example_external_task_marker_parent to None, run_after=None
[2024-04-12T09:45:34.008+0000] {processor.py:175} INFO - Processing /usr/local/python/3.10.13/lib/python3.10/site-packages/airflow/example_dags/example_external_task_marker_dag.py took 0.095 seconds
