[2024-04-12T09:40:56.097+0000] {processor.py:153} INFO - Started process (PID=23958) to work on /usr/local/python/3.10.13/lib/python3.10/site-packages/airflow/example_dags/example_dag_decorator.py
[2024-04-12T09:40:56.097+0000] {processor.py:743} INFO - Processing file /usr/local/python/3.10.13/lib/python3.10/site-packages/airflow/example_dags/example_dag_decorator.py for tasks to queue
[2024-04-12T09:40:56.098+0000] {logging_mixin.py:137} INFO - [2024-04-12T09:40:56.098+0000] {dagbag.py:538} INFO - Filling up the DagBag from /usr/local/python/3.10.13/lib/python3.10/site-packages/airflow/example_dags/example_dag_decorator.py
[2024-04-12T09:40:56.113+0000] {logging_mixin.py:137} INFO - [2024-04-12T09:40:56.113+0000] {taskmixin.py:205} WARNING - Dependency <Task(_PythonDecoratedOperator): prepare_email>, send_email already registered for DAG: example_dag_decorator
[2024-04-12T09:40:56.113+0000] {logging_mixin.py:137} INFO - [2024-04-12T09:40:56.113+0000] {taskmixin.py:205} WARNING - Dependency <Task(EmailOperator): send_email>, prepare_email already registered for DAG: example_dag_decorator
[2024-04-12T09:40:56.123+0000] {processor.py:753} INFO - DAG(s) dict_keys(['example_dag_decorator']) retrieved from /usr/local/python/3.10.13/lib/python3.10/site-packages/airflow/example_dags/example_dag_decorator.py
[2024-04-12T09:40:56.269+0000] {logging_mixin.py:137} INFO - [2024-04-12T09:40:56.269+0000] {manager.py:504} INFO - Created Permission View: can delete on DAG:example_dag_decorator
[2024-04-12T09:40:56.299+0000] {logging_mixin.py:137} INFO - [2024-04-12T09:40:56.299+0000] {manager.py:504} INFO - Created Permission View: can edit on DAG:example_dag_decorator
[2024-04-12T09:40:56.331+0000] {logging_mixin.py:137} INFO - [2024-04-12T09:40:56.330+0000] {manager.py:504} INFO - Created Permission View: can read on DAG:example_dag_decorator
[2024-04-12T09:40:56.331+0000] {logging_mixin.py:137} INFO - [2024-04-12T09:40:56.331+0000] {dag.py:2690} INFO - Sync 1 DAGs
[2024-04-12T09:40:56.343+0000] {logging_mixin.py:137} INFO - [2024-04-12T09:40:56.343+0000] {dag.py:2711} INFO - Creating ORM DAG for example_dag_decorator
[2024-04-12T09:40:56.350+0000] {logging_mixin.py:137} INFO - [2024-04-12T09:40:56.350+0000] {dag.py:3437} INFO - Setting next_dagrun for example_dag_decorator to None, run_after=None
[2024-04-12T09:40:56.396+0000] {processor.py:175} INFO - Processing /usr/local/python/3.10.13/lib/python3.10/site-packages/airflow/example_dags/example_dag_decorator.py took 0.302 seconds
[2024-04-12T09:41:40.244+0000] {processor.py:153} INFO - Started process (PID=24298) to work on /usr/local/python/3.10.13/lib/python3.10/site-packages/airflow/example_dags/example_dag_decorator.py
[2024-04-12T09:41:40.245+0000] {processor.py:743} INFO - Processing file /usr/local/python/3.10.13/lib/python3.10/site-packages/airflow/example_dags/example_dag_decorator.py for tasks to queue
[2024-04-12T09:41:40.245+0000] {logging_mixin.py:137} INFO - [2024-04-12T09:41:40.245+0000] {dagbag.py:538} INFO - Filling up the DagBag from /usr/local/python/3.10.13/lib/python3.10/site-packages/airflow/example_dags/example_dag_decorator.py
[2024-04-12T09:41:40.261+0000] {logging_mixin.py:137} INFO - [2024-04-12T09:41:40.261+0000] {taskmixin.py:205} WARNING - Dependency <Task(_PythonDecoratedOperator): prepare_email>, send_email already registered for DAG: example_dag_decorator
[2024-04-12T09:41:40.262+0000] {logging_mixin.py:137} INFO - [2024-04-12T09:41:40.261+0000] {taskmixin.py:205} WARNING - Dependency <Task(EmailOperator): send_email>, prepare_email already registered for DAG: example_dag_decorator
[2024-04-12T09:41:40.273+0000] {processor.py:753} INFO - DAG(s) dict_keys(['example_dag_decorator']) retrieved from /usr/local/python/3.10.13/lib/python3.10/site-packages/airflow/example_dags/example_dag_decorator.py
[2024-04-12T09:41:40.316+0000] {logging_mixin.py:137} INFO - [2024-04-12T09:41:40.316+0000] {dag.py:2690} INFO - Sync 1 DAGs
[2024-04-12T09:41:40.371+0000] {logging_mixin.py:137} INFO - [2024-04-12T09:41:40.371+0000] {dag.py:3437} INFO - Setting next_dagrun for example_dag_decorator to None, run_after=None
[2024-04-12T09:41:40.428+0000] {processor.py:175} INFO - Processing /usr/local/python/3.10.13/lib/python3.10/site-packages/airflow/example_dags/example_dag_decorator.py took 0.187 seconds
[2024-04-12T09:42:19.903+0000] {processor.py:153} INFO - Started process (PID=24570) to work on /usr/local/python/3.10.13/lib/python3.10/site-packages/airflow/example_dags/example_dag_decorator.py
[2024-04-12T09:42:19.904+0000] {processor.py:743} INFO - Processing file /usr/local/python/3.10.13/lib/python3.10/site-packages/airflow/example_dags/example_dag_decorator.py for tasks to queue
[2024-04-12T09:42:19.905+0000] {logging_mixin.py:137} INFO - [2024-04-12T09:42:19.905+0000] {dagbag.py:538} INFO - Filling up the DagBag from /usr/local/python/3.10.13/lib/python3.10/site-packages/airflow/example_dags/example_dag_decorator.py
[2024-04-12T09:42:19.926+0000] {logging_mixin.py:137} INFO - [2024-04-12T09:42:19.926+0000] {taskmixin.py:205} WARNING - Dependency <Task(_PythonDecoratedOperator): prepare_email>, send_email already registered for DAG: example_dag_decorator
[2024-04-12T09:42:19.926+0000] {logging_mixin.py:137} INFO - [2024-04-12T09:42:19.926+0000] {taskmixin.py:205} WARNING - Dependency <Task(EmailOperator): send_email>, prepare_email already registered for DAG: example_dag_decorator
[2024-04-12T09:42:19.939+0000] {processor.py:753} INFO - DAG(s) dict_keys(['example_dag_decorator']) retrieved from /usr/local/python/3.10.13/lib/python3.10/site-packages/airflow/example_dags/example_dag_decorator.py
[2024-04-12T09:42:20.000+0000] {logging_mixin.py:137} INFO - [2024-04-12T09:42:20.000+0000] {dag.py:2690} INFO - Sync 1 DAGs
[2024-04-12T09:42:20.024+0000] {logging_mixin.py:137} INFO - [2024-04-12T09:42:20.023+0000] {dag.py:3437} INFO - Setting next_dagrun for example_dag_decorator to None, run_after=None
[2024-04-12T09:42:20.067+0000] {processor.py:175} INFO - Processing /usr/local/python/3.10.13/lib/python3.10/site-packages/airflow/example_dags/example_dag_decorator.py took 0.166 seconds
[2024-04-12T09:42:59.847+0000] {processor.py:153} INFO - Started process (PID=24849) to work on /usr/local/python/3.10.13/lib/python3.10/site-packages/airflow/example_dags/example_dag_decorator.py
[2024-04-12T09:42:59.847+0000] {processor.py:743} INFO - Processing file /usr/local/python/3.10.13/lib/python3.10/site-packages/airflow/example_dags/example_dag_decorator.py for tasks to queue
[2024-04-12T09:42:59.848+0000] {logging_mixin.py:137} INFO - [2024-04-12T09:42:59.848+0000] {dagbag.py:538} INFO - Filling up the DagBag from /usr/local/python/3.10.13/lib/python3.10/site-packages/airflow/example_dags/example_dag_decorator.py
[2024-04-12T09:42:59.865+0000] {logging_mixin.py:137} INFO - [2024-04-12T09:42:59.865+0000] {taskmixin.py:205} WARNING - Dependency <Task(_PythonDecoratedOperator): prepare_email>, send_email already registered for DAG: example_dag_decorator
[2024-04-12T09:42:59.865+0000] {logging_mixin.py:137} INFO - [2024-04-12T09:42:59.865+0000] {taskmixin.py:205} WARNING - Dependency <Task(EmailOperator): send_email>, prepare_email already registered for DAG: example_dag_decorator
[2024-04-12T09:42:59.875+0000] {processor.py:753} INFO - DAG(s) dict_keys(['example_dag_decorator']) retrieved from /usr/local/python/3.10.13/lib/python3.10/site-packages/airflow/example_dags/example_dag_decorator.py
[2024-04-12T09:42:59.916+0000] {logging_mixin.py:137} INFO - [2024-04-12T09:42:59.916+0000] {dag.py:2690} INFO - Sync 1 DAGs
[2024-04-12T09:42:59.929+0000] {logging_mixin.py:137} INFO - [2024-04-12T09:42:59.929+0000] {dag.py:3437} INFO - Setting next_dagrun for example_dag_decorator to None, run_after=None
[2024-04-12T09:42:59.971+0000] {processor.py:175} INFO - Processing /usr/local/python/3.10.13/lib/python3.10/site-packages/airflow/example_dags/example_dag_decorator.py took 0.126 seconds
[2024-04-12T09:43:37.790+0000] {processor.py:153} INFO - Started process (PID=25178) to work on /usr/local/python/3.10.13/lib/python3.10/site-packages/airflow/example_dags/example_dag_decorator.py
[2024-04-12T09:43:37.791+0000] {processor.py:743} INFO - Processing file /usr/local/python/3.10.13/lib/python3.10/site-packages/airflow/example_dags/example_dag_decorator.py for tasks to queue
[2024-04-12T09:43:37.791+0000] {logging_mixin.py:137} INFO - [2024-04-12T09:43:37.791+0000] {dagbag.py:538} INFO - Filling up the DagBag from /usr/local/python/3.10.13/lib/python3.10/site-packages/airflow/example_dags/example_dag_decorator.py
[2024-04-12T09:43:37.807+0000] {logging_mixin.py:137} INFO - [2024-04-12T09:43:37.807+0000] {taskmixin.py:205} WARNING - Dependency <Task(_PythonDecoratedOperator): prepare_email>, send_email already registered for DAG: example_dag_decorator
[2024-04-12T09:43:37.807+0000] {logging_mixin.py:137} INFO - [2024-04-12T09:43:37.807+0000] {taskmixin.py:205} WARNING - Dependency <Task(EmailOperator): send_email>, prepare_email already registered for DAG: example_dag_decorator
[2024-04-12T09:43:37.818+0000] {processor.py:753} INFO - DAG(s) dict_keys(['example_dag_decorator']) retrieved from /usr/local/python/3.10.13/lib/python3.10/site-packages/airflow/example_dags/example_dag_decorator.py
[2024-04-12T09:43:37.862+0000] {logging_mixin.py:137} INFO - [2024-04-12T09:43:37.862+0000] {dag.py:2690} INFO - Sync 1 DAGs
[2024-04-12T09:43:37.876+0000] {logging_mixin.py:137} INFO - [2024-04-12T09:43:37.876+0000] {dag.py:3437} INFO - Setting next_dagrun for example_dag_decorator to None, run_after=None
[2024-04-12T09:43:37.919+0000] {processor.py:175} INFO - Processing /usr/local/python/3.10.13/lib/python3.10/site-packages/airflow/example_dags/example_dag_decorator.py took 0.131 seconds
[2024-04-12T09:44:17.359+0000] {processor.py:153} INFO - Started process (PID=25628) to work on /usr/local/python/3.10.13/lib/python3.10/site-packages/airflow/example_dags/example_dag_decorator.py
[2024-04-12T09:44:17.360+0000] {processor.py:743} INFO - Processing file /usr/local/python/3.10.13/lib/python3.10/site-packages/airflow/example_dags/example_dag_decorator.py for tasks to queue
[2024-04-12T09:44:17.361+0000] {logging_mixin.py:137} INFO - [2024-04-12T09:44:17.360+0000] {dagbag.py:538} INFO - Filling up the DagBag from /usr/local/python/3.10.13/lib/python3.10/site-packages/airflow/example_dags/example_dag_decorator.py
[2024-04-12T09:44:17.375+0000] {logging_mixin.py:137} INFO - [2024-04-12T09:44:17.375+0000] {taskmixin.py:205} WARNING - Dependency <Task(_PythonDecoratedOperator): prepare_email>, send_email already registered for DAG: example_dag_decorator
[2024-04-12T09:44:17.376+0000] {logging_mixin.py:137} INFO - [2024-04-12T09:44:17.375+0000] {taskmixin.py:205} WARNING - Dependency <Task(EmailOperator): send_email>, prepare_email already registered for DAG: example_dag_decorator
[2024-04-12T09:44:17.386+0000] {processor.py:753} INFO - DAG(s) dict_keys(['example_dag_decorator']) retrieved from /usr/local/python/3.10.13/lib/python3.10/site-packages/airflow/example_dags/example_dag_decorator.py
[2024-04-12T09:44:17.435+0000] {logging_mixin.py:137} INFO - [2024-04-12T09:44:17.435+0000] {dag.py:2690} INFO - Sync 1 DAGs
[2024-04-12T09:44:17.457+0000] {logging_mixin.py:137} INFO - [2024-04-12T09:44:17.456+0000] {dag.py:3437} INFO - Setting next_dagrun for example_dag_decorator to None, run_after=None
[2024-04-12T09:44:17.503+0000] {processor.py:175} INFO - Processing /usr/local/python/3.10.13/lib/python3.10/site-packages/airflow/example_dags/example_dag_decorator.py took 0.147 seconds
[2024-04-12T09:44:58.138+0000] {processor.py:153} INFO - Started process (PID=25980) to work on /usr/local/python/3.10.13/lib/python3.10/site-packages/airflow/example_dags/example_dag_decorator.py
[2024-04-12T09:44:58.138+0000] {processor.py:743} INFO - Processing file /usr/local/python/3.10.13/lib/python3.10/site-packages/airflow/example_dags/example_dag_decorator.py for tasks to queue
[2024-04-12T09:44:58.139+0000] {logging_mixin.py:137} INFO - [2024-04-12T09:44:58.139+0000] {dagbag.py:538} INFO - Filling up the DagBag from /usr/local/python/3.10.13/lib/python3.10/site-packages/airflow/example_dags/example_dag_decorator.py
[2024-04-12T09:44:58.155+0000] {logging_mixin.py:137} INFO - [2024-04-12T09:44:58.155+0000] {taskmixin.py:205} WARNING - Dependency <Task(_PythonDecoratedOperator): prepare_email>, send_email already registered for DAG: example_dag_decorator
[2024-04-12T09:44:58.155+0000] {logging_mixin.py:137} INFO - [2024-04-12T09:44:58.155+0000] {taskmixin.py:205} WARNING - Dependency <Task(EmailOperator): send_email>, prepare_email already registered for DAG: example_dag_decorator
[2024-04-12T09:44:58.166+0000] {processor.py:753} INFO - DAG(s) dict_keys(['example_dag_decorator']) retrieved from /usr/local/python/3.10.13/lib/python3.10/site-packages/airflow/example_dags/example_dag_decorator.py
[2024-04-12T09:44:58.208+0000] {logging_mixin.py:137} INFO - [2024-04-12T09:44:58.208+0000] {dag.py:2690} INFO - Sync 1 DAGs
[2024-04-12T09:44:58.222+0000] {logging_mixin.py:137} INFO - [2024-04-12T09:44:58.222+0000] {dag.py:3437} INFO - Setting next_dagrun for example_dag_decorator to None, run_after=None
[2024-04-12T09:44:58.264+0000] {processor.py:175} INFO - Processing /usr/local/python/3.10.13/lib/python3.10/site-packages/airflow/example_dags/example_dag_decorator.py took 0.128 seconds
[2024-04-12T09:45:37.251+0000] {processor.py:153} INFO - Started process (PID=26251) to work on /usr/local/python/3.10.13/lib/python3.10/site-packages/airflow/example_dags/example_dag_decorator.py
[2024-04-12T09:45:37.252+0000] {processor.py:743} INFO - Processing file /usr/local/python/3.10.13/lib/python3.10/site-packages/airflow/example_dags/example_dag_decorator.py for tasks to queue
[2024-04-12T09:45:37.252+0000] {logging_mixin.py:137} INFO - [2024-04-12T09:45:37.252+0000] {dagbag.py:538} INFO - Filling up the DagBag from /usr/local/python/3.10.13/lib/python3.10/site-packages/airflow/example_dags/example_dag_decorator.py
[2024-04-12T09:45:37.268+0000] {logging_mixin.py:137} INFO - [2024-04-12T09:45:37.268+0000] {taskmixin.py:205} WARNING - Dependency <Task(_PythonDecoratedOperator): prepare_email>, send_email already registered for DAG: example_dag_decorator
[2024-04-12T09:45:37.268+0000] {logging_mixin.py:137} INFO - [2024-04-12T09:45:37.268+0000] {taskmixin.py:205} WARNING - Dependency <Task(EmailOperator): send_email>, prepare_email already registered for DAG: example_dag_decorator
[2024-04-12T09:45:37.280+0000] {processor.py:753} INFO - DAG(s) dict_keys(['example_dag_decorator']) retrieved from /usr/local/python/3.10.13/lib/python3.10/site-packages/airflow/example_dags/example_dag_decorator.py
[2024-04-12T09:45:37.325+0000] {logging_mixin.py:137} INFO - [2024-04-12T09:45:37.325+0000] {dag.py:2690} INFO - Sync 1 DAGs
[2024-04-12T09:45:37.442+0000] {logging_mixin.py:137} INFO - [2024-04-12T09:45:37.442+0000] {dag.py:3437} INFO - Setting next_dagrun for example_dag_decorator to None, run_after=None
[2024-04-12T09:45:37.482+0000] {processor.py:175} INFO - Processing /usr/local/python/3.10.13/lib/python3.10/site-packages/airflow/example_dags/example_dag_decorator.py took 0.234 seconds
