[2024-04-12T09:40:32.106+0000] {processor.py:153} INFO - Started process (PID=23799) to work on /usr/local/python/3.10.13/lib/python3.10/site-packages/airflow/example_dags/example_task_group_decorator.py
[2024-04-12T09:40:32.107+0000] {processor.py:743} INFO - Processing file /usr/local/python/3.10.13/lib/python3.10/site-packages/airflow/example_dags/example_task_group_decorator.py for tasks to queue
[2024-04-12T09:40:32.107+0000] {logging_mixin.py:137} INFO - [2024-04-12T09:40:32.107+0000] {dagbag.py:538} INFO - Filling up the DagBag from /usr/local/python/3.10.13/lib/python3.10/site-packages/airflow/example_dags/example_task_group_decorator.py
[2024-04-12T09:40:32.135+0000] {processor.py:753} INFO - DAG(s) dict_keys(['example_task_group_decorator']) retrieved from /usr/local/python/3.10.13/lib/python3.10/site-packages/airflow/example_dags/example_task_group_decorator.py
[2024-04-12T09:40:32.284+0000] {logging_mixin.py:137} INFO - [2024-04-12T09:40:32.283+0000] {manager.py:504} INFO - Created Permission View: can delete on DAG:example_task_group_decorator
[2024-04-12T09:40:32.315+0000] {logging_mixin.py:137} INFO - [2024-04-12T09:40:32.315+0000] {manager.py:504} INFO - Created Permission View: can edit on DAG:example_task_group_decorator
[2024-04-12T09:40:32.346+0000] {logging_mixin.py:137} INFO - [2024-04-12T09:40:32.346+0000] {manager.py:504} INFO - Created Permission View: can read on DAG:example_task_group_decorator
[2024-04-12T09:40:32.346+0000] {logging_mixin.py:137} INFO - [2024-04-12T09:40:32.346+0000] {dag.py:2690} INFO - Sync 1 DAGs
[2024-04-12T09:40:32.355+0000] {logging_mixin.py:137} INFO - [2024-04-12T09:40:32.355+0000] {dag.py:2711} INFO - Creating ORM DAG for example_task_group_decorator
[2024-04-12T09:40:32.362+0000] {logging_mixin.py:137} INFO - [2024-04-12T09:40:32.362+0000] {dag.py:3437} INFO - Setting next_dagrun for example_task_group_decorator to 2024-04-11T09:40:32.362304+00:00, run_after=2024-04-12T09:40:32.362304+00:00
[2024-04-12T09:40:32.401+0000] {processor.py:175} INFO - Processing /usr/local/python/3.10.13/lib/python3.10/site-packages/airflow/example_dags/example_task_group_decorator.py took 0.297 seconds
[2024-04-12T09:41:21.408+0000] {processor.py:153} INFO - Started process (PID=24153) to work on /usr/local/python/3.10.13/lib/python3.10/site-packages/airflow/example_dags/example_task_group_decorator.py
[2024-04-12T09:41:21.409+0000] {processor.py:743} INFO - Processing file /usr/local/python/3.10.13/lib/python3.10/site-packages/airflow/example_dags/example_task_group_decorator.py for tasks to queue
[2024-04-12T09:41:21.410+0000] {logging_mixin.py:137} INFO - [2024-04-12T09:41:21.410+0000] {dagbag.py:538} INFO - Filling up the DagBag from /usr/local/python/3.10.13/lib/python3.10/site-packages/airflow/example_dags/example_task_group_decorator.py
[2024-04-12T09:41:21.437+0000] {processor.py:753} INFO - DAG(s) dict_keys(['example_task_group_decorator']) retrieved from /usr/local/python/3.10.13/lib/python3.10/site-packages/airflow/example_dags/example_task_group_decorator.py
[2024-04-12T09:41:21.455+0000] {logging_mixin.py:137} INFO - [2024-04-12T09:41:21.455+0000] {dag.py:2690} INFO - Sync 1 DAGs
[2024-04-12T09:41:21.470+0000] {logging_mixin.py:137} INFO - [2024-04-12T09:41:21.470+0000] {dag.py:3437} INFO - Setting next_dagrun for example_task_group_decorator to 2024-04-11T09:41:21.470421+00:00, run_after=2024-04-12T09:41:21.470421+00:00
[2024-04-12T09:41:21.512+0000] {processor.py:175} INFO - Processing /usr/local/python/3.10.13/lib/python3.10/site-packages/airflow/example_dags/example_task_group_decorator.py took 0.106 seconds
[2024-04-12T09:41:59.749+0000] {processor.py:153} INFO - Started process (PID=24433) to work on /usr/local/python/3.10.13/lib/python3.10/site-packages/airflow/example_dags/example_task_group_decorator.py
[2024-04-12T09:41:59.750+0000] {processor.py:743} INFO - Processing file /usr/local/python/3.10.13/lib/python3.10/site-packages/airflow/example_dags/example_task_group_decorator.py for tasks to queue
[2024-04-12T09:41:59.751+0000] {logging_mixin.py:137} INFO - [2024-04-12T09:41:59.750+0000] {dagbag.py:538} INFO - Filling up the DagBag from /usr/local/python/3.10.13/lib/python3.10/site-packages/airflow/example_dags/example_task_group_decorator.py
[2024-04-12T09:41:59.778+0000] {processor.py:753} INFO - DAG(s) dict_keys(['example_task_group_decorator']) retrieved from /usr/local/python/3.10.13/lib/python3.10/site-packages/airflow/example_dags/example_task_group_decorator.py
[2024-04-12T09:41:59.796+0000] {logging_mixin.py:137} INFO - [2024-04-12T09:41:59.795+0000] {dag.py:2690} INFO - Sync 1 DAGs
[2024-04-12T09:41:59.811+0000] {logging_mixin.py:137} INFO - [2024-04-12T09:41:59.811+0000] {dag.py:3437} INFO - Setting next_dagrun for example_task_group_decorator to 2024-04-11T09:41:59.811002+00:00, run_after=2024-04-12T09:41:59.811002+00:00
[2024-04-12T09:41:59.851+0000] {processor.py:175} INFO - Processing /usr/local/python/3.10.13/lib/python3.10/site-packages/airflow/example_dags/example_task_group_decorator.py took 0.105 seconds
[2024-04-12T09:42:39.996+0000] {processor.py:153} INFO - Started process (PID=24712) to work on /usr/local/python/3.10.13/lib/python3.10/site-packages/airflow/example_dags/example_task_group_decorator.py
[2024-04-12T09:42:39.997+0000] {processor.py:743} INFO - Processing file /usr/local/python/3.10.13/lib/python3.10/site-packages/airflow/example_dags/example_task_group_decorator.py for tasks to queue
[2024-04-12T09:42:39.997+0000] {logging_mixin.py:137} INFO - [2024-04-12T09:42:39.997+0000] {dagbag.py:538} INFO - Filling up the DagBag from /usr/local/python/3.10.13/lib/python3.10/site-packages/airflow/example_dags/example_task_group_decorator.py
[2024-04-12T09:42:40.024+0000] {processor.py:753} INFO - DAG(s) dict_keys(['example_task_group_decorator']) retrieved from /usr/local/python/3.10.13/lib/python3.10/site-packages/airflow/example_dags/example_task_group_decorator.py
[2024-04-12T09:42:40.042+0000] {logging_mixin.py:137} INFO - [2024-04-12T09:42:40.042+0000] {dag.py:2690} INFO - Sync 1 DAGs
[2024-04-12T09:42:40.059+0000] {logging_mixin.py:137} INFO - [2024-04-12T09:42:40.059+0000] {dag.py:3437} INFO - Setting next_dagrun for example_task_group_decorator to 2024-04-11T09:42:40.058763+00:00, run_after=2024-04-12T09:42:40.058763+00:00
[2024-04-12T09:42:40.104+0000] {processor.py:175} INFO - Processing /usr/local/python/3.10.13/lib/python3.10/site-packages/airflow/example_dags/example_task_group_decorator.py took 0.110 seconds
[2024-04-12T09:43:18.314+0000] {processor.py:153} INFO - Started process (PID=24967) to work on /usr/local/python/3.10.13/lib/python3.10/site-packages/airflow/example_dags/example_task_group_decorator.py
[2024-04-12T09:43:18.315+0000] {processor.py:743} INFO - Processing file /usr/local/python/3.10.13/lib/python3.10/site-packages/airflow/example_dags/example_task_group_decorator.py for tasks to queue
[2024-04-12T09:43:18.315+0000] {logging_mixin.py:137} INFO - [2024-04-12T09:43:18.315+0000] {dagbag.py:538} INFO - Filling up the DagBag from /usr/local/python/3.10.13/lib/python3.10/site-packages/airflow/example_dags/example_task_group_decorator.py
[2024-04-12T09:43:18.342+0000] {processor.py:753} INFO - DAG(s) dict_keys(['example_task_group_decorator']) retrieved from /usr/local/python/3.10.13/lib/python3.10/site-packages/airflow/example_dags/example_task_group_decorator.py
[2024-04-12T09:43:18.361+0000] {logging_mixin.py:137} INFO - [2024-04-12T09:43:18.361+0000] {dag.py:2690} INFO - Sync 1 DAGs
[2024-04-12T09:43:18.383+0000] {logging_mixin.py:137} INFO - [2024-04-12T09:43:18.383+0000] {dag.py:3437} INFO - Setting next_dagrun for example_task_group_decorator to 2024-04-11T09:43:18.382802+00:00, run_after=2024-04-12T09:43:18.382802+00:00
[2024-04-12T09:43:18.422+0000] {processor.py:175} INFO - Processing /usr/local/python/3.10.13/lib/python3.10/site-packages/airflow/example_dags/example_task_group_decorator.py took 0.110 seconds
[2024-04-12T09:43:52.184+0000] {processor.py:153} INFO - Started process (PID=25357) to work on /usr/local/python/3.10.13/lib/python3.10/site-packages/airflow/example_dags/example_task_group_decorator.py
[2024-04-12T09:43:52.185+0000] {processor.py:743} INFO - Processing file /usr/local/python/3.10.13/lib/python3.10/site-packages/airflow/example_dags/example_task_group_decorator.py for tasks to queue
[2024-04-12T09:43:52.185+0000] {logging_mixin.py:137} INFO - [2024-04-12T09:43:52.185+0000] {dagbag.py:538} INFO - Filling up the DagBag from /usr/local/python/3.10.13/lib/python3.10/site-packages/airflow/example_dags/example_task_group_decorator.py
[2024-04-12T09:43:52.226+0000] {processor.py:753} INFO - DAG(s) dict_keys(['example_task_group_decorator']) retrieved from /usr/local/python/3.10.13/lib/python3.10/site-packages/airflow/example_dags/example_task_group_decorator.py
[2024-04-12T09:43:52.252+0000] {logging_mixin.py:137} INFO - [2024-04-12T09:43:52.251+0000] {dag.py:2690} INFO - Sync 1 DAGs
[2024-04-12T09:43:52.269+0000] {logging_mixin.py:137} INFO - [2024-04-12T09:43:52.269+0000] {dag.py:3437} INFO - Setting next_dagrun for example_task_group_decorator to 2024-04-11T09:43:52.269004+00:00, run_after=2024-04-12T09:43:52.269004+00:00
[2024-04-12T09:43:52.309+0000] {processor.py:175} INFO - Processing /usr/local/python/3.10.13/lib/python3.10/site-packages/airflow/example_dags/example_task_group_decorator.py took 0.128 seconds
[2024-04-12T09:44:31.899+0000] {processor.py:153} INFO - Started process (PID=25804) to work on /usr/local/python/3.10.13/lib/python3.10/site-packages/airflow/example_dags/example_task_group_decorator.py
[2024-04-12T09:44:31.899+0000] {processor.py:743} INFO - Processing file /usr/local/python/3.10.13/lib/python3.10/site-packages/airflow/example_dags/example_task_group_decorator.py for tasks to queue
[2024-04-12T09:44:31.900+0000] {logging_mixin.py:137} INFO - [2024-04-12T09:44:31.900+0000] {dagbag.py:538} INFO - Filling up the DagBag from /usr/local/python/3.10.13/lib/python3.10/site-packages/airflow/example_dags/example_task_group_decorator.py
[2024-04-12T09:44:31.927+0000] {processor.py:753} INFO - DAG(s) dict_keys(['example_task_group_decorator']) retrieved from /usr/local/python/3.10.13/lib/python3.10/site-packages/airflow/example_dags/example_task_group_decorator.py
[2024-04-12T09:44:31.950+0000] {logging_mixin.py:137} INFO - [2024-04-12T09:44:31.949+0000] {dag.py:2690} INFO - Sync 1 DAGs
[2024-04-12T09:44:31.976+0000] {logging_mixin.py:137} INFO - [2024-04-12T09:44:31.976+0000] {dag.py:3437} INFO - Setting next_dagrun for example_task_group_decorator to 2024-04-11T09:44:31.976415+00:00, run_after=2024-04-12T09:44:31.976415+00:00
[2024-04-12T09:44:32.024+0000] {processor.py:175} INFO - Processing /usr/local/python/3.10.13/lib/python3.10/site-packages/airflow/example_dags/example_task_group_decorator.py took 0.128 seconds
[2024-04-12T09:45:03.403+0000] {processor.py:153} INFO - Started process (PID=26028) to work on /usr/local/python/3.10.13/lib/python3.10/site-packages/airflow/example_dags/example_task_group_decorator.py
[2024-04-12T09:45:03.403+0000] {processor.py:743} INFO - Processing file /usr/local/python/3.10.13/lib/python3.10/site-packages/airflow/example_dags/example_task_group_decorator.py for tasks to queue
[2024-04-12T09:45:03.404+0000] {logging_mixin.py:137} INFO - [2024-04-12T09:45:03.404+0000] {dagbag.py:538} INFO - Filling up the DagBag from /usr/local/python/3.10.13/lib/python3.10/site-packages/airflow/example_dags/example_task_group_decorator.py
[2024-04-12T09:45:03.429+0000] {processor.py:753} INFO - DAG(s) dict_keys(['example_task_group_decorator']) retrieved from /usr/local/python/3.10.13/lib/python3.10/site-packages/airflow/example_dags/example_task_group_decorator.py
[2024-04-12T09:45:03.447+0000] {logging_mixin.py:137} INFO - [2024-04-12T09:45:03.447+0000] {dag.py:2690} INFO - Sync 1 DAGs
[2024-04-12T09:45:03.462+0000] {logging_mixin.py:137} INFO - [2024-04-12T09:45:03.462+0000] {dag.py:3437} INFO - Setting next_dagrun for example_task_group_decorator to 2024-04-11T09:45:03.462488+00:00, run_after=2024-04-12T09:45:03.462488+00:00
[2024-04-12T09:45:03.503+0000] {processor.py:175} INFO - Processing /usr/local/python/3.10.13/lib/python3.10/site-packages/airflow/example_dags/example_task_group_decorator.py took 0.102 seconds
[2024-04-12T09:45:42.221+0000] {processor.py:153} INFO - Started process (PID=26273) to work on /usr/local/python/3.10.13/lib/python3.10/site-packages/airflow/example_dags/example_task_group_decorator.py
[2024-04-12T09:45:42.222+0000] {processor.py:743} INFO - Processing file /usr/local/python/3.10.13/lib/python3.10/site-packages/airflow/example_dags/example_task_group_decorator.py for tasks to queue
[2024-04-12T09:45:42.223+0000] {logging_mixin.py:137} INFO - [2024-04-12T09:45:42.223+0000] {dagbag.py:538} INFO - Filling up the DagBag from /usr/local/python/3.10.13/lib/python3.10/site-packages/airflow/example_dags/example_task_group_decorator.py
[2024-04-12T09:45:42.249+0000] {processor.py:753} INFO - DAG(s) dict_keys(['example_task_group_decorator']) retrieved from /usr/local/python/3.10.13/lib/python3.10/site-packages/airflow/example_dags/example_task_group_decorator.py
[2024-04-12T09:45:42.267+0000] {logging_mixin.py:137} INFO - [2024-04-12T09:45:42.267+0000] {dag.py:2690} INFO - Sync 1 DAGs
[2024-04-12T09:45:42.289+0000] {logging_mixin.py:137} INFO - [2024-04-12T09:45:42.289+0000] {dag.py:3437} INFO - Setting next_dagrun for example_task_group_decorator to 2024-04-11T09:45:42.288930+00:00, run_after=2024-04-12T09:45:42.288930+00:00
[2024-04-12T09:45:42.338+0000] {processor.py:175} INFO - Processing /usr/local/python/3.10.13/lib/python3.10/site-packages/airflow/example_dags/example_task_group_decorator.py took 0.119 seconds
