[2024-04-12T09:40:45.163+0000] {processor.py:153} INFO - Started process (PID=23888) to work on /usr/local/python/3.10.13/lib/python3.10/site-packages/airflow/example_dags/example_task_group.py
[2024-04-12T09:40:45.164+0000] {processor.py:743} INFO - Processing file /usr/local/python/3.10.13/lib/python3.10/site-packages/airflow/example_dags/example_task_group.py for tasks to queue
[2024-04-12T09:40:45.165+0000] {logging_mixin.py:137} INFO - [2024-04-12T09:40:45.165+0000] {dagbag.py:538} INFO - Filling up the DagBag from /usr/local/python/3.10.13/lib/python3.10/site-packages/airflow/example_dags/example_task_group.py
[2024-04-12T09:40:45.179+0000] {processor.py:753} INFO - DAG(s) dict_keys(['example_task_group']) retrieved from /usr/local/python/3.10.13/lib/python3.10/site-packages/airflow/example_dags/example_task_group.py
[2024-04-12T09:40:45.329+0000] {logging_mixin.py:137} INFO - [2024-04-12T09:40:45.329+0000] {manager.py:504} INFO - Created Permission View: can delete on DAG:example_task_group
[2024-04-12T09:40:45.363+0000] {logging_mixin.py:137} INFO - [2024-04-12T09:40:45.362+0000] {manager.py:504} INFO - Created Permission View: can edit on DAG:example_task_group
[2024-04-12T09:40:45.396+0000] {logging_mixin.py:137} INFO - [2024-04-12T09:40:45.396+0000] {manager.py:504} INFO - Created Permission View: can read on DAG:example_task_group
[2024-04-12T09:40:45.396+0000] {logging_mixin.py:137} INFO - [2024-04-12T09:40:45.396+0000] {dag.py:2690} INFO - Sync 1 DAGs
[2024-04-12T09:40:45.406+0000] {logging_mixin.py:137} INFO - [2024-04-12T09:40:45.405+0000] {dag.py:2711} INFO - Creating ORM DAG for example_task_group
[2024-04-12T09:40:45.413+0000] {logging_mixin.py:137} INFO - [2024-04-12T09:40:45.413+0000] {dag.py:3437} INFO - Setting next_dagrun for example_task_group to 2024-04-11T09:40:45.413539+00:00, run_after=2024-04-12T09:40:45.413539+00:00
[2024-04-12T09:40:45.461+0000] {processor.py:175} INFO - Processing /usr/local/python/3.10.13/lib/python3.10/site-packages/airflow/example_dags/example_task_group.py took 0.303 seconds
[2024-04-12T09:41:31.809+0000] {processor.py:153} INFO - Started process (PID=24232) to work on /usr/local/python/3.10.13/lib/python3.10/site-packages/airflow/example_dags/example_task_group.py
[2024-04-12T09:41:31.810+0000] {processor.py:743} INFO - Processing file /usr/local/python/3.10.13/lib/python3.10/site-packages/airflow/example_dags/example_task_group.py for tasks to queue
[2024-04-12T09:41:31.811+0000] {logging_mixin.py:137} INFO - [2024-04-12T09:41:31.811+0000] {dagbag.py:538} INFO - Filling up the DagBag from /usr/local/python/3.10.13/lib/python3.10/site-packages/airflow/example_dags/example_task_group.py
[2024-04-12T09:41:31.824+0000] {processor.py:753} INFO - DAG(s) dict_keys(['example_task_group']) retrieved from /usr/local/python/3.10.13/lib/python3.10/site-packages/airflow/example_dags/example_task_group.py
[2024-04-12T09:41:31.841+0000] {logging_mixin.py:137} INFO - [2024-04-12T09:41:31.841+0000] {dag.py:2690} INFO - Sync 1 DAGs
[2024-04-12T09:41:31.862+0000] {logging_mixin.py:137} INFO - [2024-04-12T09:41:31.862+0000] {dag.py:3437} INFO - Setting next_dagrun for example_task_group to 2024-04-11T09:41:31.862177+00:00, run_after=2024-04-12T09:41:31.862177+00:00
[2024-04-12T09:41:31.907+0000] {processor.py:175} INFO - Processing /usr/local/python/3.10.13/lib/python3.10/site-packages/airflow/example_dags/example_task_group.py took 0.100 seconds
[2024-04-12T09:42:10.977+0000] {processor.py:153} INFO - Started process (PID=24508) to work on /usr/local/python/3.10.13/lib/python3.10/site-packages/airflow/example_dags/example_task_group.py
[2024-04-12T09:42:10.978+0000] {processor.py:743} INFO - Processing file /usr/local/python/3.10.13/lib/python3.10/site-packages/airflow/example_dags/example_task_group.py for tasks to queue
[2024-04-12T09:42:10.979+0000] {logging_mixin.py:137} INFO - [2024-04-12T09:42:10.979+0000] {dagbag.py:538} INFO - Filling up the DagBag from /usr/local/python/3.10.13/lib/python3.10/site-packages/airflow/example_dags/example_task_group.py
[2024-04-12T09:42:10.993+0000] {processor.py:753} INFO - DAG(s) dict_keys(['example_task_group']) retrieved from /usr/local/python/3.10.13/lib/python3.10/site-packages/airflow/example_dags/example_task_group.py
[2024-04-12T09:42:11.009+0000] {logging_mixin.py:137} INFO - [2024-04-12T09:42:11.009+0000] {dag.py:2690} INFO - Sync 1 DAGs
[2024-04-12T09:42:11.026+0000] {logging_mixin.py:137} INFO - [2024-04-12T09:42:11.026+0000] {dag.py:3437} INFO - Setting next_dagrun for example_task_group to 2024-04-11T09:42:11.026526+00:00, run_after=2024-04-12T09:42:11.026526+00:00
[2024-04-12T09:42:11.068+0000] {processor.py:175} INFO - Processing /usr/local/python/3.10.13/lib/python3.10/site-packages/airflow/example_dags/example_task_group.py took 0.092 seconds
[2024-04-12T09:42:51.590+0000] {processor.py:153} INFO - Started process (PID=24792) to work on /usr/local/python/3.10.13/lib/python3.10/site-packages/airflow/example_dags/example_task_group.py
[2024-04-12T09:42:51.591+0000] {processor.py:743} INFO - Processing file /usr/local/python/3.10.13/lib/python3.10/site-packages/airflow/example_dags/example_task_group.py for tasks to queue
[2024-04-12T09:42:51.591+0000] {logging_mixin.py:137} INFO - [2024-04-12T09:42:51.591+0000] {dagbag.py:538} INFO - Filling up the DagBag from /usr/local/python/3.10.13/lib/python3.10/site-packages/airflow/example_dags/example_task_group.py
[2024-04-12T09:42:51.606+0000] {processor.py:753} INFO - DAG(s) dict_keys(['example_task_group']) retrieved from /usr/local/python/3.10.13/lib/python3.10/site-packages/airflow/example_dags/example_task_group.py
[2024-04-12T09:42:51.623+0000] {logging_mixin.py:137} INFO - [2024-04-12T09:42:51.623+0000] {dag.py:2690} INFO - Sync 1 DAGs
[2024-04-12T09:42:51.639+0000] {logging_mixin.py:137} INFO - [2024-04-12T09:42:51.638+0000] {dag.py:3437} INFO - Setting next_dagrun for example_task_group to 2024-04-11T09:42:51.638625+00:00, run_after=2024-04-12T09:42:51.638625+00:00
[2024-04-12T09:42:51.685+0000] {processor.py:175} INFO - Processing /usr/local/python/3.10.13/lib/python3.10/site-packages/airflow/example_dags/example_task_group.py took 0.097 seconds
[2024-04-12T09:43:29.522+0000] {processor.py:153} INFO - Started process (PID=25091) to work on /usr/local/python/3.10.13/lib/python3.10/site-packages/airflow/example_dags/example_task_group.py
[2024-04-12T09:43:29.523+0000] {processor.py:743} INFO - Processing file /usr/local/python/3.10.13/lib/python3.10/site-packages/airflow/example_dags/example_task_group.py for tasks to queue
[2024-04-12T09:43:29.524+0000] {logging_mixin.py:137} INFO - [2024-04-12T09:43:29.523+0000] {dagbag.py:538} INFO - Filling up the DagBag from /usr/local/python/3.10.13/lib/python3.10/site-packages/airflow/example_dags/example_task_group.py
[2024-04-12T09:43:29.537+0000] {processor.py:753} INFO - DAG(s) dict_keys(['example_task_group']) retrieved from /usr/local/python/3.10.13/lib/python3.10/site-packages/airflow/example_dags/example_task_group.py
[2024-04-12T09:43:29.552+0000] {logging_mixin.py:137} INFO - [2024-04-12T09:43:29.552+0000] {dag.py:2690} INFO - Sync 1 DAGs
[2024-04-12T09:43:29.570+0000] {logging_mixin.py:137} INFO - [2024-04-12T09:43:29.570+0000] {dag.py:3437} INFO - Setting next_dagrun for example_task_group to 2024-04-11T09:43:29.569762+00:00, run_after=2024-04-12T09:43:29.569762+00:00
[2024-04-12T09:43:29.613+0000] {processor.py:175} INFO - Processing /usr/local/python/3.10.13/lib/python3.10/site-packages/airflow/example_dags/example_task_group.py took 0.093 seconds
[2024-04-12T09:44:08.074+0000] {processor.py:153} INFO - Started process (PID=25532) to work on /usr/local/python/3.10.13/lib/python3.10/site-packages/airflow/example_dags/example_task_group.py
[2024-04-12T09:44:08.075+0000] {processor.py:743} INFO - Processing file /usr/local/python/3.10.13/lib/python3.10/site-packages/airflow/example_dags/example_task_group.py for tasks to queue
[2024-04-12T09:44:08.076+0000] {logging_mixin.py:137} INFO - [2024-04-12T09:44:08.076+0000] {dagbag.py:538} INFO - Filling up the DagBag from /usr/local/python/3.10.13/lib/python3.10/site-packages/airflow/example_dags/example_task_group.py
[2024-04-12T09:44:08.096+0000] {processor.py:753} INFO - DAG(s) dict_keys(['example_task_group']) retrieved from /usr/local/python/3.10.13/lib/python3.10/site-packages/airflow/example_dags/example_task_group.py
[2024-04-12T09:44:08.117+0000] {logging_mixin.py:137} INFO - [2024-04-12T09:44:08.117+0000] {dag.py:2690} INFO - Sync 1 DAGs
[2024-04-12T09:44:08.140+0000] {logging_mixin.py:137} INFO - [2024-04-12T09:44:08.140+0000] {dag.py:3437} INFO - Setting next_dagrun for example_task_group to 2024-04-11T09:44:08.140014+00:00, run_after=2024-04-12T09:44:08.140014+00:00
[2024-04-12T09:44:08.185+0000] {processor.py:175} INFO - Processing /usr/local/python/3.10.13/lib/python3.10/site-packages/airflow/example_dags/example_task_group.py took 0.114 seconds
[2024-04-12T09:44:47.701+0000] {processor.py:153} INFO - Started process (PID=25910) to work on /usr/local/python/3.10.13/lib/python3.10/site-packages/airflow/example_dags/example_task_group.py
[2024-04-12T09:44:47.702+0000] {processor.py:743} INFO - Processing file /usr/local/python/3.10.13/lib/python3.10/site-packages/airflow/example_dags/example_task_group.py for tasks to queue
[2024-04-12T09:44:47.702+0000] {logging_mixin.py:137} INFO - [2024-04-12T09:44:47.702+0000] {dagbag.py:538} INFO - Filling up the DagBag from /usr/local/python/3.10.13/lib/python3.10/site-packages/airflow/example_dags/example_task_group.py
[2024-04-12T09:44:47.716+0000] {processor.py:753} INFO - DAG(s) dict_keys(['example_task_group']) retrieved from /usr/local/python/3.10.13/lib/python3.10/site-packages/airflow/example_dags/example_task_group.py
[2024-04-12T09:44:47.733+0000] {logging_mixin.py:137} INFO - [2024-04-12T09:44:47.733+0000] {dag.py:2690} INFO - Sync 1 DAGs
[2024-04-12T09:44:47.749+0000] {logging_mixin.py:137} INFO - [2024-04-12T09:44:47.749+0000] {dag.py:3437} INFO - Setting next_dagrun for example_task_group to 2024-04-11T09:44:47.749257+00:00, run_after=2024-04-12T09:44:47.749257+00:00
[2024-04-12T09:44:47.790+0000] {processor.py:175} INFO - Processing /usr/local/python/3.10.13/lib/python3.10/site-packages/airflow/example_dags/example_task_group.py took 0.091 seconds
[2024-04-12T09:45:28.107+0000] {processor.py:153} INFO - Started process (PID=26181) to work on /usr/local/python/3.10.13/lib/python3.10/site-packages/airflow/example_dags/example_task_group.py
[2024-04-12T09:45:28.107+0000] {processor.py:743} INFO - Processing file /usr/local/python/3.10.13/lib/python3.10/site-packages/airflow/example_dags/example_task_group.py for tasks to queue
[2024-04-12T09:45:28.108+0000] {logging_mixin.py:137} INFO - [2024-04-12T09:45:28.108+0000] {dagbag.py:538} INFO - Filling up the DagBag from /usr/local/python/3.10.13/lib/python3.10/site-packages/airflow/example_dags/example_task_group.py
[2024-04-12T09:45:28.126+0000] {processor.py:753} INFO - DAG(s) dict_keys(['example_task_group']) retrieved from /usr/local/python/3.10.13/lib/python3.10/site-packages/airflow/example_dags/example_task_group.py
[2024-04-12T09:45:28.158+0000] {logging_mixin.py:137} INFO - [2024-04-12T09:45:28.158+0000] {dag.py:2690} INFO - Sync 1 DAGs
[2024-04-12T09:45:28.187+0000] {logging_mixin.py:137} INFO - [2024-04-12T09:45:28.187+0000] {dag.py:3437} INFO - Setting next_dagrun for example_task_group to 2024-04-11T09:45:28.187493+00:00, run_after=2024-04-12T09:45:28.187493+00:00
[2024-04-12T09:45:28.244+0000] {processor.py:175} INFO - Processing /usr/local/python/3.10.13/lib/python3.10/site-packages/airflow/example_dags/example_task_group.py took 0.140 seconds
