[2024-04-12T09:40:50.629+0000] {processor.py:153} INFO - Started process (PID=23936) to work on /usr/local/python/3.10.13/lib/python3.10/site-packages/airflow/example_dags/example_short_circuit_operator.py
[2024-04-12T09:40:50.629+0000] {processor.py:743} INFO - Processing file /usr/local/python/3.10.13/lib/python3.10/site-packages/airflow/example_dags/example_short_circuit_operator.py for tasks to queue
[2024-04-12T09:40:50.630+0000] {logging_mixin.py:137} INFO - [2024-04-12T09:40:50.630+0000] {dagbag.py:538} INFO - Filling up the DagBag from /usr/local/python/3.10.13/lib/python3.10/site-packages/airflow/example_dags/example_short_circuit_operator.py
[2024-04-12T09:40:50.644+0000] {processor.py:753} INFO - DAG(s) dict_keys(['example_short_circuit_operator']) retrieved from /usr/local/python/3.10.13/lib/python3.10/site-packages/airflow/example_dags/example_short_circuit_operator.py
[2024-04-12T09:40:50.785+0000] {logging_mixin.py:137} INFO - [2024-04-12T09:40:50.785+0000] {manager.py:504} INFO - Created Permission View: can delete on DAG:example_short_circuit_operator
[2024-04-12T09:40:50.818+0000] {logging_mixin.py:137} INFO - [2024-04-12T09:40:50.818+0000] {manager.py:504} INFO - Created Permission View: can edit on DAG:example_short_circuit_operator
[2024-04-12T09:40:50.863+0000] {logging_mixin.py:137} INFO - [2024-04-12T09:40:50.862+0000] {manager.py:504} INFO - Created Permission View: can read on DAG:example_short_circuit_operator
[2024-04-12T09:40:50.863+0000] {logging_mixin.py:137} INFO - [2024-04-12T09:40:50.863+0000] {dag.py:2690} INFO - Sync 1 DAGs
[2024-04-12T09:40:50.874+0000] {logging_mixin.py:137} INFO - [2024-04-12T09:40:50.874+0000] {dag.py:2711} INFO - Creating ORM DAG for example_short_circuit_operator
[2024-04-12T09:40:50.881+0000] {logging_mixin.py:137} INFO - [2024-04-12T09:40:50.881+0000] {dag.py:3437} INFO - Setting next_dagrun for example_short_circuit_operator to 2024-04-11T09:40:50.881621+00:00, run_after=2024-04-12T09:40:50.881621+00:00
[2024-04-12T09:40:50.929+0000] {processor.py:175} INFO - Processing /usr/local/python/3.10.13/lib/python3.10/site-packages/airflow/example_dags/example_short_circuit_operator.py took 0.302 seconds
[2024-04-12T09:41:36.120+0000] {processor.py:153} INFO - Started process (PID=24258) to work on /usr/local/python/3.10.13/lib/python3.10/site-packages/airflow/example_dags/example_short_circuit_operator.py
[2024-04-12T09:41:36.121+0000] {processor.py:743} INFO - Processing file /usr/local/python/3.10.13/lib/python3.10/site-packages/airflow/example_dags/example_short_circuit_operator.py for tasks to queue
[2024-04-12T09:41:36.121+0000] {logging_mixin.py:137} INFO - [2024-04-12T09:41:36.121+0000] {dagbag.py:538} INFO - Filling up the DagBag from /usr/local/python/3.10.13/lib/python3.10/site-packages/airflow/example_dags/example_short_circuit_operator.py
[2024-04-12T09:41:36.137+0000] {processor.py:753} INFO - DAG(s) dict_keys(['example_short_circuit_operator']) retrieved from /usr/local/python/3.10.13/lib/python3.10/site-packages/airflow/example_dags/example_short_circuit_operator.py
[2024-04-12T09:41:36.160+0000] {logging_mixin.py:137} INFO - [2024-04-12T09:41:36.160+0000] {dag.py:2690} INFO - Sync 1 DAGs
[2024-04-12T09:41:36.184+0000] {logging_mixin.py:137} INFO - [2024-04-12T09:41:36.184+0000] {dag.py:3437} INFO - Setting next_dagrun for example_short_circuit_operator to 2024-04-11T09:41:36.184252+00:00, run_after=2024-04-12T09:41:36.184252+00:00
[2024-04-12T09:41:36.233+0000] {processor.py:175} INFO - Processing /usr/local/python/3.10.13/lib/python3.10/site-packages/airflow/example_dags/example_short_circuit_operator.py took 0.115 seconds
[2024-04-12T09:42:15.471+0000] {processor.py:153} INFO - Started process (PID=24530) to work on /usr/local/python/3.10.13/lib/python3.10/site-packages/airflow/example_dags/example_short_circuit_operator.py
[2024-04-12T09:42:15.472+0000] {processor.py:743} INFO - Processing file /usr/local/python/3.10.13/lib/python3.10/site-packages/airflow/example_dags/example_short_circuit_operator.py for tasks to queue
[2024-04-12T09:42:15.473+0000] {logging_mixin.py:137} INFO - [2024-04-12T09:42:15.473+0000] {dagbag.py:538} INFO - Filling up the DagBag from /usr/local/python/3.10.13/lib/python3.10/site-packages/airflow/example_dags/example_short_circuit_operator.py
[2024-04-12T09:42:15.489+0000] {processor.py:753} INFO - DAG(s) dict_keys(['example_short_circuit_operator']) retrieved from /usr/local/python/3.10.13/lib/python3.10/site-packages/airflow/example_dags/example_short_circuit_operator.py
[2024-04-12T09:42:15.506+0000] {logging_mixin.py:137} INFO - [2024-04-12T09:42:15.505+0000] {dag.py:2690} INFO - Sync 1 DAGs
[2024-04-12T09:42:15.522+0000] {logging_mixin.py:137} INFO - [2024-04-12T09:42:15.522+0000] {dag.py:3437} INFO - Setting next_dagrun for example_short_circuit_operator to 2024-04-11T09:42:15.522071+00:00, run_after=2024-04-12T09:42:15.522071+00:00
[2024-04-12T09:42:15.567+0000] {processor.py:175} INFO - Processing /usr/local/python/3.10.13/lib/python3.10/site-packages/airflow/example_dags/example_short_circuit_operator.py took 0.099 seconds
[2024-04-12T09:42:55.796+0000] {processor.py:153} INFO - Started process (PID=24808) to work on /usr/local/python/3.10.13/lib/python3.10/site-packages/airflow/example_dags/example_short_circuit_operator.py
[2024-04-12T09:42:55.797+0000] {processor.py:743} INFO - Processing file /usr/local/python/3.10.13/lib/python3.10/site-packages/airflow/example_dags/example_short_circuit_operator.py for tasks to queue
[2024-04-12T09:42:55.797+0000] {logging_mixin.py:137} INFO - [2024-04-12T09:42:55.797+0000] {dagbag.py:538} INFO - Filling up the DagBag from /usr/local/python/3.10.13/lib/python3.10/site-packages/airflow/example_dags/example_short_circuit_operator.py
[2024-04-12T09:42:55.812+0000] {processor.py:753} INFO - DAG(s) dict_keys(['example_short_circuit_operator']) retrieved from /usr/local/python/3.10.13/lib/python3.10/site-packages/airflow/example_dags/example_short_circuit_operator.py
[2024-04-12T09:42:55.828+0000] {logging_mixin.py:137} INFO - [2024-04-12T09:42:55.828+0000] {dag.py:2690} INFO - Sync 1 DAGs
[2024-04-12T09:42:55.844+0000] {logging_mixin.py:137} INFO - [2024-04-12T09:42:55.844+0000] {dag.py:3437} INFO - Setting next_dagrun for example_short_circuit_operator to 2024-04-11T09:42:55.844217+00:00, run_after=2024-04-12T09:42:55.844217+00:00
[2024-04-12T09:42:55.886+0000] {processor.py:175} INFO - Processing /usr/local/python/3.10.13/lib/python3.10/site-packages/airflow/example_dags/example_short_circuit_operator.py took 0.092 seconds
[2024-04-12T09:43:33.409+0000] {processor.py:153} INFO - Started process (PID=25131) to work on /usr/local/python/3.10.13/lib/python3.10/site-packages/airflow/example_dags/example_short_circuit_operator.py
[2024-04-12T09:43:33.409+0000] {processor.py:743} INFO - Processing file /usr/local/python/3.10.13/lib/python3.10/site-packages/airflow/example_dags/example_short_circuit_operator.py for tasks to queue
[2024-04-12T09:43:33.410+0000] {logging_mixin.py:137} INFO - [2024-04-12T09:43:33.410+0000] {dagbag.py:538} INFO - Filling up the DagBag from /usr/local/python/3.10.13/lib/python3.10/site-packages/airflow/example_dags/example_short_circuit_operator.py
[2024-04-12T09:43:33.424+0000] {processor.py:753} INFO - DAG(s) dict_keys(['example_short_circuit_operator']) retrieved from /usr/local/python/3.10.13/lib/python3.10/site-packages/airflow/example_dags/example_short_circuit_operator.py
[2024-04-12T09:43:33.440+0000] {logging_mixin.py:137} INFO - [2024-04-12T09:43:33.440+0000] {dag.py:2690} INFO - Sync 1 DAGs
[2024-04-12T09:43:33.457+0000] {logging_mixin.py:137} INFO - [2024-04-12T09:43:33.456+0000] {dag.py:3437} INFO - Setting next_dagrun for example_short_circuit_operator to 2024-04-11T09:43:33.456718+00:00, run_after=2024-04-12T09:43:33.456718+00:00
[2024-04-12T09:43:33.499+0000] {processor.py:175} INFO - Processing /usr/local/python/3.10.13/lib/python3.10/site-packages/airflow/example_dags/example_short_circuit_operator.py took 0.093 seconds
[2024-04-12T09:44:13.122+0000] {processor.py:153} INFO - Started process (PID=25600) to work on /usr/local/python/3.10.13/lib/python3.10/site-packages/airflow/example_dags/example_short_circuit_operator.py
[2024-04-12T09:44:13.123+0000] {processor.py:743} INFO - Processing file /usr/local/python/3.10.13/lib/python3.10/site-packages/airflow/example_dags/example_short_circuit_operator.py for tasks to queue
[2024-04-12T09:44:13.123+0000] {logging_mixin.py:137} INFO - [2024-04-12T09:44:13.123+0000] {dagbag.py:538} INFO - Filling up the DagBag from /usr/local/python/3.10.13/lib/python3.10/site-packages/airflow/example_dags/example_short_circuit_operator.py
[2024-04-12T09:44:13.138+0000] {processor.py:753} INFO - DAG(s) dict_keys(['example_short_circuit_operator']) retrieved from /usr/local/python/3.10.13/lib/python3.10/site-packages/airflow/example_dags/example_short_circuit_operator.py
[2024-04-12T09:44:13.161+0000] {logging_mixin.py:137} INFO - [2024-04-12T09:44:13.161+0000] {dag.py:2690} INFO - Sync 1 DAGs
[2024-04-12T09:44:13.185+0000] {logging_mixin.py:137} INFO - [2024-04-12T09:44:13.185+0000] {dag.py:3437} INFO - Setting next_dagrun for example_short_circuit_operator to 2024-04-11T09:44:13.185250+00:00, run_after=2024-04-12T09:44:13.185250+00:00
[2024-04-12T09:44:13.237+0000] {processor.py:175} INFO - Processing /usr/local/python/3.10.13/lib/python3.10/site-packages/airflow/example_dags/example_short_circuit_operator.py took 0.117 seconds
[2024-04-12T09:44:54.083+0000] {processor.py:153} INFO - Started process (PID=25958) to work on /usr/local/python/3.10.13/lib/python3.10/site-packages/airflow/example_dags/example_short_circuit_operator.py
[2024-04-12T09:44:54.084+0000] {processor.py:743} INFO - Processing file /usr/local/python/3.10.13/lib/python3.10/site-packages/airflow/example_dags/example_short_circuit_operator.py for tasks to queue
[2024-04-12T09:44:54.084+0000] {logging_mixin.py:137} INFO - [2024-04-12T09:44:54.084+0000] {dagbag.py:538} INFO - Filling up the DagBag from /usr/local/python/3.10.13/lib/python3.10/site-packages/airflow/example_dags/example_short_circuit_operator.py
[2024-04-12T09:44:54.099+0000] {processor.py:753} INFO - DAG(s) dict_keys(['example_short_circuit_operator']) retrieved from /usr/local/python/3.10.13/lib/python3.10/site-packages/airflow/example_dags/example_short_circuit_operator.py
[2024-04-12T09:44:54.116+0000] {logging_mixin.py:137} INFO - [2024-04-12T09:44:54.116+0000] {dag.py:2690} INFO - Sync 1 DAGs
[2024-04-12T09:44:54.133+0000] {logging_mixin.py:137} INFO - [2024-04-12T09:44:54.133+0000] {dag.py:3437} INFO - Setting next_dagrun for example_short_circuit_operator to 2024-04-11T09:44:54.133257+00:00, run_after=2024-04-12T09:44:54.133257+00:00
[2024-04-12T09:44:54.176+0000] {processor.py:175} INFO - Processing /usr/local/python/3.10.13/lib/python3.10/site-packages/airflow/example_dags/example_short_circuit_operator.py took 0.096 seconds
[2024-04-12T09:45:33.297+0000] {processor.py:153} INFO - Started process (PID=26229) to work on /usr/local/python/3.10.13/lib/python3.10/site-packages/airflow/example_dags/example_short_circuit_operator.py
[2024-04-12T09:45:33.298+0000] {processor.py:743} INFO - Processing file /usr/local/python/3.10.13/lib/python3.10/site-packages/airflow/example_dags/example_short_circuit_operator.py for tasks to queue
[2024-04-12T09:45:33.299+0000] {logging_mixin.py:137} INFO - [2024-04-12T09:45:33.298+0000] {dagbag.py:538} INFO - Filling up the DagBag from /usr/local/python/3.10.13/lib/python3.10/site-packages/airflow/example_dags/example_short_circuit_operator.py
[2024-04-12T09:45:33.312+0000] {processor.py:753} INFO - DAG(s) dict_keys(['example_short_circuit_operator']) retrieved from /usr/local/python/3.10.13/lib/python3.10/site-packages/airflow/example_dags/example_short_circuit_operator.py
[2024-04-12T09:45:33.328+0000] {logging_mixin.py:137} INFO - [2024-04-12T09:45:33.328+0000] {dag.py:2690} INFO - Sync 1 DAGs
[2024-04-12T09:45:33.343+0000] {logging_mixin.py:137} INFO - [2024-04-12T09:45:33.343+0000] {dag.py:3437} INFO - Setting next_dagrun for example_short_circuit_operator to 2024-04-11T09:45:33.343301+00:00, run_after=2024-04-12T09:45:33.343301+00:00
[2024-04-12T09:45:33.384+0000] {processor.py:175} INFO - Processing /usr/local/python/3.10.13/lib/python3.10/site-packages/airflow/example_dags/example_short_circuit_operator.py took 0.089 seconds
