[2024-04-12T09:41:16.567+0000] {processor.py:153} INFO - Started process (PID=24106) to work on /usr/local/python/3.10.13/lib/python3.10/site-packages/airflow/example_dags/example_branch_day_of_week_operator.py
[2024-04-12T09:41:16.568+0000] {processor.py:743} INFO - Processing file /usr/local/python/3.10.13/lib/python3.10/site-packages/airflow/example_dags/example_branch_day_of_week_operator.py for tasks to queue
[2024-04-12T09:41:16.568+0000] {logging_mixin.py:137} INFO - [2024-04-12T09:41:16.568+0000] {dagbag.py:538} INFO - Filling up the DagBag from /usr/local/python/3.10.13/lib/python3.10/site-packages/airflow/example_dags/example_branch_day_of_week_operator.py
[2024-04-12T09:41:16.582+0000] {processor.py:753} INFO - DAG(s) dict_keys(['example_weekday_branch_operator']) retrieved from /usr/local/python/3.10.13/lib/python3.10/site-packages/airflow/example_dags/example_branch_day_of_week_operator.py
[2024-04-12T09:41:16.733+0000] {logging_mixin.py:137} INFO - [2024-04-12T09:41:16.732+0000] {manager.py:504} INFO - Created Permission View: can delete on DAG:example_weekday_branch_operator
[2024-04-12T09:41:16.764+0000] {logging_mixin.py:137} INFO - [2024-04-12T09:41:16.764+0000] {manager.py:504} INFO - Created Permission View: can edit on DAG:example_weekday_branch_operator
[2024-04-12T09:41:16.795+0000] {logging_mixin.py:137} INFO - [2024-04-12T09:41:16.795+0000] {manager.py:504} INFO - Created Permission View: can read on DAG:example_weekday_branch_operator
[2024-04-12T09:41:16.795+0000] {logging_mixin.py:137} INFO - [2024-04-12T09:41:16.795+0000] {dag.py:2690} INFO - Sync 1 DAGs
[2024-04-12T09:41:16.804+0000] {logging_mixin.py:137} INFO - [2024-04-12T09:41:16.804+0000] {dag.py:2711} INFO - Creating ORM DAG for example_weekday_branch_operator
[2024-04-12T09:41:16.812+0000] {logging_mixin.py:137} INFO - [2024-04-12T09:41:16.812+0000] {dag.py:3437} INFO - Setting next_dagrun for example_weekday_branch_operator to 2024-04-11T00:00:00+00:00, run_after=2024-04-12T00:00:00+00:00
[2024-04-12T09:41:16.859+0000] {processor.py:175} INFO - Processing /usr/local/python/3.10.13/lib/python3.10/site-packages/airflow/example_dags/example_branch_day_of_week_operator.py took 0.294 seconds
[2024-04-12T09:41:56.891+0000] {processor.py:153} INFO - Started process (PID=24400) to work on /usr/local/python/3.10.13/lib/python3.10/site-packages/airflow/example_dags/example_branch_day_of_week_operator.py
[2024-04-12T09:41:56.892+0000] {processor.py:743} INFO - Processing file /usr/local/python/3.10.13/lib/python3.10/site-packages/airflow/example_dags/example_branch_day_of_week_operator.py for tasks to queue
[2024-04-12T09:41:56.892+0000] {logging_mixin.py:137} INFO - [2024-04-12T09:41:56.892+0000] {dagbag.py:538} INFO - Filling up the DagBag from /usr/local/python/3.10.13/lib/python3.10/site-packages/airflow/example_dags/example_branch_day_of_week_operator.py
[2024-04-12T09:41:56.907+0000] {processor.py:753} INFO - DAG(s) dict_keys(['example_weekday_branch_operator']) retrieved from /usr/local/python/3.10.13/lib/python3.10/site-packages/airflow/example_dags/example_branch_day_of_week_operator.py
[2024-04-12T09:41:56.924+0000] {logging_mixin.py:137} INFO - [2024-04-12T09:41:56.924+0000] {dag.py:2690} INFO - Sync 1 DAGs
[2024-04-12T09:41:56.941+0000] {logging_mixin.py:137} INFO - [2024-04-12T09:41:56.940+0000] {dag.py:3437} INFO - Setting next_dagrun for example_weekday_branch_operator to 2024-04-11T00:00:00+00:00, run_after=2024-04-12T00:00:00+00:00
[2024-04-12T09:41:56.991+0000] {processor.py:175} INFO - Processing /usr/local/python/3.10.13/lib/python3.10/site-packages/airflow/example_dags/example_branch_day_of_week_operator.py took 0.102 seconds
[2024-04-12T09:42:36.451+0000] {processor.py:153} INFO - Started process (PID=24671) to work on /usr/local/python/3.10.13/lib/python3.10/site-packages/airflow/example_dags/example_branch_day_of_week_operator.py
[2024-04-12T09:42:36.452+0000] {processor.py:743} INFO - Processing file /usr/local/python/3.10.13/lib/python3.10/site-packages/airflow/example_dags/example_branch_day_of_week_operator.py for tasks to queue
[2024-04-12T09:42:36.453+0000] {logging_mixin.py:137} INFO - [2024-04-12T09:42:36.452+0000] {dagbag.py:538} INFO - Filling up the DagBag from /usr/local/python/3.10.13/lib/python3.10/site-packages/airflow/example_dags/example_branch_day_of_week_operator.py
[2024-04-12T09:42:36.467+0000] {processor.py:753} INFO - DAG(s) dict_keys(['example_weekday_branch_operator']) retrieved from /usr/local/python/3.10.13/lib/python3.10/site-packages/airflow/example_dags/example_branch_day_of_week_operator.py
[2024-04-12T09:42:36.482+0000] {logging_mixin.py:137} INFO - [2024-04-12T09:42:36.482+0000] {dag.py:2690} INFO - Sync 1 DAGs
[2024-04-12T09:42:36.498+0000] {logging_mixin.py:137} INFO - [2024-04-12T09:42:36.498+0000] {dag.py:3437} INFO - Setting next_dagrun for example_weekday_branch_operator to 2024-04-11T00:00:00+00:00, run_after=2024-04-12T00:00:00+00:00
[2024-04-12T09:42:36.538+0000] {processor.py:175} INFO - Processing /usr/local/python/3.10.13/lib/python3.10/site-packages/airflow/example_dags/example_branch_day_of_week_operator.py took 0.088 seconds
[2024-04-12T09:43:16.790+0000] {processor.py:153} INFO - Started process (PID=24958) to work on /usr/local/python/3.10.13/lib/python3.10/site-packages/airflow/example_dags/example_branch_day_of_week_operator.py
[2024-04-12T09:43:16.790+0000] {processor.py:743} INFO - Processing file /usr/local/python/3.10.13/lib/python3.10/site-packages/airflow/example_dags/example_branch_day_of_week_operator.py for tasks to queue
[2024-04-12T09:43:16.791+0000] {logging_mixin.py:137} INFO - [2024-04-12T09:43:16.791+0000] {dagbag.py:538} INFO - Filling up the DagBag from /usr/local/python/3.10.13/lib/python3.10/site-packages/airflow/example_dags/example_branch_day_of_week_operator.py
[2024-04-12T09:43:16.804+0000] {processor.py:753} INFO - DAG(s) dict_keys(['example_weekday_branch_operator']) retrieved from /usr/local/python/3.10.13/lib/python3.10/site-packages/airflow/example_dags/example_branch_day_of_week_operator.py
[2024-04-12T09:43:16.822+0000] {logging_mixin.py:137} INFO - [2024-04-12T09:43:16.822+0000] {dag.py:2690} INFO - Sync 1 DAGs
[2024-04-12T09:43:16.839+0000] {logging_mixin.py:137} INFO - [2024-04-12T09:43:16.839+0000] {dag.py:3437} INFO - Setting next_dagrun for example_weekday_branch_operator to 2024-04-11T00:00:00+00:00, run_after=2024-04-12T00:00:00+00:00
[2024-04-12T09:43:16.882+0000] {processor.py:175} INFO - Processing /usr/local/python/3.10.13/lib/python3.10/site-packages/airflow/example_dags/example_branch_day_of_week_operator.py took 0.094 seconds
[2024-04-12T09:43:58.794+0000] {processor.py:153} INFO - Started process (PID=25433) to work on /usr/local/python/3.10.13/lib/python3.10/site-packages/airflow/example_dags/example_branch_day_of_week_operator.py
[2024-04-12T09:43:58.795+0000] {processor.py:743} INFO - Processing file /usr/local/python/3.10.13/lib/python3.10/site-packages/airflow/example_dags/example_branch_day_of_week_operator.py for tasks to queue
[2024-04-12T09:43:58.796+0000] {logging_mixin.py:137} INFO - [2024-04-12T09:43:58.796+0000] {dagbag.py:538} INFO - Filling up the DagBag from /usr/local/python/3.10.13/lib/python3.10/site-packages/airflow/example_dags/example_branch_day_of_week_operator.py
[2024-04-12T09:43:58.809+0000] {processor.py:753} INFO - DAG(s) dict_keys(['example_weekday_branch_operator']) retrieved from /usr/local/python/3.10.13/lib/python3.10/site-packages/airflow/example_dags/example_branch_day_of_week_operator.py
[2024-04-12T09:43:58.824+0000] {logging_mixin.py:137} INFO - [2024-04-12T09:43:58.824+0000] {dag.py:2690} INFO - Sync 1 DAGs
[2024-04-12T09:43:58.842+0000] {logging_mixin.py:137} INFO - [2024-04-12T09:43:58.842+0000] {dag.py:3437} INFO - Setting next_dagrun for example_weekday_branch_operator to 2024-04-11T00:00:00+00:00, run_after=2024-04-12T00:00:00+00:00
[2024-04-12T09:43:58.882+0000] {processor.py:175} INFO - Processing /usr/local/python/3.10.13/lib/python3.10/site-packages/airflow/example_dags/example_branch_day_of_week_operator.py took 0.089 seconds
[2024-04-12T09:44:40.906+0000] {processor.py:153} INFO - Started process (PID=25858) to work on /usr/local/python/3.10.13/lib/python3.10/site-packages/airflow/example_dags/example_branch_day_of_week_operator.py
[2024-04-12T09:44:40.907+0000] {processor.py:743} INFO - Processing file /usr/local/python/3.10.13/lib/python3.10/site-packages/airflow/example_dags/example_branch_day_of_week_operator.py for tasks to queue
[2024-04-12T09:44:40.907+0000] {logging_mixin.py:137} INFO - [2024-04-12T09:44:40.907+0000] {dagbag.py:538} INFO - Filling up the DagBag from /usr/local/python/3.10.13/lib/python3.10/site-packages/airflow/example_dags/example_branch_day_of_week_operator.py
[2024-04-12T09:44:40.921+0000] {processor.py:753} INFO - DAG(s) dict_keys(['example_weekday_branch_operator']) retrieved from /usr/local/python/3.10.13/lib/python3.10/site-packages/airflow/example_dags/example_branch_day_of_week_operator.py
[2024-04-12T09:44:40.937+0000] {logging_mixin.py:137} INFO - [2024-04-12T09:44:40.937+0000] {dag.py:2690} INFO - Sync 1 DAGs
[2024-04-12T09:44:40.956+0000] {logging_mixin.py:137} INFO - [2024-04-12T09:44:40.956+0000] {dag.py:3437} INFO - Setting next_dagrun for example_weekday_branch_operator to 2024-04-11T00:00:00+00:00, run_after=2024-04-12T00:00:00+00:00
[2024-04-12T09:44:40.998+0000] {processor.py:175} INFO - Processing /usr/local/python/3.10.13/lib/python3.10/site-packages/airflow/example_dags/example_branch_day_of_week_operator.py took 0.095 seconds
[2024-04-12T09:45:21.512+0000] {processor.py:153} INFO - Started process (PID=26131) to work on /usr/local/python/3.10.13/lib/python3.10/site-packages/airflow/example_dags/example_branch_day_of_week_operator.py
[2024-04-12T09:45:21.513+0000] {processor.py:743} INFO - Processing file /usr/local/python/3.10.13/lib/python3.10/site-packages/airflow/example_dags/example_branch_day_of_week_operator.py for tasks to queue
[2024-04-12T09:45:21.513+0000] {logging_mixin.py:137} INFO - [2024-04-12T09:45:21.513+0000] {dagbag.py:538} INFO - Filling up the DagBag from /usr/local/python/3.10.13/lib/python3.10/site-packages/airflow/example_dags/example_branch_day_of_week_operator.py
[2024-04-12T09:45:21.527+0000] {processor.py:753} INFO - DAG(s) dict_keys(['example_weekday_branch_operator']) retrieved from /usr/local/python/3.10.13/lib/python3.10/site-packages/airflow/example_dags/example_branch_day_of_week_operator.py
[2024-04-12T09:45:21.542+0000] {logging_mixin.py:137} INFO - [2024-04-12T09:45:21.542+0000] {dag.py:2690} INFO - Sync 1 DAGs
[2024-04-12T09:45:21.559+0000] {logging_mixin.py:137} INFO - [2024-04-12T09:45:21.559+0000] {dag.py:3437} INFO - Setting next_dagrun for example_weekday_branch_operator to 2024-04-11T00:00:00+00:00, run_after=2024-04-12T00:00:00+00:00
[2024-04-12T09:45:21.600+0000] {processor.py:175} INFO - Processing /usr/local/python/3.10.13/lib/python3.10/site-packages/airflow/example_dags/example_branch_day_of_week_operator.py took 0.090 seconds
