[2024-04-12T09:41:06.853+0000] {processor.py:153} INFO - Started process (PID=24031) to work on /usr/local/python/3.10.13/lib/python3.10/site-packages/airflow/example_dags/example_latest_only.py
[2024-04-12T09:41:06.854+0000] {processor.py:743} INFO - Processing file /usr/local/python/3.10.13/lib/python3.10/site-packages/airflow/example_dags/example_latest_only.py for tasks to queue
[2024-04-12T09:41:06.855+0000] {logging_mixin.py:137} INFO - [2024-04-12T09:41:06.855+0000] {dagbag.py:538} INFO - Filling up the DagBag from /usr/local/python/3.10.13/lib/python3.10/site-packages/airflow/example_dags/example_latest_only.py
[2024-04-12T09:41:06.870+0000] {processor.py:753} INFO - DAG(s) dict_keys(['latest_only']) retrieved from /usr/local/python/3.10.13/lib/python3.10/site-packages/airflow/example_dags/example_latest_only.py
[2024-04-12T09:41:07.026+0000] {logging_mixin.py:137} INFO - [2024-04-12T09:41:07.026+0000] {manager.py:504} INFO - Created Permission View: can delete on DAG:latest_only
[2024-04-12T09:41:07.057+0000] {logging_mixin.py:137} INFO - [2024-04-12T09:41:07.057+0000] {manager.py:504} INFO - Created Permission View: can edit on DAG:latest_only
[2024-04-12T09:41:07.089+0000] {logging_mixin.py:137} INFO - [2024-04-12T09:41:07.089+0000] {manager.py:504} INFO - Created Permission View: can read on DAG:latest_only
[2024-04-12T09:41:07.090+0000] {logging_mixin.py:137} INFO - [2024-04-12T09:41:07.090+0000] {dag.py:2690} INFO - Sync 1 DAGs
[2024-04-12T09:41:07.102+0000] {logging_mixin.py:137} INFO - [2024-04-12T09:41:07.102+0000] {dag.py:2711} INFO - Creating ORM DAG for latest_only
[2024-04-12T09:41:07.113+0000] {logging_mixin.py:137} INFO - [2024-04-12T09:41:07.113+0000] {dag.py:3437} INFO - Setting next_dagrun for latest_only to 2024-04-12T05:41:07.112802+00:00, run_after=2024-04-12T09:41:07.112802+00:00
[2024-04-12T09:41:07.178+0000] {processor.py:175} INFO - Processing /usr/local/python/3.10.13/lib/python3.10/site-packages/airflow/example_dags/example_latest_only.py took 0.328 seconds
[2024-04-12T09:41:49.416+0000] {processor.py:153} INFO - Started process (PID=24362) to work on /usr/local/python/3.10.13/lib/python3.10/site-packages/airflow/example_dags/example_latest_only.py
[2024-04-12T09:41:49.417+0000] {processor.py:743} INFO - Processing file /usr/local/python/3.10.13/lib/python3.10/site-packages/airflow/example_dags/example_latest_only.py for tasks to queue
[2024-04-12T09:41:49.417+0000] {logging_mixin.py:137} INFO - [2024-04-12T09:41:49.417+0000] {dagbag.py:538} INFO - Filling up the DagBag from /usr/local/python/3.10.13/lib/python3.10/site-packages/airflow/example_dags/example_latest_only.py
[2024-04-12T09:41:49.429+0000] {processor.py:753} INFO - DAG(s) dict_keys(['latest_only']) retrieved from /usr/local/python/3.10.13/lib/python3.10/site-packages/airflow/example_dags/example_latest_only.py
[2024-04-12T09:41:49.445+0000] {logging_mixin.py:137} INFO - [2024-04-12T09:41:49.445+0000] {dag.py:2690} INFO - Sync 1 DAGs
[2024-04-12T09:41:49.460+0000] {logging_mixin.py:137} INFO - [2024-04-12T09:41:49.460+0000] {dag.py:3437} INFO - Setting next_dagrun for latest_only to 2024-04-12T05:41:49.460670+00:00, run_after=2024-04-12T09:41:49.460670+00:00
[2024-04-12T09:41:49.501+0000] {processor.py:175} INFO - Processing /usr/local/python/3.10.13/lib/python3.10/site-packages/airflow/example_dags/example_latest_only.py took 0.087 seconds
[2024-04-12T09:42:29.382+0000] {processor.py:153} INFO - Started process (PID=24640) to work on /usr/local/python/3.10.13/lib/python3.10/site-packages/airflow/example_dags/example_latest_only.py
[2024-04-12T09:42:29.383+0000] {processor.py:743} INFO - Processing file /usr/local/python/3.10.13/lib/python3.10/site-packages/airflow/example_dags/example_latest_only.py for tasks to queue
[2024-04-12T09:42:29.384+0000] {logging_mixin.py:137} INFO - [2024-04-12T09:42:29.383+0000] {dagbag.py:538} INFO - Filling up the DagBag from /usr/local/python/3.10.13/lib/python3.10/site-packages/airflow/example_dags/example_latest_only.py
[2024-04-12T09:42:29.397+0000] {processor.py:753} INFO - DAG(s) dict_keys(['latest_only']) retrieved from /usr/local/python/3.10.13/lib/python3.10/site-packages/airflow/example_dags/example_latest_only.py
[2024-04-12T09:42:29.412+0000] {logging_mixin.py:137} INFO - [2024-04-12T09:42:29.412+0000] {dag.py:2690} INFO - Sync 1 DAGs
[2024-04-12T09:42:29.428+0000] {logging_mixin.py:137} INFO - [2024-04-12T09:42:29.428+0000] {dag.py:3437} INFO - Setting next_dagrun for latest_only to 2024-04-12T05:42:29.428190+00:00, run_after=2024-04-12T09:42:29.428190+00:00
[2024-04-12T09:42:29.474+0000] {processor.py:175} INFO - Processing /usr/local/python/3.10.13/lib/python3.10/site-packages/airflow/example_dags/example_latest_only.py took 0.094 seconds
[2024-04-12T09:43:09.043+0000] {processor.py:153} INFO - Started process (PID=24894) to work on /usr/local/python/3.10.13/lib/python3.10/site-packages/airflow/example_dags/example_latest_only.py
[2024-04-12T09:43:09.044+0000] {processor.py:743} INFO - Processing file /usr/local/python/3.10.13/lib/python3.10/site-packages/airflow/example_dags/example_latest_only.py for tasks to queue
[2024-04-12T09:43:09.044+0000] {logging_mixin.py:137} INFO - [2024-04-12T09:43:09.044+0000] {dagbag.py:538} INFO - Filling up the DagBag from /usr/local/python/3.10.13/lib/python3.10/site-packages/airflow/example_dags/example_latest_only.py
[2024-04-12T09:43:09.058+0000] {processor.py:753} INFO - DAG(s) dict_keys(['latest_only']) retrieved from /usr/local/python/3.10.13/lib/python3.10/site-packages/airflow/example_dags/example_latest_only.py
[2024-04-12T09:43:09.073+0000] {logging_mixin.py:137} INFO - [2024-04-12T09:43:09.073+0000] {dag.py:2690} INFO - Sync 1 DAGs
[2024-04-12T09:43:09.089+0000] {logging_mixin.py:137} INFO - [2024-04-12T09:43:09.089+0000] {dag.py:3437} INFO - Setting next_dagrun for latest_only to 2024-04-12T05:43:09.089630+00:00, run_after=2024-04-12T09:43:09.089630+00:00
[2024-04-12T09:43:09.134+0000] {processor.py:175} INFO - Processing /usr/local/python/3.10.13/lib/python3.10/site-packages/airflow/example_dags/example_latest_only.py took 0.093 seconds
[2024-04-12T09:43:47.099+0000] {processor.py:153} INFO - Started process (PID=25308) to work on /usr/local/python/3.10.13/lib/python3.10/site-packages/airflow/example_dags/example_latest_only.py
[2024-04-12T09:43:47.100+0000] {processor.py:743} INFO - Processing file /usr/local/python/3.10.13/lib/python3.10/site-packages/airflow/example_dags/example_latest_only.py for tasks to queue
[2024-04-12T09:43:47.100+0000] {logging_mixin.py:137} INFO - [2024-04-12T09:43:47.100+0000] {dagbag.py:538} INFO - Filling up the DagBag from /usr/local/python/3.10.13/lib/python3.10/site-packages/airflow/example_dags/example_latest_only.py
[2024-04-12T09:43:47.112+0000] {processor.py:753} INFO - DAG(s) dict_keys(['latest_only']) retrieved from /usr/local/python/3.10.13/lib/python3.10/site-packages/airflow/example_dags/example_latest_only.py
[2024-04-12T09:43:47.127+0000] {logging_mixin.py:137} INFO - [2024-04-12T09:43:47.127+0000] {dag.py:2690} INFO - Sync 1 DAGs
[2024-04-12T09:43:47.143+0000] {logging_mixin.py:137} INFO - [2024-04-12T09:43:47.143+0000] {dag.py:3437} INFO - Setting next_dagrun for latest_only to 2024-04-12T05:43:47.143264+00:00, run_after=2024-04-12T09:43:47.143264+00:00
[2024-04-12T09:43:47.187+0000] {processor.py:175} INFO - Processing /usr/local/python/3.10.13/lib/python3.10/site-packages/airflow/example_dags/example_latest_only.py took 0.090 seconds
[2024-04-12T09:44:27.899+0000] {processor.py:153} INFO - Started process (PID=25752) to work on /usr/local/python/3.10.13/lib/python3.10/site-packages/airflow/example_dags/example_latest_only.py
[2024-04-12T09:44:27.900+0000] {processor.py:743} INFO - Processing file /usr/local/python/3.10.13/lib/python3.10/site-packages/airflow/example_dags/example_latest_only.py for tasks to queue
[2024-04-12T09:44:27.901+0000] {logging_mixin.py:137} INFO - [2024-04-12T09:44:27.900+0000] {dagbag.py:538} INFO - Filling up the DagBag from /usr/local/python/3.10.13/lib/python3.10/site-packages/airflow/example_dags/example_latest_only.py
[2024-04-12T09:44:27.913+0000] {processor.py:753} INFO - DAG(s) dict_keys(['latest_only']) retrieved from /usr/local/python/3.10.13/lib/python3.10/site-packages/airflow/example_dags/example_latest_only.py
[2024-04-12T09:44:27.928+0000] {logging_mixin.py:137} INFO - [2024-04-12T09:44:27.928+0000] {dag.py:2690} INFO - Sync 1 DAGs
[2024-04-12T09:44:27.946+0000] {logging_mixin.py:137} INFO - [2024-04-12T09:44:27.946+0000] {dag.py:3437} INFO - Setting next_dagrun for latest_only to 2024-04-12T05:44:27.945946+00:00, run_after=2024-04-12T09:44:27.945946+00:00
[2024-04-12T09:44:27.986+0000] {processor.py:175} INFO - Processing /usr/local/python/3.10.13/lib/python3.10/site-packages/airflow/example_dags/example_latest_only.py took 0.089 seconds
[2024-04-12T09:45:09.847+0000] {processor.py:153} INFO - Started process (PID=26059) to work on /usr/local/python/3.10.13/lib/python3.10/site-packages/airflow/example_dags/example_latest_only.py
[2024-04-12T09:45:09.848+0000] {processor.py:743} INFO - Processing file /usr/local/python/3.10.13/lib/python3.10/site-packages/airflow/example_dags/example_latest_only.py for tasks to queue
[2024-04-12T09:45:09.849+0000] {logging_mixin.py:137} INFO - [2024-04-12T09:45:09.848+0000] {dagbag.py:538} INFO - Filling up the DagBag from /usr/local/python/3.10.13/lib/python3.10/site-packages/airflow/example_dags/example_latest_only.py
[2024-04-12T09:45:09.861+0000] {processor.py:753} INFO - DAG(s) dict_keys(['latest_only']) retrieved from /usr/local/python/3.10.13/lib/python3.10/site-packages/airflow/example_dags/example_latest_only.py
[2024-04-12T09:45:09.876+0000] {logging_mixin.py:137} INFO - [2024-04-12T09:45:09.876+0000] {dag.py:2690} INFO - Sync 1 DAGs
[2024-04-12T09:45:09.893+0000] {logging_mixin.py:137} INFO - [2024-04-12T09:45:09.893+0000] {dag.py:3437} INFO - Setting next_dagrun for latest_only to 2024-04-12T05:45:09.892936+00:00, run_after=2024-04-12T09:45:09.892936+00:00
[2024-04-12T09:45:09.936+0000] {processor.py:175} INFO - Processing /usr/local/python/3.10.13/lib/python3.10/site-packages/airflow/example_dags/example_latest_only.py took 0.092 seconds
[2024-04-12T09:45:49.076+0000] {processor.py:153} INFO - Started process (PID=26330) to work on /usr/local/python/3.10.13/lib/python3.10/site-packages/airflow/example_dags/example_latest_only.py
[2024-04-12T09:45:49.077+0000] {processor.py:743} INFO - Processing file /usr/local/python/3.10.13/lib/python3.10/site-packages/airflow/example_dags/example_latest_only.py for tasks to queue
[2024-04-12T09:45:49.077+0000] {logging_mixin.py:137} INFO - [2024-04-12T09:45:49.077+0000] {dagbag.py:538} INFO - Filling up the DagBag from /usr/local/python/3.10.13/lib/python3.10/site-packages/airflow/example_dags/example_latest_only.py
[2024-04-12T09:45:49.089+0000] {processor.py:753} INFO - DAG(s) dict_keys(['latest_only']) retrieved from /usr/local/python/3.10.13/lib/python3.10/site-packages/airflow/example_dags/example_latest_only.py
[2024-04-12T09:45:49.103+0000] {logging_mixin.py:137} INFO - [2024-04-12T09:45:49.103+0000] {dag.py:2690} INFO - Sync 1 DAGs
[2024-04-12T09:45:49.118+0000] {logging_mixin.py:137} INFO - [2024-04-12T09:45:49.118+0000] {dag.py:3437} INFO - Setting next_dagrun for latest_only to 2024-04-12T05:45:49.118250+00:00, run_after=2024-04-12T09:45:49.118250+00:00
[2024-04-12T09:45:49.157+0000] {processor.py:175} INFO - Processing /usr/local/python/3.10.13/lib/python3.10/site-packages/airflow/example_dags/example_latest_only.py took 0.085 seconds
