[2024-04-12T09:40:37.032+0000] {processor.py:153} INFO - Started process (PID=23846) to work on /usr/local/python/3.10.13/lib/python3.10/site-packages/airflow/example_dags/example_trigger_target_dag.py
[2024-04-12T09:40:37.032+0000] {processor.py:743} INFO - Processing file /usr/local/python/3.10.13/lib/python3.10/site-packages/airflow/example_dags/example_trigger_target_dag.py for tasks to queue
[2024-04-12T09:40:37.033+0000] {logging_mixin.py:137} INFO - [2024-04-12T09:40:37.033+0000] {dagbag.py:538} INFO - Filling up the DagBag from /usr/local/python/3.10.13/lib/python3.10/site-packages/airflow/example_dags/example_trigger_target_dag.py
[2024-04-12T09:40:37.059+0000] {processor.py:753} INFO - DAG(s) dict_keys(['example_trigger_target_dag']) retrieved from /usr/local/python/3.10.13/lib/python3.10/site-packages/airflow/example_dags/example_trigger_target_dag.py
[2024-04-12T09:40:37.200+0000] {logging_mixin.py:137} INFO - [2024-04-12T09:40:37.199+0000] {manager.py:504} INFO - Created Permission View: can delete on DAG:example_trigger_target_dag
[2024-04-12T09:40:37.231+0000] {logging_mixin.py:137} INFO - [2024-04-12T09:40:37.231+0000] {manager.py:504} INFO - Created Permission View: can edit on DAG:example_trigger_target_dag
[2024-04-12T09:40:37.264+0000] {logging_mixin.py:137} INFO - [2024-04-12T09:40:37.264+0000] {manager.py:504} INFO - Created Permission View: can read on DAG:example_trigger_target_dag
[2024-04-12T09:40:37.264+0000] {logging_mixin.py:137} INFO - [2024-04-12T09:40:37.264+0000] {dag.py:2690} INFO - Sync 1 DAGs
[2024-04-12T09:40:37.273+0000] {logging_mixin.py:137} INFO - [2024-04-12T09:40:37.273+0000] {dag.py:2711} INFO - Creating ORM DAG for example_trigger_target_dag
[2024-04-12T09:40:37.282+0000] {logging_mixin.py:137} INFO - [2024-04-12T09:40:37.281+0000] {dag.py:3437} INFO - Setting next_dagrun for example_trigger_target_dag to None, run_after=None
[2024-04-12T09:40:37.334+0000] {processor.py:175} INFO - Processing /usr/local/python/3.10.13/lib/python3.10/site-packages/airflow/example_dags/example_trigger_target_dag.py took 0.305 seconds
[2024-04-12T09:41:25.565+0000] {processor.py:153} INFO - Started process (PID=24179) to work on /usr/local/python/3.10.13/lib/python3.10/site-packages/airflow/example_dags/example_trigger_target_dag.py
[2024-04-12T09:41:25.566+0000] {processor.py:743} INFO - Processing file /usr/local/python/3.10.13/lib/python3.10/site-packages/airflow/example_dags/example_trigger_target_dag.py for tasks to queue
[2024-04-12T09:41:25.567+0000] {logging_mixin.py:137} INFO - [2024-04-12T09:41:25.567+0000] {dagbag.py:538} INFO - Filling up the DagBag from /usr/local/python/3.10.13/lib/python3.10/site-packages/airflow/example_dags/example_trigger_target_dag.py
[2024-04-12T09:41:25.591+0000] {processor.py:753} INFO - DAG(s) dict_keys(['example_trigger_target_dag']) retrieved from /usr/local/python/3.10.13/lib/python3.10/site-packages/airflow/example_dags/example_trigger_target_dag.py
[2024-04-12T09:41:25.614+0000] {logging_mixin.py:137} INFO - [2024-04-12T09:41:25.614+0000] {dag.py:2690} INFO - Sync 1 DAGs
[2024-04-12T09:41:25.640+0000] {logging_mixin.py:137} INFO - [2024-04-12T09:41:25.640+0000] {dag.py:3437} INFO - Setting next_dagrun for example_trigger_target_dag to None, run_after=None
[2024-04-12T09:41:25.685+0000] {processor.py:175} INFO - Processing /usr/local/python/3.10.13/lib/python3.10/site-packages/airflow/example_dags/example_trigger_target_dag.py took 0.121 seconds
[2024-04-12T09:42:03.430+0000] {processor.py:153} INFO - Started process (PID=24455) to work on /usr/local/python/3.10.13/lib/python3.10/site-packages/airflow/example_dags/example_trigger_target_dag.py
[2024-04-12T09:42:03.430+0000] {processor.py:743} INFO - Processing file /usr/local/python/3.10.13/lib/python3.10/site-packages/airflow/example_dags/example_trigger_target_dag.py for tasks to queue
[2024-04-12T09:42:03.431+0000] {logging_mixin.py:137} INFO - [2024-04-12T09:42:03.431+0000] {dagbag.py:538} INFO - Filling up the DagBag from /usr/local/python/3.10.13/lib/python3.10/site-packages/airflow/example_dags/example_trigger_target_dag.py
[2024-04-12T09:42:03.453+0000] {processor.py:753} INFO - DAG(s) dict_keys(['example_trigger_target_dag']) retrieved from /usr/local/python/3.10.13/lib/python3.10/site-packages/airflow/example_dags/example_trigger_target_dag.py
[2024-04-12T09:42:03.468+0000] {logging_mixin.py:137} INFO - [2024-04-12T09:42:03.467+0000] {dag.py:2690} INFO - Sync 1 DAGs
[2024-04-12T09:42:03.483+0000] {logging_mixin.py:137} INFO - [2024-04-12T09:42:03.483+0000] {dag.py:3437} INFO - Setting next_dagrun for example_trigger_target_dag to None, run_after=None
[2024-04-12T09:42:03.534+0000] {processor.py:175} INFO - Processing /usr/local/python/3.10.13/lib/python3.10/site-packages/airflow/example_dags/example_trigger_target_dag.py took 0.107 seconds
[2024-04-12T09:42:42.886+0000] {processor.py:153} INFO - Started process (PID=24722) to work on /usr/local/python/3.10.13/lib/python3.10/site-packages/airflow/example_dags/example_trigger_target_dag.py
[2024-04-12T09:42:42.887+0000] {processor.py:743} INFO - Processing file /usr/local/python/3.10.13/lib/python3.10/site-packages/airflow/example_dags/example_trigger_target_dag.py for tasks to queue
[2024-04-12T09:42:42.887+0000] {logging_mixin.py:137} INFO - [2024-04-12T09:42:42.887+0000] {dagbag.py:538} INFO - Filling up the DagBag from /usr/local/python/3.10.13/lib/python3.10/site-packages/airflow/example_dags/example_trigger_target_dag.py
[2024-04-12T09:42:42.908+0000] {processor.py:753} INFO - DAG(s) dict_keys(['example_trigger_target_dag']) retrieved from /usr/local/python/3.10.13/lib/python3.10/site-packages/airflow/example_dags/example_trigger_target_dag.py
[2024-04-12T09:42:42.923+0000] {logging_mixin.py:137} INFO - [2024-04-12T09:42:42.923+0000] {dag.py:2690} INFO - Sync 1 DAGs
[2024-04-12T09:42:42.938+0000] {logging_mixin.py:137} INFO - [2024-04-12T09:42:42.938+0000] {dag.py:3437} INFO - Setting next_dagrun for example_trigger_target_dag to None, run_after=None
[2024-04-12T09:42:42.985+0000] {processor.py:175} INFO - Processing /usr/local/python/3.10.13/lib/python3.10/site-packages/airflow/example_dags/example_trigger_target_dag.py took 0.100 seconds
[2024-04-12T09:43:22.174+0000] {processor.py:153} INFO - Started process (PID=25016) to work on /usr/local/python/3.10.13/lib/python3.10/site-packages/airflow/example_dags/example_trigger_target_dag.py
[2024-04-12T09:43:22.175+0000] {processor.py:743} INFO - Processing file /usr/local/python/3.10.13/lib/python3.10/site-packages/airflow/example_dags/example_trigger_target_dag.py for tasks to queue
[2024-04-12T09:43:22.175+0000] {logging_mixin.py:137} INFO - [2024-04-12T09:43:22.175+0000] {dagbag.py:538} INFO - Filling up the DagBag from /usr/local/python/3.10.13/lib/python3.10/site-packages/airflow/example_dags/example_trigger_target_dag.py
[2024-04-12T09:43:22.195+0000] {processor.py:753} INFO - DAG(s) dict_keys(['example_trigger_target_dag']) retrieved from /usr/local/python/3.10.13/lib/python3.10/site-packages/airflow/example_dags/example_trigger_target_dag.py
[2024-04-12T09:43:22.209+0000] {logging_mixin.py:137} INFO - [2024-04-12T09:43:22.209+0000] {dag.py:2690} INFO - Sync 1 DAGs
[2024-04-12T09:43:22.225+0000] {logging_mixin.py:137} INFO - [2024-04-12T09:43:22.225+0000] {dag.py:3437} INFO - Setting next_dagrun for example_trigger_target_dag to None, run_after=None
[2024-04-12T09:43:22.264+0000] {processor.py:175} INFO - Processing /usr/local/python/3.10.13/lib/python3.10/site-packages/airflow/example_dags/example_trigger_target_dag.py took 0.092 seconds
[2024-04-12T09:44:01.661+0000] {processor.py:153} INFO - Started process (PID=25481) to work on /usr/local/python/3.10.13/lib/python3.10/site-packages/airflow/example_dags/example_trigger_target_dag.py
[2024-04-12T09:44:01.662+0000] {processor.py:743} INFO - Processing file /usr/local/python/3.10.13/lib/python3.10/site-packages/airflow/example_dags/example_trigger_target_dag.py for tasks to queue
[2024-04-12T09:44:01.663+0000] {logging_mixin.py:137} INFO - [2024-04-12T09:44:01.663+0000] {dagbag.py:538} INFO - Filling up the DagBag from /usr/local/python/3.10.13/lib/python3.10/site-packages/airflow/example_dags/example_trigger_target_dag.py
[2024-04-12T09:44:01.684+0000] {processor.py:753} INFO - DAG(s) dict_keys(['example_trigger_target_dag']) retrieved from /usr/local/python/3.10.13/lib/python3.10/site-packages/airflow/example_dags/example_trigger_target_dag.py
[2024-04-12T09:44:01.700+0000] {logging_mixin.py:137} INFO - [2024-04-12T09:44:01.699+0000] {dag.py:2690} INFO - Sync 1 DAGs
[2024-04-12T09:44:01.716+0000] {logging_mixin.py:137} INFO - [2024-04-12T09:44:01.716+0000] {dag.py:3437} INFO - Setting next_dagrun for example_trigger_target_dag to None, run_after=None
[2024-04-12T09:44:01.770+0000] {processor.py:175} INFO - Processing /usr/local/python/3.10.13/lib/python3.10/site-packages/airflow/example_dags/example_trigger_target_dag.py took 0.113 seconds
[2024-04-12T09:44:42.044+0000] {processor.py:153} INFO - Started process (PID=25879) to work on /usr/local/python/3.10.13/lib/python3.10/site-packages/airflow/example_dags/example_trigger_target_dag.py
[2024-04-12T09:44:42.045+0000] {processor.py:743} INFO - Processing file /usr/local/python/3.10.13/lib/python3.10/site-packages/airflow/example_dags/example_trigger_target_dag.py for tasks to queue
[2024-04-12T09:44:42.046+0000] {logging_mixin.py:137} INFO - [2024-04-12T09:44:42.045+0000] {dagbag.py:538} INFO - Filling up the DagBag from /usr/local/python/3.10.13/lib/python3.10/site-packages/airflow/example_dags/example_trigger_target_dag.py
[2024-04-12T09:44:42.065+0000] {processor.py:753} INFO - DAG(s) dict_keys(['example_trigger_target_dag']) retrieved from /usr/local/python/3.10.13/lib/python3.10/site-packages/airflow/example_dags/example_trigger_target_dag.py
[2024-04-12T09:44:42.080+0000] {logging_mixin.py:137} INFO - [2024-04-12T09:44:42.080+0000] {dag.py:2690} INFO - Sync 1 DAGs
[2024-04-12T09:44:42.096+0000] {logging_mixin.py:137} INFO - [2024-04-12T09:44:42.096+0000] {dag.py:3437} INFO - Setting next_dagrun for example_trigger_target_dag to None, run_after=None
[2024-04-12T09:44:42.137+0000] {processor.py:175} INFO - Processing /usr/local/python/3.10.13/lib/python3.10/site-packages/airflow/example_dags/example_trigger_target_dag.py took 0.095 seconds
[2024-04-12T09:45:15.608+0000] {processor.py:153} INFO - Started process (PID=26102) to work on /usr/local/python/3.10.13/lib/python3.10/site-packages/airflow/example_dags/example_trigger_target_dag.py
[2024-04-12T09:45:15.609+0000] {processor.py:743} INFO - Processing file /usr/local/python/3.10.13/lib/python3.10/site-packages/airflow/example_dags/example_trigger_target_dag.py for tasks to queue
[2024-04-12T09:45:15.609+0000] {logging_mixin.py:137} INFO - [2024-04-12T09:45:15.609+0000] {dagbag.py:538} INFO - Filling up the DagBag from /usr/local/python/3.10.13/lib/python3.10/site-packages/airflow/example_dags/example_trigger_target_dag.py
[2024-04-12T09:45:15.641+0000] {processor.py:753} INFO - DAG(s) dict_keys(['example_trigger_target_dag']) retrieved from /usr/local/python/3.10.13/lib/python3.10/site-packages/airflow/example_dags/example_trigger_target_dag.py
[2024-04-12T09:45:15.669+0000] {logging_mixin.py:137} INFO - [2024-04-12T09:45:15.662+0000] {dag.py:2690} INFO - Sync 1 DAGs
[2024-04-12T09:45:15.688+0000] {logging_mixin.py:137} INFO - [2024-04-12T09:45:15.688+0000] {dag.py:3437} INFO - Setting next_dagrun for example_trigger_target_dag to None, run_after=None
[2024-04-12T09:45:15.731+0000] {processor.py:175} INFO - Processing /usr/local/python/3.10.13/lib/python3.10/site-packages/airflow/example_dags/example_trigger_target_dag.py took 0.126 seconds
[2024-04-12T09:45:53.950+0000] {processor.py:153} INFO - Started process (PID=26376) to work on /usr/local/python/3.10.13/lib/python3.10/site-packages/airflow/example_dags/example_trigger_target_dag.py
[2024-04-12T09:45:53.951+0000] {processor.py:743} INFO - Processing file /usr/local/python/3.10.13/lib/python3.10/site-packages/airflow/example_dags/example_trigger_target_dag.py for tasks to queue
[2024-04-12T09:45:53.952+0000] {logging_mixin.py:137} INFO - [2024-04-12T09:45:53.951+0000] {dagbag.py:538} INFO - Filling up the DagBag from /usr/local/python/3.10.13/lib/python3.10/site-packages/airflow/example_dags/example_trigger_target_dag.py
[2024-04-12T09:45:53.973+0000] {processor.py:753} INFO - DAG(s) dict_keys(['example_trigger_target_dag']) retrieved from /usr/local/python/3.10.13/lib/python3.10/site-packages/airflow/example_dags/example_trigger_target_dag.py
[2024-04-12T09:45:53.988+0000] {logging_mixin.py:137} INFO - [2024-04-12T09:45:53.988+0000] {dag.py:2690} INFO - Sync 1 DAGs
[2024-04-12T09:45:54.003+0000] {logging_mixin.py:137} INFO - [2024-04-12T09:45:54.003+0000] {dag.py:3437} INFO - Setting next_dagrun for example_trigger_target_dag to None, run_after=None
[2024-04-12T09:45:54.044+0000] {processor.py:175} INFO - Processing /usr/local/python/3.10.13/lib/python3.10/site-packages/airflow/example_dags/example_trigger_target_dag.py took 0.097 seconds
