[2024-04-12T09:41:03.035+0000] {processor.py:153} INFO - Started process (PID=24019) to work on /usr/local/python/3.10.13/lib/python3.10/site-packages/airflow/example_dags/example_branch_python_dop_operator_3.py
[2024-04-12T09:41:03.035+0000] {processor.py:743} INFO - Processing file /usr/local/python/3.10.13/lib/python3.10/site-packages/airflow/example_dags/example_branch_python_dop_operator_3.py for tasks to queue
[2024-04-12T09:41:03.036+0000] {logging_mixin.py:137} INFO - [2024-04-12T09:41:03.036+0000] {dagbag.py:538} INFO - Filling up the DagBag from /usr/local/python/3.10.13/lib/python3.10/site-packages/airflow/example_dags/example_branch_python_dop_operator_3.py
[2024-04-12T09:41:03.059+0000] {processor.py:753} INFO - DAG(s) dict_keys(['example_branch_dop_operator_v3']) retrieved from /usr/local/python/3.10.13/lib/python3.10/site-packages/airflow/example_dags/example_branch_python_dop_operator_3.py
[2024-04-12T09:41:03.202+0000] {logging_mixin.py:137} INFO - [2024-04-12T09:41:03.201+0000] {manager.py:504} INFO - Created Permission View: can delete on DAG:example_branch_dop_operator_v3
[2024-04-12T09:41:03.232+0000] {logging_mixin.py:137} INFO - [2024-04-12T09:41:03.232+0000] {manager.py:504} INFO - Created Permission View: can edit on DAG:example_branch_dop_operator_v3
[2024-04-12T09:41:03.261+0000] {logging_mixin.py:137} INFO - [2024-04-12T09:41:03.261+0000] {manager.py:504} INFO - Created Permission View: can read on DAG:example_branch_dop_operator_v3
[2024-04-12T09:41:03.261+0000] {logging_mixin.py:137} INFO - [2024-04-12T09:41:03.261+0000] {dag.py:2690} INFO - Sync 1 DAGs
[2024-04-12T09:41:03.270+0000] {logging_mixin.py:137} INFO - [2024-04-12T09:41:03.270+0000] {dag.py:2711} INFO - Creating ORM DAG for example_branch_dop_operator_v3
[2024-04-12T09:41:03.281+0000] {logging_mixin.py:137} INFO - [2024-04-12T09:41:03.281+0000] {dag.py:3437} INFO - Setting next_dagrun for example_branch_dop_operator_v3 to 2024-04-12T09:40:00+00:00, run_after=2024-04-12T09:41:00+00:00
[2024-04-12T09:41:03.327+0000] {processor.py:175} INFO - Processing /usr/local/python/3.10.13/lib/python3.10/site-packages/airflow/example_dags/example_branch_python_dop_operator_3.py took 0.295 seconds
[2024-04-12T09:41:45.813+0000] {processor.py:153} INFO - Started process (PID=24328) to work on /usr/local/python/3.10.13/lib/python3.10/site-packages/airflow/example_dags/example_branch_python_dop_operator_3.py
[2024-04-12T09:41:45.814+0000] {processor.py:743} INFO - Processing file /usr/local/python/3.10.13/lib/python3.10/site-packages/airflow/example_dags/example_branch_python_dop_operator_3.py for tasks to queue
[2024-04-12T09:41:45.814+0000] {logging_mixin.py:137} INFO - [2024-04-12T09:41:45.814+0000] {dagbag.py:538} INFO - Filling up the DagBag from /usr/local/python/3.10.13/lib/python3.10/site-packages/airflow/example_dags/example_branch_python_dop_operator_3.py
[2024-04-12T09:41:45.839+0000] {processor.py:753} INFO - DAG(s) dict_keys(['example_branch_dop_operator_v3']) retrieved from /usr/local/python/3.10.13/lib/python3.10/site-packages/airflow/example_dags/example_branch_python_dop_operator_3.py
[2024-04-12T09:41:45.855+0000] {logging_mixin.py:137} INFO - [2024-04-12T09:41:45.855+0000] {dag.py:2690} INFO - Sync 1 DAGs
[2024-04-12T09:41:45.879+0000] {logging_mixin.py:137} INFO - [2024-04-12T09:41:45.879+0000] {dag.py:3437} INFO - Setting next_dagrun for example_branch_dop_operator_v3 to 2024-04-12T09:40:00+00:00, run_after=2024-04-12T09:41:00+00:00
[2024-04-12T09:41:45.922+0000] {processor.py:175} INFO - Processing /usr/local/python/3.10.13/lib/python3.10/site-packages/airflow/example_dags/example_branch_python_dop_operator_3.py took 0.111 seconds
[2024-04-12T09:42:26.002+0000] {processor.py:153} INFO - Started process (PID=24600) to work on /usr/local/python/3.10.13/lib/python3.10/site-packages/airflow/example_dags/example_branch_python_dop_operator_3.py
[2024-04-12T09:42:26.003+0000] {processor.py:743} INFO - Processing file /usr/local/python/3.10.13/lib/python3.10/site-packages/airflow/example_dags/example_branch_python_dop_operator_3.py for tasks to queue
[2024-04-12T09:42:26.003+0000] {logging_mixin.py:137} INFO - [2024-04-12T09:42:26.003+0000] {dagbag.py:538} INFO - Filling up the DagBag from /usr/local/python/3.10.13/lib/python3.10/site-packages/airflow/example_dags/example_branch_python_dop_operator_3.py
[2024-04-12T09:42:26.027+0000] {processor.py:753} INFO - DAG(s) dict_keys(['example_branch_dop_operator_v3']) retrieved from /usr/local/python/3.10.13/lib/python3.10/site-packages/airflow/example_dags/example_branch_python_dop_operator_3.py
[2024-04-12T09:42:26.042+0000] {logging_mixin.py:137} INFO - [2024-04-12T09:42:26.042+0000] {dag.py:2690} INFO - Sync 1 DAGs
[2024-04-12T09:42:26.063+0000] {logging_mixin.py:137} INFO - [2024-04-12T09:42:26.063+0000] {dag.py:3437} INFO - Setting next_dagrun for example_branch_dop_operator_v3 to 2024-04-12T09:41:00+00:00, run_after=2024-04-12T09:42:00+00:00
[2024-04-12T09:42:26.107+0000] {processor.py:175} INFO - Processing /usr/local/python/3.10.13/lib/python3.10/site-packages/airflow/example_dags/example_branch_python_dop_operator_3.py took 0.108 seconds
[2024-04-12T09:43:06.355+0000] {processor.py:153} INFO - Started process (PID=24879) to work on /usr/local/python/3.10.13/lib/python3.10/site-packages/airflow/example_dags/example_branch_python_dop_operator_3.py
[2024-04-12T09:43:06.356+0000] {processor.py:743} INFO - Processing file /usr/local/python/3.10.13/lib/python3.10/site-packages/airflow/example_dags/example_branch_python_dop_operator_3.py for tasks to queue
[2024-04-12T09:43:06.357+0000] {logging_mixin.py:137} INFO - [2024-04-12T09:43:06.356+0000] {dagbag.py:538} INFO - Filling up the DagBag from /usr/local/python/3.10.13/lib/python3.10/site-packages/airflow/example_dags/example_branch_python_dop_operator_3.py
[2024-04-12T09:43:06.382+0000] {processor.py:753} INFO - DAG(s) dict_keys(['example_branch_dop_operator_v3']) retrieved from /usr/local/python/3.10.13/lib/python3.10/site-packages/airflow/example_dags/example_branch_python_dop_operator_3.py
[2024-04-12T09:43:06.396+0000] {logging_mixin.py:137} INFO - [2024-04-12T09:43:06.396+0000] {dag.py:2690} INFO - Sync 1 DAGs
[2024-04-12T09:43:06.416+0000] {logging_mixin.py:137} INFO - [2024-04-12T09:43:06.415+0000] {dag.py:3437} INFO - Setting next_dagrun for example_branch_dop_operator_v3 to 2024-04-12T09:42:00+00:00, run_after=2024-04-12T09:43:00+00:00
[2024-04-12T09:43:06.458+0000] {processor.py:175} INFO - Processing /usr/local/python/3.10.13/lib/python3.10/site-packages/airflow/example_dags/example_branch_python_dop_operator_3.py took 0.105 seconds
[2024-04-12T09:43:43.676+0000] {processor.py:153} INFO - Started process (PID=25269) to work on /usr/local/python/3.10.13/lib/python3.10/site-packages/airflow/example_dags/example_branch_python_dop_operator_3.py
[2024-04-12T09:43:43.677+0000] {processor.py:743} INFO - Processing file /usr/local/python/3.10.13/lib/python3.10/site-packages/airflow/example_dags/example_branch_python_dop_operator_3.py for tasks to queue
[2024-04-12T09:43:43.678+0000] {logging_mixin.py:137} INFO - [2024-04-12T09:43:43.678+0000] {dagbag.py:538} INFO - Filling up the DagBag from /usr/local/python/3.10.13/lib/python3.10/site-packages/airflow/example_dags/example_branch_python_dop_operator_3.py
[2024-04-12T09:43:43.774+0000] {processor.py:753} INFO - DAG(s) dict_keys(['example_branch_dop_operator_v3']) retrieved from /usr/local/python/3.10.13/lib/python3.10/site-packages/airflow/example_dags/example_branch_python_dop_operator_3.py
[2024-04-12T09:43:43.832+0000] {logging_mixin.py:137} INFO - [2024-04-12T09:43:43.832+0000] {dag.py:2690} INFO - Sync 1 DAGs
[2024-04-12T09:43:43.918+0000] {logging_mixin.py:137} INFO - [2024-04-12T09:43:43.918+0000] {dag.py:3437} INFO - Setting next_dagrun for example_branch_dop_operator_v3 to 2024-04-12T09:42:00+00:00, run_after=2024-04-12T09:43:00+00:00
[2024-04-12T09:43:43.976+0000] {processor.py:175} INFO - Processing /usr/local/python/3.10.13/lib/python3.10/site-packages/airflow/example_dags/example_branch_python_dop_operator_3.py took 0.307 seconds
[2024-04-12T09:44:24.603+0000] {processor.py:153} INFO - Started process (PID=25732) to work on /usr/local/python/3.10.13/lib/python3.10/site-packages/airflow/example_dags/example_branch_python_dop_operator_3.py
[2024-04-12T09:44:24.604+0000] {processor.py:743} INFO - Processing file /usr/local/python/3.10.13/lib/python3.10/site-packages/airflow/example_dags/example_branch_python_dop_operator_3.py for tasks to queue
[2024-04-12T09:44:24.605+0000] {logging_mixin.py:137} INFO - [2024-04-12T09:44:24.605+0000] {dagbag.py:538} INFO - Filling up the DagBag from /usr/local/python/3.10.13/lib/python3.10/site-packages/airflow/example_dags/example_branch_python_dop_operator_3.py
[2024-04-12T09:44:24.628+0000] {processor.py:753} INFO - DAG(s) dict_keys(['example_branch_dop_operator_v3']) retrieved from /usr/local/python/3.10.13/lib/python3.10/site-packages/airflow/example_dags/example_branch_python_dop_operator_3.py
[2024-04-12T09:44:24.644+0000] {logging_mixin.py:137} INFO - [2024-04-12T09:44:24.644+0000] {dag.py:2690} INFO - Sync 1 DAGs
[2024-04-12T09:44:24.668+0000] {logging_mixin.py:137} INFO - [2024-04-12T09:44:24.668+0000] {dag.py:3437} INFO - Setting next_dagrun for example_branch_dop_operator_v3 to 2024-04-12T09:43:00+00:00, run_after=2024-04-12T09:44:00+00:00
[2024-04-12T09:44:24.716+0000] {processor.py:175} INFO - Processing /usr/local/python/3.10.13/lib/python3.10/site-packages/airflow/example_dags/example_branch_python_dop_operator_3.py took 0.115 seconds
[2024-04-12T09:45:06.703+0000] {processor.py:153} INFO - Started process (PID=26044) to work on /usr/local/python/3.10.13/lib/python3.10/site-packages/airflow/example_dags/example_branch_python_dop_operator_3.py
[2024-04-12T09:45:06.704+0000] {processor.py:743} INFO - Processing file /usr/local/python/3.10.13/lib/python3.10/site-packages/airflow/example_dags/example_branch_python_dop_operator_3.py for tasks to queue
[2024-04-12T09:45:06.705+0000] {logging_mixin.py:137} INFO - [2024-04-12T09:45:06.704+0000] {dagbag.py:538} INFO - Filling up the DagBag from /usr/local/python/3.10.13/lib/python3.10/site-packages/airflow/example_dags/example_branch_python_dop_operator_3.py
[2024-04-12T09:45:06.728+0000] {processor.py:753} INFO - DAG(s) dict_keys(['example_branch_dop_operator_v3']) retrieved from /usr/local/python/3.10.13/lib/python3.10/site-packages/airflow/example_dags/example_branch_python_dop_operator_3.py
[2024-04-12T09:45:06.744+0000] {logging_mixin.py:137} INFO - [2024-04-12T09:45:06.744+0000] {dag.py:2690} INFO - Sync 1 DAGs
[2024-04-12T09:45:06.767+0000] {logging_mixin.py:137} INFO - [2024-04-12T09:45:06.767+0000] {dag.py:3437} INFO - Setting next_dagrun for example_branch_dop_operator_v3 to 2024-04-12T09:44:00+00:00, run_after=2024-04-12T09:45:00+00:00
[2024-04-12T09:45:06.809+0000] {processor.py:175} INFO - Processing /usr/local/python/3.10.13/lib/python3.10/site-packages/airflow/example_dags/example_branch_python_dop_operator_3.py took 0.109 seconds
[2024-04-12T09:45:46.182+0000] {processor.py:153} INFO - Started process (PID=26315) to work on /usr/local/python/3.10.13/lib/python3.10/site-packages/airflow/example_dags/example_branch_python_dop_operator_3.py
[2024-04-12T09:45:46.183+0000] {processor.py:743} INFO - Processing file /usr/local/python/3.10.13/lib/python3.10/site-packages/airflow/example_dags/example_branch_python_dop_operator_3.py for tasks to queue
[2024-04-12T09:45:46.183+0000] {logging_mixin.py:137} INFO - [2024-04-12T09:45:46.183+0000] {dagbag.py:538} INFO - Filling up the DagBag from /usr/local/python/3.10.13/lib/python3.10/site-packages/airflow/example_dags/example_branch_python_dop_operator_3.py
[2024-04-12T09:45:46.206+0000] {processor.py:753} INFO - DAG(s) dict_keys(['example_branch_dop_operator_v3']) retrieved from /usr/local/python/3.10.13/lib/python3.10/site-packages/airflow/example_dags/example_branch_python_dop_operator_3.py
[2024-04-12T09:45:46.221+0000] {logging_mixin.py:137} INFO - [2024-04-12T09:45:46.221+0000] {dag.py:2690} INFO - Sync 1 DAGs
[2024-04-12T09:45:46.241+0000] {logging_mixin.py:137} INFO - [2024-04-12T09:45:46.241+0000] {dag.py:3437} INFO - Setting next_dagrun for example_branch_dop_operator_v3 to 2024-04-12T09:44:00+00:00, run_after=2024-04-12T09:45:00+00:00
[2024-04-12T09:45:46.282+0000] {processor.py:175} INFO - Processing /usr/local/python/3.10.13/lib/python3.10/site-packages/airflow/example_dags/example_branch_python_dop_operator_3.py took 0.102 seconds
