[2024-04-12T09:41:05.509+0000] {processor.py:153} INFO - Started process (PID=24027) to work on /usr/local/python/3.10.13/lib/python3.10/site-packages/airflow/example_dags/example_sensors.py
[2024-04-12T09:41:05.509+0000] {processor.py:743} INFO - Processing file /usr/local/python/3.10.13/lib/python3.10/site-packages/airflow/example_dags/example_sensors.py for tasks to queue
[2024-04-12T09:41:05.510+0000] {logging_mixin.py:137} INFO - [2024-04-12T09:41:05.510+0000] {dagbag.py:538} INFO - Filling up the DagBag from /usr/local/python/3.10.13/lib/python3.10/site-packages/airflow/example_dags/example_sensors.py
[2024-04-12T09:41:05.527+0000] {processor.py:753} INFO - DAG(s) dict_keys(['example_sensors']) retrieved from /usr/local/python/3.10.13/lib/python3.10/site-packages/airflow/example_dags/example_sensors.py
[2024-04-12T09:41:05.677+0000] {logging_mixin.py:137} INFO - [2024-04-12T09:41:05.677+0000] {manager.py:504} INFO - Created Permission View: can delete on DAG:example_sensors
[2024-04-12T09:41:05.709+0000] {logging_mixin.py:137} INFO - [2024-04-12T09:41:05.709+0000] {manager.py:504} INFO - Created Permission View: can edit on DAG:example_sensors
[2024-04-12T09:41:05.738+0000] {logging_mixin.py:137} INFO - [2024-04-12T09:41:05.738+0000] {manager.py:504} INFO - Created Permission View: can read on DAG:example_sensors
[2024-04-12T09:41:05.739+0000] {logging_mixin.py:137} INFO - [2024-04-12T09:41:05.739+0000] {dag.py:2690} INFO - Sync 1 DAGs
[2024-04-12T09:41:05.747+0000] {logging_mixin.py:137} INFO - [2024-04-12T09:41:05.747+0000] {dag.py:2711} INFO - Creating ORM DAG for example_sensors
[2024-04-12T09:41:05.755+0000] {logging_mixin.py:137} INFO - [2024-04-12T09:41:05.755+0000] {dag.py:3437} INFO - Setting next_dagrun for example_sensors to None, run_after=None
[2024-04-12T09:41:05.800+0000] {processor.py:175} INFO - Processing /usr/local/python/3.10.13/lib/python3.10/site-packages/airflow/example_dags/example_sensors.py took 0.293 seconds
[2024-04-12T09:41:48.184+0000] {processor.py:153} INFO - Started process (PID=24349) to work on /usr/local/python/3.10.13/lib/python3.10/site-packages/airflow/example_dags/example_sensors.py
[2024-04-12T09:41:48.185+0000] {processor.py:743} INFO - Processing file /usr/local/python/3.10.13/lib/python3.10/site-packages/airflow/example_dags/example_sensors.py for tasks to queue
[2024-04-12T09:41:48.186+0000] {logging_mixin.py:137} INFO - [2024-04-12T09:41:48.186+0000] {dagbag.py:538} INFO - Filling up the DagBag from /usr/local/python/3.10.13/lib/python3.10/site-packages/airflow/example_dags/example_sensors.py
[2024-04-12T09:41:48.216+0000] {processor.py:753} INFO - DAG(s) dict_keys(['example_sensors']) retrieved from /usr/local/python/3.10.13/lib/python3.10/site-packages/airflow/example_dags/example_sensors.py
[2024-04-12T09:41:48.242+0000] {logging_mixin.py:137} INFO - [2024-04-12T09:41:48.242+0000] {dag.py:2690} INFO - Sync 1 DAGs
[2024-04-12T09:41:48.259+0000] {logging_mixin.py:137} INFO - [2024-04-12T09:41:48.259+0000] {dag.py:3437} INFO - Setting next_dagrun for example_sensors to None, run_after=None
[2024-04-12T09:41:48.302+0000] {processor.py:175} INFO - Processing /usr/local/python/3.10.13/lib/python3.10/site-packages/airflow/example_dags/example_sensors.py took 0.120 seconds
[2024-04-12T09:42:28.414+0000] {processor.py:153} INFO - Started process (PID=24614) to work on /usr/local/python/3.10.13/lib/python3.10/site-packages/airflow/example_dags/example_sensors.py
[2024-04-12T09:42:28.414+0000] {processor.py:743} INFO - Processing file /usr/local/python/3.10.13/lib/python3.10/site-packages/airflow/example_dags/example_sensors.py for tasks to queue
[2024-04-12T09:42:28.415+0000] {logging_mixin.py:137} INFO - [2024-04-12T09:42:28.415+0000] {dagbag.py:538} INFO - Filling up the DagBag from /usr/local/python/3.10.13/lib/python3.10/site-packages/airflow/example_dags/example_sensors.py
[2024-04-12T09:42:28.434+0000] {processor.py:753} INFO - DAG(s) dict_keys(['example_sensors']) retrieved from /usr/local/python/3.10.13/lib/python3.10/site-packages/airflow/example_dags/example_sensors.py
[2024-04-12T09:42:28.453+0000] {logging_mixin.py:137} INFO - [2024-04-12T09:42:28.453+0000] {dag.py:2690} INFO - Sync 1 DAGs
[2024-04-12T09:42:28.470+0000] {logging_mixin.py:137} INFO - [2024-04-12T09:42:28.470+0000] {dag.py:3437} INFO - Setting next_dagrun for example_sensors to None, run_after=None
[2024-04-12T09:42:28.515+0000] {processor.py:175} INFO - Processing /usr/local/python/3.10.13/lib/python3.10/site-packages/airflow/example_dags/example_sensors.py took 0.104 seconds
[2024-04-12T09:43:07.872+0000] {processor.py:153} INFO - Started process (PID=24887) to work on /usr/local/python/3.10.13/lib/python3.10/site-packages/airflow/example_dags/example_sensors.py
[2024-04-12T09:43:07.872+0000] {processor.py:743} INFO - Processing file /usr/local/python/3.10.13/lib/python3.10/site-packages/airflow/example_dags/example_sensors.py for tasks to queue
[2024-04-12T09:43:07.873+0000] {logging_mixin.py:137} INFO - [2024-04-12T09:43:07.873+0000] {dagbag.py:538} INFO - Filling up the DagBag from /usr/local/python/3.10.13/lib/python3.10/site-packages/airflow/example_dags/example_sensors.py
[2024-04-12T09:43:07.891+0000] {processor.py:753} INFO - DAG(s) dict_keys(['example_sensors']) retrieved from /usr/local/python/3.10.13/lib/python3.10/site-packages/airflow/example_dags/example_sensors.py
[2024-04-12T09:43:07.909+0000] {logging_mixin.py:137} INFO - [2024-04-12T09:43:07.909+0000] {dag.py:2690} INFO - Sync 1 DAGs
[2024-04-12T09:43:07.925+0000] {logging_mixin.py:137} INFO - [2024-04-12T09:43:07.924+0000] {dag.py:3437} INFO - Setting next_dagrun for example_sensors to None, run_after=None
[2024-04-12T09:43:07.965+0000] {processor.py:175} INFO - Processing /usr/local/python/3.10.13/lib/python3.10/site-packages/airflow/example_dags/example_sensors.py took 0.096 seconds
[2024-04-12T09:43:45.865+0000] {processor.py:153} INFO - Started process (PID=25292) to work on /usr/local/python/3.10.13/lib/python3.10/site-packages/airflow/example_dags/example_sensors.py
[2024-04-12T09:43:45.866+0000] {processor.py:743} INFO - Processing file /usr/local/python/3.10.13/lib/python3.10/site-packages/airflow/example_dags/example_sensors.py for tasks to queue
[2024-04-12T09:43:45.866+0000] {logging_mixin.py:137} INFO - [2024-04-12T09:43:45.866+0000] {dagbag.py:538} INFO - Filling up the DagBag from /usr/local/python/3.10.13/lib/python3.10/site-packages/airflow/example_dags/example_sensors.py
[2024-04-12T09:43:45.892+0000] {processor.py:753} INFO - DAG(s) dict_keys(['example_sensors']) retrieved from /usr/local/python/3.10.13/lib/python3.10/site-packages/airflow/example_dags/example_sensors.py
[2024-04-12T09:43:45.916+0000] {logging_mixin.py:137} INFO - [2024-04-12T09:43:45.916+0000] {dag.py:2690} INFO - Sync 1 DAGs
[2024-04-12T09:43:45.944+0000] {logging_mixin.py:137} INFO - [2024-04-12T09:43:45.944+0000] {dag.py:3437} INFO - Setting next_dagrun for example_sensors to None, run_after=None
[2024-04-12T09:43:45.989+0000] {processor.py:175} INFO - Processing /usr/local/python/3.10.13/lib/python3.10/site-packages/airflow/example_dags/example_sensors.py took 0.126 seconds
[2024-04-12T09:44:26.633+0000] {processor.py:153} INFO - Started process (PID=25745) to work on /usr/local/python/3.10.13/lib/python3.10/site-packages/airflow/example_dags/example_sensors.py
[2024-04-12T09:44:26.634+0000] {processor.py:743} INFO - Processing file /usr/local/python/3.10.13/lib/python3.10/site-packages/airflow/example_dags/example_sensors.py for tasks to queue
[2024-04-12T09:44:26.634+0000] {logging_mixin.py:137} INFO - [2024-04-12T09:44:26.634+0000] {dagbag.py:538} INFO - Filling up the DagBag from /usr/local/python/3.10.13/lib/python3.10/site-packages/airflow/example_dags/example_sensors.py
[2024-04-12T09:44:26.658+0000] {processor.py:753} INFO - DAG(s) dict_keys(['example_sensors']) retrieved from /usr/local/python/3.10.13/lib/python3.10/site-packages/airflow/example_dags/example_sensors.py
[2024-04-12T09:44:26.682+0000] {logging_mixin.py:137} INFO - [2024-04-12T09:44:26.682+0000] {dag.py:2690} INFO - Sync 1 DAGs
[2024-04-12T09:44:26.704+0000] {logging_mixin.py:137} INFO - [2024-04-12T09:44:26.704+0000] {dag.py:3437} INFO - Setting next_dagrun for example_sensors to None, run_after=None
[2024-04-12T09:44:26.752+0000] {processor.py:175} INFO - Processing /usr/local/python/3.10.13/lib/python3.10/site-packages/airflow/example_dags/example_sensors.py took 0.122 seconds
[2024-04-12T09:45:08.674+0000] {processor.py:153} INFO - Started process (PID=26052) to work on /usr/local/python/3.10.13/lib/python3.10/site-packages/airflow/example_dags/example_sensors.py
[2024-04-12T09:45:08.675+0000] {processor.py:743} INFO - Processing file /usr/local/python/3.10.13/lib/python3.10/site-packages/airflow/example_dags/example_sensors.py for tasks to queue
[2024-04-12T09:45:08.675+0000] {logging_mixin.py:137} INFO - [2024-04-12T09:45:08.675+0000] {dagbag.py:538} INFO - Filling up the DagBag from /usr/local/python/3.10.13/lib/python3.10/site-packages/airflow/example_dags/example_sensors.py
[2024-04-12T09:45:08.692+0000] {processor.py:753} INFO - DAG(s) dict_keys(['example_sensors']) retrieved from /usr/local/python/3.10.13/lib/python3.10/site-packages/airflow/example_dags/example_sensors.py
[2024-04-12T09:45:08.710+0000] {logging_mixin.py:137} INFO - [2024-04-12T09:45:08.710+0000] {dag.py:2690} INFO - Sync 1 DAGs
[2024-04-12T09:45:08.725+0000] {logging_mixin.py:137} INFO - [2024-04-12T09:45:08.725+0000] {dag.py:3437} INFO - Setting next_dagrun for example_sensors to None, run_after=None
[2024-04-12T09:45:08.766+0000] {processor.py:175} INFO - Processing /usr/local/python/3.10.13/lib/python3.10/site-packages/airflow/example_dags/example_sensors.py took 0.094 seconds
[2024-04-12T09:45:48.550+0000] {processor.py:153} INFO - Started process (PID=26323) to work on /usr/local/python/3.10.13/lib/python3.10/site-packages/airflow/example_dags/example_sensors.py
[2024-04-12T09:45:48.551+0000] {processor.py:743} INFO - Processing file /usr/local/python/3.10.13/lib/python3.10/site-packages/airflow/example_dags/example_sensors.py for tasks to queue
[2024-04-12T09:45:48.551+0000] {logging_mixin.py:137} INFO - [2024-04-12T09:45:48.551+0000] {dagbag.py:538} INFO - Filling up the DagBag from /usr/local/python/3.10.13/lib/python3.10/site-packages/airflow/example_dags/example_sensors.py
[2024-04-12T09:45:48.568+0000] {processor.py:753} INFO - DAG(s) dict_keys(['example_sensors']) retrieved from /usr/local/python/3.10.13/lib/python3.10/site-packages/airflow/example_dags/example_sensors.py
[2024-04-12T09:45:48.586+0000] {logging_mixin.py:137} INFO - [2024-04-12T09:45:48.586+0000] {dag.py:2690} INFO - Sync 1 DAGs
[2024-04-12T09:45:48.601+0000] {logging_mixin.py:137} INFO - [2024-04-12T09:45:48.601+0000] {dag.py:3437} INFO - Setting next_dagrun for example_sensors to None, run_after=None
[2024-04-12T09:45:48.641+0000] {processor.py:175} INFO - Processing /usr/local/python/3.10.13/lib/python3.10/site-packages/airflow/example_dags/example_sensors.py took 0.093 seconds
