[2024-04-12T09:40:30.765+0000] {processor.py:153} INFO - Started process (PID=23779) to work on /usr/local/python/3.10.13/lib/python3.10/site-packages/airflow/example_dags/example_time_delta_sensor_async.py
[2024-04-12T09:40:30.766+0000] {processor.py:743} INFO - Processing file /usr/local/python/3.10.13/lib/python3.10/site-packages/airflow/example_dags/example_time_delta_sensor_async.py for tasks to queue
[2024-04-12T09:40:30.766+0000] {logging_mixin.py:137} INFO - [2024-04-12T09:40:30.766+0000] {dagbag.py:538} INFO - Filling up the DagBag from /usr/local/python/3.10.13/lib/python3.10/site-packages/airflow/example_dags/example_time_delta_sensor_async.py
[2024-04-12T09:40:30.777+0000] {processor.py:753} INFO - DAG(s) dict_keys(['example_time_delta_sensor_async']) retrieved from /usr/local/python/3.10.13/lib/python3.10/site-packages/airflow/example_dags/example_time_delta_sensor_async.py
[2024-04-12T09:40:30.912+0000] {logging_mixin.py:137} INFO - [2024-04-12T09:40:30.912+0000] {manager.py:504} INFO - Created Permission View: can delete on DAG:example_time_delta_sensor_async
[2024-04-12T09:40:30.948+0000] {logging_mixin.py:137} INFO - [2024-04-12T09:40:30.948+0000] {manager.py:504} INFO - Created Permission View: can edit on DAG:example_time_delta_sensor_async
[2024-04-12T09:40:30.985+0000] {logging_mixin.py:137} INFO - [2024-04-12T09:40:30.985+0000] {manager.py:504} INFO - Created Permission View: can read on DAG:example_time_delta_sensor_async
[2024-04-12T09:40:30.985+0000] {logging_mixin.py:137} INFO - [2024-04-12T09:40:30.985+0000] {dag.py:2690} INFO - Sync 1 DAGs
[2024-04-12T09:40:30.996+0000] {logging_mixin.py:137} INFO - [2024-04-12T09:40:30.996+0000] {dag.py:2711} INFO - Creating ORM DAG for example_time_delta_sensor_async
[2024-04-12T09:40:31.005+0000] {logging_mixin.py:137} INFO - [2024-04-12T09:40:31.005+0000] {dag.py:3437} INFO - Setting next_dagrun for example_time_delta_sensor_async to None, run_after=None
[2024-04-12T09:40:31.051+0000] {processor.py:175} INFO - Processing /usr/local/python/3.10.13/lib/python3.10/site-packages/airflow/example_dags/example_time_delta_sensor_async.py took 0.288 seconds
[2024-04-12T09:41:20.273+0000] {processor.py:153} INFO - Started process (PID=24152) to work on /usr/local/python/3.10.13/lib/python3.10/site-packages/airflow/example_dags/example_time_delta_sensor_async.py
[2024-04-12T09:41:20.273+0000] {processor.py:743} INFO - Processing file /usr/local/python/3.10.13/lib/python3.10/site-packages/airflow/example_dags/example_time_delta_sensor_async.py for tasks to queue
[2024-04-12T09:41:20.274+0000] {logging_mixin.py:137} INFO - [2024-04-12T09:41:20.274+0000] {dagbag.py:538} INFO - Filling up the DagBag from /usr/local/python/3.10.13/lib/python3.10/site-packages/airflow/example_dags/example_time_delta_sensor_async.py
[2024-04-12T09:41:20.285+0000] {processor.py:753} INFO - DAG(s) dict_keys(['example_time_delta_sensor_async']) retrieved from /usr/local/python/3.10.13/lib/python3.10/site-packages/airflow/example_dags/example_time_delta_sensor_async.py
[2024-04-12T09:41:20.299+0000] {logging_mixin.py:137} INFO - [2024-04-12T09:41:20.299+0000] {dag.py:2690} INFO - Sync 1 DAGs
[2024-04-12T09:41:20.316+0000] {logging_mixin.py:137} INFO - [2024-04-12T09:41:20.316+0000] {dag.py:3437} INFO - Setting next_dagrun for example_time_delta_sensor_async to None, run_after=None
[2024-04-12T09:41:20.357+0000] {processor.py:175} INFO - Processing /usr/local/python/3.10.13/lib/python3.10/site-packages/airflow/example_dags/example_time_delta_sensor_async.py took 0.086 seconds
[2024-04-12T09:41:59.368+0000] {processor.py:153} INFO - Started process (PID=24432) to work on /usr/local/python/3.10.13/lib/python3.10/site-packages/airflow/example_dags/example_time_delta_sensor_async.py
[2024-04-12T09:41:59.368+0000] {processor.py:743} INFO - Processing file /usr/local/python/3.10.13/lib/python3.10/site-packages/airflow/example_dags/example_time_delta_sensor_async.py for tasks to queue
[2024-04-12T09:41:59.369+0000] {logging_mixin.py:137} INFO - [2024-04-12T09:41:59.369+0000] {dagbag.py:538} INFO - Filling up the DagBag from /usr/local/python/3.10.13/lib/python3.10/site-packages/airflow/example_dags/example_time_delta_sensor_async.py
[2024-04-12T09:41:59.380+0000] {processor.py:753} INFO - DAG(s) dict_keys(['example_time_delta_sensor_async']) retrieved from /usr/local/python/3.10.13/lib/python3.10/site-packages/airflow/example_dags/example_time_delta_sensor_async.py
[2024-04-12T09:41:59.395+0000] {logging_mixin.py:137} INFO - [2024-04-12T09:41:59.395+0000] {dag.py:2690} INFO - Sync 1 DAGs
[2024-04-12T09:41:59.410+0000] {logging_mixin.py:137} INFO - [2024-04-12T09:41:59.409+0000] {dag.py:3437} INFO - Setting next_dagrun for example_time_delta_sensor_async to None, run_after=None
[2024-04-12T09:41:59.451+0000] {processor.py:175} INFO - Processing /usr/local/python/3.10.13/lib/python3.10/site-packages/airflow/example_dags/example_time_delta_sensor_async.py took 0.085 seconds
[2024-04-12T09:42:38.858+0000] {processor.py:153} INFO - Started process (PID=24683) to work on /usr/local/python/3.10.13/lib/python3.10/site-packages/airflow/example_dags/example_time_delta_sensor_async.py
[2024-04-12T09:42:38.859+0000] {processor.py:743} INFO - Processing file /usr/local/python/3.10.13/lib/python3.10/site-packages/airflow/example_dags/example_time_delta_sensor_async.py for tasks to queue
[2024-04-12T09:42:38.860+0000] {logging_mixin.py:137} INFO - [2024-04-12T09:42:38.859+0000] {dagbag.py:538} INFO - Filling up the DagBag from /usr/local/python/3.10.13/lib/python3.10/site-packages/airflow/example_dags/example_time_delta_sensor_async.py
[2024-04-12T09:42:38.877+0000] {processor.py:753} INFO - DAG(s) dict_keys(['example_time_delta_sensor_async']) retrieved from /usr/local/python/3.10.13/lib/python3.10/site-packages/airflow/example_dags/example_time_delta_sensor_async.py
[2024-04-12T09:42:38.892+0000] {logging_mixin.py:137} INFO - [2024-04-12T09:42:38.892+0000] {dag.py:2690} INFO - Sync 1 DAGs
[2024-04-12T09:42:38.907+0000] {logging_mixin.py:137} INFO - [2024-04-12T09:42:38.907+0000] {dag.py:3437} INFO - Setting next_dagrun for example_time_delta_sensor_async to None, run_after=None
[2024-04-12T09:42:38.951+0000] {processor.py:175} INFO - Processing /usr/local/python/3.10.13/lib/python3.10/site-packages/airflow/example_dags/example_time_delta_sensor_async.py took 0.095 seconds
[2024-04-12T09:43:18.171+0000] {processor.py:153} INFO - Started process (PID=24966) to work on /usr/local/python/3.10.13/lib/python3.10/site-packages/airflow/example_dags/example_time_delta_sensor_async.py
[2024-04-12T09:43:18.172+0000] {processor.py:743} INFO - Processing file /usr/local/python/3.10.13/lib/python3.10/site-packages/airflow/example_dags/example_time_delta_sensor_async.py for tasks to queue
[2024-04-12T09:43:18.172+0000] {logging_mixin.py:137} INFO - [2024-04-12T09:43:18.172+0000] {dagbag.py:538} INFO - Filling up the DagBag from /usr/local/python/3.10.13/lib/python3.10/site-packages/airflow/example_dags/example_time_delta_sensor_async.py
[2024-04-12T09:43:18.183+0000] {processor.py:753} INFO - DAG(s) dict_keys(['example_time_delta_sensor_async']) retrieved from /usr/local/python/3.10.13/lib/python3.10/site-packages/airflow/example_dags/example_time_delta_sensor_async.py
[2024-04-12T09:43:18.198+0000] {logging_mixin.py:137} INFO - [2024-04-12T09:43:18.197+0000] {dag.py:2690} INFO - Sync 1 DAGs
[2024-04-12T09:43:18.213+0000] {logging_mixin.py:137} INFO - [2024-04-12T09:43:18.213+0000] {dag.py:3437} INFO - Setting next_dagrun for example_time_delta_sensor_async to None, run_after=None
[2024-04-12T09:43:18.256+0000] {processor.py:175} INFO - Processing /usr/local/python/3.10.13/lib/python3.10/site-packages/airflow/example_dags/example_time_delta_sensor_async.py took 0.087 seconds
[2024-04-12T09:43:51.045+0000] {processor.py:153} INFO - Started process (PID=25355) to work on /usr/local/python/3.10.13/lib/python3.10/site-packages/airflow/example_dags/example_time_delta_sensor_async.py
[2024-04-12T09:43:51.045+0000] {processor.py:743} INFO - Processing file /usr/local/python/3.10.13/lib/python3.10/site-packages/airflow/example_dags/example_time_delta_sensor_async.py for tasks to queue
[2024-04-12T09:43:51.046+0000] {logging_mixin.py:137} INFO - [2024-04-12T09:43:51.046+0000] {dagbag.py:538} INFO - Filling up the DagBag from /usr/local/python/3.10.13/lib/python3.10/site-packages/airflow/example_dags/example_time_delta_sensor_async.py
[2024-04-12T09:43:51.057+0000] {processor.py:753} INFO - DAG(s) dict_keys(['example_time_delta_sensor_async']) retrieved from /usr/local/python/3.10.13/lib/python3.10/site-packages/airflow/example_dags/example_time_delta_sensor_async.py
[2024-04-12T09:43:51.072+0000] {logging_mixin.py:137} INFO - [2024-04-12T09:43:51.072+0000] {dag.py:2690} INFO - Sync 1 DAGs
[2024-04-12T09:43:51.088+0000] {logging_mixin.py:137} INFO - [2024-04-12T09:43:51.088+0000] {dag.py:3437} INFO - Setting next_dagrun for example_time_delta_sensor_async to None, run_after=None
[2024-04-12T09:43:51.128+0000] {processor.py:175} INFO - Processing /usr/local/python/3.10.13/lib/python3.10/site-packages/airflow/example_dags/example_time_delta_sensor_async.py took 0.086 seconds
[2024-04-12T09:44:30.805+0000] {processor.py:153} INFO - Started process (PID=25783) to work on /usr/local/python/3.10.13/lib/python3.10/site-packages/airflow/example_dags/example_time_delta_sensor_async.py
[2024-04-12T09:44:30.806+0000] {processor.py:743} INFO - Processing file /usr/local/python/3.10.13/lib/python3.10/site-packages/airflow/example_dags/example_time_delta_sensor_async.py for tasks to queue
[2024-04-12T09:44:30.806+0000] {logging_mixin.py:137} INFO - [2024-04-12T09:44:30.806+0000] {dagbag.py:538} INFO - Filling up the DagBag from /usr/local/python/3.10.13/lib/python3.10/site-packages/airflow/example_dags/example_time_delta_sensor_async.py
[2024-04-12T09:44:30.817+0000] {processor.py:753} INFO - DAG(s) dict_keys(['example_time_delta_sensor_async']) retrieved from /usr/local/python/3.10.13/lib/python3.10/site-packages/airflow/example_dags/example_time_delta_sensor_async.py
[2024-04-12T09:44:30.833+0000] {logging_mixin.py:137} INFO - [2024-04-12T09:44:30.833+0000] {dag.py:2690} INFO - Sync 1 DAGs
[2024-04-12T09:44:30.849+0000] {logging_mixin.py:137} INFO - [2024-04-12T09:44:30.849+0000] {dag.py:3437} INFO - Setting next_dagrun for example_time_delta_sensor_async to None, run_after=None
[2024-04-12T09:44:30.890+0000] {processor.py:175} INFO - Processing /usr/local/python/3.10.13/lib/python3.10/site-packages/airflow/example_dags/example_time_delta_sensor_async.py took 0.087 seconds
[2024-04-12T09:45:03.106+0000] {processor.py:153} INFO - Started process (PID=26021) to work on /usr/local/python/3.10.13/lib/python3.10/site-packages/airflow/example_dags/example_time_delta_sensor_async.py
[2024-04-12T09:45:03.106+0000] {processor.py:743} INFO - Processing file /usr/local/python/3.10.13/lib/python3.10/site-packages/airflow/example_dags/example_time_delta_sensor_async.py for tasks to queue
[2024-04-12T09:45:03.107+0000] {logging_mixin.py:137} INFO - [2024-04-12T09:45:03.107+0000] {dagbag.py:538} INFO - Filling up the DagBag from /usr/local/python/3.10.13/lib/python3.10/site-packages/airflow/example_dags/example_time_delta_sensor_async.py
[2024-04-12T09:45:03.117+0000] {processor.py:753} INFO - DAG(s) dict_keys(['example_time_delta_sensor_async']) retrieved from /usr/local/python/3.10.13/lib/python3.10/site-packages/airflow/example_dags/example_time_delta_sensor_async.py
[2024-04-12T09:45:03.137+0000] {logging_mixin.py:137} INFO - [2024-04-12T09:45:03.136+0000] {dag.py:2690} INFO - Sync 1 DAGs
[2024-04-12T09:45:03.158+0000] {logging_mixin.py:137} INFO - [2024-04-12T09:45:03.158+0000] {dag.py:3437} INFO - Setting next_dagrun for example_time_delta_sensor_async to None, run_after=None
[2024-04-12T09:45:03.205+0000] {processor.py:175} INFO - Processing /usr/local/python/3.10.13/lib/python3.10/site-packages/airflow/example_dags/example_time_delta_sensor_async.py took 0.102 seconds
[2024-04-12T09:45:41.087+0000] {processor.py:153} INFO - Started process (PID=26272) to work on /usr/local/python/3.10.13/lib/python3.10/site-packages/airflow/example_dags/example_time_delta_sensor_async.py
[2024-04-12T09:45:41.088+0000] {processor.py:743} INFO - Processing file /usr/local/python/3.10.13/lib/python3.10/site-packages/airflow/example_dags/example_time_delta_sensor_async.py for tasks to queue
[2024-04-12T09:45:41.088+0000] {logging_mixin.py:137} INFO - [2024-04-12T09:45:41.088+0000] {dagbag.py:538} INFO - Filling up the DagBag from /usr/local/python/3.10.13/lib/python3.10/site-packages/airflow/example_dags/example_time_delta_sensor_async.py
[2024-04-12T09:45:41.099+0000] {processor.py:753} INFO - DAG(s) dict_keys(['example_time_delta_sensor_async']) retrieved from /usr/local/python/3.10.13/lib/python3.10/site-packages/airflow/example_dags/example_time_delta_sensor_async.py
[2024-04-12T09:45:41.115+0000] {logging_mixin.py:137} INFO - [2024-04-12T09:45:41.115+0000] {dag.py:2690} INFO - Sync 1 DAGs
[2024-04-12T09:45:41.131+0000] {logging_mixin.py:137} INFO - [2024-04-12T09:45:41.130+0000] {dag.py:3437} INFO - Setting next_dagrun for example_time_delta_sensor_async to None, run_after=None
[2024-04-12T09:45:41.171+0000] {processor.py:175} INFO - Processing /usr/local/python/3.10.13/lib/python3.10/site-packages/airflow/example_dags/example_time_delta_sensor_async.py took 0.086 seconds
