[2024-04-12T09:41:10.137+0000] {processor.py:153} INFO - Started process (PID=24071) to work on /usr/local/python/3.10.13/lib/python3.10/site-packages/airflow/example_dags/example_kubernetes_executor.py
[2024-04-12T09:41:10.137+0000] {processor.py:743} INFO - Processing file /usr/local/python/3.10.13/lib/python3.10/site-packages/airflow/example_dags/example_kubernetes_executor.py for tasks to queue
[2024-04-12T09:41:10.138+0000] {logging_mixin.py:137} INFO - [2024-04-12T09:41:10.138+0000] {dagbag.py:538} INFO - Filling up the DagBag from /usr/local/python/3.10.13/lib/python3.10/site-packages/airflow/example_dags/example_kubernetes_executor.py
[2024-04-12T09:41:10.152+0000] {logging_mixin.py:137} INFO - [2024-04-12T09:41:10.151+0000] {example_kubernetes_executor.py:41} WARNING - The example_kubernetes_executor example DAG requires the kubernetes provider. Please install it with: pip install apache-airflow[cncf.kubernetes]
[2024-04-12T09:41:10.152+0000] {processor.py:755} WARNING - No viable dags retrieved from /usr/local/python/3.10.13/lib/python3.10/site-packages/airflow/example_dags/example_kubernetes_executor.py
[2024-04-12T09:41:10.158+0000] {processor.py:175} INFO - Processing /usr/local/python/3.10.13/lib/python3.10/site-packages/airflow/example_dags/example_kubernetes_executor.py took 0.023 seconds
[2024-04-12T09:41:51.834+0000] {processor.py:153} INFO - Started process (PID=24376) to work on /usr/local/python/3.10.13/lib/python3.10/site-packages/airflow/example_dags/example_kubernetes_executor.py
[2024-04-12T09:41:51.834+0000] {processor.py:743} INFO - Processing file /usr/local/python/3.10.13/lib/python3.10/site-packages/airflow/example_dags/example_kubernetes_executor.py for tasks to queue
[2024-04-12T09:41:51.835+0000] {logging_mixin.py:137} INFO - [2024-04-12T09:41:51.835+0000] {dagbag.py:538} INFO - Filling up the DagBag from /usr/local/python/3.10.13/lib/python3.10/site-packages/airflow/example_dags/example_kubernetes_executor.py
[2024-04-12T09:41:51.851+0000] {logging_mixin.py:137} INFO - [2024-04-12T09:41:51.850+0000] {example_kubernetes_executor.py:41} WARNING - The example_kubernetes_executor example DAG requires the kubernetes provider. Please install it with: pip install apache-airflow[cncf.kubernetes]
[2024-04-12T09:41:51.851+0000] {processor.py:755} WARNING - No viable dags retrieved from /usr/local/python/3.10.13/lib/python3.10/site-packages/airflow/example_dags/example_kubernetes_executor.py
[2024-04-12T09:41:51.857+0000] {processor.py:175} INFO - Processing /usr/local/python/3.10.13/lib/python3.10/site-packages/airflow/example_dags/example_kubernetes_executor.py took 0.026 seconds
[2024-04-12T09:42:31.277+0000] {processor.py:153} INFO - Started process (PID=24648) to work on /usr/local/python/3.10.13/lib/python3.10/site-packages/airflow/example_dags/example_kubernetes_executor.py
[2024-04-12T09:42:31.277+0000] {processor.py:743} INFO - Processing file /usr/local/python/3.10.13/lib/python3.10/site-packages/airflow/example_dags/example_kubernetes_executor.py for tasks to queue
[2024-04-12T09:42:31.278+0000] {logging_mixin.py:137} INFO - [2024-04-12T09:42:31.278+0000] {dagbag.py:538} INFO - Filling up the DagBag from /usr/local/python/3.10.13/lib/python3.10/site-packages/airflow/example_dags/example_kubernetes_executor.py
[2024-04-12T09:42:31.293+0000] {logging_mixin.py:137} INFO - [2024-04-12T09:42:31.293+0000] {example_kubernetes_executor.py:41} WARNING - The example_kubernetes_executor example DAG requires the kubernetes provider. Please install it with: pip install apache-airflow[cncf.kubernetes]
[2024-04-12T09:42:31.293+0000] {processor.py:755} WARNING - No viable dags retrieved from /usr/local/python/3.10.13/lib/python3.10/site-packages/airflow/example_dags/example_kubernetes_executor.py
[2024-04-12T09:42:31.299+0000] {processor.py:175} INFO - Processing /usr/local/python/3.10.13/lib/python3.10/site-packages/airflow/example_dags/example_kubernetes_executor.py took 0.025 seconds
[2024-04-12T09:43:11.418+0000] {processor.py:153} INFO - Started process (PID=24921) to work on /usr/local/python/3.10.13/lib/python3.10/site-packages/airflow/example_dags/example_kubernetes_executor.py
[2024-04-12T09:43:11.421+0000] {processor.py:743} INFO - Processing file /usr/local/python/3.10.13/lib/python3.10/site-packages/airflow/example_dags/example_kubernetes_executor.py for tasks to queue
[2024-04-12T09:43:11.424+0000] {logging_mixin.py:137} INFO - [2024-04-12T09:43:11.424+0000] {dagbag.py:538} INFO - Filling up the DagBag from /usr/local/python/3.10.13/lib/python3.10/site-packages/airflow/example_dags/example_kubernetes_executor.py
[2024-04-12T09:43:11.447+0000] {logging_mixin.py:137} INFO - [2024-04-12T09:43:11.447+0000] {example_kubernetes_executor.py:41} WARNING - The example_kubernetes_executor example DAG requires the kubernetes provider. Please install it with: pip install apache-airflow[cncf.kubernetes]
[2024-04-12T09:43:11.448+0000] {processor.py:755} WARNING - No viable dags retrieved from /usr/local/python/3.10.13/lib/python3.10/site-packages/airflow/example_dags/example_kubernetes_executor.py
[2024-04-12T09:43:11.456+0000] {processor.py:175} INFO - Processing /usr/local/python/3.10.13/lib/python3.10/site-packages/airflow/example_dags/example_kubernetes_executor.py took 0.041 seconds
[2024-04-12T09:43:48.644+0000] {processor.py:153} INFO - Started process (PID=25323) to work on /usr/local/python/3.10.13/lib/python3.10/site-packages/airflow/example_dags/example_kubernetes_executor.py
[2024-04-12T09:43:48.645+0000] {processor.py:743} INFO - Processing file /usr/local/python/3.10.13/lib/python3.10/site-packages/airflow/example_dags/example_kubernetes_executor.py for tasks to queue
[2024-04-12T09:43:48.646+0000] {logging_mixin.py:137} INFO - [2024-04-12T09:43:48.646+0000] {dagbag.py:538} INFO - Filling up the DagBag from /usr/local/python/3.10.13/lib/python3.10/site-packages/airflow/example_dags/example_kubernetes_executor.py
[2024-04-12T09:43:48.661+0000] {logging_mixin.py:137} INFO - [2024-04-12T09:43:48.661+0000] {example_kubernetes_executor.py:41} WARNING - The example_kubernetes_executor example DAG requires the kubernetes provider. Please install it with: pip install apache-airflow[cncf.kubernetes]
[2024-04-12T09:43:48.661+0000] {processor.py:755} WARNING - No viable dags retrieved from /usr/local/python/3.10.13/lib/python3.10/site-packages/airflow/example_dags/example_kubernetes_executor.py
[2024-04-12T09:43:48.667+0000] {processor.py:175} INFO - Processing /usr/local/python/3.10.13/lib/python3.10/site-packages/airflow/example_dags/example_kubernetes_executor.py took 0.027 seconds
[2024-04-12T09:44:29.661+0000] {processor.py:153} INFO - Started process (PID=25776) to work on /usr/local/python/3.10.13/lib/python3.10/site-packages/airflow/example_dags/example_kubernetes_executor.py
[2024-04-12T09:44:29.661+0000] {processor.py:743} INFO - Processing file /usr/local/python/3.10.13/lib/python3.10/site-packages/airflow/example_dags/example_kubernetes_executor.py for tasks to queue
[2024-04-12T09:44:29.662+0000] {logging_mixin.py:137} INFO - [2024-04-12T09:44:29.662+0000] {dagbag.py:538} INFO - Filling up the DagBag from /usr/local/python/3.10.13/lib/python3.10/site-packages/airflow/example_dags/example_kubernetes_executor.py
[2024-04-12T09:44:29.676+0000] {logging_mixin.py:137} INFO - [2024-04-12T09:44:29.676+0000] {example_kubernetes_executor.py:41} WARNING - The example_kubernetes_executor example DAG requires the kubernetes provider. Please install it with: pip install apache-airflow[cncf.kubernetes]
[2024-04-12T09:44:29.676+0000] {processor.py:755} WARNING - No viable dags retrieved from /usr/local/python/3.10.13/lib/python3.10/site-packages/airflow/example_dags/example_kubernetes_executor.py
[2024-04-12T09:44:29.682+0000] {processor.py:175} INFO - Processing /usr/local/python/3.10.13/lib/python3.10/site-packages/airflow/example_dags/example_kubernetes_executor.py took 0.024 seconds
[2024-04-12T09:45:12.216+0000] {processor.py:153} INFO - Started process (PID=26091) to work on /usr/local/python/3.10.13/lib/python3.10/site-packages/airflow/example_dags/example_kubernetes_executor.py
[2024-04-12T09:45:12.217+0000] {processor.py:743} INFO - Processing file /usr/local/python/3.10.13/lib/python3.10/site-packages/airflow/example_dags/example_kubernetes_executor.py for tasks to queue
[2024-04-12T09:45:12.218+0000] {logging_mixin.py:137} INFO - [2024-04-12T09:45:12.218+0000] {dagbag.py:538} INFO - Filling up the DagBag from /usr/local/python/3.10.13/lib/python3.10/site-packages/airflow/example_dags/example_kubernetes_executor.py
[2024-04-12T09:45:12.232+0000] {logging_mixin.py:137} INFO - [2024-04-12T09:45:12.232+0000] {example_kubernetes_executor.py:41} WARNING - The example_kubernetes_executor example DAG requires the kubernetes provider. Please install it with: pip install apache-airflow[cncf.kubernetes]
[2024-04-12T09:45:12.232+0000] {processor.py:755} WARNING - No viable dags retrieved from /usr/local/python/3.10.13/lib/python3.10/site-packages/airflow/example_dags/example_kubernetes_executor.py
[2024-04-12T09:45:12.238+0000] {processor.py:175} INFO - Processing /usr/local/python/3.10.13/lib/python3.10/site-packages/airflow/example_dags/example_kubernetes_executor.py took 0.024 seconds
[2024-04-12T09:45:56.736+0000] {processor.py:153} INFO - Started process (PID=26395) to work on /usr/local/python/3.10.13/lib/python3.10/site-packages/airflow/example_dags/example_kubernetes_executor.py
[2024-04-12T09:45:56.736+0000] {processor.py:743} INFO - Processing file /usr/local/python/3.10.13/lib/python3.10/site-packages/airflow/example_dags/example_kubernetes_executor.py for tasks to queue
[2024-04-12T09:45:56.737+0000] {logging_mixin.py:137} INFO - [2024-04-12T09:45:56.737+0000] {dagbag.py:538} INFO - Filling up the DagBag from /usr/local/python/3.10.13/lib/python3.10/site-packages/airflow/example_dags/example_kubernetes_executor.py
[2024-04-12T09:45:56.751+0000] {logging_mixin.py:137} INFO - [2024-04-12T09:45:56.751+0000] {example_kubernetes_executor.py:41} WARNING - The example_kubernetes_executor example DAG requires the kubernetes provider. Please install it with: pip install apache-airflow[cncf.kubernetes]
[2024-04-12T09:45:56.752+0000] {processor.py:755} WARNING - No viable dags retrieved from /usr/local/python/3.10.13/lib/python3.10/site-packages/airflow/example_dags/example_kubernetes_executor.py
[2024-04-12T09:45:56.758+0000] {processor.py:175} INFO - Processing /usr/local/python/3.10.13/lib/python3.10/site-packages/airflow/example_dags/example_kubernetes_executor.py took 0.025 seconds
