[2024-04-12T09:40:49.399+0000] {processor.py:153} INFO - Started process (PID=23929) to work on /usr/local/python/3.10.13/lib/python3.10/site-packages/airflow/example_dags/example_dynamic_task_mapping.py
[2024-04-12T09:40:49.399+0000] {processor.py:743} INFO - Processing file /usr/local/python/3.10.13/lib/python3.10/site-packages/airflow/example_dags/example_dynamic_task_mapping.py for tasks to queue
[2024-04-12T09:40:49.400+0000] {logging_mixin.py:137} INFO - [2024-04-12T09:40:49.400+0000] {dagbag.py:538} INFO - Filling up the DagBag from /usr/local/python/3.10.13/lib/python3.10/site-packages/airflow/example_dags/example_dynamic_task_mapping.py
[2024-04-12T09:40:49.421+0000] {processor.py:753} INFO - DAG(s) dict_keys(['example_dynamic_task_mapping']) retrieved from /usr/local/python/3.10.13/lib/python3.10/site-packages/airflow/example_dags/example_dynamic_task_mapping.py
[2024-04-12T09:40:49.567+0000] {logging_mixin.py:137} INFO - [2024-04-12T09:40:49.567+0000] {manager.py:504} INFO - Created Permission View: can delete on DAG:example_dynamic_task_mapping
[2024-04-12T09:40:49.598+0000] {logging_mixin.py:137} INFO - [2024-04-12T09:40:49.598+0000] {manager.py:504} INFO - Created Permission View: can edit on DAG:example_dynamic_task_mapping
[2024-04-12T09:40:49.628+0000] {logging_mixin.py:137} INFO - [2024-04-12T09:40:49.627+0000] {manager.py:504} INFO - Created Permission View: can read on DAG:example_dynamic_task_mapping
[2024-04-12T09:40:49.628+0000] {logging_mixin.py:137} INFO - [2024-04-12T09:40:49.628+0000] {dag.py:2690} INFO - Sync 1 DAGs
[2024-04-12T09:40:49.637+0000] {logging_mixin.py:137} INFO - [2024-04-12T09:40:49.637+0000] {dag.py:2711} INFO - Creating ORM DAG for example_dynamic_task_mapping
[2024-04-12T09:40:49.645+0000] {logging_mixin.py:137} INFO - [2024-04-12T09:40:49.645+0000] {dag.py:3437} INFO - Setting next_dagrun for example_dynamic_task_mapping to 2022-03-04T00:00:00+00:00, run_after=2022-03-05T00:00:00+00:00
[2024-04-12T09:40:49.683+0000] {processor.py:175} INFO - Processing /usr/local/python/3.10.13/lib/python3.10/site-packages/airflow/example_dags/example_dynamic_task_mapping.py took 0.286 seconds
[2024-04-12T09:41:34.980+0000] {processor.py:153} INFO - Started process (PID=24257) to work on /usr/local/python/3.10.13/lib/python3.10/site-packages/airflow/example_dags/example_dynamic_task_mapping.py
[2024-04-12T09:41:34.981+0000] {processor.py:743} INFO - Processing file /usr/local/python/3.10.13/lib/python3.10/site-packages/airflow/example_dags/example_dynamic_task_mapping.py for tasks to queue
[2024-04-12T09:41:34.981+0000] {logging_mixin.py:137} INFO - [2024-04-12T09:41:34.981+0000] {dagbag.py:538} INFO - Filling up the DagBag from /usr/local/python/3.10.13/lib/python3.10/site-packages/airflow/example_dags/example_dynamic_task_mapping.py
[2024-04-12T09:41:35.003+0000] {processor.py:753} INFO - DAG(s) dict_keys(['example_dynamic_task_mapping']) retrieved from /usr/local/python/3.10.13/lib/python3.10/site-packages/airflow/example_dags/example_dynamic_task_mapping.py
[2024-04-12T09:41:35.019+0000] {logging_mixin.py:137} INFO - [2024-04-12T09:41:35.019+0000] {dag.py:2690} INFO - Sync 1 DAGs
[2024-04-12T09:41:35.035+0000] {logging_mixin.py:137} INFO - [2024-04-12T09:41:35.035+0000] {dag.py:3437} INFO - Setting next_dagrun for example_dynamic_task_mapping to 2022-03-04T00:00:00+00:00, run_after=2022-03-05T00:00:00+00:00
[2024-04-12T09:41:35.075+0000] {processor.py:175} INFO - Processing /usr/local/python/3.10.13/lib/python3.10/site-packages/airflow/example_dags/example_dynamic_task_mapping.py took 0.098 seconds
[2024-04-12T09:42:14.385+0000] {processor.py:153} INFO - Started process (PID=24529) to work on /usr/local/python/3.10.13/lib/python3.10/site-packages/airflow/example_dags/example_dynamic_task_mapping.py
[2024-04-12T09:42:14.386+0000] {processor.py:743} INFO - Processing file /usr/local/python/3.10.13/lib/python3.10/site-packages/airflow/example_dags/example_dynamic_task_mapping.py for tasks to queue
[2024-04-12T09:42:14.387+0000] {logging_mixin.py:137} INFO - [2024-04-12T09:42:14.386+0000] {dagbag.py:538} INFO - Filling up the DagBag from /usr/local/python/3.10.13/lib/python3.10/site-packages/airflow/example_dags/example_dynamic_task_mapping.py
[2024-04-12T09:42:14.408+0000] {processor.py:753} INFO - DAG(s) dict_keys(['example_dynamic_task_mapping']) retrieved from /usr/local/python/3.10.13/lib/python3.10/site-packages/airflow/example_dags/example_dynamic_task_mapping.py
[2024-04-12T09:42:14.424+0000] {logging_mixin.py:137} INFO - [2024-04-12T09:42:14.423+0000] {dag.py:2690} INFO - Sync 1 DAGs
[2024-04-12T09:42:14.443+0000] {logging_mixin.py:137} INFO - [2024-04-12T09:42:14.443+0000] {dag.py:3437} INFO - Setting next_dagrun for example_dynamic_task_mapping to 2022-03-04T00:00:00+00:00, run_after=2022-03-05T00:00:00+00:00
[2024-04-12T09:42:14.487+0000] {processor.py:175} INFO - Processing /usr/local/python/3.10.13/lib/python3.10/site-packages/airflow/example_dags/example_dynamic_task_mapping.py took 0.103 seconds
[2024-04-12T09:42:54.561+0000] {processor.py:153} INFO - Started process (PID=24801) to work on /usr/local/python/3.10.13/lib/python3.10/site-packages/airflow/example_dags/example_dynamic_task_mapping.py
[2024-04-12T09:42:54.562+0000] {processor.py:743} INFO - Processing file /usr/local/python/3.10.13/lib/python3.10/site-packages/airflow/example_dags/example_dynamic_task_mapping.py for tasks to queue
[2024-04-12T09:42:54.563+0000] {logging_mixin.py:137} INFO - [2024-04-12T09:42:54.562+0000] {dagbag.py:538} INFO - Filling up the DagBag from /usr/local/python/3.10.13/lib/python3.10/site-packages/airflow/example_dags/example_dynamic_task_mapping.py
[2024-04-12T09:42:54.583+0000] {processor.py:753} INFO - DAG(s) dict_keys(['example_dynamic_task_mapping']) retrieved from /usr/local/python/3.10.13/lib/python3.10/site-packages/airflow/example_dags/example_dynamic_task_mapping.py
[2024-04-12T09:42:54.597+0000] {logging_mixin.py:137} INFO - [2024-04-12T09:42:54.597+0000] {dag.py:2690} INFO - Sync 1 DAGs
[2024-04-12T09:42:54.612+0000] {logging_mixin.py:137} INFO - [2024-04-12T09:42:54.612+0000] {dag.py:3437} INFO - Setting next_dagrun for example_dynamic_task_mapping to 2022-03-04T00:00:00+00:00, run_after=2022-03-05T00:00:00+00:00
[2024-04-12T09:42:54.657+0000] {processor.py:175} INFO - Processing /usr/local/python/3.10.13/lib/python3.10/site-packages/airflow/example_dags/example_dynamic_task_mapping.py took 0.098 seconds
[2024-04-12T09:43:32.170+0000] {processor.py:153} INFO - Started process (PID=25124) to work on /usr/local/python/3.10.13/lib/python3.10/site-packages/airflow/example_dags/example_dynamic_task_mapping.py
[2024-04-12T09:43:32.171+0000] {processor.py:743} INFO - Processing file /usr/local/python/3.10.13/lib/python3.10/site-packages/airflow/example_dags/example_dynamic_task_mapping.py for tasks to queue
[2024-04-12T09:43:32.172+0000] {logging_mixin.py:137} INFO - [2024-04-12T09:43:32.172+0000] {dagbag.py:538} INFO - Filling up the DagBag from /usr/local/python/3.10.13/lib/python3.10/site-packages/airflow/example_dags/example_dynamic_task_mapping.py
[2024-04-12T09:43:32.194+0000] {processor.py:753} INFO - DAG(s) dict_keys(['example_dynamic_task_mapping']) retrieved from /usr/local/python/3.10.13/lib/python3.10/site-packages/airflow/example_dags/example_dynamic_task_mapping.py
[2024-04-12T09:43:32.209+0000] {logging_mixin.py:137} INFO - [2024-04-12T09:43:32.209+0000] {dag.py:2690} INFO - Sync 1 DAGs
[2024-04-12T09:43:32.227+0000] {logging_mixin.py:137} INFO - [2024-04-12T09:43:32.227+0000] {dag.py:3437} INFO - Setting next_dagrun for example_dynamic_task_mapping to 2022-03-04T00:00:00+00:00, run_after=2022-03-05T00:00:00+00:00
[2024-04-12T09:43:32.267+0000] {processor.py:175} INFO - Processing /usr/local/python/3.10.13/lib/python3.10/site-packages/airflow/example_dags/example_dynamic_task_mapping.py took 0.099 seconds
[2024-04-12T09:44:12.093+0000] {processor.py:153} INFO - Started process (PID=25587) to work on /usr/local/python/3.10.13/lib/python3.10/site-packages/airflow/example_dags/example_dynamic_task_mapping.py
[2024-04-12T09:44:12.093+0000] {processor.py:743} INFO - Processing file /usr/local/python/3.10.13/lib/python3.10/site-packages/airflow/example_dags/example_dynamic_task_mapping.py for tasks to queue
[2024-04-12T09:44:12.094+0000] {logging_mixin.py:137} INFO - [2024-04-12T09:44:12.094+0000] {dagbag.py:538} INFO - Filling up the DagBag from /usr/local/python/3.10.13/lib/python3.10/site-packages/airflow/example_dags/example_dynamic_task_mapping.py
[2024-04-12T09:44:12.116+0000] {processor.py:753} INFO - DAG(s) dict_keys(['example_dynamic_task_mapping']) retrieved from /usr/local/python/3.10.13/lib/python3.10/site-packages/airflow/example_dags/example_dynamic_task_mapping.py
[2024-04-12T09:44:12.140+0000] {logging_mixin.py:137} INFO - [2024-04-12T09:44:12.140+0000] {dag.py:2690} INFO - Sync 1 DAGs
[2024-04-12T09:44:12.173+0000] {logging_mixin.py:137} INFO - [2024-04-12T09:44:12.173+0000] {dag.py:3437} INFO - Setting next_dagrun for example_dynamic_task_mapping to 2022-03-04T00:00:00+00:00, run_after=2022-03-05T00:00:00+00:00
[2024-04-12T09:44:12.217+0000] {processor.py:175} INFO - Processing /usr/local/python/3.10.13/lib/python3.10/site-packages/airflow/example_dags/example_dynamic_task_mapping.py took 0.127 seconds
[2024-04-12T09:44:52.872+0000] {processor.py:153} INFO - Started process (PID=25957) to work on /usr/local/python/3.10.13/lib/python3.10/site-packages/airflow/example_dags/example_dynamic_task_mapping.py
[2024-04-12T09:44:52.873+0000] {processor.py:743} INFO - Processing file /usr/local/python/3.10.13/lib/python3.10/site-packages/airflow/example_dags/example_dynamic_task_mapping.py for tasks to queue
[2024-04-12T09:44:52.873+0000] {logging_mixin.py:137} INFO - [2024-04-12T09:44:52.873+0000] {dagbag.py:538} INFO - Filling up the DagBag from /usr/local/python/3.10.13/lib/python3.10/site-packages/airflow/example_dags/example_dynamic_task_mapping.py
[2024-04-12T09:44:52.894+0000] {processor.py:753} INFO - DAG(s) dict_keys(['example_dynamic_task_mapping']) retrieved from /usr/local/python/3.10.13/lib/python3.10/site-packages/airflow/example_dags/example_dynamic_task_mapping.py
[2024-04-12T09:44:52.913+0000] {logging_mixin.py:137} INFO - [2024-04-12T09:44:52.912+0000] {dag.py:2690} INFO - Sync 1 DAGs
[2024-04-12T09:44:52.929+0000] {logging_mixin.py:137} INFO - [2024-04-12T09:44:52.928+0000] {dag.py:3437} INFO - Setting next_dagrun for example_dynamic_task_mapping to 2022-03-04T00:00:00+00:00, run_after=2022-03-05T00:00:00+00:00
[2024-04-12T09:44:52.969+0000] {processor.py:175} INFO - Processing /usr/local/python/3.10.13/lib/python3.10/site-packages/airflow/example_dags/example_dynamic_task_mapping.py took 0.099 seconds
[2024-04-12T09:45:32.057+0000] {processor.py:153} INFO - Started process (PID=26203) to work on /usr/local/python/3.10.13/lib/python3.10/site-packages/airflow/example_dags/example_dynamic_task_mapping.py
[2024-04-12T09:45:32.058+0000] {processor.py:743} INFO - Processing file /usr/local/python/3.10.13/lib/python3.10/site-packages/airflow/example_dags/example_dynamic_task_mapping.py for tasks to queue
[2024-04-12T09:45:32.058+0000] {logging_mixin.py:137} INFO - [2024-04-12T09:45:32.058+0000] {dagbag.py:538} INFO - Filling up the DagBag from /usr/local/python/3.10.13/lib/python3.10/site-packages/airflow/example_dags/example_dynamic_task_mapping.py
[2024-04-12T09:45:32.090+0000] {processor.py:753} INFO - DAG(s) dict_keys(['example_dynamic_task_mapping']) retrieved from /usr/local/python/3.10.13/lib/python3.10/site-packages/airflow/example_dags/example_dynamic_task_mapping.py
[2024-04-12T09:45:32.114+0000] {logging_mixin.py:137} INFO - [2024-04-12T09:45:32.114+0000] {dag.py:2690} INFO - Sync 1 DAGs
[2024-04-12T09:45:32.135+0000] {logging_mixin.py:137} INFO - [2024-04-12T09:45:32.135+0000] {dag.py:3437} INFO - Setting next_dagrun for example_dynamic_task_mapping to 2022-03-04T00:00:00+00:00, run_after=2022-03-05T00:00:00+00:00
[2024-04-12T09:45:32.184+0000] {processor.py:175} INFO - Processing /usr/local/python/3.10.13/lib/python3.10/site-packages/airflow/example_dags/example_dynamic_task_mapping.py took 0.129 seconds
