[2024-04-12T09:41:12.325+0000] {processor.py:153} INFO - Started process (PID=24083) to work on /usr/local/python/3.10.13/lib/python3.10/site-packages/airflow/example_dags/example_bash_operator.py
[2024-04-12T09:41:12.326+0000] {processor.py:743} INFO - Processing file /usr/local/python/3.10.13/lib/python3.10/site-packages/airflow/example_dags/example_bash_operator.py for tasks to queue
[2024-04-12T09:41:12.326+0000] {logging_mixin.py:137} INFO - [2024-04-12T09:41:12.326+0000] {dagbag.py:538} INFO - Filling up the DagBag from /usr/local/python/3.10.13/lib/python3.10/site-packages/airflow/example_dags/example_bash_operator.py
[2024-04-12T09:41:12.345+0000] {processor.py:753} INFO - DAG(s) dict_keys(['example_bash_operator']) retrieved from /usr/local/python/3.10.13/lib/python3.10/site-packages/airflow/example_dags/example_bash_operator.py
[2024-04-12T09:41:12.507+0000] {logging_mixin.py:137} INFO - [2024-04-12T09:41:12.506+0000] {manager.py:504} INFO - Created Permission View: can delete on DAG:example_bash_operator
[2024-04-12T09:41:12.551+0000] {logging_mixin.py:137} INFO - [2024-04-12T09:41:12.551+0000] {manager.py:504} INFO - Created Permission View: can edit on DAG:example_bash_operator
[2024-04-12T09:41:12.583+0000] {logging_mixin.py:137} INFO - [2024-04-12T09:41:12.582+0000] {manager.py:504} INFO - Created Permission View: can read on DAG:example_bash_operator
[2024-04-12T09:41:12.583+0000] {logging_mixin.py:137} INFO - [2024-04-12T09:41:12.583+0000] {dag.py:2690} INFO - Sync 1 DAGs
[2024-04-12T09:41:12.595+0000] {logging_mixin.py:137} INFO - [2024-04-12T09:41:12.594+0000] {dag.py:2711} INFO - Creating ORM DAG for example_bash_operator
[2024-04-12T09:41:12.605+0000] {logging_mixin.py:137} INFO - [2024-04-12T09:41:12.605+0000] {dag.py:3437} INFO - Setting next_dagrun for example_bash_operator to 2024-04-11T00:00:00+00:00, run_after=2024-04-12T00:00:00+00:00
[2024-04-12T09:41:12.654+0000] {processor.py:175} INFO - Processing /usr/local/python/3.10.13/lib/python3.10/site-packages/airflow/example_dags/example_bash_operator.py took 0.331 seconds
[2024-04-12T09:41:54.205+0000] {processor.py:153} INFO - Started process (PID=24384) to work on /usr/local/python/3.10.13/lib/python3.10/site-packages/airflow/example_dags/example_bash_operator.py
[2024-04-12T09:41:54.205+0000] {processor.py:743} INFO - Processing file /usr/local/python/3.10.13/lib/python3.10/site-packages/airflow/example_dags/example_bash_operator.py for tasks to queue
[2024-04-12T09:41:54.206+0000] {logging_mixin.py:137} INFO - [2024-04-12T09:41:54.206+0000] {dagbag.py:538} INFO - Filling up the DagBag from /usr/local/python/3.10.13/lib/python3.10/site-packages/airflow/example_dags/example_bash_operator.py
[2024-04-12T09:41:54.226+0000] {processor.py:753} INFO - DAG(s) dict_keys(['example_bash_operator']) retrieved from /usr/local/python/3.10.13/lib/python3.10/site-packages/airflow/example_dags/example_bash_operator.py
[2024-04-12T09:41:54.251+0000] {logging_mixin.py:137} INFO - [2024-04-12T09:41:54.251+0000] {dag.py:2690} INFO - Sync 1 DAGs
[2024-04-12T09:41:54.268+0000] {logging_mixin.py:137} INFO - [2024-04-12T09:41:54.268+0000] {dag.py:3437} INFO - Setting next_dagrun for example_bash_operator to 2024-04-11T00:00:00+00:00, run_after=2024-04-12T00:00:00+00:00
[2024-04-12T09:41:54.311+0000] {processor.py:175} INFO - Processing /usr/local/python/3.10.13/lib/python3.10/site-packages/airflow/example_dags/example_bash_operator.py took 0.109 seconds
[2024-04-12T09:42:33.698+0000] {processor.py:153} INFO - Started process (PID=24656) to work on /usr/local/python/3.10.13/lib/python3.10/site-packages/airflow/example_dags/example_bash_operator.py
[2024-04-12T09:42:33.699+0000] {processor.py:743} INFO - Processing file /usr/local/python/3.10.13/lib/python3.10/site-packages/airflow/example_dags/example_bash_operator.py for tasks to queue
[2024-04-12T09:42:33.699+0000] {logging_mixin.py:137} INFO - [2024-04-12T09:42:33.699+0000] {dagbag.py:538} INFO - Filling up the DagBag from /usr/local/python/3.10.13/lib/python3.10/site-packages/airflow/example_dags/example_bash_operator.py
[2024-04-12T09:42:33.727+0000] {processor.py:753} INFO - DAG(s) dict_keys(['example_bash_operator']) retrieved from /usr/local/python/3.10.13/lib/python3.10/site-packages/airflow/example_dags/example_bash_operator.py
[2024-04-12T09:42:33.755+0000] {logging_mixin.py:137} INFO - [2024-04-12T09:42:33.755+0000] {dag.py:2690} INFO - Sync 1 DAGs
[2024-04-12T09:42:33.774+0000] {logging_mixin.py:137} INFO - [2024-04-12T09:42:33.774+0000] {dag.py:3437} INFO - Setting next_dagrun for example_bash_operator to 2024-04-11T00:00:00+00:00, run_after=2024-04-12T00:00:00+00:00
[2024-04-12T09:42:33.827+0000] {processor.py:175} INFO - Processing /usr/local/python/3.10.13/lib/python3.10/site-packages/airflow/example_dags/example_bash_operator.py took 0.131 seconds
[2024-04-12T09:43:13.044+0000] {processor.py:153} INFO - Started process (PID=24939) to work on /usr/local/python/3.10.13/lib/python3.10/site-packages/airflow/example_dags/example_bash_operator.py
[2024-04-12T09:43:13.045+0000] {processor.py:743} INFO - Processing file /usr/local/python/3.10.13/lib/python3.10/site-packages/airflow/example_dags/example_bash_operator.py for tasks to queue
[2024-04-12T09:43:13.045+0000] {logging_mixin.py:137} INFO - [2024-04-12T09:43:13.045+0000] {dagbag.py:538} INFO - Filling up the DagBag from /usr/local/python/3.10.13/lib/python3.10/site-packages/airflow/example_dags/example_bash_operator.py
[2024-04-12T09:43:13.064+0000] {processor.py:753} INFO - DAG(s) dict_keys(['example_bash_operator']) retrieved from /usr/local/python/3.10.13/lib/python3.10/site-packages/airflow/example_dags/example_bash_operator.py
[2024-04-12T09:43:13.090+0000] {logging_mixin.py:137} INFO - [2024-04-12T09:43:13.089+0000] {dag.py:2690} INFO - Sync 1 DAGs
[2024-04-12T09:43:13.108+0000] {logging_mixin.py:137} INFO - [2024-04-12T09:43:13.107+0000] {dag.py:3437} INFO - Setting next_dagrun for example_bash_operator to 2024-04-11T00:00:00+00:00, run_after=2024-04-12T00:00:00+00:00
[2024-04-12T09:43:13.149+0000] {processor.py:175} INFO - Processing /usr/local/python/3.10.13/lib/python3.10/site-packages/airflow/example_dags/example_bash_operator.py took 0.107 seconds
[2024-04-12T09:43:55.051+0000] {processor.py:153} INFO - Started process (PID=25384) to work on /usr/local/python/3.10.13/lib/python3.10/site-packages/airflow/example_dags/example_bash_operator.py
[2024-04-12T09:43:55.052+0000] {processor.py:743} INFO - Processing file /usr/local/python/3.10.13/lib/python3.10/site-packages/airflow/example_dags/example_bash_operator.py for tasks to queue
[2024-04-12T09:43:55.053+0000] {logging_mixin.py:137} INFO - [2024-04-12T09:43:55.052+0000] {dagbag.py:538} INFO - Filling up the DagBag from /usr/local/python/3.10.13/lib/python3.10/site-packages/airflow/example_dags/example_bash_operator.py
[2024-04-12T09:43:55.082+0000] {processor.py:753} INFO - DAG(s) dict_keys(['example_bash_operator']) retrieved from /usr/local/python/3.10.13/lib/python3.10/site-packages/airflow/example_dags/example_bash_operator.py
[2024-04-12T09:43:55.122+0000] {logging_mixin.py:137} INFO - [2024-04-12T09:43:55.121+0000] {dag.py:2690} INFO - Sync 1 DAGs
[2024-04-12T09:43:55.145+0000] {logging_mixin.py:137} INFO - [2024-04-12T09:43:55.145+0000] {dag.py:3437} INFO - Setting next_dagrun for example_bash_operator to 2024-04-11T00:00:00+00:00, run_after=2024-04-12T00:00:00+00:00
[2024-04-12T09:43:55.192+0000] {processor.py:175} INFO - Processing /usr/local/python/3.10.13/lib/python3.10/site-packages/airflow/example_dags/example_bash_operator.py took 0.145 seconds
[2024-04-12T09:44:37.167+0000] {processor.py:153} INFO - Started process (PID=25837) to work on /usr/local/python/3.10.13/lib/python3.10/site-packages/airflow/example_dags/example_bash_operator.py
[2024-04-12T09:44:37.168+0000] {processor.py:743} INFO - Processing file /usr/local/python/3.10.13/lib/python3.10/site-packages/airflow/example_dags/example_bash_operator.py for tasks to queue
[2024-04-12T09:44:37.168+0000] {logging_mixin.py:137} INFO - [2024-04-12T09:44:37.168+0000] {dagbag.py:538} INFO - Filling up the DagBag from /usr/local/python/3.10.13/lib/python3.10/site-packages/airflow/example_dags/example_bash_operator.py
[2024-04-12T09:44:37.187+0000] {processor.py:753} INFO - DAG(s) dict_keys(['example_bash_operator']) retrieved from /usr/local/python/3.10.13/lib/python3.10/site-packages/airflow/example_dags/example_bash_operator.py
[2024-04-12T09:44:37.213+0000] {logging_mixin.py:137} INFO - [2024-04-12T09:44:37.213+0000] {dag.py:2690} INFO - Sync 1 DAGs
[2024-04-12T09:44:37.229+0000] {logging_mixin.py:137} INFO - [2024-04-12T09:44:37.229+0000] {dag.py:3437} INFO - Setting next_dagrun for example_bash_operator to 2024-04-11T00:00:00+00:00, run_after=2024-04-12T00:00:00+00:00
[2024-04-12T09:44:37.270+0000] {processor.py:175} INFO - Processing /usr/local/python/3.10.13/lib/python3.10/site-packages/airflow/example_dags/example_bash_operator.py took 0.105 seconds
[2024-04-12T09:45:18.680+0000] {processor.py:153} INFO - Started process (PID=26122) to work on /usr/local/python/3.10.13/lib/python3.10/site-packages/airflow/example_dags/example_bash_operator.py
[2024-04-12T09:45:18.681+0000] {processor.py:743} INFO - Processing file /usr/local/python/3.10.13/lib/python3.10/site-packages/airflow/example_dags/example_bash_operator.py for tasks to queue
[2024-04-12T09:45:18.681+0000] {logging_mixin.py:137} INFO - [2024-04-12T09:45:18.681+0000] {dagbag.py:538} INFO - Filling up the DagBag from /usr/local/python/3.10.13/lib/python3.10/site-packages/airflow/example_dags/example_bash_operator.py
[2024-04-12T09:45:18.703+0000] {processor.py:753} INFO - DAG(s) dict_keys(['example_bash_operator']) retrieved from /usr/local/python/3.10.13/lib/python3.10/site-packages/airflow/example_dags/example_bash_operator.py
[2024-04-12T09:45:18.729+0000] {logging_mixin.py:137} INFO - [2024-04-12T09:45:18.729+0000] {dag.py:2690} INFO - Sync 1 DAGs
[2024-04-12T09:45:18.746+0000] {logging_mixin.py:137} INFO - [2024-04-12T09:45:18.746+0000] {dag.py:3437} INFO - Setting next_dagrun for example_bash_operator to 2024-04-11T00:00:00+00:00, run_after=2024-04-12T00:00:00+00:00
[2024-04-12T09:45:18.791+0000] {processor.py:175} INFO - Processing /usr/local/python/3.10.13/lib/python3.10/site-packages/airflow/example_dags/example_bash_operator.py took 0.114 seconds
[2024-04-12T09:45:59.105+0000] {processor.py:153} INFO - Started process (PID=26403) to work on /usr/local/python/3.10.13/lib/python3.10/site-packages/airflow/example_dags/example_bash_operator.py
[2024-04-12T09:45:59.106+0000] {processor.py:743} INFO - Processing file /usr/local/python/3.10.13/lib/python3.10/site-packages/airflow/example_dags/example_bash_operator.py for tasks to queue
[2024-04-12T09:45:59.107+0000] {logging_mixin.py:137} INFO - [2024-04-12T09:45:59.106+0000] {dagbag.py:538} INFO - Filling up the DagBag from /usr/local/python/3.10.13/lib/python3.10/site-packages/airflow/example_dags/example_bash_operator.py
[2024-04-12T09:45:59.126+0000] {processor.py:753} INFO - DAG(s) dict_keys(['example_bash_operator']) retrieved from /usr/local/python/3.10.13/lib/python3.10/site-packages/airflow/example_dags/example_bash_operator.py
[2024-04-12T09:45:59.152+0000] {logging_mixin.py:137} INFO - [2024-04-12T09:45:59.152+0000] {dag.py:2690} INFO - Sync 1 DAGs
[2024-04-12T09:45:59.169+0000] {logging_mixin.py:137} INFO - [2024-04-12T09:45:59.169+0000] {dag.py:3437} INFO - Setting next_dagrun for example_bash_operator to 2024-04-11T00:00:00+00:00, run_after=2024-04-12T00:00:00+00:00
[2024-04-12T09:45:59.209+0000] {processor.py:175} INFO - Processing /usr/local/python/3.10.13/lib/python3.10/site-packages/airflow/example_dags/example_bash_operator.py took 0.106 seconds
