[2024-04-12T09:40:43.456+0000] {processor.py:153} INFO - Started process (PID=23880) to work on /usr/local/python/3.10.13/lib/python3.10/site-packages/airflow/example_dags/example_complex.py
[2024-04-12T09:40:43.457+0000] {processor.py:743} INFO - Processing file /usr/local/python/3.10.13/lib/python3.10/site-packages/airflow/example_dags/example_complex.py for tasks to queue
[2024-04-12T09:40:43.458+0000] {logging_mixin.py:137} INFO - [2024-04-12T09:40:43.458+0000] {dagbag.py:538} INFO - Filling up the DagBag from /usr/local/python/3.10.13/lib/python3.10/site-packages/airflow/example_dags/example_complex.py
[2024-04-12T09:40:43.484+0000] {logging_mixin.py:137} INFO - [2024-04-12T09:40:43.484+0000] {taskmixin.py:205} WARNING - Dependency <Task(BashOperator): create_entry_group>, delete_entry_group already registered for DAG: example_complex
[2024-04-12T09:40:43.484+0000] {logging_mixin.py:137} INFO - [2024-04-12T09:40:43.484+0000] {taskmixin.py:205} WARNING - Dependency <Task(BashOperator): delete_entry_group>, create_entry_group already registered for DAG: example_complex
[2024-04-12T09:40:43.485+0000] {logging_mixin.py:137} INFO - [2024-04-12T09:40:43.485+0000] {taskmixin.py:205} WARNING - Dependency <Task(BashOperator): create_entry_gcs>, delete_entry already registered for DAG: example_complex
[2024-04-12T09:40:43.485+0000] {logging_mixin.py:137} INFO - [2024-04-12T09:40:43.485+0000] {taskmixin.py:205} WARNING - Dependency <Task(BashOperator): delete_entry>, create_entry_gcs already registered for DAG: example_complex
[2024-04-12T09:40:43.486+0000] {logging_mixin.py:137} INFO - [2024-04-12T09:40:43.485+0000] {taskmixin.py:205} WARNING - Dependency <Task(BashOperator): create_tag>, delete_tag already registered for DAG: example_complex
[2024-04-12T09:40:43.486+0000] {logging_mixin.py:137} INFO - [2024-04-12T09:40:43.486+0000] {taskmixin.py:205} WARNING - Dependency <Task(BashOperator): delete_tag>, create_tag already registered for DAG: example_complex
[2024-04-12T09:40:43.498+0000] {processor.py:753} INFO - DAG(s) dict_keys(['example_complex']) retrieved from /usr/local/python/3.10.13/lib/python3.10/site-packages/airflow/example_dags/example_complex.py
[2024-04-12T09:40:44.035+0000] {logging_mixin.py:137} INFO - [2024-04-12T09:40:44.034+0000] {manager.py:504} INFO - Created Permission View: can delete on DAG:example_complex
[2024-04-12T09:40:44.176+0000] {logging_mixin.py:137} INFO - [2024-04-12T09:40:44.176+0000] {manager.py:504} INFO - Created Permission View: can edit on DAG:example_complex
[2024-04-12T09:40:44.247+0000] {logging_mixin.py:137} INFO - [2024-04-12T09:40:44.247+0000] {manager.py:504} INFO - Created Permission View: can read on DAG:example_complex
[2024-04-12T09:40:44.247+0000] {logging_mixin.py:137} INFO - [2024-04-12T09:40:44.247+0000] {dag.py:2690} INFO - Sync 1 DAGs
[2024-04-12T09:40:44.590+0000] {logging_mixin.py:137} INFO - [2024-04-12T09:40:44.590+0000] {dag.py:2711} INFO - Creating ORM DAG for example_complex
[2024-04-12T09:40:44.597+0000] {logging_mixin.py:137} INFO - [2024-04-12T09:40:44.597+0000] {dag.py:3437} INFO - Setting next_dagrun for example_complex to None, run_after=None
[2024-04-12T09:40:44.647+0000] {processor.py:175} INFO - Processing /usr/local/python/3.10.13/lib/python3.10/site-packages/airflow/example_dags/example_complex.py took 1.195 seconds
[2024-04-12T09:41:30.567+0000] {processor.py:153} INFO - Started process (PID=24231) to work on /usr/local/python/3.10.13/lib/python3.10/site-packages/airflow/example_dags/example_complex.py
[2024-04-12T09:41:30.568+0000] {processor.py:743} INFO - Processing file /usr/local/python/3.10.13/lib/python3.10/site-packages/airflow/example_dags/example_complex.py for tasks to queue
[2024-04-12T09:41:30.568+0000] {logging_mixin.py:137} INFO - [2024-04-12T09:41:30.568+0000] {dagbag.py:538} INFO - Filling up the DagBag from /usr/local/python/3.10.13/lib/python3.10/site-packages/airflow/example_dags/example_complex.py
[2024-04-12T09:41:30.578+0000] {logging_mixin.py:137} INFO - [2024-04-12T09:41:30.578+0000] {taskmixin.py:205} WARNING - Dependency <Task(BashOperator): create_entry_group>, delete_entry_group already registered for DAG: example_complex
[2024-04-12T09:41:30.578+0000] {logging_mixin.py:137} INFO - [2024-04-12T09:41:30.578+0000] {taskmixin.py:205} WARNING - Dependency <Task(BashOperator): delete_entry_group>, create_entry_group already registered for DAG: example_complex
[2024-04-12T09:41:30.578+0000] {logging_mixin.py:137} INFO - [2024-04-12T09:41:30.578+0000] {taskmixin.py:205} WARNING - Dependency <Task(BashOperator): create_entry_gcs>, delete_entry already registered for DAG: example_complex
[2024-04-12T09:41:30.578+0000] {logging_mixin.py:137} INFO - [2024-04-12T09:41:30.578+0000] {taskmixin.py:205} WARNING - Dependency <Task(BashOperator): delete_entry>, create_entry_gcs already registered for DAG: example_complex
[2024-04-12T09:41:30.579+0000] {logging_mixin.py:137} INFO - [2024-04-12T09:41:30.579+0000] {taskmixin.py:205} WARNING - Dependency <Task(BashOperator): create_tag>, delete_tag already registered for DAG: example_complex
[2024-04-12T09:41:30.579+0000] {logging_mixin.py:137} INFO - [2024-04-12T09:41:30.579+0000] {taskmixin.py:205} WARNING - Dependency <Task(BashOperator): delete_tag>, create_tag already registered for DAG: example_complex
[2024-04-12T09:41:30.587+0000] {processor.py:753} INFO - DAG(s) dict_keys(['example_complex']) retrieved from /usr/local/python/3.10.13/lib/python3.10/site-packages/airflow/example_dags/example_complex.py
[2024-04-12T09:41:30.612+0000] {logging_mixin.py:137} INFO - [2024-04-12T09:41:30.612+0000] {dag.py:2690} INFO - Sync 1 DAGs
[2024-04-12T09:41:30.631+0000] {logging_mixin.py:137} INFO - [2024-04-12T09:41:30.631+0000] {dag.py:3437} INFO - Setting next_dagrun for example_complex to None, run_after=None
[2024-04-12T09:41:30.688+0000] {processor.py:175} INFO - Processing /usr/local/python/3.10.13/lib/python3.10/site-packages/airflow/example_dags/example_complex.py took 0.124 seconds
[2024-04-12T09:42:10.198+0000] {processor.py:153} INFO - Started process (PID=24507) to work on /usr/local/python/3.10.13/lib/python3.10/site-packages/airflow/example_dags/example_complex.py
[2024-04-12T09:42:10.199+0000] {processor.py:743} INFO - Processing file /usr/local/python/3.10.13/lib/python3.10/site-packages/airflow/example_dags/example_complex.py for tasks to queue
[2024-04-12T09:42:10.200+0000] {logging_mixin.py:137} INFO - [2024-04-12T09:42:10.199+0000] {dagbag.py:538} INFO - Filling up the DagBag from /usr/local/python/3.10.13/lib/python3.10/site-packages/airflow/example_dags/example_complex.py
[2024-04-12T09:42:10.209+0000] {logging_mixin.py:137} INFO - [2024-04-12T09:42:10.209+0000] {taskmixin.py:205} WARNING - Dependency <Task(BashOperator): create_entry_group>, delete_entry_group already registered for DAG: example_complex
[2024-04-12T09:42:10.209+0000] {logging_mixin.py:137} INFO - [2024-04-12T09:42:10.209+0000] {taskmixin.py:205} WARNING - Dependency <Task(BashOperator): delete_entry_group>, create_entry_group already registered for DAG: example_complex
[2024-04-12T09:42:10.209+0000] {logging_mixin.py:137} INFO - [2024-04-12T09:42:10.209+0000] {taskmixin.py:205} WARNING - Dependency <Task(BashOperator): create_entry_gcs>, delete_entry already registered for DAG: example_complex
[2024-04-12T09:42:10.210+0000] {logging_mixin.py:137} INFO - [2024-04-12T09:42:10.210+0000] {taskmixin.py:205} WARNING - Dependency <Task(BashOperator): delete_entry>, create_entry_gcs already registered for DAG: example_complex
[2024-04-12T09:42:10.210+0000] {logging_mixin.py:137} INFO - [2024-04-12T09:42:10.210+0000] {taskmixin.py:205} WARNING - Dependency <Task(BashOperator): create_tag>, delete_tag already registered for DAG: example_complex
[2024-04-12T09:42:10.210+0000] {logging_mixin.py:137} INFO - [2024-04-12T09:42:10.210+0000] {taskmixin.py:205} WARNING - Dependency <Task(BashOperator): delete_tag>, create_tag already registered for DAG: example_complex
[2024-04-12T09:42:10.218+0000] {processor.py:753} INFO - DAG(s) dict_keys(['example_complex']) retrieved from /usr/local/python/3.10.13/lib/python3.10/site-packages/airflow/example_dags/example_complex.py
[2024-04-12T09:42:10.239+0000] {logging_mixin.py:137} INFO - [2024-04-12T09:42:10.238+0000] {dag.py:2690} INFO - Sync 1 DAGs
[2024-04-12T09:42:10.255+0000] {logging_mixin.py:137} INFO - [2024-04-12T09:42:10.255+0000] {dag.py:3437} INFO - Setting next_dagrun for example_complex to None, run_after=None
[2024-04-12T09:42:10.299+0000] {processor.py:175} INFO - Processing /usr/local/python/3.10.13/lib/python3.10/site-packages/airflow/example_dags/example_complex.py took 0.103 seconds
[2024-04-12T09:42:50.433+0000] {processor.py:153} INFO - Started process (PID=24779) to work on /usr/local/python/3.10.13/lib/python3.10/site-packages/airflow/example_dags/example_complex.py
[2024-04-12T09:42:50.434+0000] {processor.py:743} INFO - Processing file /usr/local/python/3.10.13/lib/python3.10/site-packages/airflow/example_dags/example_complex.py for tasks to queue
[2024-04-12T09:42:50.434+0000] {logging_mixin.py:137} INFO - [2024-04-12T09:42:50.434+0000] {dagbag.py:538} INFO - Filling up the DagBag from /usr/local/python/3.10.13/lib/python3.10/site-packages/airflow/example_dags/example_complex.py
[2024-04-12T09:42:50.444+0000] {logging_mixin.py:137} INFO - [2024-04-12T09:42:50.444+0000] {taskmixin.py:205} WARNING - Dependency <Task(BashOperator): create_entry_group>, delete_entry_group already registered for DAG: example_complex
[2024-04-12T09:42:50.445+0000] {logging_mixin.py:137} INFO - [2024-04-12T09:42:50.444+0000] {taskmixin.py:205} WARNING - Dependency <Task(BashOperator): delete_entry_group>, create_entry_group already registered for DAG: example_complex
[2024-04-12T09:42:50.445+0000] {logging_mixin.py:137} INFO - [2024-04-12T09:42:50.445+0000] {taskmixin.py:205} WARNING - Dependency <Task(BashOperator): create_entry_gcs>, delete_entry already registered for DAG: example_complex
[2024-04-12T09:42:50.445+0000] {logging_mixin.py:137} INFO - [2024-04-12T09:42:50.445+0000] {taskmixin.py:205} WARNING - Dependency <Task(BashOperator): delete_entry>, create_entry_gcs already registered for DAG: example_complex
[2024-04-12T09:42:50.445+0000] {logging_mixin.py:137} INFO - [2024-04-12T09:42:50.445+0000] {taskmixin.py:205} WARNING - Dependency <Task(BashOperator): create_tag>, delete_tag already registered for DAG: example_complex
[2024-04-12T09:42:50.445+0000] {logging_mixin.py:137} INFO - [2024-04-12T09:42:50.445+0000] {taskmixin.py:205} WARNING - Dependency <Task(BashOperator): delete_tag>, create_tag already registered for DAG: example_complex
[2024-04-12T09:42:50.453+0000] {processor.py:753} INFO - DAG(s) dict_keys(['example_complex']) retrieved from /usr/local/python/3.10.13/lib/python3.10/site-packages/airflow/example_dags/example_complex.py
[2024-04-12T09:42:50.473+0000] {logging_mixin.py:137} INFO - [2024-04-12T09:42:50.473+0000] {dag.py:2690} INFO - Sync 1 DAGs
[2024-04-12T09:42:50.489+0000] {logging_mixin.py:137} INFO - [2024-04-12T09:42:50.489+0000] {dag.py:3437} INFO - Setting next_dagrun for example_complex to None, run_after=None
[2024-04-12T09:42:50.532+0000] {processor.py:175} INFO - Processing /usr/local/python/3.10.13/lib/python3.10/site-packages/airflow/example_dags/example_complex.py took 0.101 seconds
[2024-04-12T09:43:28.753+0000] {processor.py:153} INFO - Started process (PID=25084) to work on /usr/local/python/3.10.13/lib/python3.10/site-packages/airflow/example_dags/example_complex.py
[2024-04-12T09:43:28.753+0000] {processor.py:743} INFO - Processing file /usr/local/python/3.10.13/lib/python3.10/site-packages/airflow/example_dags/example_complex.py for tasks to queue
[2024-04-12T09:43:28.754+0000] {logging_mixin.py:137} INFO - [2024-04-12T09:43:28.754+0000] {dagbag.py:538} INFO - Filling up the DagBag from /usr/local/python/3.10.13/lib/python3.10/site-packages/airflow/example_dags/example_complex.py
[2024-04-12T09:43:28.764+0000] {logging_mixin.py:137} INFO - [2024-04-12T09:43:28.764+0000] {taskmixin.py:205} WARNING - Dependency <Task(BashOperator): create_entry_group>, delete_entry_group already registered for DAG: example_complex
[2024-04-12T09:43:28.764+0000] {logging_mixin.py:137} INFO - [2024-04-12T09:43:28.764+0000] {taskmixin.py:205} WARNING - Dependency <Task(BashOperator): delete_entry_group>, create_entry_group already registered for DAG: example_complex
[2024-04-12T09:43:28.764+0000] {logging_mixin.py:137} INFO - [2024-04-12T09:43:28.764+0000] {taskmixin.py:205} WARNING - Dependency <Task(BashOperator): create_entry_gcs>, delete_entry already registered for DAG: example_complex
[2024-04-12T09:43:28.765+0000] {logging_mixin.py:137} INFO - [2024-04-12T09:43:28.765+0000] {taskmixin.py:205} WARNING - Dependency <Task(BashOperator): delete_entry>, create_entry_gcs already registered for DAG: example_complex
[2024-04-12T09:43:28.765+0000] {logging_mixin.py:137} INFO - [2024-04-12T09:43:28.765+0000] {taskmixin.py:205} WARNING - Dependency <Task(BashOperator): create_tag>, delete_tag already registered for DAG: example_complex
[2024-04-12T09:43:28.765+0000] {logging_mixin.py:137} INFO - [2024-04-12T09:43:28.765+0000] {taskmixin.py:205} WARNING - Dependency <Task(BashOperator): delete_tag>, create_tag already registered for DAG: example_complex
[2024-04-12T09:43:28.772+0000] {processor.py:753} INFO - DAG(s) dict_keys(['example_complex']) retrieved from /usr/local/python/3.10.13/lib/python3.10/site-packages/airflow/example_dags/example_complex.py
[2024-04-12T09:43:28.804+0000] {logging_mixin.py:137} INFO - [2024-04-12T09:43:28.804+0000] {dag.py:2690} INFO - Sync 1 DAGs
[2024-04-12T09:43:28.823+0000] {logging_mixin.py:137} INFO - [2024-04-12T09:43:28.822+0000] {dag.py:3437} INFO - Setting next_dagrun for example_complex to None, run_after=None
[2024-04-12T09:43:28.865+0000] {processor.py:175} INFO - Processing /usr/local/python/3.10.13/lib/python3.10/site-packages/airflow/example_dags/example_complex.py took 0.115 seconds
[2024-04-12T09:44:06.824+0000] {processor.py:153} INFO - Started process (PID=25521) to work on /usr/local/python/3.10.13/lib/python3.10/site-packages/airflow/example_dags/example_complex.py
[2024-04-12T09:44:06.826+0000] {processor.py:743} INFO - Processing file /usr/local/python/3.10.13/lib/python3.10/site-packages/airflow/example_dags/example_complex.py for tasks to queue
[2024-04-12T09:44:06.827+0000] {logging_mixin.py:137} INFO - [2024-04-12T09:44:06.826+0000] {dagbag.py:538} INFO - Filling up the DagBag from /usr/local/python/3.10.13/lib/python3.10/site-packages/airflow/example_dags/example_complex.py
[2024-04-12T09:44:06.837+0000] {logging_mixin.py:137} INFO - [2024-04-12T09:44:06.837+0000] {taskmixin.py:205} WARNING - Dependency <Task(BashOperator): create_entry_group>, delete_entry_group already registered for DAG: example_complex
[2024-04-12T09:44:06.837+0000] {logging_mixin.py:137} INFO - [2024-04-12T09:44:06.837+0000] {taskmixin.py:205} WARNING - Dependency <Task(BashOperator): delete_entry_group>, create_entry_group already registered for DAG: example_complex
[2024-04-12T09:44:06.837+0000] {logging_mixin.py:137} INFO - [2024-04-12T09:44:06.837+0000] {taskmixin.py:205} WARNING - Dependency <Task(BashOperator): create_entry_gcs>, delete_entry already registered for DAG: example_complex
[2024-04-12T09:44:06.837+0000] {logging_mixin.py:137} INFO - [2024-04-12T09:44:06.837+0000] {taskmixin.py:205} WARNING - Dependency <Task(BashOperator): delete_entry>, create_entry_gcs already registered for DAG: example_complex
[2024-04-12T09:44:06.838+0000] {logging_mixin.py:137} INFO - [2024-04-12T09:44:06.838+0000] {taskmixin.py:205} WARNING - Dependency <Task(BashOperator): create_tag>, delete_tag already registered for DAG: example_complex
[2024-04-12T09:44:06.838+0000] {logging_mixin.py:137} INFO - [2024-04-12T09:44:06.838+0000] {taskmixin.py:205} WARNING - Dependency <Task(BashOperator): delete_tag>, create_tag already registered for DAG: example_complex
[2024-04-12T09:44:06.846+0000] {processor.py:753} INFO - DAG(s) dict_keys(['example_complex']) retrieved from /usr/local/python/3.10.13/lib/python3.10/site-packages/airflow/example_dags/example_complex.py
[2024-04-12T09:44:06.877+0000] {logging_mixin.py:137} INFO - [2024-04-12T09:44:06.877+0000] {dag.py:2690} INFO - Sync 1 DAGs
[2024-04-12T09:44:06.925+0000] {logging_mixin.py:137} INFO - [2024-04-12T09:44:06.925+0000] {dag.py:3437} INFO - Setting next_dagrun for example_complex to None, run_after=None
[2024-04-12T09:44:06.987+0000] {processor.py:175} INFO - Processing /usr/local/python/3.10.13/lib/python3.10/site-packages/airflow/example_dags/example_complex.py took 0.166 seconds
[2024-04-12T09:44:47.353+0000] {processor.py:153} INFO - Started process (PID=25909) to work on /usr/local/python/3.10.13/lib/python3.10/site-packages/airflow/example_dags/example_complex.py
[2024-04-12T09:44:47.354+0000] {processor.py:743} INFO - Processing file /usr/local/python/3.10.13/lib/python3.10/site-packages/airflow/example_dags/example_complex.py for tasks to queue
[2024-04-12T09:44:47.355+0000] {logging_mixin.py:137} INFO - [2024-04-12T09:44:47.355+0000] {dagbag.py:538} INFO - Filling up the DagBag from /usr/local/python/3.10.13/lib/python3.10/site-packages/airflow/example_dags/example_complex.py
[2024-04-12T09:44:47.364+0000] {logging_mixin.py:137} INFO - [2024-04-12T09:44:47.364+0000] {taskmixin.py:205} WARNING - Dependency <Task(BashOperator): create_entry_group>, delete_entry_group already registered for DAG: example_complex
[2024-04-12T09:44:47.364+0000] {logging_mixin.py:137} INFO - [2024-04-12T09:44:47.364+0000] {taskmixin.py:205} WARNING - Dependency <Task(BashOperator): delete_entry_group>, create_entry_group already registered for DAG: example_complex
[2024-04-12T09:44:47.364+0000] {logging_mixin.py:137} INFO - [2024-04-12T09:44:47.364+0000] {taskmixin.py:205} WARNING - Dependency <Task(BashOperator): create_entry_gcs>, delete_entry already registered for DAG: example_complex
[2024-04-12T09:44:47.364+0000] {logging_mixin.py:137} INFO - [2024-04-12T09:44:47.364+0000] {taskmixin.py:205} WARNING - Dependency <Task(BashOperator): delete_entry>, create_entry_gcs already registered for DAG: example_complex
[2024-04-12T09:44:47.365+0000] {logging_mixin.py:137} INFO - [2024-04-12T09:44:47.365+0000] {taskmixin.py:205} WARNING - Dependency <Task(BashOperator): create_tag>, delete_tag already registered for DAG: example_complex
[2024-04-12T09:44:47.365+0000] {logging_mixin.py:137} INFO - [2024-04-12T09:44:47.365+0000] {taskmixin.py:205} WARNING - Dependency <Task(BashOperator): delete_tag>, create_tag already registered for DAG: example_complex
[2024-04-12T09:44:47.372+0000] {processor.py:753} INFO - DAG(s) dict_keys(['example_complex']) retrieved from /usr/local/python/3.10.13/lib/python3.10/site-packages/airflow/example_dags/example_complex.py
[2024-04-12T09:44:47.392+0000] {logging_mixin.py:137} INFO - [2024-04-12T09:44:47.392+0000] {dag.py:2690} INFO - Sync 1 DAGs
[2024-04-12T09:44:47.409+0000] {logging_mixin.py:137} INFO - [2024-04-12T09:44:47.408+0000] {dag.py:3437} INFO - Setting next_dagrun for example_complex to None, run_after=None
[2024-04-12T09:44:47.450+0000] {processor.py:175} INFO - Processing /usr/local/python/3.10.13/lib/python3.10/site-packages/airflow/example_dags/example_complex.py took 0.099 seconds
[2024-04-12T09:45:26.873+0000] {processor.py:153} INFO - Started process (PID=26180) to work on /usr/local/python/3.10.13/lib/python3.10/site-packages/airflow/example_dags/example_complex.py
[2024-04-12T09:45:26.874+0000] {processor.py:743} INFO - Processing file /usr/local/python/3.10.13/lib/python3.10/site-packages/airflow/example_dags/example_complex.py for tasks to queue
[2024-04-12T09:45:26.874+0000] {logging_mixin.py:137} INFO - [2024-04-12T09:45:26.874+0000] {dagbag.py:538} INFO - Filling up the DagBag from /usr/local/python/3.10.13/lib/python3.10/site-packages/airflow/example_dags/example_complex.py
[2024-04-12T09:45:26.884+0000] {logging_mixin.py:137} INFO - [2024-04-12T09:45:26.884+0000] {taskmixin.py:205} WARNING - Dependency <Task(BashOperator): create_entry_group>, delete_entry_group already registered for DAG: example_complex
[2024-04-12T09:45:26.884+0000] {logging_mixin.py:137} INFO - [2024-04-12T09:45:26.884+0000] {taskmixin.py:205} WARNING - Dependency <Task(BashOperator): delete_entry_group>, create_entry_group already registered for DAG: example_complex
[2024-04-12T09:45:26.884+0000] {logging_mixin.py:137} INFO - [2024-04-12T09:45:26.884+0000] {taskmixin.py:205} WARNING - Dependency <Task(BashOperator): create_entry_gcs>, delete_entry already registered for DAG: example_complex
[2024-04-12T09:45:26.884+0000] {logging_mixin.py:137} INFO - [2024-04-12T09:45:26.884+0000] {taskmixin.py:205} WARNING - Dependency <Task(BashOperator): delete_entry>, create_entry_gcs already registered for DAG: example_complex
[2024-04-12T09:45:26.885+0000] {logging_mixin.py:137} INFO - [2024-04-12T09:45:26.885+0000] {taskmixin.py:205} WARNING - Dependency <Task(BashOperator): create_tag>, delete_tag already registered for DAG: example_complex
[2024-04-12T09:45:26.885+0000] {logging_mixin.py:137} INFO - [2024-04-12T09:45:26.885+0000] {taskmixin.py:205} WARNING - Dependency <Task(BashOperator): delete_tag>, create_tag already registered for DAG: example_complex
[2024-04-12T09:45:26.892+0000] {processor.py:753} INFO - DAG(s) dict_keys(['example_complex']) retrieved from /usr/local/python/3.10.13/lib/python3.10/site-packages/airflow/example_dags/example_complex.py
[2024-04-12T09:45:26.913+0000] {logging_mixin.py:137} INFO - [2024-04-12T09:45:26.913+0000] {dag.py:2690} INFO - Sync 1 DAGs
[2024-04-12T09:45:26.936+0000] {logging_mixin.py:137} INFO - [2024-04-12T09:45:26.935+0000] {dag.py:3437} INFO - Setting next_dagrun for example_complex to None, run_after=None
[2024-04-12T09:45:26.995+0000] {processor.py:175} INFO - Processing /usr/local/python/3.10.13/lib/python3.10/site-packages/airflow/example_dags/example_complex.py took 0.124 seconds
[2024-04-12T09:46:06.020+0000] {processor.py:153} INFO - Started process (PID=26476) to work on /usr/local/python/3.10.13/lib/python3.10/site-packages/airflow/example_dags/example_complex.py
[2024-04-12T09:46:06.020+0000] {processor.py:743} INFO - Processing file /usr/local/python/3.10.13/lib/python3.10/site-packages/airflow/example_dags/example_complex.py for tasks to queue
[2024-04-12T09:46:06.021+0000] {logging_mixin.py:137} INFO - [2024-04-12T09:46:06.021+0000] {dagbag.py:538} INFO - Filling up the DagBag from /usr/local/python/3.10.13/lib/python3.10/site-packages/airflow/example_dags/example_complex.py
[2024-04-12T09:46:06.031+0000] {logging_mixin.py:137} INFO - [2024-04-12T09:46:06.030+0000] {taskmixin.py:205} WARNING - Dependency <Task(BashOperator): create_entry_group>, delete_entry_group already registered for DAG: example_complex
[2024-04-12T09:46:06.031+0000] {logging_mixin.py:137} INFO - [2024-04-12T09:46:06.031+0000] {taskmixin.py:205} WARNING - Dependency <Task(BashOperator): delete_entry_group>, create_entry_group already registered for DAG: example_complex
[2024-04-12T09:46:06.031+0000] {logging_mixin.py:137} INFO - [2024-04-12T09:46:06.031+0000] {taskmixin.py:205} WARNING - Dependency <Task(BashOperator): create_entry_gcs>, delete_entry already registered for DAG: example_complex
[2024-04-12T09:46:06.031+0000] {logging_mixin.py:137} INFO - [2024-04-12T09:46:06.031+0000] {taskmixin.py:205} WARNING - Dependency <Task(BashOperator): delete_entry>, create_entry_gcs already registered for DAG: example_complex
[2024-04-12T09:46:06.031+0000] {logging_mixin.py:137} INFO - [2024-04-12T09:46:06.031+0000] {taskmixin.py:205} WARNING - Dependency <Task(BashOperator): create_tag>, delete_tag already registered for DAG: example_complex
[2024-04-12T09:46:06.032+0000] {logging_mixin.py:137} INFO - [2024-04-12T09:46:06.031+0000] {taskmixin.py:205} WARNING - Dependency <Task(BashOperator): delete_tag>, create_tag already registered for DAG: example_complex
[2024-04-12T09:46:06.038+0000] {processor.py:753} INFO - DAG(s) dict_keys(['example_complex']) retrieved from /usr/local/python/3.10.13/lib/python3.10/site-packages/airflow/example_dags/example_complex.py
[2024-04-12T09:46:06.058+0000] {logging_mixin.py:137} INFO - [2024-04-12T09:46:06.058+0000] {dag.py:2690} INFO - Sync 1 DAGs
[2024-04-12T09:46:06.073+0000] {logging_mixin.py:137} INFO - [2024-04-12T09:46:06.073+0000] {dag.py:3437} INFO - Setting next_dagrun for example_complex to None, run_after=None
[2024-04-12T09:46:06.129+0000] {processor.py:175} INFO - Processing /usr/local/python/3.10.13/lib/python3.10/site-packages/airflow/example_dags/example_complex.py took 0.111 seconds
