[2024-04-12T09:41:01.566+0000] {processor.py:153} INFO - Started process (PID=24006) to work on /usr/local/python/3.10.13/lib/python3.10/site-packages/airflow/example_dags/example_sensor_decorator.py
[2024-04-12T09:41:01.567+0000] {processor.py:743} INFO - Processing file /usr/local/python/3.10.13/lib/python3.10/site-packages/airflow/example_dags/example_sensor_decorator.py for tasks to queue
[2024-04-12T09:41:01.568+0000] {logging_mixin.py:137} INFO - [2024-04-12T09:41:01.567+0000] {dagbag.py:538} INFO - Filling up the DagBag from /usr/local/python/3.10.13/lib/python3.10/site-packages/airflow/example_dags/example_sensor_decorator.py
[2024-04-12T09:41:01.588+0000] {processor.py:753} INFO - DAG(s) dict_keys(['example_sensor_decorator']) retrieved from /usr/local/python/3.10.13/lib/python3.10/site-packages/airflow/example_dags/example_sensor_decorator.py
[2024-04-12T09:41:01.731+0000] {logging_mixin.py:137} INFO - [2024-04-12T09:41:01.731+0000] {manager.py:504} INFO - Created Permission View: can delete on DAG:example_sensor_decorator
[2024-04-12T09:41:01.767+0000] {logging_mixin.py:137} INFO - [2024-04-12T09:41:01.767+0000] {manager.py:504} INFO - Created Permission View: can edit on DAG:example_sensor_decorator
[2024-04-12T09:41:01.797+0000] {logging_mixin.py:137} INFO - [2024-04-12T09:41:01.797+0000] {manager.py:504} INFO - Created Permission View: can read on DAG:example_sensor_decorator
[2024-04-12T09:41:01.797+0000] {logging_mixin.py:137} INFO - [2024-04-12T09:41:01.797+0000] {dag.py:2690} INFO - Sync 1 DAGs
[2024-04-12T09:41:01.806+0000] {logging_mixin.py:137} INFO - [2024-04-12T09:41:01.806+0000] {dag.py:2711} INFO - Creating ORM DAG for example_sensor_decorator
[2024-04-12T09:41:01.813+0000] {logging_mixin.py:137} INFO - [2024-04-12T09:41:01.813+0000] {dag.py:3437} INFO - Setting next_dagrun for example_sensor_decorator to None, run_after=None
[2024-04-12T09:41:01.865+0000] {processor.py:175} INFO - Processing /usr/local/python/3.10.13/lib/python3.10/site-packages/airflow/example_dags/example_sensor_decorator.py took 0.300 seconds
[2024-04-12T09:41:45.427+0000] {processor.py:153} INFO - Started process (PID=24327) to work on /usr/local/python/3.10.13/lib/python3.10/site-packages/airflow/example_dags/example_sensor_decorator.py
[2024-04-12T09:41:45.431+0000] {processor.py:743} INFO - Processing file /usr/local/python/3.10.13/lib/python3.10/site-packages/airflow/example_dags/example_sensor_decorator.py for tasks to queue
[2024-04-12T09:41:45.431+0000] {logging_mixin.py:137} INFO - [2024-04-12T09:41:45.431+0000] {dagbag.py:538} INFO - Filling up the DagBag from /usr/local/python/3.10.13/lib/python3.10/site-packages/airflow/example_dags/example_sensor_decorator.py
[2024-04-12T09:41:45.460+0000] {processor.py:753} INFO - DAG(s) dict_keys(['example_sensor_decorator']) retrieved from /usr/local/python/3.10.13/lib/python3.10/site-packages/airflow/example_dags/example_sensor_decorator.py
[2024-04-12T09:41:45.482+0000] {logging_mixin.py:137} INFO - [2024-04-12T09:41:45.482+0000] {dag.py:2690} INFO - Sync 1 DAGs
[2024-04-12T09:41:45.502+0000] {logging_mixin.py:137} INFO - [2024-04-12T09:41:45.502+0000] {dag.py:3437} INFO - Setting next_dagrun for example_sensor_decorator to None, run_after=None
[2024-04-12T09:41:45.544+0000] {processor.py:175} INFO - Processing /usr/local/python/3.10.13/lib/python3.10/site-packages/airflow/example_dags/example_sensor_decorator.py took 0.120 seconds
[2024-04-12T09:42:24.847+0000] {processor.py:153} INFO - Started process (PID=24599) to work on /usr/local/python/3.10.13/lib/python3.10/site-packages/airflow/example_dags/example_sensor_decorator.py
[2024-04-12T09:42:24.848+0000] {processor.py:743} INFO - Processing file /usr/local/python/3.10.13/lib/python3.10/site-packages/airflow/example_dags/example_sensor_decorator.py for tasks to queue
[2024-04-12T09:42:24.849+0000] {logging_mixin.py:137} INFO - [2024-04-12T09:42:24.849+0000] {dagbag.py:538} INFO - Filling up the DagBag from /usr/local/python/3.10.13/lib/python3.10/site-packages/airflow/example_dags/example_sensor_decorator.py
[2024-04-12T09:42:24.881+0000] {processor.py:753} INFO - DAG(s) dict_keys(['example_sensor_decorator']) retrieved from /usr/local/python/3.10.13/lib/python3.10/site-packages/airflow/example_dags/example_sensor_decorator.py
[2024-04-12T09:42:24.897+0000] {logging_mixin.py:137} INFO - [2024-04-12T09:42:24.897+0000] {dag.py:2690} INFO - Sync 1 DAGs
[2024-04-12T09:42:24.914+0000] {logging_mixin.py:137} INFO - [2024-04-12T09:42:24.914+0000] {dag.py:3437} INFO - Setting next_dagrun for example_sensor_decorator to None, run_after=None
[2024-04-12T09:42:24.958+0000] {processor.py:175} INFO - Processing /usr/local/python/3.10.13/lib/python3.10/site-packages/airflow/example_dags/example_sensor_decorator.py took 0.113 seconds
[2024-04-12T09:43:05.121+0000] {processor.py:153} INFO - Started process (PID=24872) to work on /usr/local/python/3.10.13/lib/python3.10/site-packages/airflow/example_dags/example_sensor_decorator.py
[2024-04-12T09:43:05.122+0000] {processor.py:743} INFO - Processing file /usr/local/python/3.10.13/lib/python3.10/site-packages/airflow/example_dags/example_sensor_decorator.py for tasks to queue
[2024-04-12T09:43:05.122+0000] {logging_mixin.py:137} INFO - [2024-04-12T09:43:05.122+0000] {dagbag.py:538} INFO - Filling up the DagBag from /usr/local/python/3.10.13/lib/python3.10/site-packages/airflow/example_dags/example_sensor_decorator.py
[2024-04-12T09:43:05.143+0000] {processor.py:753} INFO - DAG(s) dict_keys(['example_sensor_decorator']) retrieved from /usr/local/python/3.10.13/lib/python3.10/site-packages/airflow/example_dags/example_sensor_decorator.py
[2024-04-12T09:43:05.164+0000] {logging_mixin.py:137} INFO - [2024-04-12T09:43:05.164+0000] {dag.py:2690} INFO - Sync 1 DAGs
[2024-04-12T09:43:05.180+0000] {logging_mixin.py:137} INFO - [2024-04-12T09:43:05.180+0000] {dag.py:3437} INFO - Setting next_dagrun for example_sensor_decorator to None, run_after=None
[2024-04-12T09:43:05.225+0000] {processor.py:175} INFO - Processing /usr/local/python/3.10.13/lib/python3.10/site-packages/airflow/example_dags/example_sensor_decorator.py took 0.106 seconds
[2024-04-12T09:43:42.408+0000] {processor.py:153} INFO - Started process (PID=25247) to work on /usr/local/python/3.10.13/lib/python3.10/site-packages/airflow/example_dags/example_sensor_decorator.py
[2024-04-12T09:43:42.409+0000] {processor.py:743} INFO - Processing file /usr/local/python/3.10.13/lib/python3.10/site-packages/airflow/example_dags/example_sensor_decorator.py for tasks to queue
[2024-04-12T09:43:42.409+0000] {logging_mixin.py:137} INFO - [2024-04-12T09:43:42.409+0000] {dagbag.py:538} INFO - Filling up the DagBag from /usr/local/python/3.10.13/lib/python3.10/site-packages/airflow/example_dags/example_sensor_decorator.py
[2024-04-12T09:43:42.430+0000] {processor.py:753} INFO - DAG(s) dict_keys(['example_sensor_decorator']) retrieved from /usr/local/python/3.10.13/lib/python3.10/site-packages/airflow/example_dags/example_sensor_decorator.py
[2024-04-12T09:43:42.446+0000] {logging_mixin.py:137} INFO - [2024-04-12T09:43:42.445+0000] {dag.py:2690} INFO - Sync 1 DAGs
[2024-04-12T09:43:42.463+0000] {logging_mixin.py:137} INFO - [2024-04-12T09:43:42.463+0000] {dag.py:3437} INFO - Setting next_dagrun for example_sensor_decorator to None, run_after=None
[2024-04-12T09:43:42.509+0000] {processor.py:175} INFO - Processing /usr/local/python/3.10.13/lib/python3.10/site-packages/airflow/example_dags/example_sensor_decorator.py took 0.103 seconds
[2024-04-12T09:44:23.367+0000] {processor.py:153} INFO - Started process (PID=25714) to work on /usr/local/python/3.10.13/lib/python3.10/site-packages/airflow/example_dags/example_sensor_decorator.py
[2024-04-12T09:44:23.368+0000] {processor.py:743} INFO - Processing file /usr/local/python/3.10.13/lib/python3.10/site-packages/airflow/example_dags/example_sensor_decorator.py for tasks to queue
[2024-04-12T09:44:23.369+0000] {logging_mixin.py:137} INFO - [2024-04-12T09:44:23.368+0000] {dagbag.py:538} INFO - Filling up the DagBag from /usr/local/python/3.10.13/lib/python3.10/site-packages/airflow/example_dags/example_sensor_decorator.py
[2024-04-12T09:44:23.389+0000] {processor.py:753} INFO - DAG(s) dict_keys(['example_sensor_decorator']) retrieved from /usr/local/python/3.10.13/lib/python3.10/site-packages/airflow/example_dags/example_sensor_decorator.py
[2024-04-12T09:44:23.409+0000] {logging_mixin.py:137} INFO - [2024-04-12T09:44:23.409+0000] {dag.py:2690} INFO - Sync 1 DAGs
[2024-04-12T09:44:23.433+0000] {logging_mixin.py:137} INFO - [2024-04-12T09:44:23.432+0000] {dag.py:3437} INFO - Setting next_dagrun for example_sensor_decorator to None, run_after=None
[2024-04-12T09:44:23.485+0000] {processor.py:175} INFO - Processing /usr/local/python/3.10.13/lib/python3.10/site-packages/airflow/example_dags/example_sensor_decorator.py took 0.121 seconds
[2024-04-12T09:45:05.463+0000] {processor.py:153} INFO - Started process (PID=26036) to work on /usr/local/python/3.10.13/lib/python3.10/site-packages/airflow/example_dags/example_sensor_decorator.py
[2024-04-12T09:45:05.464+0000] {processor.py:743} INFO - Processing file /usr/local/python/3.10.13/lib/python3.10/site-packages/airflow/example_dags/example_sensor_decorator.py for tasks to queue
[2024-04-12T09:45:05.464+0000] {logging_mixin.py:137} INFO - [2024-04-12T09:45:05.464+0000] {dagbag.py:538} INFO - Filling up the DagBag from /usr/local/python/3.10.13/lib/python3.10/site-packages/airflow/example_dags/example_sensor_decorator.py
[2024-04-12T09:45:05.485+0000] {processor.py:753} INFO - DAG(s) dict_keys(['example_sensor_decorator']) retrieved from /usr/local/python/3.10.13/lib/python3.10/site-packages/airflow/example_dags/example_sensor_decorator.py
[2024-04-12T09:45:05.501+0000] {logging_mixin.py:137} INFO - [2024-04-12T09:45:05.500+0000] {dag.py:2690} INFO - Sync 1 DAGs
[2024-04-12T09:45:05.517+0000] {logging_mixin.py:137} INFO - [2024-04-12T09:45:05.517+0000] {dag.py:3437} INFO - Setting next_dagrun for example_sensor_decorator to None, run_after=None
[2024-04-12T09:45:05.559+0000] {processor.py:175} INFO - Processing /usr/local/python/3.10.13/lib/python3.10/site-packages/airflow/example_dags/example_sensor_decorator.py took 0.097 seconds
[2024-04-12T09:45:45.015+0000] {processor.py:153} INFO - Started process (PID=26314) to work on /usr/local/python/3.10.13/lib/python3.10/site-packages/airflow/example_dags/example_sensor_decorator.py
[2024-04-12T09:45:45.015+0000] {processor.py:743} INFO - Processing file /usr/local/python/3.10.13/lib/python3.10/site-packages/airflow/example_dags/example_sensor_decorator.py for tasks to queue
[2024-04-12T09:45:45.016+0000] {logging_mixin.py:137} INFO - [2024-04-12T09:45:45.016+0000] {dagbag.py:538} INFO - Filling up the DagBag from /usr/local/python/3.10.13/lib/python3.10/site-packages/airflow/example_dags/example_sensor_decorator.py
[2024-04-12T09:45:45.036+0000] {processor.py:753} INFO - DAG(s) dict_keys(['example_sensor_decorator']) retrieved from /usr/local/python/3.10.13/lib/python3.10/site-packages/airflow/example_dags/example_sensor_decorator.py
[2024-04-12T09:45:45.050+0000] {logging_mixin.py:137} INFO - [2024-04-12T09:45:45.049+0000] {dag.py:2690} INFO - Sync 1 DAGs
[2024-04-12T09:45:45.064+0000] {logging_mixin.py:137} INFO - [2024-04-12T09:45:45.064+0000] {dag.py:3437} INFO - Setting next_dagrun for example_sensor_decorator to None, run_after=None
[2024-04-12T09:45:45.104+0000] {processor.py:175} INFO - Processing /usr/local/python/3.10.13/lib/python3.10/site-packages/airflow/example_dags/example_sensor_decorator.py took 0.091 seconds
