[2024-04-12T09:40:34.244+0000] {processor.py:153} INFO - Started process (PID=23810) to work on /usr/local/python/3.10.13/lib/python3.10/site-packages/airflow/example_dags/tutorial_dag.py
[2024-04-12T09:40:34.245+0000] {processor.py:743} INFO - Processing file /usr/local/python/3.10.13/lib/python3.10/site-packages/airflow/example_dags/tutorial_dag.py for tasks to queue
[2024-04-12T09:40:34.245+0000] {logging_mixin.py:137} INFO - [2024-04-12T09:40:34.245+0000] {dagbag.py:538} INFO - Filling up the DagBag from /usr/local/python/3.10.13/lib/python3.10/site-packages/airflow/example_dags/tutorial_dag.py
[2024-04-12T09:40:34.259+0000] {processor.py:753} INFO - DAG(s) dict_keys(['tutorial_dag']) retrieved from /usr/local/python/3.10.13/lib/python3.10/site-packages/airflow/example_dags/tutorial_dag.py
[2024-04-12T09:40:34.403+0000] {logging_mixin.py:137} INFO - [2024-04-12T09:40:34.403+0000] {manager.py:504} INFO - Created Permission View: can delete on DAG:tutorial_dag
[2024-04-12T09:40:34.434+0000] {logging_mixin.py:137} INFO - [2024-04-12T09:40:34.434+0000] {manager.py:504} INFO - Created Permission View: can edit on DAG:tutorial_dag
[2024-04-12T09:40:34.469+0000] {logging_mixin.py:137} INFO - [2024-04-12T09:40:34.468+0000] {manager.py:504} INFO - Created Permission View: can read on DAG:tutorial_dag
[2024-04-12T09:40:34.469+0000] {logging_mixin.py:137} INFO - [2024-04-12T09:40:34.469+0000] {dag.py:2690} INFO - Sync 1 DAGs
[2024-04-12T09:40:34.479+0000] {logging_mixin.py:137} INFO - [2024-04-12T09:40:34.479+0000] {dag.py:2711} INFO - Creating ORM DAG for tutorial_dag
[2024-04-12T09:40:34.486+0000] {logging_mixin.py:137} INFO - [2024-04-12T09:40:34.486+0000] {dag.py:3437} INFO - Setting next_dagrun for tutorial_dag to None, run_after=None
[2024-04-12T09:40:34.531+0000] {processor.py:175} INFO - Processing /usr/local/python/3.10.13/lib/python3.10/site-packages/airflow/example_dags/tutorial_dag.py took 0.289 seconds
[2024-04-12T09:41:23.262+0000] {processor.py:153} INFO - Started process (PID=24165) to work on /usr/local/python/3.10.13/lib/python3.10/site-packages/airflow/example_dags/tutorial_dag.py
[2024-04-12T09:41:23.262+0000] {processor.py:743} INFO - Processing file /usr/local/python/3.10.13/lib/python3.10/site-packages/airflow/example_dags/tutorial_dag.py for tasks to queue
[2024-04-12T09:41:23.263+0000] {logging_mixin.py:137} INFO - [2024-04-12T09:41:23.263+0000] {dagbag.py:538} INFO - Filling up the DagBag from /usr/local/python/3.10.13/lib/python3.10/site-packages/airflow/example_dags/tutorial_dag.py
[2024-04-12T09:41:23.274+0000] {processor.py:753} INFO - DAG(s) dict_keys(['tutorial_dag']) retrieved from /usr/local/python/3.10.13/lib/python3.10/site-packages/airflow/example_dags/tutorial_dag.py
[2024-04-12T09:41:23.291+0000] {logging_mixin.py:137} INFO - [2024-04-12T09:41:23.291+0000] {dag.py:2690} INFO - Sync 1 DAGs
[2024-04-12T09:41:23.308+0000] {logging_mixin.py:137} INFO - [2024-04-12T09:41:23.308+0000] {dag.py:3437} INFO - Setting next_dagrun for tutorial_dag to None, run_after=None
[2024-04-12T09:41:23.350+0000] {processor.py:175} INFO - Processing /usr/local/python/3.10.13/lib/python3.10/site-packages/airflow/example_dags/tutorial_dag.py took 0.091 seconds
[2024-04-12T09:42:01.047+0000] {processor.py:153} INFO - Started process (PID=24435) to work on /usr/local/python/3.10.13/lib/python3.10/site-packages/airflow/example_dags/tutorial_dag.py
[2024-04-12T09:42:01.048+0000] {processor.py:743} INFO - Processing file /usr/local/python/3.10.13/lib/python3.10/site-packages/airflow/example_dags/tutorial_dag.py for tasks to queue
[2024-04-12T09:42:01.048+0000] {logging_mixin.py:137} INFO - [2024-04-12T09:42:01.048+0000] {dagbag.py:538} INFO - Filling up the DagBag from /usr/local/python/3.10.13/lib/python3.10/site-packages/airflow/example_dags/tutorial_dag.py
[2024-04-12T09:42:01.060+0000] {processor.py:753} INFO - DAG(s) dict_keys(['tutorial_dag']) retrieved from /usr/local/python/3.10.13/lib/python3.10/site-packages/airflow/example_dags/tutorial_dag.py
[2024-04-12T09:42:01.077+0000] {logging_mixin.py:137} INFO - [2024-04-12T09:42:01.077+0000] {dag.py:2690} INFO - Sync 1 DAGs
[2024-04-12T09:42:01.095+0000] {logging_mixin.py:137} INFO - [2024-04-12T09:42:01.095+0000] {dag.py:3437} INFO - Setting next_dagrun for tutorial_dag to None, run_after=None
[2024-04-12T09:42:01.145+0000] {processor.py:175} INFO - Processing /usr/local/python/3.10.13/lib/python3.10/site-packages/airflow/example_dags/tutorial_dag.py took 0.100 seconds
[2024-04-12T09:42:41.454+0000] {processor.py:153} INFO - Started process (PID=24720) to work on /usr/local/python/3.10.13/lib/python3.10/site-packages/airflow/example_dags/tutorial_dag.py
[2024-04-12T09:42:41.455+0000] {processor.py:743} INFO - Processing file /usr/local/python/3.10.13/lib/python3.10/site-packages/airflow/example_dags/tutorial_dag.py for tasks to queue
[2024-04-12T09:42:41.455+0000] {logging_mixin.py:137} INFO - [2024-04-12T09:42:41.455+0000] {dagbag.py:538} INFO - Filling up the DagBag from /usr/local/python/3.10.13/lib/python3.10/site-packages/airflow/example_dags/tutorial_dag.py
[2024-04-12T09:42:41.468+0000] {processor.py:753} INFO - DAG(s) dict_keys(['tutorial_dag']) retrieved from /usr/local/python/3.10.13/lib/python3.10/site-packages/airflow/example_dags/tutorial_dag.py
[2024-04-12T09:42:41.482+0000] {logging_mixin.py:137} INFO - [2024-04-12T09:42:41.482+0000] {dag.py:2690} INFO - Sync 1 DAGs
[2024-04-12T09:42:41.497+0000] {logging_mixin.py:137} INFO - [2024-04-12T09:42:41.497+0000] {dag.py:3437} INFO - Setting next_dagrun for tutorial_dag to None, run_after=None
[2024-04-12T09:42:41.537+0000] {processor.py:175} INFO - Processing /usr/local/python/3.10.13/lib/python3.10/site-packages/airflow/example_dags/tutorial_dag.py took 0.085 seconds
[2024-04-12T09:43:20.724+0000] {processor.py:153} INFO - Started process (PID=25001) to work on /usr/local/python/3.10.13/lib/python3.10/site-packages/airflow/example_dags/tutorial_dag.py
[2024-04-12T09:43:20.725+0000] {processor.py:743} INFO - Processing file /usr/local/python/3.10.13/lib/python3.10/site-packages/airflow/example_dags/tutorial_dag.py for tasks to queue
[2024-04-12T09:43:20.725+0000] {logging_mixin.py:137} INFO - [2024-04-12T09:43:20.725+0000] {dagbag.py:538} INFO - Filling up the DagBag from /usr/local/python/3.10.13/lib/python3.10/site-packages/airflow/example_dags/tutorial_dag.py
[2024-04-12T09:43:20.737+0000] {processor.py:753} INFO - DAG(s) dict_keys(['tutorial_dag']) retrieved from /usr/local/python/3.10.13/lib/python3.10/site-packages/airflow/example_dags/tutorial_dag.py
[2024-04-12T09:43:20.755+0000] {logging_mixin.py:137} INFO - [2024-04-12T09:43:20.755+0000] {dag.py:2690} INFO - Sync 1 DAGs
[2024-04-12T09:43:20.772+0000] {logging_mixin.py:137} INFO - [2024-04-12T09:43:20.772+0000] {dag.py:3437} INFO - Setting next_dagrun for tutorial_dag to None, run_after=None
[2024-04-12T09:43:20.815+0000] {processor.py:175} INFO - Processing /usr/local/python/3.10.13/lib/python3.10/site-packages/airflow/example_dags/tutorial_dag.py took 0.093 seconds
[2024-04-12T09:43:59.928+0000] {processor.py:153} INFO - Started process (PID=25437) to work on /usr/local/python/3.10.13/lib/python3.10/site-packages/airflow/example_dags/tutorial_dag.py
[2024-04-12T09:43:59.929+0000] {processor.py:743} INFO - Processing file /usr/local/python/3.10.13/lib/python3.10/site-packages/airflow/example_dags/tutorial_dag.py for tasks to queue
[2024-04-12T09:43:59.929+0000] {logging_mixin.py:137} INFO - [2024-04-12T09:43:59.929+0000] {dagbag.py:538} INFO - Filling up the DagBag from /usr/local/python/3.10.13/lib/python3.10/site-packages/airflow/example_dags/tutorial_dag.py
[2024-04-12T09:43:59.947+0000] {processor.py:753} INFO - DAG(s) dict_keys(['tutorial_dag']) retrieved from /usr/local/python/3.10.13/lib/python3.10/site-packages/airflow/example_dags/tutorial_dag.py
[2024-04-12T09:43:59.965+0000] {logging_mixin.py:137} INFO - [2024-04-12T09:43:59.965+0000] {dag.py:2690} INFO - Sync 1 DAGs
[2024-04-12T09:43:59.983+0000] {logging_mixin.py:137} INFO - [2024-04-12T09:43:59.983+0000] {dag.py:3437} INFO - Setting next_dagrun for tutorial_dag to None, run_after=None
[2024-04-12T09:44:00.026+0000] {processor.py:175} INFO - Processing /usr/local/python/3.10.13/lib/python3.10/site-packages/airflow/example_dags/tutorial_dag.py took 0.101 seconds
[2024-04-12T09:44:33.603+0000] {processor.py:153} INFO - Started process (PID=25816) to work on /usr/local/python/3.10.13/lib/python3.10/site-packages/airflow/example_dags/tutorial_dag.py
[2024-04-12T09:44:33.603+0000] {processor.py:743} INFO - Processing file /usr/local/python/3.10.13/lib/python3.10/site-packages/airflow/example_dags/tutorial_dag.py for tasks to queue
[2024-04-12T09:44:33.604+0000] {logging_mixin.py:137} INFO - [2024-04-12T09:44:33.604+0000] {dagbag.py:538} INFO - Filling up the DagBag from /usr/local/python/3.10.13/lib/python3.10/site-packages/airflow/example_dags/tutorial_dag.py
[2024-04-12T09:44:33.616+0000] {processor.py:753} INFO - DAG(s) dict_keys(['tutorial_dag']) retrieved from /usr/local/python/3.10.13/lib/python3.10/site-packages/airflow/example_dags/tutorial_dag.py
[2024-04-12T09:44:33.632+0000] {logging_mixin.py:137} INFO - [2024-04-12T09:44:33.632+0000] {dag.py:2690} INFO - Sync 1 DAGs
[2024-04-12T09:44:33.659+0000] {logging_mixin.py:137} INFO - [2024-04-12T09:44:33.658+0000] {dag.py:3437} INFO - Setting next_dagrun for tutorial_dag to None, run_after=None
[2024-04-12T09:44:33.707+0000] {processor.py:175} INFO - Processing /usr/local/python/3.10.13/lib/python3.10/site-packages/airflow/example_dags/tutorial_dag.py took 0.106 seconds
[2024-04-12T09:45:13.846+0000] {processor.py:153} INFO - Started process (PID=26099) to work on /usr/local/python/3.10.13/lib/python3.10/site-packages/airflow/example_dags/tutorial_dag.py
[2024-04-12T09:45:13.847+0000] {processor.py:743} INFO - Processing file /usr/local/python/3.10.13/lib/python3.10/site-packages/airflow/example_dags/tutorial_dag.py for tasks to queue
[2024-04-12T09:45:13.847+0000] {logging_mixin.py:137} INFO - [2024-04-12T09:45:13.847+0000] {dagbag.py:538} INFO - Filling up the DagBag from /usr/local/python/3.10.13/lib/python3.10/site-packages/airflow/example_dags/tutorial_dag.py
[2024-04-12T09:45:13.859+0000] {processor.py:753} INFO - DAG(s) dict_keys(['tutorial_dag']) retrieved from /usr/local/python/3.10.13/lib/python3.10/site-packages/airflow/example_dags/tutorial_dag.py
[2024-04-12T09:45:13.874+0000] {logging_mixin.py:137} INFO - [2024-04-12T09:45:13.873+0000] {dag.py:2690} INFO - Sync 1 DAGs
[2024-04-12T09:45:13.890+0000] {logging_mixin.py:137} INFO - [2024-04-12T09:45:13.890+0000] {dag.py:3437} INFO - Setting next_dagrun for tutorial_dag to None, run_after=None
[2024-04-12T09:45:13.929+0000] {processor.py:175} INFO - Processing /usr/local/python/3.10.13/lib/python3.10/site-packages/airflow/example_dags/tutorial_dag.py took 0.085 seconds
[2024-04-12T09:45:51.478+0000] {processor.py:153} INFO - Started process (PID=26345) to work on /usr/local/python/3.10.13/lib/python3.10/site-packages/airflow/example_dags/tutorial_dag.py
[2024-04-12T09:45:51.479+0000] {processor.py:743} INFO - Processing file /usr/local/python/3.10.13/lib/python3.10/site-packages/airflow/example_dags/tutorial_dag.py for tasks to queue
[2024-04-12T09:45:51.480+0000] {logging_mixin.py:137} INFO - [2024-04-12T09:45:51.480+0000] {dagbag.py:538} INFO - Filling up the DagBag from /usr/local/python/3.10.13/lib/python3.10/site-packages/airflow/example_dags/tutorial_dag.py
[2024-04-12T09:45:51.496+0000] {processor.py:753} INFO - DAG(s) dict_keys(['tutorial_dag']) retrieved from /usr/local/python/3.10.13/lib/python3.10/site-packages/airflow/example_dags/tutorial_dag.py
[2024-04-12T09:45:51.517+0000] {logging_mixin.py:137} INFO - [2024-04-12T09:45:51.517+0000] {dag.py:2690} INFO - Sync 1 DAGs
[2024-04-12T09:45:51.538+0000] {logging_mixin.py:137} INFO - [2024-04-12T09:45:51.538+0000] {dag.py:3437} INFO - Setting next_dagrun for tutorial_dag to None, run_after=None
[2024-04-12T09:45:51.581+0000] {processor.py:175} INFO - Processing /usr/local/python/3.10.13/lib/python3.10/site-packages/airflow/example_dags/tutorial_dag.py took 0.109 seconds
