[2024-04-12T09:40:33.447+0000] {processor.py:153} INFO - Started process (PID=23803) to work on /usr/local/python/3.10.13/lib/python3.10/site-packages/airflow/example_dags/tutorial.py
[2024-04-12T09:40:33.448+0000] {processor.py:743} INFO - Processing file /usr/local/python/3.10.13/lib/python3.10/site-packages/airflow/example_dags/tutorial.py for tasks to queue
[2024-04-12T09:40:33.448+0000] {logging_mixin.py:137} INFO - [2024-04-12T09:40:33.448+0000] {dagbag.py:538} INFO - Filling up the DagBag from /usr/local/python/3.10.13/lib/python3.10/site-packages/airflow/example_dags/tutorial.py
[2024-04-12T09:40:33.462+0000] {processor.py:753} INFO - DAG(s) dict_keys(['tutorial']) retrieved from /usr/local/python/3.10.13/lib/python3.10/site-packages/airflow/example_dags/tutorial.py
[2024-04-12T09:40:33.655+0000] {logging_mixin.py:137} INFO - [2024-04-12T09:40:33.654+0000] {manager.py:504} INFO - Created Permission View: can delete on DAG:tutorial
[2024-04-12T09:40:33.686+0000] {logging_mixin.py:137} INFO - [2024-04-12T09:40:33.686+0000] {manager.py:504} INFO - Created Permission View: can edit on DAG:tutorial
[2024-04-12T09:40:33.716+0000] {logging_mixin.py:137} INFO - [2024-04-12T09:40:33.716+0000] {manager.py:504} INFO - Created Permission View: can read on DAG:tutorial
[2024-04-12T09:40:33.716+0000] {logging_mixin.py:137} INFO - [2024-04-12T09:40:33.716+0000] {dag.py:2690} INFO - Sync 1 DAGs
[2024-04-12T09:40:33.726+0000] {logging_mixin.py:137} INFO - [2024-04-12T09:40:33.726+0000] {dag.py:2711} INFO - Creating ORM DAG for tutorial
[2024-04-12T09:40:33.733+0000] {logging_mixin.py:137} INFO - [2024-04-12T09:40:33.733+0000] {dag.py:3437} INFO - Setting next_dagrun for tutorial to 2024-04-11T09:40:33.733604+00:00, run_after=2024-04-12T09:40:33.733604+00:00
[2024-04-12T09:40:33.777+0000] {processor.py:175} INFO - Processing /usr/local/python/3.10.13/lib/python3.10/site-packages/airflow/example_dags/tutorial.py took 0.332 seconds
[2024-04-12T09:41:22.647+0000] {processor.py:153} INFO - Started process (PID=24164) to work on /usr/local/python/3.10.13/lib/python3.10/site-packages/airflow/example_dags/tutorial.py
[2024-04-12T09:41:22.647+0000] {processor.py:743} INFO - Processing file /usr/local/python/3.10.13/lib/python3.10/site-packages/airflow/example_dags/tutorial.py for tasks to queue
[2024-04-12T09:41:22.648+0000] {logging_mixin.py:137} INFO - [2024-04-12T09:41:22.648+0000] {dagbag.py:538} INFO - Filling up the DagBag from /usr/local/python/3.10.13/lib/python3.10/site-packages/airflow/example_dags/tutorial.py
[2024-04-12T09:41:22.661+0000] {processor.py:753} INFO - DAG(s) dict_keys(['tutorial']) retrieved from /usr/local/python/3.10.13/lib/python3.10/site-packages/airflow/example_dags/tutorial.py
[2024-04-12T09:41:22.678+0000] {logging_mixin.py:137} INFO - [2024-04-12T09:41:22.678+0000] {dag.py:2690} INFO - Sync 1 DAGs
[2024-04-12T09:41:22.701+0000] {logging_mixin.py:137} INFO - [2024-04-12T09:41:22.701+0000] {dag.py:3437} INFO - Setting next_dagrun for tutorial to 2024-04-11T09:41:22.701171+00:00, run_after=2024-04-12T09:41:22.701171+00:00
[2024-04-12T09:41:22.753+0000] {processor.py:175} INFO - Processing /usr/local/python/3.10.13/lib/python3.10/site-packages/airflow/example_dags/tutorial.py took 0.109 seconds
[2024-04-12T09:42:00.831+0000] {processor.py:153} INFO - Started process (PID=24434) to work on /usr/local/python/3.10.13/lib/python3.10/site-packages/airflow/example_dags/tutorial.py
[2024-04-12T09:42:00.832+0000] {processor.py:743} INFO - Processing file /usr/local/python/3.10.13/lib/python3.10/site-packages/airflow/example_dags/tutorial.py for tasks to queue
[2024-04-12T09:42:00.833+0000] {logging_mixin.py:137} INFO - [2024-04-12T09:42:00.833+0000] {dagbag.py:538} INFO - Filling up the DagBag from /usr/local/python/3.10.13/lib/python3.10/site-packages/airflow/example_dags/tutorial.py
[2024-04-12T09:42:00.845+0000] {processor.py:753} INFO - DAG(s) dict_keys(['tutorial']) retrieved from /usr/local/python/3.10.13/lib/python3.10/site-packages/airflow/example_dags/tutorial.py
[2024-04-12T09:42:00.864+0000] {logging_mixin.py:137} INFO - [2024-04-12T09:42:00.864+0000] {dag.py:2690} INFO - Sync 1 DAGs
[2024-04-12T09:42:00.884+0000] {logging_mixin.py:137} INFO - [2024-04-12T09:42:00.884+0000] {dag.py:3437} INFO - Setting next_dagrun for tutorial to 2024-04-11T09:42:00.884310+00:00, run_after=2024-04-12T09:42:00.884310+00:00
[2024-04-12T09:42:00.925+0000] {processor.py:175} INFO - Processing /usr/local/python/3.10.13/lib/python3.10/site-packages/airflow/example_dags/tutorial.py took 0.096 seconds
[2024-04-12T09:42:41.230+0000] {processor.py:153} INFO - Started process (PID=24719) to work on /usr/local/python/3.10.13/lib/python3.10/site-packages/airflow/example_dags/tutorial.py
[2024-04-12T09:42:41.230+0000] {processor.py:743} INFO - Processing file /usr/local/python/3.10.13/lib/python3.10/site-packages/airflow/example_dags/tutorial.py for tasks to queue
[2024-04-12T09:42:41.231+0000] {logging_mixin.py:137} INFO - [2024-04-12T09:42:41.231+0000] {dagbag.py:538} INFO - Filling up the DagBag from /usr/local/python/3.10.13/lib/python3.10/site-packages/airflow/example_dags/tutorial.py
[2024-04-12T09:42:41.244+0000] {processor.py:753} INFO - DAG(s) dict_keys(['tutorial']) retrieved from /usr/local/python/3.10.13/lib/python3.10/site-packages/airflow/example_dags/tutorial.py
[2024-04-12T09:42:41.260+0000] {logging_mixin.py:137} INFO - [2024-04-12T09:42:41.260+0000] {dag.py:2690} INFO - Sync 1 DAGs
[2024-04-12T09:42:41.275+0000] {logging_mixin.py:137} INFO - [2024-04-12T09:42:41.275+0000] {dag.py:3437} INFO - Setting next_dagrun for tutorial to 2024-04-11T09:42:41.275593+00:00, run_after=2024-04-12T09:42:41.275593+00:00
[2024-04-12T09:42:41.319+0000] {processor.py:175} INFO - Processing /usr/local/python/3.10.13/lib/python3.10/site-packages/airflow/example_dags/tutorial.py took 0.092 seconds
[2024-04-12T09:43:19.588+0000] {processor.py:153} INFO - Started process (PID=24974) to work on /usr/local/python/3.10.13/lib/python3.10/site-packages/airflow/example_dags/tutorial.py
[2024-04-12T09:43:19.589+0000] {processor.py:743} INFO - Processing file /usr/local/python/3.10.13/lib/python3.10/site-packages/airflow/example_dags/tutorial.py for tasks to queue
[2024-04-12T09:43:19.590+0000] {logging_mixin.py:137} INFO - [2024-04-12T09:43:19.589+0000] {dagbag.py:538} INFO - Filling up the DagBag from /usr/local/python/3.10.13/lib/python3.10/site-packages/airflow/example_dags/tutorial.py
[2024-04-12T09:43:19.601+0000] {processor.py:753} INFO - DAG(s) dict_keys(['tutorial']) retrieved from /usr/local/python/3.10.13/lib/python3.10/site-packages/airflow/example_dags/tutorial.py
[2024-04-12T09:43:19.615+0000] {logging_mixin.py:137} INFO - [2024-04-12T09:43:19.615+0000] {dag.py:2690} INFO - Sync 1 DAGs
[2024-04-12T09:43:19.631+0000] {logging_mixin.py:137} INFO - [2024-04-12T09:43:19.631+0000] {dag.py:3437} INFO - Setting next_dagrun for tutorial to 2024-04-11T09:43:19.630933+00:00, run_after=2024-04-12T09:43:19.630933+00:00
[2024-04-12T09:43:19.673+0000] {processor.py:175} INFO - Processing /usr/local/python/3.10.13/lib/python3.10/site-packages/airflow/example_dags/tutorial.py took 0.086 seconds
[2024-04-12T09:43:52.645+0000] {processor.py:153} INFO - Started process (PID=25367) to work on /usr/local/python/3.10.13/lib/python3.10/site-packages/airflow/example_dags/tutorial.py
[2024-04-12T09:43:52.645+0000] {processor.py:743} INFO - Processing file /usr/local/python/3.10.13/lib/python3.10/site-packages/airflow/example_dags/tutorial.py for tasks to queue
[2024-04-12T09:43:52.646+0000] {logging_mixin.py:137} INFO - [2024-04-12T09:43:52.646+0000] {dagbag.py:538} INFO - Filling up the DagBag from /usr/local/python/3.10.13/lib/python3.10/site-packages/airflow/example_dags/tutorial.py
[2024-04-12T09:43:52.660+0000] {processor.py:753} INFO - DAG(s) dict_keys(['tutorial']) retrieved from /usr/local/python/3.10.13/lib/python3.10/site-packages/airflow/example_dags/tutorial.py
[2024-04-12T09:43:52.676+0000] {logging_mixin.py:137} INFO - [2024-04-12T09:43:52.676+0000] {dag.py:2690} INFO - Sync 1 DAGs
[2024-04-12T09:43:52.692+0000] {logging_mixin.py:137} INFO - [2024-04-12T09:43:52.692+0000] {dag.py:3437} INFO - Setting next_dagrun for tutorial to 2024-04-11T09:43:52.692605+00:00, run_after=2024-04-12T09:43:52.692605+00:00
[2024-04-12T09:43:52.753+0000] {processor.py:175} INFO - Processing /usr/local/python/3.10.13/lib/python3.10/site-packages/airflow/example_dags/tutorial.py took 0.111 seconds
[2024-04-12T09:44:33.131+0000] {processor.py:153} INFO - Started process (PID=25811) to work on /usr/local/python/3.10.13/lib/python3.10/site-packages/airflow/example_dags/tutorial.py
[2024-04-12T09:44:33.131+0000] {processor.py:743} INFO - Processing file /usr/local/python/3.10.13/lib/python3.10/site-packages/airflow/example_dags/tutorial.py for tasks to queue
[2024-04-12T09:44:33.132+0000] {logging_mixin.py:137} INFO - [2024-04-12T09:44:33.132+0000] {dagbag.py:538} INFO - Filling up the DagBag from /usr/local/python/3.10.13/lib/python3.10/site-packages/airflow/example_dags/tutorial.py
[2024-04-12T09:44:33.146+0000] {processor.py:753} INFO - DAG(s) dict_keys(['tutorial']) retrieved from /usr/local/python/3.10.13/lib/python3.10/site-packages/airflow/example_dags/tutorial.py
[2024-04-12T09:44:33.163+0000] {logging_mixin.py:137} INFO - [2024-04-12T09:44:33.162+0000] {dag.py:2690} INFO - Sync 1 DAGs
[2024-04-12T09:44:33.181+0000] {logging_mixin.py:137} INFO - [2024-04-12T09:44:33.181+0000] {dag.py:3437} INFO - Setting next_dagrun for tutorial to 2024-04-11T09:44:33.181153+00:00, run_after=2024-04-12T09:44:33.181153+00:00
[2024-04-12T09:44:33.229+0000] {processor.py:175} INFO - Processing /usr/local/python/3.10.13/lib/python3.10/site-packages/airflow/example_dags/tutorial.py took 0.101 seconds
[2024-04-12T09:45:13.356+0000] {processor.py:153} INFO - Started process (PID=26092) to work on /usr/local/python/3.10.13/lib/python3.10/site-packages/airflow/example_dags/tutorial.py
[2024-04-12T09:45:13.356+0000] {processor.py:743} INFO - Processing file /usr/local/python/3.10.13/lib/python3.10/site-packages/airflow/example_dags/tutorial.py for tasks to queue
[2024-04-12T09:45:13.357+0000] {logging_mixin.py:137} INFO - [2024-04-12T09:45:13.357+0000] {dagbag.py:538} INFO - Filling up the DagBag from /usr/local/python/3.10.13/lib/python3.10/site-packages/airflow/example_dags/tutorial.py
[2024-04-12T09:45:13.370+0000] {processor.py:753} INFO - DAG(s) dict_keys(['tutorial']) retrieved from /usr/local/python/3.10.13/lib/python3.10/site-packages/airflow/example_dags/tutorial.py
[2024-04-12T09:45:13.386+0000] {logging_mixin.py:137} INFO - [2024-04-12T09:45:13.386+0000] {dag.py:2690} INFO - Sync 1 DAGs
[2024-04-12T09:45:13.403+0000] {logging_mixin.py:137} INFO - [2024-04-12T09:45:13.403+0000] {dag.py:3437} INFO - Setting next_dagrun for tutorial to 2024-04-11T09:45:13.403491+00:00, run_after=2024-04-12T09:45:13.403491+00:00
[2024-04-12T09:45:13.446+0000] {processor.py:175} INFO - Processing /usr/local/python/3.10.13/lib/python3.10/site-packages/airflow/example_dags/tutorial.py took 0.093 seconds
[2024-04-12T09:45:50.182+0000] {processor.py:153} INFO - Started process (PID=26337) to work on /usr/local/python/3.10.13/lib/python3.10/site-packages/airflow/example_dags/tutorial.py
[2024-04-12T09:45:50.183+0000] {processor.py:743} INFO - Processing file /usr/local/python/3.10.13/lib/python3.10/site-packages/airflow/example_dags/tutorial.py for tasks to queue
[2024-04-12T09:45:50.183+0000] {logging_mixin.py:137} INFO - [2024-04-12T09:45:50.183+0000] {dagbag.py:538} INFO - Filling up the DagBag from /usr/local/python/3.10.13/lib/python3.10/site-packages/airflow/example_dags/tutorial.py
[2024-04-12T09:45:50.195+0000] {processor.py:753} INFO - DAG(s) dict_keys(['tutorial']) retrieved from /usr/local/python/3.10.13/lib/python3.10/site-packages/airflow/example_dags/tutorial.py
[2024-04-12T09:45:50.226+0000] {logging_mixin.py:137} INFO - [2024-04-12T09:45:50.226+0000] {dag.py:2690} INFO - Sync 1 DAGs
[2024-04-12T09:45:50.243+0000] {logging_mixin.py:137} INFO - [2024-04-12T09:45:50.243+0000] {dag.py:3437} INFO - Setting next_dagrun for tutorial to 2024-04-11T09:45:50.242825+00:00, run_after=2024-04-12T09:45:50.242825+00:00
[2024-04-12T09:45:50.282+0000] {processor.py:175} INFO - Processing /usr/local/python/3.10.13/lib/python3.10/site-packages/airflow/example_dags/tutorial.py took 0.102 seconds
