[2024-04-12T09:40:35.592+0000] {processor.py:153} INFO - Started process (PID=23817) to work on /usr/local/python/3.10.13/lib/python3.10/site-packages/airflow/example_dags/tutorial_taskflow_api.py
[2024-04-12T09:40:35.593+0000] {processor.py:743} INFO - Processing file /usr/local/python/3.10.13/lib/python3.10/site-packages/airflow/example_dags/tutorial_taskflow_api.py for tasks to queue
[2024-04-12T09:40:35.594+0000] {logging_mixin.py:137} INFO - [2024-04-12T09:40:35.594+0000] {dagbag.py:538} INFO - Filling up the DagBag from /usr/local/python/3.10.13/lib/python3.10/site-packages/airflow/example_dags/tutorial_taskflow_api.py
[2024-04-12T09:40:35.626+0000] {processor.py:753} INFO - DAG(s) dict_keys(['tutorial_taskflow_api']) retrieved from /usr/local/python/3.10.13/lib/python3.10/site-packages/airflow/example_dags/tutorial_taskflow_api.py
[2024-04-12T09:40:35.789+0000] {logging_mixin.py:137} INFO - [2024-04-12T09:40:35.789+0000] {manager.py:504} INFO - Created Permission View: can delete on DAG:tutorial_taskflow_api
[2024-04-12T09:40:35.821+0000] {logging_mixin.py:137} INFO - [2024-04-12T09:40:35.821+0000] {manager.py:504} INFO - Created Permission View: can edit on DAG:tutorial_taskflow_api
[2024-04-12T09:40:35.851+0000] {logging_mixin.py:137} INFO - [2024-04-12T09:40:35.850+0000] {manager.py:504} INFO - Created Permission View: can read on DAG:tutorial_taskflow_api
[2024-04-12T09:40:35.851+0000] {logging_mixin.py:137} INFO - [2024-04-12T09:40:35.851+0000] {dag.py:2690} INFO - Sync 1 DAGs
[2024-04-12T09:40:35.860+0000] {logging_mixin.py:137} INFO - [2024-04-12T09:40:35.860+0000] {dag.py:2711} INFO - Creating ORM DAG for tutorial_taskflow_api
[2024-04-12T09:40:35.870+0000] {logging_mixin.py:137} INFO - [2024-04-12T09:40:35.869+0000] {dag.py:3437} INFO - Setting next_dagrun for tutorial_taskflow_api to None, run_after=None
[2024-04-12T09:40:35.910+0000] {processor.py:175} INFO - Processing /usr/local/python/3.10.13/lib/python3.10/site-packages/airflow/example_dags/tutorial_taskflow_api.py took 0.320 seconds
[2024-04-12T09:41:24.431+0000] {processor.py:153} INFO - Started process (PID=24178) to work on /usr/local/python/3.10.13/lib/python3.10/site-packages/airflow/example_dags/tutorial_taskflow_api.py
[2024-04-12T09:41:24.432+0000] {processor.py:743} INFO - Processing file /usr/local/python/3.10.13/lib/python3.10/site-packages/airflow/example_dags/tutorial_taskflow_api.py for tasks to queue
[2024-04-12T09:41:24.432+0000] {logging_mixin.py:137} INFO - [2024-04-12T09:41:24.432+0000] {dagbag.py:538} INFO - Filling up the DagBag from /usr/local/python/3.10.13/lib/python3.10/site-packages/airflow/example_dags/tutorial_taskflow_api.py
[2024-04-12T09:41:24.452+0000] {processor.py:753} INFO - DAG(s) dict_keys(['tutorial_taskflow_api']) retrieved from /usr/local/python/3.10.13/lib/python3.10/site-packages/airflow/example_dags/tutorial_taskflow_api.py
[2024-04-12T09:41:24.467+0000] {logging_mixin.py:137} INFO - [2024-04-12T09:41:24.467+0000] {dag.py:2690} INFO - Sync 1 DAGs
[2024-04-12T09:41:24.482+0000] {logging_mixin.py:137} INFO - [2024-04-12T09:41:24.482+0000] {dag.py:3437} INFO - Setting next_dagrun for tutorial_taskflow_api to None, run_after=None
[2024-04-12T09:41:24.521+0000] {processor.py:175} INFO - Processing /usr/local/python/3.10.13/lib/python3.10/site-packages/airflow/example_dags/tutorial_taskflow_api.py took 0.092 seconds
[2024-04-12T09:42:02.292+0000] {processor.py:153} INFO - Started process (PID=24448) to work on /usr/local/python/3.10.13/lib/python3.10/site-packages/airflow/example_dags/tutorial_taskflow_api.py
[2024-04-12T09:42:02.293+0000] {processor.py:743} INFO - Processing file /usr/local/python/3.10.13/lib/python3.10/site-packages/airflow/example_dags/tutorial_taskflow_api.py for tasks to queue
[2024-04-12T09:42:02.293+0000] {logging_mixin.py:137} INFO - [2024-04-12T09:42:02.293+0000] {dagbag.py:538} INFO - Filling up the DagBag from /usr/local/python/3.10.13/lib/python3.10/site-packages/airflow/example_dags/tutorial_taskflow_api.py
[2024-04-12T09:42:02.315+0000] {processor.py:753} INFO - DAG(s) dict_keys(['tutorial_taskflow_api']) retrieved from /usr/local/python/3.10.13/lib/python3.10/site-packages/airflow/example_dags/tutorial_taskflow_api.py
[2024-04-12T09:42:02.330+0000] {logging_mixin.py:137} INFO - [2024-04-12T09:42:02.330+0000] {dag.py:2690} INFO - Sync 1 DAGs
[2024-04-12T09:42:02.345+0000] {logging_mixin.py:137} INFO - [2024-04-12T09:42:02.345+0000] {dag.py:3437} INFO - Setting next_dagrun for tutorial_taskflow_api to None, run_after=None
[2024-04-12T09:42:02.385+0000] {processor.py:175} INFO - Processing /usr/local/python/3.10.13/lib/python3.10/site-packages/airflow/example_dags/tutorial_taskflow_api.py took 0.096 seconds
[2024-04-12T09:42:41.617+0000] {processor.py:153} INFO - Started process (PID=24721) to work on /usr/local/python/3.10.13/lib/python3.10/site-packages/airflow/example_dags/tutorial_taskflow_api.py
[2024-04-12T09:42:41.618+0000] {processor.py:743} INFO - Processing file /usr/local/python/3.10.13/lib/python3.10/site-packages/airflow/example_dags/tutorial_taskflow_api.py for tasks to queue
[2024-04-12T09:42:41.618+0000] {logging_mixin.py:137} INFO - [2024-04-12T09:42:41.618+0000] {dagbag.py:538} INFO - Filling up the DagBag from /usr/local/python/3.10.13/lib/python3.10/site-packages/airflow/example_dags/tutorial_taskflow_api.py
[2024-04-12T09:42:41.641+0000] {processor.py:753} INFO - DAG(s) dict_keys(['tutorial_taskflow_api']) retrieved from /usr/local/python/3.10.13/lib/python3.10/site-packages/airflow/example_dags/tutorial_taskflow_api.py
[2024-04-12T09:42:41.656+0000] {logging_mixin.py:137} INFO - [2024-04-12T09:42:41.656+0000] {dag.py:2690} INFO - Sync 1 DAGs
[2024-04-12T09:42:41.672+0000] {logging_mixin.py:137} INFO - [2024-04-12T09:42:41.671+0000] {dag.py:3437} INFO - Setting next_dagrun for tutorial_taskflow_api to None, run_after=None
[2024-04-12T09:42:41.714+0000] {processor.py:175} INFO - Processing /usr/local/python/3.10.13/lib/python3.10/site-packages/airflow/example_dags/tutorial_taskflow_api.py took 0.099 seconds
[2024-04-12T09:43:21.863+0000] {processor.py:153} INFO - Started process (PID=25006) to work on /usr/local/python/3.10.13/lib/python3.10/site-packages/airflow/example_dags/tutorial_taskflow_api.py
[2024-04-12T09:43:21.864+0000] {processor.py:743} INFO - Processing file /usr/local/python/3.10.13/lib/python3.10/site-packages/airflow/example_dags/tutorial_taskflow_api.py for tasks to queue
[2024-04-12T09:43:21.865+0000] {logging_mixin.py:137} INFO - [2024-04-12T09:43:21.865+0000] {dagbag.py:538} INFO - Filling up the DagBag from /usr/local/python/3.10.13/lib/python3.10/site-packages/airflow/example_dags/tutorial_taskflow_api.py
[2024-04-12T09:43:21.889+0000] {processor.py:753} INFO - DAG(s) dict_keys(['tutorial_taskflow_api']) retrieved from /usr/local/python/3.10.13/lib/python3.10/site-packages/airflow/example_dags/tutorial_taskflow_api.py
[2024-04-12T09:43:21.910+0000] {logging_mixin.py:137} INFO - [2024-04-12T09:43:21.910+0000] {dag.py:2690} INFO - Sync 1 DAGs
[2024-04-12T09:43:21.936+0000] {logging_mixin.py:137} INFO - [2024-04-12T09:43:21.936+0000] {dag.py:3437} INFO - Setting next_dagrun for tutorial_taskflow_api to None, run_after=None
[2024-04-12T09:43:21.979+0000] {processor.py:175} INFO - Processing /usr/local/python/3.10.13/lib/python3.10/site-packages/airflow/example_dags/tutorial_taskflow_api.py took 0.118 seconds
[2024-04-12T09:44:00.322+0000] {processor.py:153} INFO - Started process (PID=25447) to work on /usr/local/python/3.10.13/lib/python3.10/site-packages/airflow/example_dags/tutorial_taskflow_api.py
[2024-04-12T09:44:00.323+0000] {processor.py:743} INFO - Processing file /usr/local/python/3.10.13/lib/python3.10/site-packages/airflow/example_dags/tutorial_taskflow_api.py for tasks to queue
[2024-04-12T09:44:00.323+0000] {logging_mixin.py:137} INFO - [2024-04-12T09:44:00.323+0000] {dagbag.py:538} INFO - Filling up the DagBag from /usr/local/python/3.10.13/lib/python3.10/site-packages/airflow/example_dags/tutorial_taskflow_api.py
[2024-04-12T09:44:00.343+0000] {processor.py:753} INFO - DAG(s) dict_keys(['tutorial_taskflow_api']) retrieved from /usr/local/python/3.10.13/lib/python3.10/site-packages/airflow/example_dags/tutorial_taskflow_api.py
[2024-04-12T09:44:00.358+0000] {logging_mixin.py:137} INFO - [2024-04-12T09:44:00.358+0000] {dag.py:2690} INFO - Sync 1 DAGs
[2024-04-12T09:44:00.375+0000] {logging_mixin.py:137} INFO - [2024-04-12T09:44:00.374+0000] {dag.py:3437} INFO - Setting next_dagrun for tutorial_taskflow_api to None, run_after=None
[2024-04-12T09:44:00.436+0000] {processor.py:175} INFO - Processing /usr/local/python/3.10.13/lib/python3.10/site-packages/airflow/example_dags/tutorial_taskflow_api.py took 0.116 seconds
[2024-04-12T09:44:34.845+0000] {processor.py:153} INFO - Started process (PID=25829) to work on /usr/local/python/3.10.13/lib/python3.10/site-packages/airflow/example_dags/tutorial_taskflow_api.py
[2024-04-12T09:44:34.846+0000] {processor.py:743} INFO - Processing file /usr/local/python/3.10.13/lib/python3.10/site-packages/airflow/example_dags/tutorial_taskflow_api.py for tasks to queue
[2024-04-12T09:44:34.847+0000] {logging_mixin.py:137} INFO - [2024-04-12T09:44:34.846+0000] {dagbag.py:538} INFO - Filling up the DagBag from /usr/local/python/3.10.13/lib/python3.10/site-packages/airflow/example_dags/tutorial_taskflow_api.py
[2024-04-12T09:44:34.877+0000] {processor.py:753} INFO - DAG(s) dict_keys(['tutorial_taskflow_api']) retrieved from /usr/local/python/3.10.13/lib/python3.10/site-packages/airflow/example_dags/tutorial_taskflow_api.py
[2024-04-12T09:44:34.897+0000] {logging_mixin.py:137} INFO - [2024-04-12T09:44:34.897+0000] {dag.py:2690} INFO - Sync 1 DAGs
[2024-04-12T09:44:34.923+0000] {logging_mixin.py:137} INFO - [2024-04-12T09:44:34.923+0000] {dag.py:3437} INFO - Setting next_dagrun for tutorial_taskflow_api to None, run_after=None
[2024-04-12T09:44:34.965+0000] {processor.py:175} INFO - Processing /usr/local/python/3.10.13/lib/python3.10/site-packages/airflow/example_dags/tutorial_taskflow_api.py took 0.124 seconds
[2024-04-12T09:45:14.461+0000] {processor.py:153} INFO - Started process (PID=26100) to work on /usr/local/python/3.10.13/lib/python3.10/site-packages/airflow/example_dags/tutorial_taskflow_api.py
[2024-04-12T09:45:14.462+0000] {processor.py:743} INFO - Processing file /usr/local/python/3.10.13/lib/python3.10/site-packages/airflow/example_dags/tutorial_taskflow_api.py for tasks to queue
[2024-04-12T09:45:14.463+0000] {logging_mixin.py:137} INFO - [2024-04-12T09:45:14.463+0000] {dagbag.py:538} INFO - Filling up the DagBag from /usr/local/python/3.10.13/lib/python3.10/site-packages/airflow/example_dags/tutorial_taskflow_api.py
[2024-04-12T09:45:14.483+0000] {processor.py:753} INFO - DAG(s) dict_keys(['tutorial_taskflow_api']) retrieved from /usr/local/python/3.10.13/lib/python3.10/site-packages/airflow/example_dags/tutorial_taskflow_api.py
[2024-04-12T09:45:14.499+0000] {logging_mixin.py:137} INFO - [2024-04-12T09:45:14.499+0000] {dag.py:2690} INFO - Sync 1 DAGs
[2024-04-12T09:45:14.515+0000] {logging_mixin.py:137} INFO - [2024-04-12T09:45:14.515+0000] {dag.py:3437} INFO - Setting next_dagrun for tutorial_taskflow_api to None, run_after=None
[2024-04-12T09:45:14.555+0000] {processor.py:175} INFO - Processing /usr/local/python/3.10.13/lib/python3.10/site-packages/airflow/example_dags/tutorial_taskflow_api.py took 0.096 seconds
[2024-04-12T09:45:52.716+0000] {processor.py:153} INFO - Started process (PID=26369) to work on /usr/local/python/3.10.13/lib/python3.10/site-packages/airflow/example_dags/tutorial_taskflow_api.py
[2024-04-12T09:45:52.716+0000] {processor.py:743} INFO - Processing file /usr/local/python/3.10.13/lib/python3.10/site-packages/airflow/example_dags/tutorial_taskflow_api.py for tasks to queue
[2024-04-12T09:45:52.717+0000] {logging_mixin.py:137} INFO - [2024-04-12T09:45:52.717+0000] {dagbag.py:538} INFO - Filling up the DagBag from /usr/local/python/3.10.13/lib/python3.10/site-packages/airflow/example_dags/tutorial_taskflow_api.py
[2024-04-12T09:45:52.739+0000] {processor.py:753} INFO - DAG(s) dict_keys(['tutorial_taskflow_api']) retrieved from /usr/local/python/3.10.13/lib/python3.10/site-packages/airflow/example_dags/tutorial_taskflow_api.py
[2024-04-12T09:45:52.754+0000] {logging_mixin.py:137} INFO - [2024-04-12T09:45:52.754+0000] {dag.py:2690} INFO - Sync 1 DAGs
[2024-04-12T09:45:52.769+0000] {logging_mixin.py:137} INFO - [2024-04-12T09:45:52.769+0000] {dag.py:3437} INFO - Setting next_dagrun for tutorial_taskflow_api to None, run_after=None
[2024-04-12T09:45:52.814+0000] {processor.py:175} INFO - Processing /usr/local/python/3.10.13/lib/python3.10/site-packages/airflow/example_dags/tutorial_taskflow_api.py took 0.101 seconds
