[2024-04-12T09:40:38.466+0000] {processor.py:153} INFO - Started process (PID=23853) to work on /usr/local/python/3.10.13/lib/python3.10/site-packages/airflow/example_dags/tutorial_taskflow_api_virtualenv.py
[2024-04-12T09:40:38.467+0000] {processor.py:743} INFO - Processing file /usr/local/python/3.10.13/lib/python3.10/site-packages/airflow/example_dags/tutorial_taskflow_api_virtualenv.py for tasks to queue
[2024-04-12T09:40:38.467+0000] {logging_mixin.py:137} INFO - [2024-04-12T09:40:38.467+0000] {dagbag.py:538} INFO - Filling up the DagBag from /usr/local/python/3.10.13/lib/python3.10/site-packages/airflow/example_dags/tutorial_taskflow_api_virtualenv.py
[2024-04-12T09:40:38.487+0000] {processor.py:753} INFO - DAG(s) dict_keys(['tutorial_taskflow_api_virtualenv']) retrieved from /usr/local/python/3.10.13/lib/python3.10/site-packages/airflow/example_dags/tutorial_taskflow_api_virtualenv.py
[2024-04-12T09:40:38.657+0000] {logging_mixin.py:137} INFO - [2024-04-12T09:40:38.656+0000] {manager.py:504} INFO - Created Permission View: can delete on DAG:tutorial_taskflow_api_virtualenv
[2024-04-12T09:40:38.689+0000] {logging_mixin.py:137} INFO - [2024-04-12T09:40:38.688+0000] {manager.py:504} INFO - Created Permission View: can edit on DAG:tutorial_taskflow_api_virtualenv
[2024-04-12T09:40:38.720+0000] {logging_mixin.py:137} INFO - [2024-04-12T09:40:38.720+0000] {manager.py:504} INFO - Created Permission View: can read on DAG:tutorial_taskflow_api_virtualenv
[2024-04-12T09:40:38.721+0000] {logging_mixin.py:137} INFO - [2024-04-12T09:40:38.721+0000] {dag.py:2690} INFO - Sync 1 DAGs
[2024-04-12T09:40:38.729+0000] {logging_mixin.py:137} INFO - [2024-04-12T09:40:38.729+0000] {dag.py:2711} INFO - Creating ORM DAG for tutorial_taskflow_api_virtualenv
[2024-04-12T09:40:38.736+0000] {logging_mixin.py:137} INFO - [2024-04-12T09:40:38.736+0000] {dag.py:3437} INFO - Setting next_dagrun for tutorial_taskflow_api_virtualenv to None, run_after=None
[2024-04-12T09:40:38.780+0000] {processor.py:175} INFO - Processing /usr/local/python/3.10.13/lib/python3.10/site-packages/airflow/example_dags/tutorial_taskflow_api_virtualenv.py took 0.316 seconds
[2024-04-12T09:41:26.804+0000] {processor.py:153} INFO - Started process (PID=24186) to work on /usr/local/python/3.10.13/lib/python3.10/site-packages/airflow/example_dags/tutorial_taskflow_api_virtualenv.py
[2024-04-12T09:41:26.805+0000] {processor.py:743} INFO - Processing file /usr/local/python/3.10.13/lib/python3.10/site-packages/airflow/example_dags/tutorial_taskflow_api_virtualenv.py for tasks to queue
[2024-04-12T09:41:26.806+0000] {logging_mixin.py:137} INFO - [2024-04-12T09:41:26.805+0000] {dagbag.py:538} INFO - Filling up the DagBag from /usr/local/python/3.10.13/lib/python3.10/site-packages/airflow/example_dags/tutorial_taskflow_api_virtualenv.py
[2024-04-12T09:41:26.827+0000] {processor.py:753} INFO - DAG(s) dict_keys(['tutorial_taskflow_api_virtualenv']) retrieved from /usr/local/python/3.10.13/lib/python3.10/site-packages/airflow/example_dags/tutorial_taskflow_api_virtualenv.py
[2024-04-12T09:41:26.843+0000] {logging_mixin.py:137} INFO - [2024-04-12T09:41:26.843+0000] {dag.py:2690} INFO - Sync 1 DAGs
[2024-04-12T09:41:26.859+0000] {logging_mixin.py:137} INFO - [2024-04-12T09:41:26.858+0000] {dag.py:3437} INFO - Setting next_dagrun for tutorial_taskflow_api_virtualenv to None, run_after=None
[2024-04-12T09:41:26.898+0000] {processor.py:175} INFO - Processing /usr/local/python/3.10.13/lib/python3.10/site-packages/airflow/example_dags/tutorial_taskflow_api_virtualenv.py took 0.096 seconds
[2024-04-12T09:42:04.666+0000] {processor.py:153} INFO - Started process (PID=24456) to work on /usr/local/python/3.10.13/lib/python3.10/site-packages/airflow/example_dags/tutorial_taskflow_api_virtualenv.py
[2024-04-12T09:42:04.667+0000] {processor.py:743} INFO - Processing file /usr/local/python/3.10.13/lib/python3.10/site-packages/airflow/example_dags/tutorial_taskflow_api_virtualenv.py for tasks to queue
[2024-04-12T09:42:04.667+0000] {logging_mixin.py:137} INFO - [2024-04-12T09:42:04.667+0000] {dagbag.py:538} INFO - Filling up the DagBag from /usr/local/python/3.10.13/lib/python3.10/site-packages/airflow/example_dags/tutorial_taskflow_api_virtualenv.py
[2024-04-12T09:42:04.688+0000] {processor.py:753} INFO - DAG(s) dict_keys(['tutorial_taskflow_api_virtualenv']) retrieved from /usr/local/python/3.10.13/lib/python3.10/site-packages/airflow/example_dags/tutorial_taskflow_api_virtualenv.py
[2024-04-12T09:42:04.703+0000] {logging_mixin.py:137} INFO - [2024-04-12T09:42:04.703+0000] {dag.py:2690} INFO - Sync 1 DAGs
[2024-04-12T09:42:04.717+0000] {logging_mixin.py:137} INFO - [2024-04-12T09:42:04.717+0000] {dag.py:3437} INFO - Setting next_dagrun for tutorial_taskflow_api_virtualenv to None, run_after=None
[2024-04-12T09:42:04.763+0000] {processor.py:175} INFO - Processing /usr/local/python/3.10.13/lib/python3.10/site-packages/airflow/example_dags/tutorial_taskflow_api_virtualenv.py took 0.101 seconds
[2024-04-12T09:42:44.120+0000] {processor.py:153} INFO - Started process (PID=24729) to work on /usr/local/python/3.10.13/lib/python3.10/site-packages/airflow/example_dags/tutorial_taskflow_api_virtualenv.py
[2024-04-12T09:42:44.121+0000] {processor.py:743} INFO - Processing file /usr/local/python/3.10.13/lib/python3.10/site-packages/airflow/example_dags/tutorial_taskflow_api_virtualenv.py for tasks to queue
[2024-04-12T09:42:44.121+0000] {logging_mixin.py:137} INFO - [2024-04-12T09:42:44.121+0000] {dagbag.py:538} INFO - Filling up the DagBag from /usr/local/python/3.10.13/lib/python3.10/site-packages/airflow/example_dags/tutorial_taskflow_api_virtualenv.py
[2024-04-12T09:42:44.143+0000] {processor.py:753} INFO - DAG(s) dict_keys(['tutorial_taskflow_api_virtualenv']) retrieved from /usr/local/python/3.10.13/lib/python3.10/site-packages/airflow/example_dags/tutorial_taskflow_api_virtualenv.py
[2024-04-12T09:42:44.158+0000] {logging_mixin.py:137} INFO - [2024-04-12T09:42:44.158+0000] {dag.py:2690} INFO - Sync 1 DAGs
[2024-04-12T09:42:44.175+0000] {logging_mixin.py:137} INFO - [2024-04-12T09:42:44.175+0000] {dag.py:3437} INFO - Setting next_dagrun for tutorial_taskflow_api_virtualenv to None, run_after=None
[2024-04-12T09:42:44.219+0000] {processor.py:175} INFO - Processing /usr/local/python/3.10.13/lib/python3.10/site-packages/airflow/example_dags/tutorial_taskflow_api_virtualenv.py took 0.101 seconds
[2024-04-12T09:43:23.309+0000] {processor.py:153} INFO - Started process (PID=25032) to work on /usr/local/python/3.10.13/lib/python3.10/site-packages/airflow/example_dags/tutorial_taskflow_api_virtualenv.py
[2024-04-12T09:43:23.310+0000] {processor.py:743} INFO - Processing file /usr/local/python/3.10.13/lib/python3.10/site-packages/airflow/example_dags/tutorial_taskflow_api_virtualenv.py for tasks to queue
[2024-04-12T09:43:23.311+0000] {logging_mixin.py:137} INFO - [2024-04-12T09:43:23.310+0000] {dagbag.py:538} INFO - Filling up the DagBag from /usr/local/python/3.10.13/lib/python3.10/site-packages/airflow/example_dags/tutorial_taskflow_api_virtualenv.py
[2024-04-12T09:43:23.332+0000] {processor.py:753} INFO - DAG(s) dict_keys(['tutorial_taskflow_api_virtualenv']) retrieved from /usr/local/python/3.10.13/lib/python3.10/site-packages/airflow/example_dags/tutorial_taskflow_api_virtualenv.py
[2024-04-12T09:43:23.352+0000] {logging_mixin.py:137} INFO - [2024-04-12T09:43:23.352+0000] {dag.py:2690} INFO - Sync 1 DAGs
[2024-04-12T09:43:23.375+0000] {logging_mixin.py:137} INFO - [2024-04-12T09:43:23.375+0000] {dag.py:3437} INFO - Setting next_dagrun for tutorial_taskflow_api_virtualenv to None, run_after=None
[2024-04-12T09:43:23.419+0000] {processor.py:175} INFO - Processing /usr/local/python/3.10.13/lib/python3.10/site-packages/airflow/example_dags/tutorial_taskflow_api_virtualenv.py took 0.112 seconds
[2024-04-12T09:44:02.644+0000] {processor.py:153} INFO - Started process (PID=25486) to work on /usr/local/python/3.10.13/lib/python3.10/site-packages/airflow/example_dags/tutorial_taskflow_api_virtualenv.py
[2024-04-12T09:44:02.645+0000] {processor.py:743} INFO - Processing file /usr/local/python/3.10.13/lib/python3.10/site-packages/airflow/example_dags/tutorial_taskflow_api_virtualenv.py for tasks to queue
[2024-04-12T09:44:02.645+0000] {logging_mixin.py:137} INFO - [2024-04-12T09:44:02.645+0000] {dagbag.py:538} INFO - Filling up the DagBag from /usr/local/python/3.10.13/lib/python3.10/site-packages/airflow/example_dags/tutorial_taskflow_api_virtualenv.py
[2024-04-12T09:44:02.671+0000] {processor.py:753} INFO - DAG(s) dict_keys(['tutorial_taskflow_api_virtualenv']) retrieved from /usr/local/python/3.10.13/lib/python3.10/site-packages/airflow/example_dags/tutorial_taskflow_api_virtualenv.py
[2024-04-12T09:44:02.691+0000] {logging_mixin.py:137} INFO - [2024-04-12T09:44:02.691+0000] {dag.py:2690} INFO - Sync 1 DAGs
[2024-04-12T09:44:02.717+0000] {logging_mixin.py:137} INFO - [2024-04-12T09:44:02.717+0000] {dag.py:3437} INFO - Setting next_dagrun for tutorial_taskflow_api_virtualenv to None, run_after=None
[2024-04-12T09:44:02.768+0000] {processor.py:175} INFO - Processing /usr/local/python/3.10.13/lib/python3.10/site-packages/airflow/example_dags/tutorial_taskflow_api_virtualenv.py took 0.126 seconds
[2024-04-12T09:44:42.433+0000] {processor.py:153} INFO - Started process (PID=25886) to work on /usr/local/python/3.10.13/lib/python3.10/site-packages/airflow/example_dags/tutorial_taskflow_api_virtualenv.py
[2024-04-12T09:44:42.434+0000] {processor.py:743} INFO - Processing file /usr/local/python/3.10.13/lib/python3.10/site-packages/airflow/example_dags/tutorial_taskflow_api_virtualenv.py for tasks to queue
[2024-04-12T09:44:42.434+0000] {logging_mixin.py:137} INFO - [2024-04-12T09:44:42.434+0000] {dagbag.py:538} INFO - Filling up the DagBag from /usr/local/python/3.10.13/lib/python3.10/site-packages/airflow/example_dags/tutorial_taskflow_api_virtualenv.py
[2024-04-12T09:44:42.458+0000] {processor.py:753} INFO - DAG(s) dict_keys(['tutorial_taskflow_api_virtualenv']) retrieved from /usr/local/python/3.10.13/lib/python3.10/site-packages/airflow/example_dags/tutorial_taskflow_api_virtualenv.py
[2024-04-12T09:44:42.473+0000] {logging_mixin.py:137} INFO - [2024-04-12T09:44:42.473+0000] {dag.py:2690} INFO - Sync 1 DAGs
[2024-04-12T09:44:42.489+0000] {logging_mixin.py:137} INFO - [2024-04-12T09:44:42.489+0000] {dag.py:3437} INFO - Setting next_dagrun for tutorial_taskflow_api_virtualenv to None, run_after=None
[2024-04-12T09:44:42.528+0000] {processor.py:175} INFO - Processing /usr/local/python/3.10.13/lib/python3.10/site-packages/airflow/example_dags/tutorial_taskflow_api_virtualenv.py took 0.097 seconds
[2024-04-12T09:45:16.839+0000] {processor.py:153} INFO - Started process (PID=26108) to work on /usr/local/python/3.10.13/lib/python3.10/site-packages/airflow/example_dags/tutorial_taskflow_api_virtualenv.py
[2024-04-12T09:45:16.840+0000] {processor.py:743} INFO - Processing file /usr/local/python/3.10.13/lib/python3.10/site-packages/airflow/example_dags/tutorial_taskflow_api_virtualenv.py for tasks to queue
[2024-04-12T09:45:16.840+0000] {logging_mixin.py:137} INFO - [2024-04-12T09:45:16.840+0000] {dagbag.py:538} INFO - Filling up the DagBag from /usr/local/python/3.10.13/lib/python3.10/site-packages/airflow/example_dags/tutorial_taskflow_api_virtualenv.py
[2024-04-12T09:45:16.861+0000] {processor.py:753} INFO - DAG(s) dict_keys(['tutorial_taskflow_api_virtualenv']) retrieved from /usr/local/python/3.10.13/lib/python3.10/site-packages/airflow/example_dags/tutorial_taskflow_api_virtualenv.py
[2024-04-12T09:45:16.878+0000] {logging_mixin.py:137} INFO - [2024-04-12T09:45:16.877+0000] {dag.py:2690} INFO - Sync 1 DAGs
[2024-04-12T09:45:16.895+0000] {logging_mixin.py:137} INFO - [2024-04-12T09:45:16.895+0000] {dag.py:3437} INFO - Setting next_dagrun for tutorial_taskflow_api_virtualenv to None, run_after=None
[2024-04-12T09:45:16.937+0000] {processor.py:175} INFO - Processing /usr/local/python/3.10.13/lib/python3.10/site-packages/airflow/example_dags/tutorial_taskflow_api_virtualenv.py took 0.100 seconds
[2024-04-12T09:45:55.088+0000] {processor.py:153} INFO - Started process (PID=26377) to work on /usr/local/python/3.10.13/lib/python3.10/site-packages/airflow/example_dags/tutorial_taskflow_api_virtualenv.py
[2024-04-12T09:45:55.089+0000] {processor.py:743} INFO - Processing file /usr/local/python/3.10.13/lib/python3.10/site-packages/airflow/example_dags/tutorial_taskflow_api_virtualenv.py for tasks to queue
[2024-04-12T09:45:55.089+0000] {logging_mixin.py:137} INFO - [2024-04-12T09:45:55.089+0000] {dagbag.py:538} INFO - Filling up the DagBag from /usr/local/python/3.10.13/lib/python3.10/site-packages/airflow/example_dags/tutorial_taskflow_api_virtualenv.py
[2024-04-12T09:45:55.109+0000] {processor.py:753} INFO - DAG(s) dict_keys(['tutorial_taskflow_api_virtualenv']) retrieved from /usr/local/python/3.10.13/lib/python3.10/site-packages/airflow/example_dags/tutorial_taskflow_api_virtualenv.py
[2024-04-12T09:45:55.124+0000] {logging_mixin.py:137} INFO - [2024-04-12T09:45:55.124+0000] {dag.py:2690} INFO - Sync 1 DAGs
[2024-04-12T09:45:55.139+0000] {logging_mixin.py:137} INFO - [2024-04-12T09:45:55.139+0000] {dag.py:3437} INFO - Setting next_dagrun for tutorial_taskflow_api_virtualenv to None, run_after=None
[2024-04-12T09:45:55.178+0000] {processor.py:175} INFO - Processing /usr/local/python/3.10.13/lib/python3.10/site-packages/airflow/example_dags/tutorial_taskflow_api_virtualenv.py took 0.093 seconds
