[2024-04-13T14:10:54.241+0000] {taskinstance.py:1083} INFO - Dependencies all met for <TaskInstance: basic_etl_dag.extract_task manual__2024-04-13T14:10:51.253371+00:00 [queued]>
[2024-04-13T14:10:54.246+0000] {taskinstance.py:1083} INFO - Dependencies all met for <TaskInstance: basic_etl_dag.extract_task manual__2024-04-13T14:10:51.253371+00:00 [queued]>
[2024-04-13T14:10:54.246+0000] {taskinstance.py:1279} INFO - 
--------------------------------------------------------------------------------
[2024-04-13T14:10:54.246+0000] {taskinstance.py:1280} INFO - Starting attempt 1 of 1
[2024-04-13T14:10:54.247+0000] {taskinstance.py:1281} INFO - 
--------------------------------------------------------------------------------
[2024-04-13T14:10:54.282+0000] {taskinstance.py:1300} INFO - Executing <Task(BashOperator): extract_task> on 2024-04-13 14:10:51.253371+00:00
[2024-04-13T14:10:54.287+0000] {standard_task_runner.py:55} INFO - Started process 6966 to run task
[2024-04-13T14:10:54.293+0000] {standard_task_runner.py:82} INFO - Running: ['airflow', 'tasks', 'run', 'basic_etl_dag', 'extract_task', 'manual__2024-04-13T14:10:51.253371+00:00', '--job-id', '20', '--raw', '--subdir', 'DAGS_FOLDER/basic_etl_dag.py', '--cfg-path', '/tmp/tmpmv82ug1k']
[2024-04-13T14:10:54.295+0000] {standard_task_runner.py:83} INFO - Job 20: Subtask extract_task
[2024-04-13T14:10:54.390+0000] {task_command.py:388} INFO - Running <TaskInstance: basic_etl_dag.extract_task manual__2024-04-13T14:10:51.253371+00:00 [running]> on host codespaces-3318c7
[2024-04-13T14:10:54.597+0000] {taskinstance.py:1507} INFO - Exporting the following env vars:
AIRFLOW_CTX_DAG_OWNER=airflow
AIRFLOW_CTX_DAG_ID=basic_etl_dag
AIRFLOW_CTX_TASK_ID=extract_task
AIRFLOW_CTX_EXECUTION_DATE=2024-04-13T14:10:51.253371+00:00
AIRFLOW_CTX_TRY_NUMBER=1
AIRFLOW_CTX_DAG_RUN_ID=manual__2024-04-13T14:10:51.253371+00:00
[2024-04-13T14:10:54.598+0000] {subprocess.py:63} INFO - Tmp dir root location: 
 /tmp
[2024-04-13T14:10:54.599+0000] {subprocess.py:75} INFO - Running command: ['/usr/bin/bash', '-c', 'wget -c https://r2.datahub.io/clt98mhbp000nl708qb1tppbw/master/raw/top-level-domain-names.csv -O /workspaces/hands-on-introduction-data-engineering-4395021/lab/end-to-end/airflow-extract-data.csv']
[2024-04-13T14:10:54.607+0000] {subprocess.py:86} INFO - Output:
[2024-04-13T14:10:54.669+0000] {subprocess.py:93} INFO - --2024-04-13 14:10:54--  https://r2.datahub.io/clt98mhbp000nl708qb1tppbw/master/raw/top-level-domain-names.csv
[2024-04-13T14:10:54.694+0000] {subprocess.py:93} INFO - Resolving r2.datahub.io (r2.datahub.io)... 104.21.40.221, 172.67.157.38, 2606:4700:3030::ac43:9d26, ...
[2024-04-13T14:10:54.697+0000] {subprocess.py:93} INFO - Connecting to r2.datahub.io (r2.datahub.io)|104.21.40.221|:443... connected.
[2024-04-13T14:10:54.832+0000] {subprocess.py:93} INFO - HTTP request sent, awaiting response... 200 OK
[2024-04-13T14:10:54.832+0000] {subprocess.py:93} INFO - Length: 42789 (42K) [text/csv]
[2024-04-13T14:10:54.833+0000] {subprocess.py:93} INFO - Saving to: ‘/workspaces/hands-on-introduction-data-engineering-4395021/lab/end-to-end/airflow-extract-data.csv’
[2024-04-13T14:10:54.833+0000] {subprocess.py:93} INFO - 
[2024-04-13T14:10:54.834+0000] {subprocess.py:93} INFO -      0K .......... .......... .......... .......... .         100% 20.5M=0.002s
[2024-04-13T14:10:54.835+0000] {subprocess.py:93} INFO - 
[2024-04-13T14:10:54.835+0000] {subprocess.py:93} INFO - 2024-04-13 14:10:54 (20.5 MB/s) - ‘/workspaces/hands-on-introduction-data-engineering-4395021/lab/end-to-end/airflow-extract-data.csv’ saved [42789/42789]
[2024-04-13T14:10:54.835+0000] {subprocess.py:93} INFO - 
[2024-04-13T14:10:54.836+0000] {subprocess.py:97} INFO - Command exited with return code 0
[2024-04-13T14:10:54.871+0000] {taskinstance.py:1318} INFO - Marking task as SUCCESS. dag_id=basic_etl_dag, task_id=extract_task, execution_date=20240413T141051, start_date=20240413T141054, end_date=20240413T141054
[2024-04-13T14:10:54.917+0000] {local_task_job.py:208} INFO - Task exited with return code 0
[2024-04-13T14:10:54.977+0000] {taskinstance.py:2578} INFO - 1 downstream tasks scheduled from follow-on schedule check
