[2024-04-13T15:05:57.443+0000] {taskinstance.py:1083} INFO - Dependencies all met for <TaskInstance: challenge_dag.transform_task manual__2024-04-13T15:05:51.926021+00:00 [queued]>
[2024-04-13T15:05:57.449+0000] {taskinstance.py:1083} INFO - Dependencies all met for <TaskInstance: challenge_dag.transform_task manual__2024-04-13T15:05:51.926021+00:00 [queued]>
[2024-04-13T15:05:57.449+0000] {taskinstance.py:1279} INFO - 
--------------------------------------------------------------------------------
[2024-04-13T15:05:57.449+0000] {taskinstance.py:1280} INFO - Starting attempt 1 of 1
[2024-04-13T15:05:57.449+0000] {taskinstance.py:1281} INFO - 
--------------------------------------------------------------------------------
[2024-04-13T15:05:57.479+0000] {taskinstance.py:1300} INFO - Executing <Task(PythonOperator): transform_task> on 2024-04-13 15:05:51.926021+00:00
[2024-04-13T15:05:57.483+0000] {standard_task_runner.py:55} INFO - Started process 28576 to run task
[2024-04-13T15:05:57.486+0000] {standard_task_runner.py:82} INFO - Running: ['airflow', 'tasks', 'run', 'challenge_dag', 'transform_task', 'manual__2024-04-13T15:05:51.926021+00:00', '--job-id', '41', '--raw', '--subdir', 'DAGS_FOLDER/challenge_dag.py', '--cfg-path', '/tmp/tmpn7j02ea_']
[2024-04-13T15:05:57.487+0000] {standard_task_runner.py:83} INFO - Job 41: Subtask transform_task
[2024-04-13T15:05:57.538+0000] {task_command.py:388} INFO - Running <TaskInstance: challenge_dag.transform_task manual__2024-04-13T15:05:51.926021+00:00 [running]> on host codespaces-3318c7
[2024-04-13T15:05:57.701+0000] {taskinstance.py:1507} INFO - Exporting the following env vars:
AIRFLOW_CTX_DAG_OWNER=airflow
AIRFLOW_CTX_DAG_ID=challenge_dag
AIRFLOW_CTX_TASK_ID=transform_task
AIRFLOW_CTX_EXECUTION_DATE=2024-04-13T15:05:51.926021+00:00
AIRFLOW_CTX_TRY_NUMBER=1
AIRFLOW_CTX_DAG_RUN_ID=manual__2024-04-13T15:05:51.926021+00:00
[2024-04-13T15:05:57.708+0000] {python.py:177} INFO - Done. Returned value was: None
[2024-04-13T15:05:57.711+0000] {taskinstance.py:1318} INFO - Marking task as SUCCESS. dag_id=challenge_dag, task_id=transform_task, execution_date=20240413T150551, start_date=20240413T150557, end_date=20240413T150557
[2024-04-13T15:05:57.778+0000] {local_task_job.py:208} INFO - Task exited with return code 0
[2024-04-13T15:05:57.791+0000] {taskinstance.py:2578} INFO - 1 downstream tasks scheduled from follow-on schedule check
