[2024-04-13T14:45:54.136+0000] {taskinstance.py:1083} INFO - Dependencies all met for <TaskInstance: challenge_dag.transform_task manual__2024-04-13T14:45:47.978794+00:00 [queued]>
[2024-04-13T14:45:54.141+0000] {taskinstance.py:1083} INFO - Dependencies all met for <TaskInstance: challenge_dag.transform_task manual__2024-04-13T14:45:47.978794+00:00 [queued]>
[2024-04-13T14:45:54.141+0000] {taskinstance.py:1279} INFO - 
--------------------------------------------------------------------------------
[2024-04-13T14:45:54.141+0000] {taskinstance.py:1280} INFO - Starting attempt 1 of 1
[2024-04-13T14:45:54.141+0000] {taskinstance.py:1281} INFO - 
--------------------------------------------------------------------------------
[2024-04-13T14:45:54.170+0000] {taskinstance.py:1300} INFO - Executing <Task(PythonOperator): transform_task> on 2024-04-13 14:45:47.978794+00:00
[2024-04-13T14:45:54.174+0000] {standard_task_runner.py:55} INFO - Started process 20835 to run task
[2024-04-13T14:45:54.177+0000] {standard_task_runner.py:82} INFO - Running: ['airflow', 'tasks', 'run', 'challenge_dag', 'transform_task', 'manual__2024-04-13T14:45:47.978794+00:00', '--job-id', '32', '--raw', '--subdir', 'DAGS_FOLDER/challenge_dag.py', '--cfg-path', '/tmp/tmpm0y20tvr']
[2024-04-13T14:45:54.178+0000] {standard_task_runner.py:83} INFO - Job 32: Subtask transform_task
[2024-04-13T14:45:54.242+0000] {task_command.py:388} INFO - Running <TaskInstance: challenge_dag.transform_task manual__2024-04-13T14:45:47.978794+00:00 [running]> on host codespaces-3318c7
[2024-04-13T14:45:54.439+0000] {taskinstance.py:1507} INFO - Exporting the following env vars:
AIRFLOW_CTX_DAG_OWNER=airflow
AIRFLOW_CTX_DAG_ID=challenge_dag
AIRFLOW_CTX_TASK_ID=transform_task
AIRFLOW_CTX_EXECUTION_DATE=2024-04-13T14:45:47.978794+00:00
AIRFLOW_CTX_TRY_NUMBER=1
AIRFLOW_CTX_DAG_RUN_ID=manual__2024-04-13T14:45:47.978794+00:00
[2024-04-13T14:45:54.459+0000] {python.py:177} INFO - Done. Returned value was: None
[2024-04-13T14:45:54.463+0000] {taskinstance.py:1318} INFO - Marking task as SUCCESS. dag_id=challenge_dag, task_id=transform_task, execution_date=20240413T144547, start_date=20240413T144554, end_date=20240413T144554
[2024-04-13T14:45:54.510+0000] {local_task_job.py:208} INFO - Task exited with return code 0
[2024-04-13T14:45:54.522+0000] {taskinstance.py:2578} INFO - 1 downstream tasks scheduled from follow-on schedule check
