[2024-04-13T14:16:57.037+0000] {taskinstance.py:1083} INFO - Dependencies all met for <TaskInstance: basic_etl_dag.extract_task manual__2024-04-13T14:16:54.169174+00:00 [queued]>
[2024-04-13T14:16:57.042+0000] {taskinstance.py:1083} INFO - Dependencies all met for <TaskInstance: basic_etl_dag.extract_task manual__2024-04-13T14:16:54.169174+00:00 [queued]>
[2024-04-13T14:16:57.042+0000] {taskinstance.py:1279} INFO - 
--------------------------------------------------------------------------------
[2024-04-13T14:16:57.042+0000] {taskinstance.py:1280} INFO - Starting attempt 1 of 1
[2024-04-13T14:16:57.042+0000] {taskinstance.py:1281} INFO - 
--------------------------------------------------------------------------------
[2024-04-13T14:16:57.074+0000] {taskinstance.py:1300} INFO - Executing <Task(BashOperator): extract_task> on 2024-04-13 14:16:54.169174+00:00
[2024-04-13T14:16:57.078+0000] {standard_task_runner.py:55} INFO - Started process 9437 to run task
[2024-04-13T14:16:57.082+0000] {standard_task_runner.py:82} INFO - Running: ['airflow', 'tasks', 'run', 'basic_etl_dag', 'extract_task', 'manual__2024-04-13T14:16:54.169174+00:00', '--job-id', '23', '--raw', '--subdir', 'DAGS_FOLDER/basic_etl_dag.py', '--cfg-path', '/tmp/tmpo1lrwsv1']
[2024-04-13T14:16:57.083+0000] {standard_task_runner.py:83} INFO - Job 23: Subtask extract_task
[2024-04-13T14:16:57.132+0000] {task_command.py:388} INFO - Running <TaskInstance: basic_etl_dag.extract_task manual__2024-04-13T14:16:54.169174+00:00 [running]> on host codespaces-3318c7
[2024-04-13T14:16:57.286+0000] {taskinstance.py:1507} INFO - Exporting the following env vars:
AIRFLOW_CTX_DAG_OWNER=airflow
AIRFLOW_CTX_DAG_ID=basic_etl_dag
AIRFLOW_CTX_TASK_ID=extract_task
AIRFLOW_CTX_EXECUTION_DATE=2024-04-13T14:16:54.169174+00:00
AIRFLOW_CTX_TRY_NUMBER=1
AIRFLOW_CTX_DAG_RUN_ID=manual__2024-04-13T14:16:54.169174+00:00
[2024-04-13T14:16:57.287+0000] {subprocess.py:63} INFO - Tmp dir root location: 
 /tmp
[2024-04-13T14:16:57.288+0000] {subprocess.py:75} INFO - Running command: ['/usr/bin/bash', '-c', 'wget -c https://r2.datahub.io/clt98mhbp000nl708qb1tppbw/master/raw/top-level-domain-names.csv -O /workspaces/hands-on-introduction-data-engineering-4395021/lab/end-to-end/basic-etl-extract-data.csv']
[2024-04-13T14:16:57.295+0000] {subprocess.py:86} INFO - Output:
[2024-04-13T14:16:57.301+0000] {subprocess.py:93} INFO - --2024-04-13 14:16:57--  https://r2.datahub.io/clt98mhbp000nl708qb1tppbw/master/raw/top-level-domain-names.csv
[2024-04-13T14:16:57.318+0000] {subprocess.py:93} INFO - Resolving r2.datahub.io (r2.datahub.io)... 104.21.40.221, 172.67.157.38, 2606:4700:3030::ac43:9d26, ...
[2024-04-13T14:16:57.321+0000] {subprocess.py:93} INFO - Connecting to r2.datahub.io (r2.datahub.io)|104.21.40.221|:443... connected.
[2024-04-13T14:16:57.384+0000] {subprocess.py:93} INFO - HTTP request sent, awaiting response... 200 OK
[2024-04-13T14:16:57.386+0000] {subprocess.py:93} INFO - Length: 42789 (42K) [text/csv]
[2024-04-13T14:16:57.386+0000] {subprocess.py:93} INFO - Saving to: ‘/workspaces/hands-on-introduction-data-engineering-4395021/lab/end-to-end/basic-etl-extract-data.csv’
[2024-04-13T14:16:57.386+0000] {subprocess.py:93} INFO - 
[2024-04-13T14:16:57.386+0000] {subprocess.py:93} INFO -      0K .......... .......... .......... .......... .         100% 31.2M=0.001s
[2024-04-13T14:16:57.386+0000] {subprocess.py:93} INFO - 
[2024-04-13T14:16:57.386+0000] {subprocess.py:93} INFO - 2024-04-13 14:16:57 (31.2 MB/s) - ‘/workspaces/hands-on-introduction-data-engineering-4395021/lab/end-to-end/basic-etl-extract-data.csv’ saved [42789/42789]
[2024-04-13T14:16:57.387+0000] {subprocess.py:93} INFO - 
[2024-04-13T14:16:57.387+0000] {subprocess.py:97} INFO - Command exited with return code 0
[2024-04-13T14:16:57.420+0000] {taskinstance.py:1318} INFO - Marking task as SUCCESS. dag_id=basic_etl_dag, task_id=extract_task, execution_date=20240413T141654, start_date=20240413T141657, end_date=20240413T141657
[2024-04-13T14:16:57.494+0000] {local_task_job.py:208} INFO - Task exited with return code 0
[2024-04-13T14:16:57.516+0000] {taskinstance.py:2578} INFO - 1 downstream tasks scheduled from follow-on schedule check
