[2024-04-13T14:11:00.787+0000] {taskinstance.py:1083} INFO - Dependencies all met for <TaskInstance: basic_etl_dag.load_task manual__2024-04-13T14:10:51.253371+00:00 [queued]>
[2024-04-13T14:11:00.793+0000] {taskinstance.py:1083} INFO - Dependencies all met for <TaskInstance: basic_etl_dag.load_task manual__2024-04-13T14:10:51.253371+00:00 [queued]>
[2024-04-13T14:11:00.793+0000] {taskinstance.py:1279} INFO - 
--------------------------------------------------------------------------------
[2024-04-13T14:11:00.793+0000] {taskinstance.py:1280} INFO - Starting attempt 1 of 1
[2024-04-13T14:11:00.793+0000] {taskinstance.py:1281} INFO - 
--------------------------------------------------------------------------------
[2024-04-13T14:11:00.823+0000] {taskinstance.py:1300} INFO - Executing <Task(BashOperator): load_task> on 2024-04-13 14:10:51.253371+00:00
[2024-04-13T14:11:00.828+0000] {standard_task_runner.py:55} INFO - Started process 7019 to run task
[2024-04-13T14:11:00.834+0000] {standard_task_runner.py:82} INFO - Running: ['airflow', 'tasks', 'run', 'basic_etl_dag', 'load_task', 'manual__2024-04-13T14:10:51.253371+00:00', '--job-id', '22', '--raw', '--subdir', 'DAGS_FOLDER/basic_etl_dag.py', '--cfg-path', '/tmp/tmpvrpcy0tb']
[2024-04-13T14:11:00.836+0000] {standard_task_runner.py:83} INFO - Job 22: Subtask load_task
[2024-04-13T14:11:00.892+0000] {task_command.py:388} INFO - Running <TaskInstance: basic_etl_dag.load_task manual__2024-04-13T14:10:51.253371+00:00 [running]> on host codespaces-3318c7
[2024-04-13T14:11:01.053+0000] {taskinstance.py:1507} INFO - Exporting the following env vars:
AIRFLOW_CTX_DAG_OWNER=airflow
AIRFLOW_CTX_DAG_ID=basic_etl_dag
AIRFLOW_CTX_TASK_ID=load_task
AIRFLOW_CTX_EXECUTION_DATE=2024-04-13T14:10:51.253371+00:00
AIRFLOW_CTX_TRY_NUMBER=1
AIRFLOW_CTX_DAG_RUN_ID=manual__2024-04-13T14:10:51.253371+00:00
[2024-04-13T14:11:01.054+0000] {subprocess.py:63} INFO - Tmp dir root location: 
 /tmp
[2024-04-13T14:11:01.054+0000] {subprocess.py:75} INFO - Running command: ['/usr/bin/bash', '-c', 'echo -e ".separator ","\n.import --skip 1 /workspaces/hands-on-introduction-data-engineering-4395021/lab/end-to-end/airflow-transform-data.csv top_level_domains" | sqlite3 /workspaces/hands-on-introduction-data-engineering-4395021/lab/end-to-end/airflow-load-db.db']
[2024-04-13T14:11:01.063+0000] {subprocess.py:86} INFO - Output:
[2024-04-13T14:11:01.399+0000] {subprocess.py:97} INFO - Command exited with return code 0
[2024-04-13T14:11:01.431+0000] {taskinstance.py:1318} INFO - Marking task as SUCCESS. dag_id=basic_etl_dag, task_id=load_task, execution_date=20240413T141051, start_date=20240413T141100, end_date=20240413T141101
[2024-04-13T14:11:01.487+0000] {local_task_job.py:208} INFO - Task exited with return code 0
[2024-04-13T14:11:01.496+0000] {taskinstance.py:2578} INFO - 0 downstream tasks scheduled from follow-on schedule check
