[2024-04-12T09:40:42.292+0000] {processor.py:153} INFO - Started process (PID=23879) to work on /usr/local/python/3.10.13/lib/python3.10/site-packages/airflow/example_dags/plugins/workday.py
[2024-04-12T09:40:42.293+0000] {processor.py:743} INFO - Processing file /usr/local/python/3.10.13/lib/python3.10/site-packages/airflow/example_dags/plugins/workday.py for tasks to queue
[2024-04-12T09:40:42.293+0000] {logging_mixin.py:137} INFO - [2024-04-12T09:40:42.293+0000] {dagbag.py:538} INFO - Filling up the DagBag from /usr/local/python/3.10.13/lib/python3.10/site-packages/airflow/example_dags/plugins/workday.py
[2024-04-12T09:40:42.294+0000] {processor.py:755} WARNING - No viable dags retrieved from /usr/local/python/3.10.13/lib/python3.10/site-packages/airflow/example_dags/plugins/workday.py
[2024-04-12T09:40:42.301+0000] {processor.py:175} INFO - Processing /usr/local/python/3.10.13/lib/python3.10/site-packages/airflow/example_dags/plugins/workday.py took 0.011 seconds
[2024-04-12T09:41:30.387+0000] {processor.py:153} INFO - Started process (PID=24230) to work on /usr/local/python/3.10.13/lib/python3.10/site-packages/airflow/example_dags/plugins/workday.py
[2024-04-12T09:41:30.388+0000] {processor.py:743} INFO - Processing file /usr/local/python/3.10.13/lib/python3.10/site-packages/airflow/example_dags/plugins/workday.py for tasks to queue
[2024-04-12T09:41:30.388+0000] {logging_mixin.py:137} INFO - [2024-04-12T09:41:30.388+0000] {dagbag.py:538} INFO - Filling up the DagBag from /usr/local/python/3.10.13/lib/python3.10/site-packages/airflow/example_dags/plugins/workday.py
[2024-04-12T09:41:30.389+0000] {processor.py:755} WARNING - No viable dags retrieved from /usr/local/python/3.10.13/lib/python3.10/site-packages/airflow/example_dags/plugins/workday.py
[2024-04-12T09:41:30.396+0000] {processor.py:175} INFO - Processing /usr/local/python/3.10.13/lib/python3.10/site-packages/airflow/example_dags/plugins/workday.py took 0.011 seconds
[2024-04-12T09:42:09.808+0000] {processor.py:153} INFO - Started process (PID=24506) to work on /usr/local/python/3.10.13/lib/python3.10/site-packages/airflow/example_dags/plugins/workday.py
[2024-04-12T09:42:09.808+0000] {processor.py:743} INFO - Processing file /usr/local/python/3.10.13/lib/python3.10/site-packages/airflow/example_dags/plugins/workday.py for tasks to queue
[2024-04-12T09:42:09.809+0000] {logging_mixin.py:137} INFO - [2024-04-12T09:42:09.809+0000] {dagbag.py:538} INFO - Filling up the DagBag from /usr/local/python/3.10.13/lib/python3.10/site-packages/airflow/example_dags/plugins/workday.py
[2024-04-12T09:42:09.810+0000] {processor.py:755} WARNING - No viable dags retrieved from /usr/local/python/3.10.13/lib/python3.10/site-packages/airflow/example_dags/plugins/workday.py
[2024-04-12T09:42:09.817+0000] {processor.py:175} INFO - Processing /usr/local/python/3.10.13/lib/python3.10/site-packages/airflow/example_dags/plugins/workday.py took 0.012 seconds
[2024-04-12T09:42:49.303+0000] {processor.py:153} INFO - Started process (PID=24765) to work on /usr/local/python/3.10.13/lib/python3.10/site-packages/airflow/example_dags/plugins/workday.py
[2024-04-12T09:42:49.304+0000] {processor.py:743} INFO - Processing file /usr/local/python/3.10.13/lib/python3.10/site-packages/airflow/example_dags/plugins/workday.py for tasks to queue
[2024-04-12T09:42:49.305+0000] {logging_mixin.py:137} INFO - [2024-04-12T09:42:49.304+0000] {dagbag.py:538} INFO - Filling up the DagBag from /usr/local/python/3.10.13/lib/python3.10/site-packages/airflow/example_dags/plugins/workday.py
[2024-04-12T09:42:49.306+0000] {processor.py:755} WARNING - No viable dags retrieved from /usr/local/python/3.10.13/lib/python3.10/site-packages/airflow/example_dags/plugins/workday.py
[2024-04-12T09:42:49.315+0000] {processor.py:175} INFO - Processing /usr/local/python/3.10.13/lib/python3.10/site-packages/airflow/example_dags/plugins/workday.py took 0.017 seconds
[2024-04-12T09:43:28.360+0000] {processor.py:153} INFO - Started process (PID=25077) to work on /usr/local/python/3.10.13/lib/python3.10/site-packages/airflow/example_dags/plugins/workday.py
[2024-04-12T09:43:28.360+0000] {processor.py:743} INFO - Processing file /usr/local/python/3.10.13/lib/python3.10/site-packages/airflow/example_dags/plugins/workday.py for tasks to queue
[2024-04-12T09:43:28.361+0000] {logging_mixin.py:137} INFO - [2024-04-12T09:43:28.361+0000] {dagbag.py:538} INFO - Filling up the DagBag from /usr/local/python/3.10.13/lib/python3.10/site-packages/airflow/example_dags/plugins/workday.py
[2024-04-12T09:43:28.362+0000] {processor.py:755} WARNING - No viable dags retrieved from /usr/local/python/3.10.13/lib/python3.10/site-packages/airflow/example_dags/plugins/workday.py
[2024-04-12T09:43:28.368+0000] {processor.py:175} INFO - Processing /usr/local/python/3.10.13/lib/python3.10/site-packages/airflow/example_dags/plugins/workday.py took 0.011 seconds
[2024-04-12T09:44:05.654+0000] {processor.py:153} INFO - Started process (PID=25511) to work on /usr/local/python/3.10.13/lib/python3.10/site-packages/airflow/example_dags/plugins/workday.py
[2024-04-12T09:44:05.655+0000] {processor.py:743} INFO - Processing file /usr/local/python/3.10.13/lib/python3.10/site-packages/airflow/example_dags/plugins/workday.py for tasks to queue
[2024-04-12T09:44:05.655+0000] {logging_mixin.py:137} INFO - [2024-04-12T09:44:05.655+0000] {dagbag.py:538} INFO - Filling up the DagBag from /usr/local/python/3.10.13/lib/python3.10/site-packages/airflow/example_dags/plugins/workday.py
[2024-04-12T09:44:05.657+0000] {processor.py:755} WARNING - No viable dags retrieved from /usr/local/python/3.10.13/lib/python3.10/site-packages/airflow/example_dags/plugins/workday.py
[2024-04-12T09:44:05.663+0000] {processor.py:175} INFO - Processing /usr/local/python/3.10.13/lib/python3.10/site-packages/airflow/example_dags/plugins/workday.py took 0.011 seconds
[2024-04-12T09:44:46.219+0000] {processor.py:153} INFO - Started process (PID=25902) to work on /usr/local/python/3.10.13/lib/python3.10/site-packages/airflow/example_dags/plugins/workday.py
[2024-04-12T09:44:46.220+0000] {processor.py:743} INFO - Processing file /usr/local/python/3.10.13/lib/python3.10/site-packages/airflow/example_dags/plugins/workday.py for tasks to queue
[2024-04-12T09:44:46.220+0000] {logging_mixin.py:137} INFO - [2024-04-12T09:44:46.220+0000] {dagbag.py:538} INFO - Filling up the DagBag from /usr/local/python/3.10.13/lib/python3.10/site-packages/airflow/example_dags/plugins/workday.py
[2024-04-12T09:44:46.221+0000] {processor.py:755} WARNING - No viable dags retrieved from /usr/local/python/3.10.13/lib/python3.10/site-packages/airflow/example_dags/plugins/workday.py
[2024-04-12T09:44:46.229+0000] {processor.py:175} INFO - Processing /usr/local/python/3.10.13/lib/python3.10/site-packages/airflow/example_dags/plugins/workday.py took 0.012 seconds
[2024-04-12T09:45:25.739+0000] {processor.py:153} INFO - Started process (PID=26173) to work on /usr/local/python/3.10.13/lib/python3.10/site-packages/airflow/example_dags/plugins/workday.py
[2024-04-12T09:45:25.739+0000] {processor.py:743} INFO - Processing file /usr/local/python/3.10.13/lib/python3.10/site-packages/airflow/example_dags/plugins/workday.py for tasks to queue
[2024-04-12T09:45:25.740+0000] {logging_mixin.py:137} INFO - [2024-04-12T09:45:25.740+0000] {dagbag.py:538} INFO - Filling up the DagBag from /usr/local/python/3.10.13/lib/python3.10/site-packages/airflow/example_dags/plugins/workday.py
[2024-04-12T09:45:25.741+0000] {processor.py:755} WARNING - No viable dags retrieved from /usr/local/python/3.10.13/lib/python3.10/site-packages/airflow/example_dags/plugins/workday.py
[2024-04-12T09:45:25.748+0000] {processor.py:175} INFO - Processing /usr/local/python/3.10.13/lib/python3.10/site-packages/airflow/example_dags/plugins/workday.py took 0.011 seconds
[2024-04-12T09:46:05.230+0000] {processor.py:153} INFO - Started process (PID=26469) to work on /usr/local/python/3.10.13/lib/python3.10/site-packages/airflow/example_dags/plugins/workday.py
[2024-04-12T09:46:05.231+0000] {processor.py:743} INFO - Processing file /usr/local/python/3.10.13/lib/python3.10/site-packages/airflow/example_dags/plugins/workday.py for tasks to queue
[2024-04-12T09:46:05.231+0000] {logging_mixin.py:137} INFO - [2024-04-12T09:46:05.231+0000] {dagbag.py:538} INFO - Filling up the DagBag from /usr/local/python/3.10.13/lib/python3.10/site-packages/airflow/example_dags/plugins/workday.py
[2024-04-12T09:46:05.232+0000] {processor.py:755} WARNING - No viable dags retrieved from /usr/local/python/3.10.13/lib/python3.10/site-packages/airflow/example_dags/plugins/workday.py
[2024-04-12T09:46:05.239+0000] {processor.py:175} INFO - Processing /usr/local/python/3.10.13/lib/python3.10/site-packages/airflow/example_dags/plugins/workday.py took 0.012 seconds
