[2024-04-12T10:20:50.795+0000] {taskinstance.py:1083} INFO - Dependencies all met for <TaskInstance: two_task_dag.bash_task_1 manual__2024-04-12T10:20:45.164423+00:00 [queued]>
[2024-04-12T10:20:50.801+0000] {taskinstance.py:1083} INFO - Dependencies all met for <TaskInstance: two_task_dag.bash_task_1 manual__2024-04-12T10:20:45.164423+00:00 [queued]>
[2024-04-12T10:20:50.801+0000] {taskinstance.py:1279} INFO - 
--------------------------------------------------------------------------------
[2024-04-12T10:20:50.802+0000] {taskinstance.py:1280} INFO - Starting attempt 1 of 1
[2024-04-12T10:20:50.802+0000] {taskinstance.py:1281} INFO - 
--------------------------------------------------------------------------------
[2024-04-12T10:20:50.851+0000] {taskinstance.py:1300} INFO - Executing <Task(BashOperator): bash_task_1> on 2024-04-12 10:20:45.164423+00:00
[2024-04-12T10:20:50.856+0000] {standard_task_runner.py:55} INFO - Started process 40229 to run task
[2024-04-12T10:20:50.858+0000] {standard_task_runner.py:82} INFO - Running: ['airflow', 'tasks', 'run', 'two_task_dag', 'bash_task_1', 'manual__2024-04-12T10:20:45.164423+00:00', '--job-id', '5', '--raw', '--subdir', 'DAGS_FOLDER/two_task_dag.py', '--cfg-path', '/tmp/tmpixfbz0p4']
[2024-04-12T10:20:50.859+0000] {standard_task_runner.py:83} INFO - Job 5: Subtask bash_task_1
[2024-04-12T10:20:50.916+0000] {task_command.py:388} INFO - Running <TaskInstance: two_task_dag.bash_task_1 manual__2024-04-12T10:20:45.164423+00:00 [running]> on host codespaces-3318c7
[2024-04-12T10:20:51.008+0000] {taskinstance.py:1507} INFO - Exporting the following env vars:
AIRFLOW_CTX_DAG_OWNER=Michael
AIRFLOW_CTX_DAG_ID=two_task_dag
AIRFLOW_CTX_TASK_ID=bash_task_1
AIRFLOW_CTX_EXECUTION_DATE=2024-04-12T10:20:45.164423+00:00
AIRFLOW_CTX_TRY_NUMBER=1
AIRFLOW_CTX_DAG_RUN_ID=manual__2024-04-12T10:20:45.164423+00:00
[2024-04-12T10:20:51.009+0000] {subprocess.py:63} INFO - Tmp dir root location: 
 /tmp
[2024-04-12T10:20:51.009+0000] {subprocess.py:75} INFO - Running command: ['/usr/bin/bash', '-c', 'echo "Sleeping" && sleep 5s && echo "Second Airflow task"']
[2024-04-12T10:20:51.019+0000] {subprocess.py:86} INFO - Output:
[2024-04-12T10:20:51.020+0000] {subprocess.py:93} INFO - Sleeping
[2024-04-12T10:20:56.022+0000] {subprocess.py:93} INFO - Second Airflow task
[2024-04-12T10:20:56.023+0000] {subprocess.py:97} INFO - Command exited with return code 0
[2024-04-12T10:20:56.070+0000] {taskinstance.py:1318} INFO - Marking task as SUCCESS. dag_id=two_task_dag, task_id=bash_task_1, execution_date=20240412T102045, start_date=20240412T102050, end_date=20240412T102056
[2024-04-12T10:20:56.148+0000] {local_task_job.py:208} INFO - Task exited with return code 0
[2024-04-12T10:20:56.156+0000] {taskinstance.py:2578} INFO - 0 downstream tasks scheduled from follow-on schedule check
