[2024-04-12T12:23:21.083+0000] {taskinstance.py:1083} INFO - Dependencies all met for <TaskInstance: extract_dag.extract_task manual__2024-04-12T12:23:18.533438+00:00 [queued]>
[2024-04-12T12:23:21.088+0000] {taskinstance.py:1083} INFO - Dependencies all met for <TaskInstance: extract_dag.extract_task manual__2024-04-12T12:23:18.533438+00:00 [queued]>
[2024-04-12T12:23:21.088+0000] {taskinstance.py:1279} INFO - 
--------------------------------------------------------------------------------
[2024-04-12T12:23:21.088+0000] {taskinstance.py:1280} INFO - Starting attempt 1 of 1
[2024-04-12T12:23:21.088+0000] {taskinstance.py:1281} INFO - 
--------------------------------------------------------------------------------
[2024-04-12T12:23:21.117+0000] {taskinstance.py:1300} INFO - Executing <Task(BashOperator): extract_task> on 2024-04-12 12:23:18.533438+00:00
[2024-04-12T12:23:21.120+0000] {standard_task_runner.py:55} INFO - Started process 26907 to run task
[2024-04-12T12:23:21.123+0000] {standard_task_runner.py:82} INFO - Running: ['airflow', 'tasks', 'run', 'extract_dag', 'extract_task', 'manual__2024-04-12T12:23:18.533438+00:00', '--job-id', '10', '--raw', '--subdir', 'DAGS_FOLDER/extract_dag.py', '--cfg-path', '/tmp/tmpzq7dnqta']
[2024-04-12T12:23:21.124+0000] {standard_task_runner.py:83} INFO - Job 10: Subtask extract_task
[2024-04-12T12:23:21.173+0000] {task_command.py:388} INFO - Running <TaskInstance: extract_dag.extract_task manual__2024-04-12T12:23:18.533438+00:00 [running]> on host codespaces-3318c7
[2024-04-12T12:23:21.253+0000] {taskinstance.py:1507} INFO - Exporting the following env vars:
AIRFLOW_CTX_DAG_OWNER=airflow
AIRFLOW_CTX_DAG_ID=extract_dag
AIRFLOW_CTX_TASK_ID=extract_task
AIRFLOW_CTX_EXECUTION_DATE=2024-04-12T12:23:18.533438+00:00
AIRFLOW_CTX_TRY_NUMBER=1
AIRFLOW_CTX_DAG_RUN_ID=manual__2024-04-12T12:23:18.533438+00:00
[2024-04-12T12:23:21.254+0000] {subprocess.py:63} INFO - Tmp dir root location: 
 /tmp
[2024-04-12T12:23:21.255+0000] {subprocess.py:75} INFO - Running command: ['/usr/bin/bash', '-c', 'wget -c https://r2.datahub.io/clt98mhbp000nl708qb1tppbw/master/raw/top-level-domain-names.csv -O /workspaces/hands-on-introduction-data-engineering-4395021/lab/orchestrated/airflow-extract-data.csv']
[2024-04-12T12:23:21.265+0000] {subprocess.py:86} INFO - Output:
[2024-04-12T12:23:21.271+0000] {subprocess.py:93} INFO - --2024-04-12 12:23:21--  https://r2.datahub.io/clt98mhbp000nl708qb1tppbw/master/raw/top-level-domain-names.csv
[2024-04-12T12:23:21.298+0000] {subprocess.py:93} INFO - Resolving r2.datahub.io (r2.datahub.io)... 104.21.40.221, 172.67.157.38, 2606:4700:3033::6815:28dd, ...
[2024-04-12T12:23:21.300+0000] {subprocess.py:93} INFO - Connecting to r2.datahub.io (r2.datahub.io)|104.21.40.221|:443... connected.
[2024-04-12T12:23:21.421+0000] {subprocess.py:93} INFO - HTTP request sent, awaiting response... 200 OK
[2024-04-12T12:23:21.421+0000] {subprocess.py:93} INFO - Length: 42789 (42K) [text/csv]
[2024-04-12T12:23:21.422+0000] {subprocess.py:93} INFO - Saving to: ‘/workspaces/hands-on-introduction-data-engineering-4395021/lab/orchestrated/airflow-extract-data.csv’
[2024-04-12T12:23:21.422+0000] {subprocess.py:93} INFO - 
[2024-04-12T12:23:21.422+0000] {subprocess.py:93} INFO -      0K .......... .......... .......... .......... .         100% 42.5M=0.001s
[2024-04-12T12:23:21.422+0000] {subprocess.py:93} INFO - 
[2024-04-12T12:23:21.423+0000] {subprocess.py:93} INFO - 2024-04-12 12:23:21 (42.5 MB/s) - ‘/workspaces/hands-on-introduction-data-engineering-4395021/lab/orchestrated/airflow-extract-data.csv’ saved [42789/42789]
[2024-04-12T12:23:21.423+0000] {subprocess.py:93} INFO - 
[2024-04-12T12:23:21.423+0000] {subprocess.py:97} INFO - Command exited with return code 0
[2024-04-12T12:23:21.458+0000] {taskinstance.py:1318} INFO - Marking task as SUCCESS. dag_id=extract_dag, task_id=extract_task, execution_date=20240412T122318, start_date=20240412T122321, end_date=20240412T122321
[2024-04-12T12:23:21.495+0000] {local_task_job.py:208} INFO - Task exited with return code 0
[2024-04-12T12:23:21.504+0000] {taskinstance.py:2578} INFO - 0 downstream tasks scheduled from follow-on schedule check
